[0.007s] Invoking command in '/home/lee/workspace/ros2_ex/build/ground': CMAKE_PREFIX_PATH=/opt/ros/humble /usr/bin/cmake --build /home/lee/workspace/ros2_ex/build/ground -- -j32 -l32
[0.049s] -- Found ament_cmake: 1.3.11 (/opt/ros/humble/share/ament_cmake/cmake)
[0.127s] -- Found rclcpp: 16.0.12 (/opt/ros/humble/share/rclcpp/cmake)
[0.149s] -- Found rosidl_generator_c: 3.1.6 (/opt/ros/humble/share/rosidl_generator_c/cmake)
[0.151s] -- Found rosidl_adapter: 3.1.6 (/opt/ros/humble/share/rosidl_adapter/cmake)
[0.155s] -- Found rosidl_generator_cpp: 3.1.6 (/opt/ros/humble/share/rosidl_generator_cpp/cmake)
[0.162s] -- Using all available rosidl_typesupport_c: rosidl_typesupport_fastrtps_c;rosidl_typesupport_introspection_c
[0.170s] -- Using all available rosidl_typesupport_cpp: rosidl_typesupport_fastrtps_cpp;rosidl_typesupport_introspection_cpp
[0.193s] -- Found rmw_implementation_cmake: 6.1.2 (/opt/ros/humble/share/rmw_implementation_cmake/cmake)
[0.195s] -- Found rmw_fastrtps_cpp: 6.2.7 (/opt/ros/humble/share/rmw_fastrtps_cpp/cmake)
[0.252s] -- Using RMW implementation 'rmw_fastrtps_cpp' as default
[0.284s] -- Found geometry_msgs: 4.8.0 (/opt/ros/humble/share/geometry_msgs/cmake)
[0.292s] -- Found nav_msgs: 4.8.0 (/opt/ros/humble/share/nav_msgs/cmake)
[0.302s] -- Found tf2: 0.25.12 (/opt/ros/humble/share/tf2/cmake)
[0.304s] -- Found tf2_ros: 0.25.12 (/opt/ros/humble/share/tf2_ros/cmake)
[0.355s] -- Found ament_lint_auto: 0.12.12 (/opt/ros/humble/share/ament_lint_auto/cmake)
[0.392s] -- Added test 'cppcheck' to perform static code analysis on C / C++ code
[0.392s] -- Configured cppcheck include dirs: 
[0.393s] -- Configured cppcheck exclude dirs and/or files: 
[0.393s] -- Added test 'lint_cmake' to check CMake code style
[0.393s] -- Added test 'uncrustify' to check C / C++ code style
[0.393s] -- Configured uncrustify additional arguments: 
[0.394s] -- Added test 'xmllint' to check XML markup files
[0.395s] -- Configuring done
[0.405s] -- Generating done
[0.408s] -- Build files have been written to: /home/lee/workspace/ros2_ex/build/ground
[0.422s] [35m[1mConsolidate compiler generated dependencies of target attitude_controller[0m
[0.423s] [35m[1mConsolidate compiler generated dependencies of target gripper_controller[0m
[0.423s] [35m[1mConsolidate compiler generated dependencies of target position_controller[0m
[0.429s] [ 12%] [32mBuilding CXX object CMakeFiles/qc_servo.dir/node/qc_servo.cpp.o[0m
[0.432s] [ 37%] Built target gripper_controller
[0.432s] [ 62%] Built target attitude_controller
[0.435s] [ 87%] Built target position_controller
[4.121s] [100%] [32m[1mLinking CXX executable qc_servo[0m
[4.326s] [100%] Built target qc_servo
[4.333s] Invoked command in '/home/lee/workspace/ros2_ex/build/ground' returned '0': CMAKE_PREFIX_PATH=/opt/ros/humble /usr/bin/cmake --build /home/lee/workspace/ros2_ex/build/ground -- -j32 -l32
[4.333s] Invoking command in '/home/lee/workspace/ros2_ex/build/ground': CMAKE_PREFIX_PATH=/opt/ros/humble /usr/bin/cmake --install /home/lee/workspace/ros2_ex/build/ground
[4.336s] -- Install configuration: ""
[4.337s] -- Up-to-date: /home/lee/workspace/ros2_ex/install/ground/lib/ground/attitude_controller
[4.338s] -- Up-to-date: /home/lee/workspace/ros2_ex/install/ground/lib/ground/gripper_controller
[4.338s] -- Up-to-date: /home/lee/workspace/ros2_ex/install/ground/lib/ground/position_controller
[4.338s] -- Installing: /home/lee/workspace/ros2_ex/install/ground/lib/ground/qc_servo
[4.340s] -- Set runtime path of "/home/lee/workspace/ros2_ex/install/ground/lib/ground/qc_servo" to ""
[4.340s] -- Up-to-date: /home/lee/workspace/ros2_ex/install/ground/share/ament_index/resource_index/package_run_dependencies/ground
[4.340s] -- Up-to-date: /home/lee/workspace/ros2_ex/install/ground/share/ament_index/resource_index/parent_prefix_path/ground
[4.340s] -- Up-to-date: /home/lee/workspace/ros2_ex/install/ground/share/ground/environment/ament_prefix_path.sh
[4.340s] -- Installing: /home/lee/workspace/ros2_ex/install/ground/share/ground/environment/ament_prefix_path.dsv
[4.340s] -- Up-to-date: /home/lee/workspace/ros2_ex/install/ground/share/ground/environment/path.sh
[4.340s] -- Installing: /home/lee/workspace/ros2_ex/install/ground/share/ground/environment/path.dsv
[4.340s] -- Up-to-date: /home/lee/workspace/ros2_ex/install/ground/share/ground/local_setup.bash
[4.340s] -- Up-to-date: /home/lee/workspace/ros2_ex/install/ground/share/ground/local_setup.sh
[4.340s] -- Up-to-date: /home/lee/workspace/ros2_ex/install/ground/share/ground/local_setup.zsh
[4.340s] -- Installing: /home/lee/workspace/ros2_ex/install/ground/share/ground/local_setup.dsv
[4.340s] -- Installing: /home/lee/workspace/ros2_ex/install/ground/share/ground/package.dsv
[4.340s] -- Up-to-date: /home/lee/workspace/ros2_ex/install/ground/share/ament_index/resource_index/packages/ground
[4.340s] -- Up-to-date: /home/lee/workspace/ros2_ex/install/ground/share/ground/cmake/groundConfig.cmake
[4.340s] -- Up-to-date: /home/lee/workspace/ros2_ex/install/ground/share/ground/cmake/groundConfig-version.cmake
[4.341s] -- Up-to-date: /home/lee/workspace/ros2_ex/install/ground/share/ground/package.xml
[4.341s] Invoked command in '/home/lee/workspace/ros2_ex/build/ground' returned '0': CMAKE_PREFIX_PATH=/opt/ros/humble /usr/bin/cmake --install /home/lee/workspace/ros2_ex/build/ground
