[0.045s] DEBUG:colcon:Command line arguments: ['/usr/bin/colcon', 'build', '--symlink-install', '--event-handlers', 'console_cohesion+', '--base-paths', '/home/lee/workspace/ros2_ex', '--cmake-args', '-DCMAKE_BUILD_TYPE=RelWithDebInfo']
[0.045s] DEBUG:colcon:Parsed command line arguments: Namespace(log_base=None, log_level=None, verb_name='build', build_base='build', install_base='install', merge_install=False, symlink_install=True, test_result_base=None, continue_on_error=False, executor='parallel', parallel_workers=32, event_handlers=['console_cohesion+'], ignore_user_meta=False, metas=['./colcon.meta'], base_paths=['/home/lee/workspace/ros2_ex'], packages_ignore=None, packages_ignore_regex=None, paths=None, packages_up_to=None, packages_up_to_regex=None, packages_above=None, packages_above_and_dependencies=None, packages_above_depth=None, packages_select_by_dep=None, packages_skip_by_dep=None, packages_skip_up_to=None, packages_select_build_failed=False, packages_skip_build_finished=False, packages_select_test_failures=False, packages_skip_test_passed=False, packages_select=None, packages_skip=None, packages_select_regex=None, packages_skip_regex=None, packages_start=None, packages_end=None, allow_overriding=[], cmake_args=['-DCMAKE_BUILD_TYPE=RelWithDebInfo'], cmake_target=None, cmake_target_skip_unavailable=False, cmake_clean_cache=False, cmake_clean_first=False, cmake_force_configure=False, ament_cmake_args=None, catkin_cmake_args=None, catkin_skip_building_tests=False, mixin_files=None, mixin=None, verb_parser=<colcon_mixin.mixin.mixin_argument.MixinArgumentDecorator object at 0x75408ac53b50>, verb_extension=<colcon_core.verb.build.BuildVerb object at 0x75408ac535b0>, main=<bound method BuildVerb.main of <colcon_core.verb.build.BuildVerb object at 0x75408ac535b0>>, mixin_verb=('build',))
[0.062s] Level 1:colcon.colcon_core.package_discovery:discover_packages(colcon_meta) check parameters
[0.062s] Level 1:colcon.colcon_core.package_discovery:discover_packages(recursive) check parameters
[0.062s] Level 1:colcon.colcon_core.package_discovery:discover_packages(ignore) check parameters
[0.062s] Level 1:colcon.colcon_core.package_discovery:discover_packages(path) check parameters
[0.062s] Level 1:colcon.colcon_core.package_discovery:discover_packages(recursive) discover
[0.062s] INFO:colcon.colcon_core.package_discovery:Crawling recursively for packages in '/home/lee/workspace/ros2_ex'
[0.062s] Level 1:colcon.colcon_core.package_identification:_identify(/home/lee/workspace/ros2_ex) by extensions ['ignore', 'ignore_ament_install']
[0.062s] Level 1:colcon.colcon_core.package_identification:_identify(/home/lee/workspace/ros2_ex) by extension 'ignore'
[0.062s] Level 1:colcon.colcon_core.package_identification:_identify(/home/lee/workspace/ros2_ex) by extension 'ignore_ament_install'
[0.062s] Level 1:colcon.colcon_core.package_identification:_identify(/home/lee/workspace/ros2_ex) by extensions ['colcon_pkg']
[0.062s] Level 1:colcon.colcon_core.package_identification:_identify(/home/lee/workspace/ros2_ex) by extension 'colcon_pkg'
[0.062s] Level 1:colcon.colcon_core.package_identification:_identify(/home/lee/workspace/ros2_ex) by extensions ['colcon_meta']
[0.062s] Level 1:colcon.colcon_core.package_identification:_identify(/home/lee/workspace/ros2_ex) by extension 'colcon_meta'
[0.063s] Level 1:colcon.colcon_core.package_identification:_identify(/home/lee/workspace/ros2_ex) by extensions ['ros']
[0.063s] Level 1:colcon.colcon_core.package_identification:_identify(/home/lee/workspace/ros2_ex) by extension 'ros'
[0.069s] Level 1:colcon.colcon_core.package_identification:_identify(/home/lee/workspace/ros2_ex) by extensions ['cmake', 'python']
[0.069s] Level 1:colcon.colcon_core.package_identification:_identify(/home/lee/workspace/ros2_ex) by extension 'cmake'
[0.069s] Level 1:colcon.colcon_core.package_identification:_identify(/home/lee/workspace/ros2_ex) by extension 'python'
[0.069s] Level 1:colcon.colcon_core.package_identification:_identify(/home/lee/workspace/ros2_ex) by extensions ['python_setup_py']
[0.069s] Level 1:colcon.colcon_core.package_identification:_identify(/home/lee/workspace/ros2_ex) by extension 'python_setup_py'
[0.069s] Level 1:colcon.colcon_core.package_identification:_identify(/home/lee/workspace/ros2_ex/build) by extensions ['ignore', 'ignore_ament_install']
[0.069s] Level 1:colcon.colcon_core.package_identification:_identify(/home/lee/workspace/ros2_ex/build) by extension 'ignore'
[0.069s] Level 1:colcon.colcon_core.package_identification:_identify(/home/lee/workspace/ros2_ex/build) ignored
[0.069s] Level 1:colcon.colcon_core.package_identification:_identify(/home/lee/workspace/ros2_ex/install) by extensions ['ignore', 'ignore_ament_install']
[0.069s] Level 1:colcon.colcon_core.package_identification:_identify(/home/lee/workspace/ros2_ex/install) by extension 'ignore'
[0.069s] Level 1:colcon.colcon_core.package_identification:_identify(/home/lee/workspace/ros2_ex/install) ignored
[0.069s] Level 1:colcon.colcon_core.package_identification:_identify(/home/lee/workspace/ros2_ex/log) by extensions ['ignore', 'ignore_ament_install']
[0.070s] Level 1:colcon.colcon_core.package_identification:_identify(/home/lee/workspace/ros2_ex/log) by extension 'ignore'
[0.070s] Level 1:colcon.colcon_core.package_identification:_identify(/home/lee/workspace/ros2_ex/log) ignored
[0.070s] Level 1:colcon.colcon_core.package_identification:_identify(/home/lee/workspace/ros2_ex/src) by extensions ['ignore', 'ignore_ament_install']
[0.070s] Level 1:colcon.colcon_core.package_identification:_identify(/home/lee/workspace/ros2_ex/src) by extension 'ignore'
[0.070s] Level 1:colcon.colcon_core.package_identification:_identify(/home/lee/workspace/ros2_ex/src) by extension 'ignore_ament_install'
[0.070s] Level 1:colcon.colcon_core.package_identification:_identify(/home/lee/workspace/ros2_ex/src) by extensions ['colcon_pkg']
[0.070s] Level 1:colcon.colcon_core.package_identification:_identify(/home/lee/workspace/ros2_ex/src) by extension 'colcon_pkg'
[0.070s] Level 1:colcon.colcon_core.package_identification:_identify(/home/lee/workspace/ros2_ex/src) by extensions ['colcon_meta']
[0.070s] Level 1:colcon.colcon_core.package_identification:_identify(/home/lee/workspace/ros2_ex/src) by extension 'colcon_meta'
[0.070s] Level 1:colcon.colcon_core.package_identification:_identify(/home/lee/workspace/ros2_ex/src) by extensions ['ros']
[0.070s] Level 1:colcon.colcon_core.package_identification:_identify(/home/lee/workspace/ros2_ex/src) by extension 'ros'
[0.070s] Level 1:colcon.colcon_core.package_identification:_identify(/home/lee/workspace/ros2_ex/src) by extensions ['cmake', 'python']
[0.070s] Level 1:colcon.colcon_core.package_identification:_identify(/home/lee/workspace/ros2_ex/src) by extension 'cmake'
[0.070s] Level 1:colcon.colcon_core.package_identification:_identify(/home/lee/workspace/ros2_ex/src) by extension 'python'
[0.070s] Level 1:colcon.colcon_core.package_identification:_identify(/home/lee/workspace/ros2_ex/src) by extensions ['python_setup_py']
[0.070s] Level 1:colcon.colcon_core.package_identification:_identify(/home/lee/workspace/ros2_ex/src) by extension 'python_setup_py'
[0.070s] Level 1:colcon.colcon_core.package_identification:_identify(/home/lee/workspace/ros2_ex/src/build) by extensions ['ignore', 'ignore_ament_install']
[0.070s] Level 1:colcon.colcon_core.package_identification:_identify(/home/lee/workspace/ros2_ex/src/build) by extension 'ignore'
[0.070s] Level 1:colcon.colcon_core.package_identification:_identify(/home/lee/workspace/ros2_ex/src/build) ignored
[0.070s] Level 1:colcon.colcon_core.package_identification:_identify(/home/lee/workspace/ros2_ex/src/ground) by extensions ['ignore', 'ignore_ament_install']
[0.070s] Level 1:colcon.colcon_core.package_identification:_identify(/home/lee/workspace/ros2_ex/src/ground) by extension 'ignore'
[0.070s] Level 1:colcon.colcon_core.package_identification:_identify(/home/lee/workspace/ros2_ex/src/ground) by extension 'ignore_ament_install'
[0.070s] Level 1:colcon.colcon_core.package_identification:_identify(/home/lee/workspace/ros2_ex/src/ground) by extensions ['colcon_pkg']
[0.070s] Level 1:colcon.colcon_core.package_identification:_identify(/home/lee/workspace/ros2_ex/src/ground) by extension 'colcon_pkg'
[0.070s] Level 1:colcon.colcon_core.package_identification:_identify(/home/lee/workspace/ros2_ex/src/ground) by extensions ['colcon_meta']
[0.070s] Level 1:colcon.colcon_core.package_identification:_identify(/home/lee/workspace/ros2_ex/src/ground) by extension 'colcon_meta'
[0.070s] Level 1:colcon.colcon_core.package_identification:_identify(/home/lee/workspace/ros2_ex/src/ground) by extensions ['ros']
[0.070s] Level 1:colcon.colcon_core.package_identification:_identify(/home/lee/workspace/ros2_ex/src/ground) by extension 'ros'
[0.071s] DEBUG:colcon.colcon_core.package_identification:Package '/home/lee/workspace/ros2_ex/src/ground' with type 'ros.ament_cmake' and name 'ground'
[0.071s] Level 1:colcon.colcon_core.package_identification:_identify(/home/lee/workspace/ros2_ex/src/install) by extensions ['ignore', 'ignore_ament_install']
[0.071s] Level 1:colcon.colcon_core.package_identification:_identify(/home/lee/workspace/ros2_ex/src/install) by extension 'ignore'
[0.071s] Level 1:colcon.colcon_core.package_identification:_identify(/home/lee/workspace/ros2_ex/src/install) ignored
[0.071s] Level 1:colcon.colcon_core.package_identification:_identify(/home/lee/workspace/ros2_ex/src/log) by extensions ['ignore', 'ignore_ament_install']
[0.072s] Level 1:colcon.colcon_core.package_identification:_identify(/home/lee/workspace/ros2_ex/src/log) by extension 'ignore'
[0.072s] Level 1:colcon.colcon_core.package_identification:_identify(/home/lee/workspace/ros2_ex/src/log) ignored
[0.072s] Level 1:colcon.colcon_core.package_identification:_identify(/home/lee/workspace/ros2_ex/src/sensor) by extensions ['ignore', 'ignore_ament_install']
[0.072s] Level 1:colcon.colcon_core.package_identification:_identify(/home/lee/workspace/ros2_ex/src/sensor) by extension 'ignore'
[0.072s] Level 1:colcon.colcon_core.package_identification:_identify(/home/lee/workspace/ros2_ex/src/sensor) by extension 'ignore_ament_install'
[0.072s] Level 1:colcon.colcon_core.package_identification:_identify(/home/lee/workspace/ros2_ex/src/sensor) by extensions ['colcon_pkg']
[0.072s] Level 1:colcon.colcon_core.package_identification:_identify(/home/lee/workspace/ros2_ex/src/sensor) by extension 'colcon_pkg'
[0.072s] Level 1:colcon.colcon_core.package_identification:_identify(/home/lee/workspace/ros2_ex/src/sensor) by extensions ['colcon_meta']
[0.072s] Level 1:colcon.colcon_core.package_identification:_identify(/home/lee/workspace/ros2_ex/src/sensor) by extension 'colcon_meta'
[0.072s] Level 1:colcon.colcon_core.package_identification:_identify(/home/lee/workspace/ros2_ex/src/sensor) by extensions ['ros']
[0.072s] Level 1:colcon.colcon_core.package_identification:_identify(/home/lee/workspace/ros2_ex/src/sensor) by extension 'ros'
[0.072s] DEBUG:colcon.colcon_core.package_identification:Package '/home/lee/workspace/ros2_ex/src/sensor' with type 'ros.ament_cmake' and name 'sensor'
[0.072s] Level 1:colcon.colcon_core.package_discovery:discover_packages(recursive) using defaults
[0.081s] Level 1:colcon.colcon_core.package_discovery:discover_packages(prefix_path) check parameters
[0.081s] Level 1:colcon.colcon_core.package_discovery:discover_packages(prefix_path) discover
[0.082s] DEBUG:colcon.colcon_installed_package_information.package_discovery:Found 2 installed packages in /home/lee/workspace/ros2_ex/install
[0.082s] DEBUG:colcon.colcon_installed_package_information.package_discovery:Found 303 installed packages in /opt/ros/humble
[0.083s] Level 1:colcon.colcon_core.package_discovery:discover_packages(prefix_path) using defaults
[0.099s] Level 5:colcon.colcon_core.verb:set package 'ground' build argument 'cmake_args' from command line to '['-DCMAKE_BUILD_TYPE=RelWithDebInfo']'
[0.099s] Level 5:colcon.colcon_core.verb:set package 'ground' build argument 'cmake_target' from command line to 'None'
[0.099s] Level 5:colcon.colcon_core.verb:set package 'ground' build argument 'cmake_target_skip_unavailable' from command line to 'False'
[0.099s] Level 5:colcon.colcon_core.verb:set package 'ground' build argument 'cmake_clean_cache' from command line to 'False'
[0.099s] Level 5:colcon.colcon_core.verb:set package 'ground' build argument 'cmake_clean_first' from command line to 'False'
[0.099s] Level 5:colcon.colcon_core.verb:set package 'ground' build argument 'cmake_force_configure' from command line to 'False'
[0.099s] Level 5:colcon.colcon_core.verb:set package 'ground' build argument 'ament_cmake_args' from command line to 'None'
[0.099s] Level 5:colcon.colcon_core.verb:set package 'ground' build argument 'catkin_cmake_args' from command line to 'None'
[0.099s] Level 5:colcon.colcon_core.verb:set package 'ground' build argument 'catkin_skip_building_tests' from command line to 'False'
[0.099s] DEBUG:colcon.colcon_core.verb:Building package 'ground' with the following arguments: {'ament_cmake_args': None, 'build_base': '/home/lee/workspace/ros2_ex/build/ground', 'catkin_cmake_args': None, 'catkin_skip_building_tests': False, 'cmake_args': ['-DCMAKE_BUILD_TYPE=RelWithDebInfo'], 'cmake_clean_cache': False, 'cmake_clean_first': False, 'cmake_force_configure': False, 'cmake_target': None, 'cmake_target_skip_unavailable': False, 'install_base': '/home/lee/workspace/ros2_ex/install/ground', 'merge_install': False, 'path': '/home/lee/workspace/ros2_ex/src/ground', 'symlink_install': True, 'test_result_base': None}
[0.099s] Level 5:colcon.colcon_core.verb:set package 'sensor' build argument 'cmake_args' from command line to '['-DCMAKE_BUILD_TYPE=RelWithDebInfo']'
[0.099s] Level 5:colcon.colcon_core.verb:set package 'sensor' build argument 'cmake_target' from command line to 'None'
[0.099s] Level 5:colcon.colcon_core.verb:set package 'sensor' build argument 'cmake_target_skip_unavailable' from command line to 'False'
[0.099s] Level 5:colcon.colcon_core.verb:set package 'sensor' build argument 'cmake_clean_cache' from command line to 'False'
[0.099s] Level 5:colcon.colcon_core.verb:set package 'sensor' build argument 'cmake_clean_first' from command line to 'False'
[0.099s] Level 5:colcon.colcon_core.verb:set package 'sensor' build argument 'cmake_force_configure' from command line to 'False'
[0.099s] Level 5:colcon.colcon_core.verb:set package 'sensor' build argument 'ament_cmake_args' from command line to 'None'
[0.099s] Level 5:colcon.colcon_core.verb:set package 'sensor' build argument 'catkin_cmake_args' from command line to 'None'
[0.099s] Level 5:colcon.colcon_core.verb:set package 'sensor' build argument 'catkin_skip_building_tests' from command line to 'False'
[0.099s] DEBUG:colcon.colcon_core.verb:Building package 'sensor' with the following arguments: {'ament_cmake_args': None, 'build_base': '/home/lee/workspace/ros2_ex/build/sensor', 'catkin_cmake_args': None, 'catkin_skip_building_tests': False, 'cmake_args': ['-DCMAKE_BUILD_TYPE=RelWithDebInfo'], 'cmake_clean_cache': False, 'cmake_clean_first': False, 'cmake_force_configure': False, 'cmake_target': None, 'cmake_target_skip_unavailable': False, 'install_base': '/home/lee/workspace/ros2_ex/install/sensor', 'merge_install': False, 'path': '/home/lee/workspace/ros2_ex/src/sensor', 'symlink_install': True, 'test_result_base': None}
[0.099s] INFO:colcon.colcon_core.executor:Executing jobs using 'parallel' executor
[0.100s] DEBUG:colcon.colcon_parallel_executor.executor.parallel:run_until_complete
[0.100s] INFO:colcon.colcon_ros.task.ament_cmake.build:Building ROS package in '/home/lee/workspace/ros2_ex/src/ground' with build type 'ament_cmake'
[0.100s] INFO:colcon.colcon_cmake.task.cmake.build:Building CMake package in '/home/lee/workspace/ros2_ex/src/ground'
[0.101s] INFO:colcon.colcon_core.plugin_system:Skipping extension 'colcon_core.shell.bat': Not used on non-Windows systems
[0.101s] INFO:colcon.colcon_core.shell:Skip shell extension 'powershell' for command environment: Not usable outside of PowerShell
[0.101s] DEBUG:colcon.colcon_core.shell:Skip shell extension 'dsv' for command environment
[0.102s] INFO:colcon.colcon_ros.task.ament_cmake.build:Building ROS package in '/home/lee/workspace/ros2_ex/src/sensor' with build type 'ament_cmake'
[0.102s] INFO:colcon.colcon_cmake.task.cmake.build:Building CMake package in '/home/lee/workspace/ros2_ex/src/sensor'
[0.102s] INFO:colcon.colcon_core.shell:Skip shell extension 'powershell' for command environment: Not usable outside of PowerShell
[0.102s] DEBUG:colcon.colcon_core.shell:Skip shell extension 'dsv' for command environment
[0.106s] DEBUG:colcon.colcon_core.event_handler.log_command:Invoking command in '/home/lee/workspace/ros2_ex/build/ground': CMAKE_PREFIX_PATH=${CMAKE_PREFIX_PATH}:/opt/ros/humble /usr/bin/cmake --build /home/lee/workspace/ros2_ex/build/ground -- -j32 -l32
[0.107s] DEBUG:colcon.colcon_core.event_handler.log_command:Invoking command in '/home/lee/workspace/ros2_ex/build/sensor': CMAKE_PREFIX_PATH=${CMAKE_PREFIX_PATH}:/opt/ros/humble /usr/bin/cmake --build /home/lee/workspace/ros2_ex/build/sensor -- -j32 -l32
[0.151s] DEBUG:colcon.colcon_core.event_handler.log_command:Invoked command in '/home/lee/workspace/ros2_ex/build/sensor' returned '0': CMAKE_PREFIX_PATH=${CMAKE_PREFIX_PATH}:/opt/ros/humble /usr/bin/cmake --build /home/lee/workspace/ros2_ex/build/sensor -- -j32 -l32
[0.157s] DEBUG:colcon.colcon_core.event_handler.log_command:Invoking command in '/home/lee/workspace/ros2_ex/build/sensor': CMAKE_PREFIX_PATH=${CMAKE_PREFIX_PATH}:/opt/ros/humble /usr/bin/cmake --install /home/lee/workspace/ros2_ex/build/sensor
[0.168s] Level 1:colcon.colcon_core.environment:create_environment_scripts_only(sensor)
[0.168s] DEBUG:colcon.colcon_core.event_handler.log_command:Invoked command in '/home/lee/workspace/ros2_ex/build/sensor' returned '0': CMAKE_PREFIX_PATH=${CMAKE_PREFIX_PATH}:/opt/ros/humble /usr/bin/cmake --install /home/lee/workspace/ros2_ex/build/sensor
[0.170s] Level 1:colcon.colcon_core.environment:checking '/home/lee/workspace/ros2_ex/install/sensor' for CMake module files
[0.170s] Level 1:colcon.colcon_core.environment:checking '/home/lee/workspace/ros2_ex/install/sensor' for CMake config files
[0.170s] Level 1:colcon.colcon_core.shell:create_environment_hook('sensor', 'cmake_prefix_path')
[0.171s] INFO:colcon.colcon_core.shell:Creating environment hook '/home/lee/workspace/ros2_ex/install/sensor/share/sensor/hook/cmake_prefix_path.ps1'
[0.171s] INFO:colcon.colcon_core.shell:Creating environment descriptor '/home/lee/workspace/ros2_ex/install/sensor/share/sensor/hook/cmake_prefix_path.dsv'
[0.171s] INFO:colcon.colcon_core.shell:Creating environment hook '/home/lee/workspace/ros2_ex/install/sensor/share/sensor/hook/cmake_prefix_path.sh'
[0.172s] Level 1:colcon.colcon_core.environment:checking '/home/lee/workspace/ros2_ex/install/sensor/lib'
[0.172s] Level 1:colcon.colcon_core.environment:checking '/home/lee/workspace/ros2_ex/install/sensor/bin'
[0.172s] Level 1:colcon.colcon_core.environment:checking '/home/lee/workspace/ros2_ex/install/sensor/lib/pkgconfig/sensor.pc'
[0.172s] Level 1:colcon.colcon_core.environment:checking '/home/lee/workspace/ros2_ex/install/sensor/lib/python3.10/site-packages'
[0.172s] Level 1:colcon.colcon_core.environment:checking '/home/lee/workspace/ros2_ex/install/sensor/bin'
[0.173s] INFO:colcon.colcon_core.shell:Creating package script '/home/lee/workspace/ros2_ex/install/sensor/share/sensor/package.ps1'
[0.173s] INFO:colcon.colcon_core.shell:Creating package descriptor '/home/lee/workspace/ros2_ex/install/sensor/share/sensor/package.dsv'
[0.174s] INFO:colcon.colcon_core.shell:Creating package script '/home/lee/workspace/ros2_ex/install/sensor/share/sensor/package.sh'
[0.174s] INFO:colcon.colcon_core.shell:Creating package script '/home/lee/workspace/ros2_ex/install/sensor/share/sensor/package.bash'
[0.175s] INFO:colcon.colcon_core.shell:Creating package script '/home/lee/workspace/ros2_ex/install/sensor/share/sensor/package.zsh'
[0.175s] Level 1:colcon.colcon_core.environment:create_file_with_runtime_dependencies(/home/lee/workspace/ros2_ex/install/sensor/share/colcon-core/packages/sensor)
[0.175s] Level 1:colcon.colcon_core.environment:create_environment_scripts_only(sensor)
[0.176s] Level 1:colcon.colcon_core.environment:checking '/home/lee/workspace/ros2_ex/install/sensor' for CMake module files
[0.176s] Level 1:colcon.colcon_core.environment:checking '/home/lee/workspace/ros2_ex/install/sensor' for CMake config files
[0.176s] Level 1:colcon.colcon_core.shell:create_environment_hook('sensor', 'cmake_prefix_path')
[0.176s] INFO:colcon.colcon_core.shell:Creating environment hook '/home/lee/workspace/ros2_ex/install/sensor/share/sensor/hook/cmake_prefix_path.ps1'
[0.176s] INFO:colcon.colcon_core.shell:Creating environment descriptor '/home/lee/workspace/ros2_ex/install/sensor/share/sensor/hook/cmake_prefix_path.dsv'
[0.177s] INFO:colcon.colcon_core.shell:Creating environment hook '/home/lee/workspace/ros2_ex/install/sensor/share/sensor/hook/cmake_prefix_path.sh'
[0.177s] Level 1:colcon.colcon_core.environment:checking '/home/lee/workspace/ros2_ex/install/sensor/lib'
[0.177s] Level 1:colcon.colcon_core.environment:checking '/home/lee/workspace/ros2_ex/install/sensor/bin'
[0.177s] Level 1:colcon.colcon_core.environment:checking '/home/lee/workspace/ros2_ex/install/sensor/lib/pkgconfig/sensor.pc'
[0.177s] Level 1:colcon.colcon_core.environment:checking '/home/lee/workspace/ros2_ex/install/sensor/lib/python3.10/site-packages'
[0.178s] Level 1:colcon.colcon_core.environment:checking '/home/lee/workspace/ros2_ex/install/sensor/bin'
[0.178s] INFO:colcon.colcon_core.shell:Creating package script '/home/lee/workspace/ros2_ex/install/sensor/share/sensor/package.ps1'
[0.178s] INFO:colcon.colcon_core.shell:Creating package descriptor '/home/lee/workspace/ros2_ex/install/sensor/share/sensor/package.dsv'
[0.178s] INFO:colcon.colcon_core.shell:Creating package script '/home/lee/workspace/ros2_ex/install/sensor/share/sensor/package.sh'
[0.178s] INFO:colcon.colcon_core.shell:Creating package script '/home/lee/workspace/ros2_ex/install/sensor/share/sensor/package.bash'
[0.178s] INFO:colcon.colcon_core.shell:Creating package script '/home/lee/workspace/ros2_ex/install/sensor/share/sensor/package.zsh'
[0.179s] Level 1:colcon.colcon_core.environment:create_file_with_runtime_dependencies(/home/lee/workspace/ros2_ex/install/sensor/share/colcon-core/packages/sensor)
[7.815s] DEBUG:colcon.colcon_core.event_handler.log_command:Invoked command in '/home/lee/workspace/ros2_ex/build/ground' returned '2': CMAKE_PREFIX_PATH=${CMAKE_PREFIX_PATH}:/opt/ros/humble /usr/bin/cmake --build /home/lee/workspace/ros2_ex/build/ground -- -j32 -l32
[7.815s] Level 1:colcon.colcon_core.environment:create_environment_scripts_only(ground)
[7.815s] Level 1:colcon.colcon_core.environment:checking '/home/lee/workspace/ros2_ex/install/ground' for CMake module files
[7.815s] Level 1:colcon.colcon_core.environment:checking '/home/lee/workspace/ros2_ex/install/ground' for CMake config files
[7.815s] Level 1:colcon.colcon_core.shell:create_environment_hook('ground', 'cmake_prefix_path')
[7.816s] INFO:colcon.colcon_core.shell:Creating environment hook '/home/lee/workspace/ros2_ex/install/ground/share/ground/hook/cmake_prefix_path.ps1'
[7.816s] INFO:colcon.colcon_core.shell:Creating environment descriptor '/home/lee/workspace/ros2_ex/install/ground/share/ground/hook/cmake_prefix_path.dsv'
[7.816s] INFO:colcon.colcon_core.shell:Creating environment hook '/home/lee/workspace/ros2_ex/install/ground/share/ground/hook/cmake_prefix_path.sh'
[7.816s] Level 1:colcon.colcon_core.environment:checking '/home/lee/workspace/ros2_ex/install/ground/lib'
[7.816s] Level 1:colcon.colcon_core.environment:checking '/home/lee/workspace/ros2_ex/install/ground/bin'
[7.816s] Level 1:colcon.colcon_core.environment:checking '/home/lee/workspace/ros2_ex/install/ground/lib/pkgconfig/ground.pc'
[7.816s] Level 1:colcon.colcon_core.environment:checking '/home/lee/workspace/ros2_ex/install/ground/lib/python3.10/site-packages'
[7.816s] Level 1:colcon.colcon_core.environment:checking '/home/lee/workspace/ros2_ex/install/ground/bin'
[7.816s] INFO:colcon.colcon_core.shell:Creating package script '/home/lee/workspace/ros2_ex/install/ground/share/ground/package.ps1'
[7.817s] INFO:colcon.colcon_core.shell:Creating package descriptor '/home/lee/workspace/ros2_ex/install/ground/share/ground/package.dsv'
[7.817s] INFO:colcon.colcon_core.shell:Creating package script '/home/lee/workspace/ros2_ex/install/ground/share/ground/package.sh'
[7.817s] INFO:colcon.colcon_core.shell:Creating package script '/home/lee/workspace/ros2_ex/install/ground/share/ground/package.bash'
[7.817s] INFO:colcon.colcon_core.shell:Creating package script '/home/lee/workspace/ros2_ex/install/ground/share/ground/package.zsh'
[7.817s] Level 1:colcon.colcon_core.environment:create_file_with_runtime_dependencies(/home/lee/workspace/ros2_ex/install/ground/share/colcon-core/packages/ground)
[7.827s] DEBUG:colcon.colcon_parallel_executor.executor.parallel:closing loop
[7.828s] DEBUG:colcon.colcon_parallel_executor.executor.parallel:loop closed
[7.828s] DEBUG:colcon.colcon_parallel_executor.executor.parallel:run_until_complete finished with '2'
[7.828s] DEBUG:colcon.colcon_core.event_reactor:joining thread
[7.843s] INFO:colcon.colcon_core.plugin_system:Skipping extension 'colcon_notification.desktop_notification.terminal_notifier': Not used on non-Darwin systems
[7.843s] INFO:colcon.colcon_core.plugin_system:Skipping extension 'colcon_notification.desktop_notification.win32': Not used on non-Windows systems
[7.843s] INFO:colcon.colcon_notification.desktop_notification:Sending desktop notification using 'notify2'
[7.850s] DEBUG:colcon.colcon_core.event_reactor:joined thread
[7.850s] INFO:colcon.colcon_core.shell:Creating prefix script '/home/lee/workspace/ros2_ex/install/local_setup.ps1'
[7.851s] INFO:colcon.colcon_core.shell:Creating prefix util module '/home/lee/workspace/ros2_ex/install/_local_setup_util_ps1.py'
[7.851s] INFO:colcon.colcon_core.shell:Creating prefix chain script '/home/lee/workspace/ros2_ex/install/setup.ps1'
[7.852s] INFO:colcon.colcon_core.shell:Creating prefix script '/home/lee/workspace/ros2_ex/install/local_setup.sh'
[7.852s] INFO:colcon.colcon_core.shell:Creating prefix util module '/home/lee/workspace/ros2_ex/install/_local_setup_util_sh.py'
[7.852s] INFO:colcon.colcon_core.shell:Creating prefix chain script '/home/lee/workspace/ros2_ex/install/setup.sh'
[7.853s] INFO:colcon.colcon_core.shell:Creating prefix script '/home/lee/workspace/ros2_ex/install/local_setup.bash'
[7.853s] INFO:colcon.colcon_core.shell:Creating prefix chain script '/home/lee/workspace/ros2_ex/install/setup.bash'
[7.853s] INFO:colcon.colcon_core.shell:Creating prefix script '/home/lee/workspace/ros2_ex/install/local_setup.zsh'
[7.853s] INFO:colcon.colcon_core.shell:Creating prefix chain script '/home/lee/workspace/ros2_ex/install/setup.zsh'
