[0.001s] Invoking command in '/home/lee/workspace/ros2_ex/build/MAV3': CMAKE_PREFIX_PATH=/home/lee/workspace/ros2_ex/install/px4_msgs:/home/lee/workspace/ros2_ex/install/sensor:/home/lee/workspace/ros2_ex/install/ground:/home/lee/workspace/ros2_ex/install/MAV1:/home/lee/workspace/vrpn/install/vrpn_mocap:/home/lee/workspace/vrpn/install/mocap_px4_bridge:/home/lee/workspace/vrpn/install/px4_msgs:/home/lee/workspace/vrpn/install/mocap_optitrack:/opt/ros/humble /usr/bin/cmake /home/lee/workspace/ros2_ex/src/MAV/MAV3 -DCMAKE_BUILD_TYPE=RelWithDebInfo -DAMENT_CMAKE_SYMLINK_INSTALL=1 -DCMAKE_INSTALL_PREFIX=/home/lee/workspace/ros2_ex/install/MAV3
[0.003s] -- The C compiler identification is GNU 11.4.0
[0.003s] -- The CXX compiler identification is GNU 11.4.0
[0.003s] -- Detecting C compiler ABI info
[0.014s] -- Detecting C compiler ABI info - done
[0.017s] -- Check for working C compiler: /usr/bin/cc - skipped
[0.017s] -- Detecting C compile features
[0.017s] -- Detecting C compile features - done
[0.019s] -- Detecting CXX compiler ABI info
[0.065s] -- Detecting CXX compiler ABI info - done
[0.069s] -- Check for working CXX compiler: /usr/bin/c++ - skipped
[0.069s] -- Detecting CXX compile features
[0.069s] -- Detecting CXX compile features - done
[0.070s] -- Found ament_cmake: 1.3.11 (/opt/ros/humble/share/ament_cmake/cmake)
[0.246s] -- Found Python3: /usr/bin/python3 (found version "3.10.12") found components: Interpreter 
[0.276s] -- Override CMake install command with custom implementation using symlinks instead of copying resources
[0.291s] -- Found rclcpp: 16.0.12 (/opt/ros/humble/share/rclcpp/cmake)
[0.312s] -- Found rosidl_generator_c: 3.1.6 (/opt/ros/humble/share/rosidl_generator_c/cmake)
[0.315s] -- Found rosidl_adapter: 3.1.6 (/opt/ros/humble/share/rosidl_adapter/cmake)
[0.318s] -- Found rosidl_generator_cpp: 3.1.6 (/opt/ros/humble/share/rosidl_generator_cpp/cmake)
[0.324s] -- Using all available rosidl_typesupport_c: rosidl_typesupport_fastrtps_c;rosidl_typesupport_introspection_c
[0.332s] -- Using all available rosidl_typesupport_cpp: rosidl_typesupport_fastrtps_cpp;rosidl_typesupport_introspection_cpp
[0.352s] -- Found rmw_implementation_cmake: 6.1.2 (/opt/ros/humble/share/rmw_implementation_cmake/cmake)
[0.354s] -- Found rmw_fastrtps_cpp: 6.2.7 (/opt/ros/humble/share/rmw_fastrtps_cpp/cmake)
[0.407s] -- Found OpenSSL: /usr/lib/x86_64-linux-gnu/libcrypto.so (found version "3.0.2")  
[0.421s] -- Found FastRTPS: /opt/ros/humble/include  
[0.445s] -- Using RMW implementation 'rmw_fastrtps_cpp' as default
[0.450s] -- Looking for pthread.h
[0.491s] -- Looking for pthread.h - found
[0.491s] -- Performing Test CMAKE_HAVE_LIBC_PTHREAD
[0.535s] -- Performing Test CMAKE_HAVE_LIBC_PTHREAD - Success
[0.535s] -- Found Threads: TRUE  
[0.559s] -- Found geometry_msgs: 4.9.0 (/opt/ros/humble/share/geometry_msgs/cmake)
[0.565s] -- Found nav_msgs: 4.9.0 (/opt/ros/humble/share/nav_msgs/cmake)
[0.573s] -- Found tf2: 0.25.13 (/opt/ros/humble/share/tf2/cmake)
[0.578s] -- Found tf2_ros: 0.25.13 (/opt/ros/humble/share/tf2_ros/cmake)
[0.619s] -- Found px4_msgs: 2.0.1 (/home/lee/workspace/ros2_ex/install/px4_msgs/share/px4_msgs/cmake)
[0.625s] -- Found ament_lint_auto: 0.12.12 (/opt/ros/humble/share/ament_lint_auto/cmake)
[0.651s] WARNING: Package name "MAV3" does not follow the naming conventions. It should start with a lower case letter and only contain lower case letters, digits, underscores, and dashes.
[0.663s] -- Added test 'cppcheck' to perform static code analysis on C / C++ code
[0.663s] -- Configured cppcheck include dirs: 
[0.663s] -- Configured cppcheck exclude dirs and/or files: 
[0.663s] -- Added test 'lint_cmake' to check CMake code style
[0.664s] -- Added test 'uncrustify' to check C / C++ code style
[0.664s] -- Configured uncrustify additional arguments: 
[0.664s] -- Added test 'xmllint' to check XML markup files
[0.664s] -- Configuring done
[0.669s] -- Generating done
[0.670s] -- Build files have been written to: /home/lee/workspace/ros2_ex/build/MAV3
[0.675s] Invoked command in '/home/lee/workspace/ros2_ex/build/MAV3' returned '0': CMAKE_PREFIX_PATH=/home/lee/workspace/ros2_ex/install/px4_msgs:/home/lee/workspace/ros2_ex/install/sensor:/home/lee/workspace/ros2_ex/install/ground:/home/lee/workspace/ros2_ex/install/MAV1:/home/lee/workspace/vrpn/install/vrpn_mocap:/home/lee/workspace/vrpn/install/mocap_px4_bridge:/home/lee/workspace/vrpn/install/px4_msgs:/home/lee/workspace/vrpn/install/mocap_optitrack:/opt/ros/humble /usr/bin/cmake /home/lee/workspace/ros2_ex/src/MAV/MAV3 -DCMAKE_BUILD_TYPE=RelWithDebInfo -DAMENT_CMAKE_SYMLINK_INSTALL=1 -DCMAKE_INSTALL_PREFIX=/home/lee/workspace/ros2_ex/install/MAV3
[0.677s] Invoking command in '/home/lee/workspace/ros2_ex/build/MAV3': CMAKE_PREFIX_PATH=/home/lee/workspace/ros2_ex/install/px4_msgs:/home/lee/workspace/ros2_ex/install/sensor:/home/lee/workspace/ros2_ex/install/ground:/home/lee/workspace/ros2_ex/install/MAV1:/home/lee/workspace/vrpn/install/vrpn_mocap:/home/lee/workspace/vrpn/install/mocap_px4_bridge:/home/lee/workspace/vrpn/install/px4_msgs:/home/lee/workspace/vrpn/install/mocap_optitrack:/opt/ros/humble /usr/bin/cmake --build /home/lee/workspace/ros2_ex/build/MAV3 -- -j32 -l32
[0.708s] [ 50%] [32mBuilding CXX object CMakeFiles/MAV3.dir/node/main.cpp.o[0m
[14.734s] [100%] [32m[1mLinking CXX executable MAV3[0m
[14.969s] [100%] Built target MAV3
[14.976s] Invoked command in '/home/lee/workspace/ros2_ex/build/MAV3' returned '0': CMAKE_PREFIX_PATH=/home/lee/workspace/ros2_ex/install/px4_msgs:/home/lee/workspace/ros2_ex/install/sensor:/home/lee/workspace/ros2_ex/install/ground:/home/lee/workspace/ros2_ex/install/MAV1:/home/lee/workspace/vrpn/install/vrpn_mocap:/home/lee/workspace/vrpn/install/mocap_px4_bridge:/home/lee/workspace/vrpn/install/px4_msgs:/home/lee/workspace/vrpn/install/mocap_optitrack:/opt/ros/humble /usr/bin/cmake --build /home/lee/workspace/ros2_ex/build/MAV3 -- -j32 -l32
[14.978s] Invoking command in '/home/lee/workspace/ros2_ex/build/MAV3': CMAKE_PREFIX_PATH=/home/lee/workspace/ros2_ex/install/px4_msgs:/home/lee/workspace/ros2_ex/install/sensor:/home/lee/workspace/ros2_ex/install/ground:/home/lee/workspace/ros2_ex/install/MAV1:/home/lee/workspace/vrpn/install/vrpn_mocap:/home/lee/workspace/vrpn/install/mocap_px4_bridge:/home/lee/workspace/vrpn/install/px4_msgs:/home/lee/workspace/vrpn/install/mocap_optitrack:/opt/ros/humble /usr/bin/cmake --install /home/lee/workspace/ros2_ex/build/MAV3
[14.982s] -- Install configuration: "RelWithDebInfo"
[14.982s] -- Execute custom install script
[14.983s] -- Symlinking: /home/lee/workspace/ros2_ex/install/MAV3/lib/MAV3/MAV3
[14.987s] -- Symlinking: /home/lee/workspace/ros2_ex/install/MAV3/share/ament_index/resource_index/package_run_dependencies/MAV3
[14.991s] -- Symlinking: /home/lee/workspace/ros2_ex/install/MAV3/share/ament_index/resource_index/parent_prefix_path/MAV3
[14.996s] -- Symlinking: /home/lee/workspace/ros2_ex/install/MAV3/share/MAV3/environment/ament_prefix_path.sh
[15.001s] -- Symlinking: /home/lee/workspace/ros2_ex/install/MAV3/share/MAV3/environment/ament_prefix_path.dsv
[15.007s] -- Symlinking: /home/lee/workspace/ros2_ex/install/MAV3/share/MAV3/environment/path.sh
[15.011s] -- Symlinking: /home/lee/workspace/ros2_ex/install/MAV3/share/MAV3/environment/path.dsv
[15.015s] -- Symlinking: /home/lee/workspace/ros2_ex/install/MAV3/share/MAV3/local_setup.bash
[15.020s] -- Symlinking: /home/lee/workspace/ros2_ex/install/MAV3/share/MAV3/local_setup.sh
[15.024s] -- Symlinking: /home/lee/workspace/ros2_ex/install/MAV3/share/MAV3/local_setup.zsh
[15.028s] -- Symlinking: /home/lee/workspace/ros2_ex/install/MAV3/share/MAV3/local_setup.dsv
[15.034s] -- Symlinking: /home/lee/workspace/ros2_ex/install/MAV3/share/MAV3/package.dsv
[15.039s] -- Symlinking: /home/lee/workspace/ros2_ex/install/MAV3/share/ament_index/resource_index/packages/MAV3
[15.044s] -- Symlinking: /home/lee/workspace/ros2_ex/install/MAV3/share/MAV3/cmake/MAV3Config.cmake
[15.048s] -- Symlinking: /home/lee/workspace/ros2_ex/install/MAV3/share/MAV3/cmake/MAV3Config-version.cmake
[15.052s] -- Symlinking: /home/lee/workspace/ros2_ex/install/MAV3/share/MAV3/package.xml
[15.059s] Invoked command in '/home/lee/workspace/ros2_ex/build/MAV3' returned '0': CMAKE_PREFIX_PATH=/home/lee/workspace/ros2_ex/install/px4_msgs:/home/lee/workspace/ros2_ex/install/sensor:/home/lee/workspace/ros2_ex/install/ground:/home/lee/workspace/ros2_ex/install/MAV1:/home/lee/workspace/vrpn/install/vrpn_mocap:/home/lee/workspace/vrpn/install/mocap_px4_bridge:/home/lee/workspace/vrpn/install/px4_msgs:/home/lee/workspace/vrpn/install/mocap_optitrack:/opt/ros/humble /usr/bin/cmake --install /home/lee/workspace/ros2_ex/build/MAV3
