[0.001s] Invoking command in '/home/lee/workspace/ros2_ex/build/ground': CMAKE_PREFIX_PATH=/home/lee/workspace/ros2_ex/install/px4_msgs:/home/lee/workspace/ros2_ex/install/sensor:/home/lee/workspace/ros2_ex/install/ground:/home/lee/workspace/ros2_ex/install/MAV4:/home/lee/workspace/ros2_ex/install/MAV3:/home/lee/workspace/ros2_ex/install/MAV2:/home/lee/workspace/ros2_ex/install/MAV1:/home/lee/workspace/ros2_ex/install/MAV:/home/lee/workspace/vrpn/install/vrpn_mocap:/home/lee/workspace/vrpn/install/mocap_px4_bridge:/home/lee/workspace/vrpn/install/px4_msgs:/home/lee/workspace/vrpn/install/mocap_optitrack:/opt/ros/humble /usr/bin/cmake --build /home/lee/workspace/ros2_ex/build/ground -- -j32 -l32
[0.001s] [35m[1mConsolidate compiler generated dependencies of target position_controller[0m
[0.001s] [35m[1mConsolidate compiler generated dependencies of target qc_servo[0m
[0.001s] [ 11%] Built target attitude_controller
[0.001s] [ 23%] Built target trajectory_generator
[0.001s] [ 29%] [32mBuilding CXX object CMakeFiles/wrench_mapper.dir/node/wrench_mapper.cpp.o[0m
[0.001s] [ 35%] [32mBuilding CXX object CMakeFiles/keyboard_node.dir/node/keyboard_node.cpp.o[0m
[0.001s] [ 41%] [32mBuilding CXX object CMakeFiles/position_controller.dir/node/position_controller.cpp.o[0m
[0.001s] [ 52%] Built target platform_topic_tool
[0.001s] [ 64%] Built target gripper_controller
[0.002s] [ 76%] Built target qc_servo
[1.137s] [01m[K/home/lee/workspace/ros2_ex/src/ground/node/keyboard_node.cpp:[m[K In function ‘[01m[Kint main(int, char**)[m[K’:
[1.137s] [01m[K/home/lee/workspace/ros2_ex/src/ground/node/keyboard_node.cpp:98:9:[m[K [01;35m[Kwarning: [m[Kvariable ‘[01m[Kc_prev[m[K’ set but not used [[01;35m[K]8;;https://gcc.gnu.org/onlinedocs/gcc/Warning-Options.html#index-Wunused-but-set-variable-Wunused-but-set-variable]8;;[m[K]
[1.137s]    98 |     int [01;35m[Kc_prev[m[K = EOF;
[1.137s]       |         [01;35m[K^~~~~~[m[K
[1.616s] [01m[K/home/lee/workspace/ros2_ex/src/ground/node/wrench_mapper.cpp:[m[K In constructor ‘[01m[KWrenchMapper::WrenchMapper()[m[K’:
[1.616s] [01m[K/home/lee/workspace/ros2_ex/src/ground/node/wrench_mapper.cpp:69:15:[m[K [01;31m[Kerror: [m[K‘[01m[Kclass Eigen::JacobiSVD<Eigen::Matrix<double, -1, -1>, 2>[m[K’ has no member named ‘[01m[Kpinv[m[K’
[1.616s]    69 |     ArT = svd.[01;31m[Kpinv[m[K();
[1.616s]       |               [01;31m[K^~~~[m[K
[4.655s] gmake[2]: *** [CMakeFiles/wrench_mapper.dir/build.make:76: CMakeFiles/wrench_mapper.dir/node/wrench_mapper.cpp.o] Error 1
[4.655s] gmake[1]: *** [CMakeFiles/Makefile2:307: CMakeFiles/wrench_mapper.dir/all] Error 2
[4.655s] gmake[1]: *** Waiting for unfinished jobs....
[6.893s] [ 82%] [32m[1mLinking CXX executable keyboard_node[0m
[7.031s] [ 88%] Built target keyboard_node
[7.655s] [ 94%] [32m[1mLinking CXX executable position_controller[0m
[7.790s] [ 94%] Built target position_controller
[7.791s] gmake: *** [Makefile:146: all] Error 2
[7.793s] Invoked command in '/home/lee/workspace/ros2_ex/build/ground' returned '2': CMAKE_PREFIX_PATH=/home/lee/workspace/ros2_ex/install/px4_msgs:/home/lee/workspace/ros2_ex/install/sensor:/home/lee/workspace/ros2_ex/install/ground:/home/lee/workspace/ros2_ex/install/MAV4:/home/lee/workspace/ros2_ex/install/MAV3:/home/lee/workspace/ros2_ex/install/MAV2:/home/lee/workspace/ros2_ex/install/MAV1:/home/lee/workspace/ros2_ex/install/MAV:/home/lee/workspace/vrpn/install/vrpn_mocap:/home/lee/workspace/vrpn/install/mocap_px4_bridge:/home/lee/workspace/vrpn/install/px4_msgs:/home/lee/workspace/vrpn/install/mocap_optitrack:/opt/ros/humble /usr/bin/cmake --build /home/lee/workspace/ros2_ex/build/ground -- -j32 -l32
