[0.005s] Invoking command in '/home/lee/workspace/ros2_ex/build/ground': CMAKE_PREFIX_PATH=/opt/ros/humble /usr/bin/cmake --build /home/lee/workspace/ros2_ex/build/ground -- -j32 -l32
[0.019s] -- Found ament_cmake: 1.3.11 (/opt/ros/humble/share/ament_cmake/cmake)
[0.083s] -- Found rclcpp: 16.0.12 (/opt/ros/humble/share/rclcpp/cmake)
[0.095s] -- Found rosidl_generator_c: 3.1.6 (/opt/ros/humble/share/rosidl_generator_c/cmake)
[0.096s] -- Found rosidl_adapter: 3.1.6 (/opt/ros/humble/share/rosidl_adapter/cmake)
[0.098s] -- Found rosidl_generator_cpp: 3.1.6 (/opt/ros/humble/share/rosidl_generator_cpp/cmake)
[0.102s] -- Using all available rosidl_typesupport_c: rosidl_typesupport_fastrtps_c;rosidl_typesupport_introspection_c
[0.108s] -- Using all available rosidl_typesupport_cpp: rosidl_typesupport_fastrtps_cpp;rosidl_typesupport_introspection_cpp
[0.121s] -- Found rmw_implementation_cmake: 6.1.2 (/opt/ros/humble/share/rmw_implementation_cmake/cmake)
[0.122s] -- Found rmw_fastrtps_cpp: 6.2.7 (/opt/ros/humble/share/rmw_fastrtps_cpp/cmake)
[0.177s] -- Using RMW implementation 'rmw_fastrtps_cpp' as default
[0.202s] -- Found geometry_msgs: 4.8.0 (/opt/ros/humble/share/geometry_msgs/cmake)
[0.207s] -- Found nav_msgs: 4.8.0 (/opt/ros/humble/share/nav_msgs/cmake)
[0.213s] -- Found tf2: 0.25.12 (/opt/ros/humble/share/tf2/cmake)
[0.215s] -- Found tf2_ros: 0.25.12 (/opt/ros/humble/share/tf2_ros/cmake)
[0.247s] -- Found ament_lint_auto: 0.12.12 (/opt/ros/humble/share/ament_lint_auto/cmake)
[0.277s] -- Added test 'cppcheck' to perform static code analysis on C / C++ code
[0.277s] -- Configured cppcheck include dirs: 
[0.277s] -- Configured cppcheck exclude dirs and/or files: 
[0.277s] -- Added test 'lint_cmake' to check CMake code style
[0.278s] -- Added test 'uncrustify' to check C / C++ code style
[0.278s] -- Configured uncrustify additional arguments: 
[0.278s] -- Added test 'xmllint' to check XML markup files
[0.278s] -- Configuring done
[0.282s] -- Generating done
[0.284s] -- Build files have been written to: /home/lee/workspace/ros2_ex/build/ground
[0.300s] [35m[1mConsolidate compiler generated dependencies of target gripper_controller[0m
[0.300s] [35m[1mConsolidate compiler generated dependencies of target attitude_controller[0m
[0.305s] [ 25%] [32m[1mLinking CXX executable gripper_controller[0m
[0.311s] [ 75%] Built target attitude_controller
[0.329s] /usr/bin/ld: /usr/lib/gcc/x86_64-linux-gnu/11/../../../x86_64-linux-gnu/Scrt1.o: in function `_start':
[0.329s] (.text+0x1b): undefined reference to `main'
[0.330s] collect2: error: ld returned 1 exit status
[0.331s] gmake[2]: *** [CMakeFiles/gripper_controller.dir/build.make:159: gripper_controller] Error 1
[0.331s] gmake[1]: *** [CMakeFiles/Makefile2:165: CMakeFiles/gripper_controller.dir/all] Error 2
[0.331s] gmake: *** [Makefile:146: all] Error 2
[0.332s] Invoked command in '/home/lee/workspace/ros2_ex/build/ground' returned '2': CMAKE_PREFIX_PATH=/opt/ros/humble /usr/bin/cmake --build /home/lee/workspace/ros2_ex/build/ground -- -j32 -l32
