[0.001s] Invoking command in '/home/lee/workspace/ros2_ex/build/ground': CMAKE_PREFIX_PATH=/home/lee/workspace/ros2_ex/install/px4_msgs:/home/lee/workspace/ros2_ex/install/sensor:/home/lee/workspace/ros2_ex/install/ground:/home/lee/workspace/ros2_ex/install/MAV4:/home/lee/workspace/ros2_ex/install/MAV3:/home/lee/workspace/ros2_ex/install/MAV2:/home/lee/workspace/ros2_ex/install/MAV1:/home/lee/workspace/ros2_ex/install/MAV:/home/lee/workspace/vrpn/vrpn_optitrack/install/vrpn_mocap:/opt/ros/humble /usr/bin/cmake --build /home/lee/workspace/ros2_ex/build/ground -- -j32 -l32
[0.001s] [35m[1mConsolidate compiler generated dependencies of target trajectory_generator[0m
[0.001s] [ 21%] Built target gripper_controller
[0.001s] [ 21%] Built target position_controller
[0.001s] [ 26%] [32mBuilding CXX object CMakeFiles/qc_servo.dir/node/qc_servo.cpp.o[0m
[0.001s] [ 36%] Built target attitude_controller
[0.001s] [ 52%] Built target keyboard_node
[0.002s] [ 63%] Built target wrench_mapper
[0.002s] [ 73%] Built target trajectory_generator
[0.002s] [ 84%] Built target mocap_px4_bridge
[0.002s] [ 89%] [32mBuilding CXX object CMakeFiles/platform_topic_tool.dir/src/platform_topic_tool.cpp.o[0m
[1.245s] [01m[K/home/lee/workspace/ros2_ex/src/ground/node/qc_servo.cpp:35:1:[m[K [01;31m[Kerror: [m[Kexpected unqualified-id before ‘[01m[K/[m[K’ token
[1.245s]    35 | [01;31m[K/[m[Kplatform/desire_position
[1.245s]       | [01;31m[K^[m[K
[2.143s] gmake[2]: *** [CMakeFiles/qc_servo.dir/build.make:76: CMakeFiles/qc_servo.dir/node/qc_servo.cpp.o] Error 1
[2.143s] gmake[1]: *** [CMakeFiles/Makefile2:283: CMakeFiles/qc_servo.dir/all] Error 2
[2.143s] gmake[1]: *** Waiting for unfinished jobs....
[11.374s] [ 94%] [32m[1mLinking CXX executable platform_topic_tool[0m
[11.561s] [ 94%] Built target platform_topic_tool
[11.562s] gmake: *** [Makefile:146: all] Error 2
[11.563s] Invoked command in '/home/lee/workspace/ros2_ex/build/ground' returned '2': CMAKE_PREFIX_PATH=/home/lee/workspace/ros2_ex/install/px4_msgs:/home/lee/workspace/ros2_ex/install/sensor:/home/lee/workspace/ros2_ex/install/ground:/home/lee/workspace/ros2_ex/install/MAV4:/home/lee/workspace/ros2_ex/install/MAV3:/home/lee/workspace/ros2_ex/install/MAV2:/home/lee/workspace/ros2_ex/install/MAV1:/home/lee/workspace/ros2_ex/install/MAV:/home/lee/workspace/vrpn/vrpn_optitrack/install/vrpn_mocap:/opt/ros/humble /usr/bin/cmake --build /home/lee/workspace/ros2_ex/build/ground -- -j32 -l32
