[35m[1mConsolidate compiler generated dependencies of target position_controller[0m
[ 33%] Built target gripper_controller
[ 66%] Built target attitude_controller
[100%] Built target position_controller
-- Install configuration: ""
-- Up-to-date: /home/lee/workspace/ros2_ex/install/ground/lib/ground/attitude_controller
-- Up-to-date: /home/lee/workspace/ros2_ex/install/ground/lib/ground/gripper_controller
-- Up-to-date: /home/lee/workspace/ros2_ex/install/ground/lib/ground/position_controller
-- Up-to-date: /home/lee/workspace/ros2_ex/install/ground/share/ament_index/resource_index/package_run_dependencies/ground
-- Up-to-date: /home/lee/workspace/ros2_ex/install/ground/share/ament_index/resource_index/parent_prefix_path/ground
-- Up-to-date: /home/lee/workspace/ros2_ex/install/ground/share/ground/environment/ament_prefix_path.sh
-- Up-to-date: /home/lee/workspace/ros2_ex/install/ground/share/ground/environment/ament_prefix_path.dsv
-- Up-to-date: /home/lee/workspace/ros2_ex/install/ground/share/ground/environment/path.sh
-- Up-to-date: /home/lee/workspace/ros2_ex/install/ground/share/ground/environment/path.dsv
-- Up-to-date: /home/lee/workspace/ros2_ex/install/ground/share/ground/local_setup.bash
-- Up-to-date: /home/lee/workspace/ros2_ex/install/ground/share/ground/local_setup.sh
-- Up-to-date: /home/lee/workspace/ros2_ex/install/ground/share/ground/local_setup.zsh
-- Up-to-date: /home/lee/workspace/ros2_ex/install/ground/share/ground/local_setup.dsv
-- Installing: /home/lee/workspace/ros2_ex/install/ground/share/ground/package.dsv
-- Up-to-date: /home/lee/workspace/ros2_ex/install/ground/share/ament_index/resource_index/packages/ground
-- Up-to-date: /home/lee/workspace/ros2_ex/install/ground/share/ground/cmake/groundConfig.cmake
-- Up-to-date: /home/lee/workspace/ros2_ex/install/ground/share/ground/cmake/groundConfig-version.cmake
-- Up-to-date: /home/lee/workspace/ros2_ex/install/ground/share/ground/package.xml
