-- Found ament_cmake: 1.3.11 (/opt/ros/humble/share/ament_cmake/cmake)
-- Override CMake install command with custom implementation using symlinks instead of copying resources
-- Found rclcpp: 16.0.12 (/opt/ros/humble/share/rclcpp/cmake)
-- Found rosidl_generator_c: 3.1.6 (/opt/ros/humble/share/rosidl_generator_c/cmake)
-- Found rosidl_adapter: 3.1.6 (/opt/ros/humble/share/rosidl_adapter/cmake)
-- Found rosidl_generator_cpp: 3.1.6 (/opt/ros/humble/share/rosidl_generator_cpp/cmake)
-- Using all available rosidl_typesupport_c: rosidl_typesupport_fastrtps_c;rosidl_typesupport_introspection_c
-- Using all available rosidl_typesupport_cpp: rosidl_typesupport_fastrtps_cpp;rosidl_typesupport_introspection_cpp
-- Found rmw_implementation_cmake: 6.1.2 (/opt/ros/humble/share/rmw_implementation_cmake/cmake)
-- Found rmw_fastrtps_cpp: 6.2.7 (/opt/ros/humble/share/rmw_fastrtps_cpp/cmake)
-- Using RMW implementation 'rmw_fastrtps_cpp' as default
-- Found geometry_msgs: 4.9.0 (/opt/ros/humble/share/geometry_msgs/cmake)
-- Found nav_msgs: 4.9.0 (/opt/ros/humble/share/nav_msgs/cmake)
-- Found tf2: 0.25.13 (/opt/ros/humble/share/tf2/cmake)
-- Found tf2_ros: 0.25.13 (/opt/ros/humble/share/tf2_ros/cmake)
-- Found px4_msgs: 2.0.1 (/home/lee/workspace/ros2_ex/install/px4_msgs/share/px4_msgs/cmake)
-- Found ament_lint_auto: 0.12.12 (/opt/ros/humble/share/ament_lint_auto/cmake)
-- Added test 'cppcheck' to perform static code analysis on C / C++ code
-- Configured cppcheck include dirs: /home/lee/workspace/ros2_ex/src/ground/include;$<BUILD_INTERFACE:/home/lee/workspace/ros2_ex/src/ground/include>
-- Configured cppcheck exclude dirs and/or files: 
-- Added test 'lint_cmake' to check CMake code style
-- Added test 'uncrustify' to check C / C++ code style
-- Configured uncrustify additional arguments: 
-- Added test 'xmllint' to check XML markup files
-- Configuring done
-- Generating done
-- Build files have been written to: /home/lee/workspace/ros2_ex/build/ground
[35m[1mConsolidate compiler generated dependencies of target attitude_controller[0m
[35m[1mConsolidate compiler generated dependencies of target position_controller[0m
[35m[1mConsolidate compiler generated dependencies of target trajectory_generator[0m
[35m[1mConsolidate compiler generated dependencies of target gripper_controller[0m
[35m[1mConsolidate compiler generated dependencies of target keyboard_node[0m
[35m[1mConsolidate compiler generated dependencies of target qc_servo[0m
[35m[1mConsolidate compiler generated dependencies of target wrench_mapper[0m
[  5%] [32mBuilding CXX object CMakeFiles/platform_topic_tool.dir/src/platform_topic_tool.cpp.o[0m
[ 17%] Built target trajectory_generator
[ 29%] Built target attitude_controller
[ 41%] Built target position_controller
[ 52%] Built target gripper_controller
[ 70%] Built target keyboard_node
[ 82%] Built target qc_servo
[ 94%] Built target wrench_mapper
[01m[K/home/lee/workspace/ros2_ex/src/ground/src/platform_topic_tool.cpp:[m[K In member function ‘[01m[Kvoid PositionAttitudeVelocityConverterNode::attitude_callback(px4_msgs::msg::VehicleAttitude_<std::allocator<void> >::SharedPtr)[m[K’:
[01m[K/home/lee/workspace/ros2_ex/src/ground/src/platform_topic_tool.cpp:105:40:[m[K [01;31m[Kerror: [m[K‘[01m[Kusing element_type = struct px4_msgs::msg::VehicleAttitude_<std::allocator<void> >[m[K’ {aka ‘[01m[Kstruct px4_msgs::msg::VehicleAttitude_<std::allocator<void> >[m[K’} has no member named ‘[01m[Kq_d[m[K’
  105 |         Eigen::Vector3d omega_ned(msg->[01;31m[Kq_d[m[K[0], msg->q_d[1], msg->q_d[2]);
      |                                        [01;31m[K^~~[m[K
[01m[K/home/lee/workspace/ros2_ex/src/ground/src/platform_topic_tool.cpp:105:53:[m[K [01;31m[Kerror: [m[K‘[01m[Kusing element_type = struct px4_msgs::msg::VehicleAttitude_<std::allocator<void> >[m[K’ {aka ‘[01m[Kstruct px4_msgs::msg::VehicleAttitude_<std::allocator<void> >[m[K’} has no member named ‘[01m[Kq_d[m[K’
  105 |         Eigen::Vector3d omega_ned(msg->q_d[0], msg->[01;31m[Kq_d[m[K[1], msg->q_d[2]);
      |                                                     [01;31m[K^~~[m[K
[01m[K/home/lee/workspace/ros2_ex/src/ground/src/platform_topic_tool.cpp:105:66:[m[K [01;31m[Kerror: [m[K‘[01m[Kusing element_type = struct px4_msgs::msg::VehicleAttitude_<std::allocator<void> >[m[K’ {aka ‘[01m[Kstruct px4_msgs::msg::VehicleAttitude_<std::allocator<void> >[m[K’} has no member named ‘[01m[Kq_d[m[K’
  105 |         Eigen::Vector3d omega_ned(msg->q_d[0], msg->q_d[1], msg->[01;31m[Kq_d[m[K[2]);
      |                                                                  [01;31m[K^~~[m[K
gmake[2]: *** [CMakeFiles/platform_topic_tool.dir/build.make:76: CMakeFiles/platform_topic_tool.dir/src/platform_topic_tool.cpp.o] Error 1
gmake[1]: *** [CMakeFiles/Makefile2:333: CMakeFiles/platform_topic_tool.dir/all] Error 2
gmake: *** [Makefile:146: all] Error 2
