[0.001s] Invoking command in '/home/lee/workspace/ros2_ex/build/MAV2': CMAKE_PREFIX_PATH=/home/lee/workspace/ros2_ex/install/px4_msgs:/home/lee/workspace/ros2_ex/install/sensor:/home/lee/workspace/ros2_ex/install/ground:/home/lee/workspace/ros2_ex/install/MAV1:/home/lee/workspace/vrpn/install/vrpn_mocap:/home/lee/workspace/vrpn/install/mocap_px4_bridge:/home/lee/workspace/vrpn/install/px4_msgs:/home/lee/workspace/vrpn/install/mocap_optitrack:/opt/ros/humble /usr/bin/cmake /home/lee/workspace/ros2_ex/src/MAV/MAV2 -DCMAKE_BUILD_TYPE=RelWithDebInfo -DAMENT_CMAKE_SYMLINK_INSTALL=1 -DCMAKE_INSTALL_PREFIX=/home/lee/workspace/ros2_ex/install/MAV2
[0.003s] -- The C compiler identification is GNU 11.4.0
[0.003s] -- The CXX compiler identification is GNU 11.4.0
[0.004s] -- Detecting C compiler ABI info
[0.022s] -- Detecting C compiler ABI info - done
[0.028s] -- Check for working C compiler: /usr/bin/cc - skipped
[0.028s] -- Detecting C compile features
[0.028s] -- Detecting C compile features - done
[0.030s] -- Detecting CXX compiler ABI info
[0.081s] -- Detecting CXX compiler ABI info - done
[0.086s] -- Check for working CXX compiler: /usr/bin/c++ - skipped
[0.086s] -- Detecting CXX compile features
[0.086s] -- Detecting CXX compile features - done
[0.087s] -- Found ament_cmake: 1.3.11 (/opt/ros/humble/share/ament_cmake/cmake)
[0.279s] -- Found Python3: /usr/bin/python3 (found version "3.10.12") found components: Interpreter 
[0.308s] -- Override CMake install command with custom implementation using symlinks instead of copying resources
[0.322s] -- Found rclcpp: 16.0.12 (/opt/ros/humble/share/rclcpp/cmake)
[0.343s] -- Found rosidl_generator_c: 3.1.6 (/opt/ros/humble/share/rosidl_generator_c/cmake)
[0.346s] -- Found rosidl_adapter: 3.1.6 (/opt/ros/humble/share/rosidl_adapter/cmake)
[0.349s] -- Found rosidl_generator_cpp: 3.1.6 (/opt/ros/humble/share/rosidl_generator_cpp/cmake)
[0.355s] -- Using all available rosidl_typesupport_c: rosidl_typesupport_fastrtps_c;rosidl_typesupport_introspection_c
[0.367s] -- Using all available rosidl_typesupport_cpp: rosidl_typesupport_fastrtps_cpp;rosidl_typesupport_introspection_cpp
[0.386s] -- Found rmw_implementation_cmake: 6.1.2 (/opt/ros/humble/share/rmw_implementation_cmake/cmake)
[0.388s] -- Found rmw_fastrtps_cpp: 6.2.7 (/opt/ros/humble/share/rmw_fastrtps_cpp/cmake)
[0.433s] -- Found OpenSSL: /usr/lib/x86_64-linux-gnu/libcrypto.so (found version "3.0.2")  
[0.451s] -- Found FastRTPS: /opt/ros/humble/include  
[0.474s] -- Using RMW implementation 'rmw_fastrtps_cpp' as default
[0.481s] -- Looking for pthread.h
[0.522s] -- Looking for pthread.h - found
[0.522s] -- Performing Test CMAKE_HAVE_LIBC_PTHREAD
[0.565s] -- Performing Test CMAKE_HAVE_LIBC_PTHREAD - Success
[0.566s] -- Found Threads: TRUE  
[0.592s] -- Found geometry_msgs: 4.9.0 (/opt/ros/humble/share/geometry_msgs/cmake)
[0.598s] -- Found nav_msgs: 4.9.0 (/opt/ros/humble/share/nav_msgs/cmake)
[0.606s] -- Found tf2: 0.25.13 (/opt/ros/humble/share/tf2/cmake)
[0.611s] -- Found tf2_ros: 0.25.13 (/opt/ros/humble/share/tf2_ros/cmake)
[0.651s] -- Found px4_msgs: 2.0.1 (/home/lee/workspace/ros2_ex/install/px4_msgs/share/px4_msgs/cmake)
[0.657s] -- Found ament_lint_auto: 0.12.12 (/opt/ros/humble/share/ament_lint_auto/cmake)
[0.687s] WARNING: Package name "MAV2" does not follow the naming conventions. It should start with a lower case letter and only contain lower case letters, digits, underscores, and dashes.
[0.698s] -- Added test 'cppcheck' to perform static code analysis on C / C++ code
[0.698s] -- Configured cppcheck include dirs: 
[0.698s] -- Configured cppcheck exclude dirs and/or files: 
[0.698s] -- Added test 'lint_cmake' to check CMake code style
[0.699s] -- Added test 'uncrustify' to check C / C++ code style
[0.699s] -- Configured uncrustify additional arguments: 
[0.699s] -- Added test 'xmllint' to check XML markup files
[0.699s] -- Configuring done
[0.703s] -- Generating done
[0.705s] -- Build files have been written to: /home/lee/workspace/ros2_ex/build/MAV2
[0.710s] Invoked command in '/home/lee/workspace/ros2_ex/build/MAV2' returned '0': CMAKE_PREFIX_PATH=/home/lee/workspace/ros2_ex/install/px4_msgs:/home/lee/workspace/ros2_ex/install/sensor:/home/lee/workspace/ros2_ex/install/ground:/home/lee/workspace/ros2_ex/install/MAV1:/home/lee/workspace/vrpn/install/vrpn_mocap:/home/lee/workspace/vrpn/install/mocap_px4_bridge:/home/lee/workspace/vrpn/install/px4_msgs:/home/lee/workspace/vrpn/install/mocap_optitrack:/opt/ros/humble /usr/bin/cmake /home/lee/workspace/ros2_ex/src/MAV/MAV2 -DCMAKE_BUILD_TYPE=RelWithDebInfo -DAMENT_CMAKE_SYMLINK_INSTALL=1 -DCMAKE_INSTALL_PREFIX=/home/lee/workspace/ros2_ex/install/MAV2
[0.711s] Invoking command in '/home/lee/workspace/ros2_ex/build/MAV2': CMAKE_PREFIX_PATH=/home/lee/workspace/ros2_ex/install/px4_msgs:/home/lee/workspace/ros2_ex/install/sensor:/home/lee/workspace/ros2_ex/install/ground:/home/lee/workspace/ros2_ex/install/MAV1:/home/lee/workspace/vrpn/install/vrpn_mocap:/home/lee/workspace/vrpn/install/mocap_px4_bridge:/home/lee/workspace/vrpn/install/px4_msgs:/home/lee/workspace/vrpn/install/mocap_optitrack:/opt/ros/humble /usr/bin/cmake --build /home/lee/workspace/ros2_ex/build/MAV2 -- -j32 -l32
[0.737s] [ 50%] [32mBuilding CXX object CMakeFiles/MAV2.dir/node/main.cpp.o[0m
[14.893s] [100%] [32m[1mLinking CXX executable MAV2[0m
[15.130s] [100%] Built target MAV2
[15.138s] Invoked command in '/home/lee/workspace/ros2_ex/build/MAV2' returned '0': CMAKE_PREFIX_PATH=/home/lee/workspace/ros2_ex/install/px4_msgs:/home/lee/workspace/ros2_ex/install/sensor:/home/lee/workspace/ros2_ex/install/ground:/home/lee/workspace/ros2_ex/install/MAV1:/home/lee/workspace/vrpn/install/vrpn_mocap:/home/lee/workspace/vrpn/install/mocap_px4_bridge:/home/lee/workspace/vrpn/install/px4_msgs:/home/lee/workspace/vrpn/install/mocap_optitrack:/opt/ros/humble /usr/bin/cmake --build /home/lee/workspace/ros2_ex/build/MAV2 -- -j32 -l32
[15.139s] Invoking command in '/home/lee/workspace/ros2_ex/build/MAV2': CMAKE_PREFIX_PATH=/home/lee/workspace/ros2_ex/install/px4_msgs:/home/lee/workspace/ros2_ex/install/sensor:/home/lee/workspace/ros2_ex/install/ground:/home/lee/workspace/ros2_ex/install/MAV1:/home/lee/workspace/vrpn/install/vrpn_mocap:/home/lee/workspace/vrpn/install/mocap_px4_bridge:/home/lee/workspace/vrpn/install/px4_msgs:/home/lee/workspace/vrpn/install/mocap_optitrack:/opt/ros/humble /usr/bin/cmake --install /home/lee/workspace/ros2_ex/build/MAV2
[15.143s] -- Install configuration: "RelWithDebInfo"
[15.143s] -- Execute custom install script
[15.143s] -- Symlinking: /home/lee/workspace/ros2_ex/install/MAV2/lib/MAV2/MAV2
[15.148s] -- Symlinking: /home/lee/workspace/ros2_ex/install/MAV2/share/ament_index/resource_index/package_run_dependencies/MAV2
[15.153s] -- Symlinking: /home/lee/workspace/ros2_ex/install/MAV2/share/ament_index/resource_index/parent_prefix_path/MAV2
[15.158s] -- Symlinking: /home/lee/workspace/ros2_ex/install/MAV2/share/MAV2/environment/ament_prefix_path.sh
[15.163s] -- Symlinking: /home/lee/workspace/ros2_ex/install/MAV2/share/MAV2/environment/ament_prefix_path.dsv
[15.167s] -- Symlinking: /home/lee/workspace/ros2_ex/install/MAV2/share/MAV2/environment/path.sh
[15.172s] -- Symlinking: /home/lee/workspace/ros2_ex/install/MAV2/share/MAV2/environment/path.dsv
[15.177s] -- Symlinking: /home/lee/workspace/ros2_ex/install/MAV2/share/MAV2/local_setup.bash
[15.181s] -- Symlinking: /home/lee/workspace/ros2_ex/install/MAV2/share/MAV2/local_setup.sh
[15.184s] -- Symlinking: /home/lee/workspace/ros2_ex/install/MAV2/share/MAV2/local_setup.zsh
[15.188s] -- Symlinking: /home/lee/workspace/ros2_ex/install/MAV2/share/MAV2/local_setup.dsv
[15.192s] -- Symlinking: /home/lee/workspace/ros2_ex/install/MAV2/share/MAV2/package.dsv
[15.196s] -- Symlinking: /home/lee/workspace/ros2_ex/install/MAV2/share/ament_index/resource_index/packages/MAV2
[15.201s] -- Symlinking: /home/lee/workspace/ros2_ex/install/MAV2/share/MAV2/cmake/MAV2Config.cmake
[15.205s] -- Symlinking: /home/lee/workspace/ros2_ex/install/MAV2/share/MAV2/cmake/MAV2Config-version.cmake
[15.209s] -- Symlinking: /home/lee/workspace/ros2_ex/install/MAV2/share/MAV2/package.xml
[15.213s] Invoked command in '/home/lee/workspace/ros2_ex/build/MAV2' returned '0': CMAKE_PREFIX_PATH=/home/lee/workspace/ros2_ex/install/px4_msgs:/home/lee/workspace/ros2_ex/install/sensor:/home/lee/workspace/ros2_ex/install/ground:/home/lee/workspace/ros2_ex/install/MAV1:/home/lee/workspace/vrpn/install/vrpn_mocap:/home/lee/workspace/vrpn/install/mocap_px4_bridge:/home/lee/workspace/vrpn/install/px4_msgs:/home/lee/workspace/vrpn/install/mocap_optitrack:/opt/ros/humble /usr/bin/cmake --install /home/lee/workspace/ros2_ex/build/MAV2
