[0.004s] Invoking command in '/home/lee/workspace/ros2_ex/src/MAV/MAV1/build/sensor': CMAKE_PREFIX_PATH=${CMAKE_PREFIX_PATH}:/opt/ros/humble /usr/bin/cmake /home/lee/workspace/ros2_ex/src/sensor -DCMAKE_BUILD_TYPE=RelWithDebInfo -DAMENT_CMAKE_SYMLINK_INSTALL=1 -DCMAKE_INSTALL_PREFIX=/home/lee/workspace/ros2_ex/src/MAV/MAV1/install/sensor
[0.034s] -- The C compiler identification is GNU 11.4.0
[0.063s] -- The CXX compiler identification is GNU 11.4.0
[0.066s] -- Detecting C compiler ABI info
[0.102s] -- Detecting C compiler ABI info - done
[0.106s] -- Check for working C compiler: /usr/bin/cc - skipped
[0.106s] -- Detecting C compile features
[0.106s] -- Detecting C compile features - done
[0.107s] -- Detecting CXX compiler ABI info
[0.148s] -- Detecting CXX compiler ABI info - done
[0.152s] -- Check for working CXX compiler: /usr/bin/c++ - skipped
[0.152s] -- Detecting CXX compile features
[0.152s] -- Detecting CXX compile features - done
[0.153s] -- Found ament_cmake: 1.3.11 (/opt/ros/humble/share/ament_cmake/cmake)
[0.328s] -- Found Python3: /usr/bin/python3 (found version "3.10.12") found components: Interpreter 
[0.357s] -- Override CMake install command with custom implementation using symlinks instead of copying resources
[0.367s] -- Found rclcpp: 16.0.12 (/opt/ros/humble/share/rclcpp/cmake)
[0.385s] -- Found rosidl_generator_c: 3.1.6 (/opt/ros/humble/share/rosidl_generator_c/cmake)
[0.387s] -- Found rosidl_adapter: 3.1.6 (/opt/ros/humble/share/rosidl_adapter/cmake)
[0.391s] -- Found rosidl_generator_cpp: 3.1.6 (/opt/ros/humble/share/rosidl_generator_cpp/cmake)
[0.396s] -- Using all available rosidl_typesupport_c: rosidl_typesupport_fastrtps_c;rosidl_typesupport_introspection_c
[0.403s] -- Using all available rosidl_typesupport_cpp: rosidl_typesupport_fastrtps_cpp;rosidl_typesupport_introspection_cpp
[0.421s] -- Found rmw_implementation_cmake: 6.1.2 (/opt/ros/humble/share/rmw_implementation_cmake/cmake)
[0.422s] -- Found rmw_fastrtps_cpp: 6.2.7 (/opt/ros/humble/share/rmw_fastrtps_cpp/cmake)
[0.475s] -- Found OpenSSL: /usr/lib/x86_64-linux-gnu/libcrypto.so (found version "3.0.2")  
[0.492s] -- Found FastRTPS: /opt/ros/humble/include  
[0.517s] -- Using RMW implementation 'rmw_fastrtps_cpp' as default
[0.521s] -- Looking for pthread.h
[0.562s] -- Looking for pthread.h - found
[0.563s] -- Performing Test CMAKE_HAVE_LIBC_PTHREAD
[0.602s] -- Performing Test CMAKE_HAVE_LIBC_PTHREAD - Success
[0.603s] -- Found Threads: TRUE  
[0.625s] -- Found geometry_msgs: 4.8.0 (/opt/ros/humble/share/geometry_msgs/cmake)
[0.631s] -- Found nav_msgs: 4.8.0 (/opt/ros/humble/share/nav_msgs/cmake)
[0.639s] -- Found tf2: 0.25.12 (/opt/ros/humble/share/tf2/cmake)
[0.644s] -- Found tf2_ros: 0.25.12 (/opt/ros/humble/share/tf2_ros/cmake)
[0.682s] -- Found tf2_geometry_msgs: 0.25.12 (/opt/ros/humble/share/tf2_geometry_msgs/cmake)
[0.688s] -- Found eigen3_cmake_module: 0.1.1 (/opt/ros/humble/share/eigen3_cmake_module/cmake)
[0.688s] -- Found Eigen3: TRUE (found version "3.4.0") 
[0.688s] -- Ensuring Eigen3 include directory is part of orocos-kdl CMake target
[0.690s] -- Found ament_lint_auto: 0.12.12 (/opt/ros/humble/share/ament_lint_auto/cmake)
[0.726s] -- Added test 'cppcheck' to perform static code analysis on C / C++ code
[0.726s] -- Configured cppcheck include dirs: 
[0.726s] -- Configured cppcheck exclude dirs and/or files: 
[0.727s] -- Added test 'lint_cmake' to check CMake code style
[0.727s] -- Added test 'uncrustify' to check C / C++ code style
[0.727s] -- Configured uncrustify additional arguments: 
[0.727s] -- Added test 'xmllint' to check XML markup files
[0.728s] -- Configuring done
[0.733s] -- Generating done
[0.734s] -- Build files have been written to: /home/lee/workspace/ros2_ex/src/MAV/MAV1/build/sensor
[0.739s] Invoked command in '/home/lee/workspace/ros2_ex/src/MAV/MAV1/build/sensor' returned '0': CMAKE_PREFIX_PATH=${CMAKE_PREFIX_PATH}:/opt/ros/humble /usr/bin/cmake /home/lee/workspace/ros2_ex/src/sensor -DCMAKE_BUILD_TYPE=RelWithDebInfo -DAMENT_CMAKE_SYMLINK_INSTALL=1 -DCMAKE_INSTALL_PREFIX=/home/lee/workspace/ros2_ex/src/MAV/MAV1/install/sensor
[0.741s] Invoking command in '/home/lee/workspace/ros2_ex/src/MAV/MAV1/build/sensor': CMAKE_PREFIX_PATH=${CMAKE_PREFIX_PATH}:/opt/ros/humble /usr/bin/cmake --build /home/lee/workspace/ros2_ex/src/MAV/MAV1/build/sensor -- -j32 -l32
[0.769s] [ 50%] [32mBuilding CXX object CMakeFiles/topic_tool.dir/src/topic_tool.cpp.o[0m
[7.465s] [100%] [32m[1mLinking CXX executable topic_tool[0m
[7.592s] [100%] Built target topic_tool
[7.599s] Invoked command in '/home/lee/workspace/ros2_ex/src/MAV/MAV1/build/sensor' returned '0': CMAKE_PREFIX_PATH=${CMAKE_PREFIX_PATH}:/opt/ros/humble /usr/bin/cmake --build /home/lee/workspace/ros2_ex/src/MAV/MAV1/build/sensor -- -j32 -l32
[7.605s] Invoking command in '/home/lee/workspace/ros2_ex/src/MAV/MAV1/build/sensor': CMAKE_PREFIX_PATH=${CMAKE_PREFIX_PATH}:/opt/ros/humble /usr/bin/cmake --install /home/lee/workspace/ros2_ex/src/MAV/MAV1/build/sensor
[7.610s] -- Install configuration: "RelWithDebInfo"
[7.610s] -- Execute custom install script
[7.610s] -- Symlinking: /home/lee/workspace/ros2_ex/src/MAV/MAV1/install/sensor/lib/sensor/topic_tool
[7.616s] -- Symlinking: /home/lee/workspace/ros2_ex/src/MAV/MAV1/install/sensor/share/ament_index/resource_index/package_run_dependencies/sensor
[7.621s] -- Symlinking: /home/lee/workspace/ros2_ex/src/MAV/MAV1/install/sensor/share/ament_index/resource_index/parent_prefix_path/sensor
[7.626s] -- Symlinking: /home/lee/workspace/ros2_ex/src/MAV/MAV1/install/sensor/share/sensor/environment/ament_prefix_path.sh
[7.631s] -- Symlinking: /home/lee/workspace/ros2_ex/src/MAV/MAV1/install/sensor/share/sensor/environment/ament_prefix_path.dsv
[7.636s] -- Symlinking: /home/lee/workspace/ros2_ex/src/MAV/MAV1/install/sensor/share/sensor/environment/path.sh
[7.640s] -- Symlinking: /home/lee/workspace/ros2_ex/src/MAV/MAV1/install/sensor/share/sensor/environment/path.dsv
[7.644s] -- Symlinking: /home/lee/workspace/ros2_ex/src/MAV/MAV1/install/sensor/share/sensor/local_setup.bash
[7.648s] -- Symlinking: /home/lee/workspace/ros2_ex/src/MAV/MAV1/install/sensor/share/sensor/local_setup.sh
[7.651s] -- Symlinking: /home/lee/workspace/ros2_ex/src/MAV/MAV1/install/sensor/share/sensor/local_setup.zsh
[7.656s] -- Symlinking: /home/lee/workspace/ros2_ex/src/MAV/MAV1/install/sensor/share/sensor/local_setup.dsv
[7.660s] -- Symlinking: /home/lee/workspace/ros2_ex/src/MAV/MAV1/install/sensor/share/sensor/package.dsv
[7.664s] -- Symlinking: /home/lee/workspace/ros2_ex/src/MAV/MAV1/install/sensor/share/ament_index/resource_index/packages/sensor
[7.668s] -- Symlinking: /home/lee/workspace/ros2_ex/src/MAV/MAV1/install/sensor/share/sensor/cmake/sensorConfig.cmake
[7.672s] -- Symlinking: /home/lee/workspace/ros2_ex/src/MAV/MAV1/install/sensor/share/sensor/cmake/sensorConfig-version.cmake
[7.676s] -- Symlinking: /home/lee/workspace/ros2_ex/src/MAV/MAV1/install/sensor/share/sensor/package.xml
[7.681s] Invoked command in '/home/lee/workspace/ros2_ex/src/MAV/MAV1/build/sensor' returned '0': CMAKE_PREFIX_PATH=${CMAKE_PREFIX_PATH}:/opt/ros/humble /usr/bin/cmake --install /home/lee/workspace/ros2_ex/src/MAV/MAV1/build/sensor
