[0.000s] Invoking command in '/home/lee/workspace/ros2_ex/build/MAV': CMAKE_PREFIX_PATH=/home/lee/workspace/ros2_ex/install/px4_msgs:/home/lee/workspace/ros2_ex/install/sensor:/home/lee/workspace/ros2_ex/install/ground:/home/lee/workspace/ros2_ex/install/MAV4:/home/lee/workspace/ros2_ex/install/MAV3:/home/lee/workspace/ros2_ex/install/MAV2:/home/lee/workspace/ros2_ex/install/MAV1:/home/lee/workspace/ros2_ex/install/MAV:/home/lee/workspace/vrpn/vrpn_optitrack/install/vrpn_mocap:/opt/ros/humble /usr/bin/cmake --build /home/lee/workspace/ros2_ex/build/MAV -- -j32 -l32
[0.001s] -- Found ament_cmake: 1.3.11 (/opt/ros/humble/share/ament_cmake/cmake)
[0.003s] -- Override CMake install command with custom implementation using symlinks instead of copying resources
[0.003s] -- Found rclcpp: 16.0.12 (/opt/ros/humble/share/rclcpp/cmake)
[0.003s] -- Found rosidl_generator_c: 3.1.6 (/opt/ros/humble/share/rosidl_generator_c/cmake)
[0.003s] -- Found rosidl_adapter: 3.1.6 (/opt/ros/humble/share/rosidl_adapter/cmake)
[0.003s] -- Found rosidl_generator_cpp: 3.1.6 (/opt/ros/humble/share/rosidl_generator_cpp/cmake)
[0.003s] -- Using all available rosidl_typesupport_c: rosidl_typesupport_fastrtps_c;rosidl_typesupport_introspection_c
[0.004s] -- Using all available rosidl_typesupport_cpp: rosidl_typesupport_fastrtps_cpp;rosidl_typesupport_introspection_cpp
[0.004s] -- Found rmw_implementation_cmake: 6.1.2 (/opt/ros/humble/share/rmw_implementation_cmake/cmake)
[0.004s] -- Found rmw_fastrtps_cpp: 6.2.7 (/opt/ros/humble/share/rmw_fastrtps_cpp/cmake)
[0.022s] -- Using RMW implementation 'rmw_fastrtps_cpp' as default
[0.044s] -- Found geometry_msgs: 4.9.0 (/opt/ros/humble/share/geometry_msgs/cmake)
[0.049s] -- Found nav_msgs: 4.9.0 (/opt/ros/humble/share/nav_msgs/cmake)
[0.056s] -- Found tf2: 0.25.13 (/opt/ros/humble/share/tf2/cmake)
[0.058s] -- Found tf2_ros: 0.25.13 (/opt/ros/humble/share/tf2_ros/cmake)
[0.090s] -- Found px4_msgs: 2.0.1 (/home/lee/workspace/ros2_ex/install/px4_msgs/share/px4_msgs/cmake)
[0.099s] -- Found ament_lint_auto: 0.12.12 (/opt/ros/humble/share/ament_lint_auto/cmake)
[0.131s] WARNING: Package name "MAV" does not follow the naming conventions. It should start with a lower case letter and only contain lower case letters, digits, underscores, and dashes.
[0.324s] -- Added test 'cppcheck' to perform static code analysis on C / C++ code
[0.324s] -- Configured cppcheck include dirs: /home/lee/workspace/ros2_ex/src/MAV/include
[0.325s] -- Configured cppcheck exclude dirs and/or files: 
[0.347s] -- Added test 'flake8' to check Python code syntax and style conventions
[0.389s] -- Added test 'lint_cmake' to check CMake code style
[0.410s] -- Added test 'pep257' to check Python code against some of the docstring style conventions in PEP 257
[0.581s] -- Added test 'uncrustify' to check C / C++ code style
[0.581s] -- Configured uncrustify additional arguments: 
[0.602s] -- Added test 'xmllint' to check XML markup files
[0.602s] -- Configuring done
[0.610s] -- Generating done
[0.613s] -- Build files have been written to: /home/lee/workspace/ros2_ex/build/MAV
[0.627s] [35m[1mConsolidate compiler generated dependencies of target mav2[0m
[0.627s] [35m[1mConsolidate compiler generated dependencies of target mav3[0m
[0.628s] [35m[1mConsolidate compiler generated dependencies of target mav1[0m
[0.629s] [35m[1mConsolidate compiler generated dependencies of target mav4[0m
[0.637s] [ 12%] [32mBuilding CXX object CMakeFiles/mav2.dir/node/mav2.cpp.o[0m
[0.638s] [ 25%] [32mBuilding CXX object CMakeFiles/mav3.dir/node/mav3.cpp.o[0m
[0.640s] [ 50%] Built target mav1
[0.640s] [ 62%] [32mBuilding CXX object CMakeFiles/mav4.dir/node/mav4.cpp.o[0m
[14.480s] [ 75%] [32m[1mLinking CXX executable mav4[0m
[14.588s] [ 87%] [32m[1mLinking CXX executable mav3[0m
[14.640s] [100%] [32m[1mLinking CXX executable mav2[0m
[14.701s] [100%] Built target mav4
[14.803s] [100%] Built target mav3
[14.871s] [100%] Built target mav2
[14.877s] Invoked command in '/home/lee/workspace/ros2_ex/build/MAV' returned '0': CMAKE_PREFIX_PATH=/home/lee/workspace/ros2_ex/install/px4_msgs:/home/lee/workspace/ros2_ex/install/sensor:/home/lee/workspace/ros2_ex/install/ground:/home/lee/workspace/ros2_ex/install/MAV4:/home/lee/workspace/ros2_ex/install/MAV3:/home/lee/workspace/ros2_ex/install/MAV2:/home/lee/workspace/ros2_ex/install/MAV1:/home/lee/workspace/ros2_ex/install/MAV:/home/lee/workspace/vrpn/vrpn_optitrack/install/vrpn_mocap:/opt/ros/humble /usr/bin/cmake --build /home/lee/workspace/ros2_ex/build/MAV -- -j32 -l32
[14.878s] Invoking command in '/home/lee/workspace/ros2_ex/build/MAV': CMAKE_PREFIX_PATH=/home/lee/workspace/ros2_ex/install/px4_msgs:/home/lee/workspace/ros2_ex/install/sensor:/home/lee/workspace/ros2_ex/install/ground:/home/lee/workspace/ros2_ex/install/MAV4:/home/lee/workspace/ros2_ex/install/MAV3:/home/lee/workspace/ros2_ex/install/MAV2:/home/lee/workspace/ros2_ex/install/MAV1:/home/lee/workspace/ros2_ex/install/MAV:/home/lee/workspace/vrpn/vrpn_optitrack/install/vrpn_mocap:/opt/ros/humble /usr/bin/cmake --install /home/lee/workspace/ros2_ex/build/MAV
[14.881s] -- Install configuration: "RelWithDebInfo"
[14.881s] -- Execute custom install script
[14.881s] -- Up-to-date symlink: /home/lee/workspace/ros2_ex/install/MAV/lib/MAV/mav1
[14.881s] -- Up-to-date symlink: /home/lee/workspace/ros2_ex/install/MAV/lib/MAV/mav2
[14.881s] -- Up-to-date symlink: /home/lee/workspace/ros2_ex/install/MAV/lib/MAV/mav3
[14.881s] -- Up-to-date symlink: /home/lee/workspace/ros2_ex/install/MAV/lib/MAV/mav4
[14.881s] -- Up-to-date symlink: /home/lee/workspace/ros2_ex/install/MAV/share/MAV/launch/mav_launch.xml
[14.881s] -- Up-to-date symlink: /home/lee/workspace/ros2_ex/install/MAV/share/ament_index/resource_index/package_run_dependencies/MAV
[14.882s] -- Up-to-date symlink: /home/lee/workspace/ros2_ex/install/MAV/share/ament_index/resource_index/parent_prefix_path/MAV
[14.882s] -- Up-to-date symlink: /home/lee/workspace/ros2_ex/install/MAV/share/MAV/environment/ament_prefix_path.sh
[14.882s] -- Up-to-date symlink: /home/lee/workspace/ros2_ex/install/MAV/share/MAV/environment/ament_prefix_path.dsv
[14.882s] -- Up-to-date symlink: /home/lee/workspace/ros2_ex/install/MAV/share/MAV/environment/path.sh
[14.882s] -- Up-to-date symlink: /home/lee/workspace/ros2_ex/install/MAV/share/MAV/environment/path.dsv
[14.882s] -- Up-to-date symlink: /home/lee/workspace/ros2_ex/install/MAV/share/MAV/local_setup.bash
[14.882s] -- Up-to-date symlink: /home/lee/workspace/ros2_ex/install/MAV/share/MAV/local_setup.sh
[14.882s] -- Up-to-date symlink: /home/lee/workspace/ros2_ex/install/MAV/share/MAV/local_setup.zsh
[14.882s] -- Up-to-date symlink: /home/lee/workspace/ros2_ex/install/MAV/share/MAV/local_setup.dsv
[14.882s] -- Symlinking: /home/lee/workspace/ros2_ex/install/MAV/share/MAV/package.dsv
[14.887s] -- Up-to-date symlink: /home/lee/workspace/ros2_ex/install/MAV/share/ament_index/resource_index/packages/MAV
[14.887s] -- Up-to-date symlink: /home/lee/workspace/ros2_ex/install/MAV/share/MAV/cmake/MAVConfig.cmake
[14.887s] -- Up-to-date symlink: /home/lee/workspace/ros2_ex/install/MAV/share/MAV/cmake/MAVConfig-version.cmake
[14.887s] -- Up-to-date symlink: /home/lee/workspace/ros2_ex/install/MAV/share/MAV/package.xml
[14.888s] Invoked command in '/home/lee/workspace/ros2_ex/build/MAV' returned '0': CMAKE_PREFIX_PATH=/home/lee/workspace/ros2_ex/install/px4_msgs:/home/lee/workspace/ros2_ex/install/sensor:/home/lee/workspace/ros2_ex/install/ground:/home/lee/workspace/ros2_ex/install/MAV4:/home/lee/workspace/ros2_ex/install/MAV3:/home/lee/workspace/ros2_ex/install/MAV2:/home/lee/workspace/ros2_ex/install/MAV1:/home/lee/workspace/ros2_ex/install/MAV:/home/lee/workspace/vrpn/vrpn_optitrack/install/vrpn_mocap:/opt/ros/humble /usr/bin/cmake --install /home/lee/workspace/ros2_ex/build/MAV
