[0.007s] Invoking command in '/home/lee/workspace/ros2_ex/build/ground': CMAKE_PREFIX_PATH=/home/lee/workspace/ros2_ex/install/px4_msgs:/home/lee/workspace/vrpn/install/vrpn_mocap:/home/lee/workspace/vrpn/install/mocap_px4_bridge:/home/lee/workspace/vrpn/install/px4_msgs:/home/lee/workspace/vrpn/install/mocap_optitrack:/home/lee/workspace/ros2_ex/install/sensor:/home/lee/workspace/ros2_ex/install/ground:/home/lee/workspace/ros2_ex/install/MAV1:/opt/ros/humble LD_LIBRARY_PATH=/home/lee/workspace/ros2_ex/install/px4_msgs/lib:/home/lee/workspace/vrpn/install/px4_msgs/lib:/opt/ros/humble/opt/rviz_ogre_vendor/lib:/opt/ros/humble/lib/x86_64-linux-gnu:/opt/ros/humble/lib:/home/lee/gazebo_maritime_ws/install/lib:/home/lee/gazebo_maritime_ws/install/lib /usr/bin/cmake --build /home/lee/workspace/ros2_ex/build/ground -- -j32 -l32
[0.033s] [35m[1mConsolidate compiler generated dependencies of target keyboard_node[0m
[0.041s] [ 13%] Built target position_controller
[0.042s] [ 26%] Built target trajectory_generator
[0.042s] [ 40%] Built target gripper_controller
[0.042s] [ 53%] Built target attitude_controller
[0.042s] [ 66%] Built target wrench_mapper
[0.042s] [ 80%] Built target qc_servo
[0.044s] [ 86%] [32mBuilding CXX object CMakeFiles/keyboard_node.dir/node/keyboard_node.cpp.o[0m
[1.146s] [01m[K/home/lee/workspace/ros2_ex/src/ground/node/keyboard_node.cpp:[m[K In constructor ‘[01m[KMAV_State::MAV_State()[m[K’:
[1.146s] [01m[K/home/lee/workspace/ros2_ex/src/ground/node/keyboard_node.cpp:36:132:[m[K [01;31m[Kerror: [m[K‘[01m[KMAV1_CB[m[K’ is not a member of ‘[01m[KMAV_State[m[K’
[1.146s]    36 |         MAV1_ = this->create_subscription<px4_msgs::msg::VehicleStatus>("/MAV1/fmu/out/vehicle_status", qos, std::bind(&MAV_State::[01;31m[KMAV1_CB[m[K, this, std::placeholders::_1));
[1.146s]       |                                                                                                                                    [01;31m[K^~~~~~~[m[K
[1.146s] [01m[K/home/lee/workspace/ros2_ex/src/ground/node/keyboard_node.cpp:37:132:[m[K [01;31m[Kerror: [m[K‘[01m[KMAV2_CB[m[K’ is not a member of ‘[01m[KMAV_State[m[K’
[1.146s]    37 |         MAV2_ = this->create_subscription<px4_msgs::msg::VehicleStatus>("/MAV2/fmu/out/vehicle_status", qos, std::bind(&MAV_State::[01;31m[KMAV2_CB[m[K, this, std::placeholders::_1));
[1.146s]       |                                                                                                                                    [01;31m[K^~~~~~~[m[K
[1.146s] [01m[K/home/lee/workspace/ros2_ex/src/ground/node/keyboard_node.cpp:38:132:[m[K [01;31m[Kerror: [m[K‘[01m[KMAV3_CB[m[K’ is not a member of ‘[01m[KMAV_State[m[K’
[1.147s]    38 |         MAV3_ = this->create_subscription<px4_msgs::msg::VehicleStatus>("/MAV3/fmu/out/vehicle_status", qos, std::bind(&MAV_State::[01;31m[KMAV3_CB[m[K, this, std::placeholders::_1));
[1.147s]       |                                                                                                                                    [01;31m[K^~~~~~~[m[K
[1.147s] [01m[K/home/lee/workspace/ros2_ex/src/ground/node/keyboard_node.cpp:39:132:[m[K [01;31m[Kerror: [m[K‘[01m[KMAV4_CB[m[K’ is not a member of ‘[01m[KMAV_State[m[K’
[1.147s]    39 |         MAV4_ = this->create_subscription<px4_msgs::msg::VehicleStatus>("/MAV4/fmu/out/vehicle_status", qos, std::bind(&MAV_State::[01;31m[KMAV4_CB[m[K, this, std::placeholders::_1));
[1.147s]       |                                                                                                                                    [01;31m[K^~~~~~~[m[K
[1.650s] gmake[2]: *** [CMakeFiles/keyboard_node.dir/build.make:76: CMakeFiles/keyboard_node.dir/node/keyboard_node.cpp.o] Error 1
[1.650s] gmake[1]: *** [CMakeFiles/Makefile2:227: CMakeFiles/keyboard_node.dir/all] Error 2
[1.650s] gmake: *** [Makefile:146: all] Error 2
[1.652s] Invoked command in '/home/lee/workspace/ros2_ex/build/ground' returned '2': CMAKE_PREFIX_PATH=/home/lee/workspace/ros2_ex/install/px4_msgs:/home/lee/workspace/vrpn/install/vrpn_mocap:/home/lee/workspace/vrpn/install/mocap_px4_bridge:/home/lee/workspace/vrpn/install/px4_msgs:/home/lee/workspace/vrpn/install/mocap_optitrack:/home/lee/workspace/ros2_ex/install/sensor:/home/lee/workspace/ros2_ex/install/ground:/home/lee/workspace/ros2_ex/install/MAV1:/opt/ros/humble LD_LIBRARY_PATH=/home/lee/workspace/ros2_ex/install/px4_msgs/lib:/home/lee/workspace/vrpn/install/px4_msgs/lib:/opt/ros/humble/opt/rviz_ogre_vendor/lib:/opt/ros/humble/lib/x86_64-linux-gnu:/opt/ros/humble/lib:/home/lee/gazebo_maritime_ws/install/lib:/home/lee/gazebo_maritime_ws/install/lib /usr/bin/cmake --build /home/lee/workspace/ros2_ex/build/ground -- -j32 -l32
