[35m[1mConsolidate compiler generated dependencies of target MAV1[0m
[ 50%] [32mBuilding CXX object CMakeFiles/MAV1.dir/node/main.cpp.o[0m
[100%] [32m[1mLinking CXX executable MAV1[0m
[100%] Built target MAV1
-- Install configuration: "RelWithDebInfo"
-- Execute custom install script
-- Up-to-date symlink: /home/lee/workspace/ros2_ex/install/MAV1/lib/MAV1/MAV1
-- Up-to-date symlink: /home/lee/workspace/ros2_ex/install/MAV1/share/ament_index/resource_index/package_run_dependencies/MAV1
-- Up-to-date symlink: /home/lee/workspace/ros2_ex/install/MAV1/share/ament_index/resource_index/parent_prefix_path/MAV1
-- Up-to-date symlink: /home/lee/workspace/ros2_ex/install/MAV1/share/MAV1/environment/ament_prefix_path.sh
-- Up-to-date symlink: /home/lee/workspace/ros2_ex/install/MAV1/share/MAV1/environment/ament_prefix_path.dsv
-- Up-to-date symlink: /home/lee/workspace/ros2_ex/install/MAV1/share/MAV1/environment/path.sh
-- Up-to-date symlink: /home/lee/workspace/ros2_ex/install/MAV1/share/MAV1/environment/path.dsv
-- Up-to-date symlink: /home/lee/workspace/ros2_ex/install/MAV1/share/MAV1/local_setup.bash
-- Up-to-date symlink: /home/lee/workspace/ros2_ex/install/MAV1/share/MAV1/local_setup.sh
-- Up-to-date symlink: /home/lee/workspace/ros2_ex/install/MAV1/share/MAV1/local_setup.zsh
-- Up-to-date symlink: /home/lee/workspace/ros2_ex/install/MAV1/share/MAV1/local_setup.dsv
-- Symlinking: /home/lee/workspace/ros2_ex/install/MAV1/share/MAV1/package.dsv
-- Up-to-date symlink: /home/lee/workspace/ros2_ex/install/MAV1/share/ament_index/resource_index/packages/MAV1
-- Up-to-date symlink: /home/lee/workspace/ros2_ex/install/MAV1/share/MAV1/cmake/MAV1Config.cmake
-- Up-to-date symlink: /home/lee/workspace/ros2_ex/install/MAV1/share/MAV1/cmake/MAV1Config-version.cmake
-- Up-to-date symlink: /home/lee/workspace/ros2_ex/install/MAV1/share/MAV1/package.xml
