[0.006s] Invoking command in '/home/lee/workspace/ros2_ex/build/ground': CMAKE_PREFIX_PATH=${CMAKE_PREFIX_PATH}:/opt/ros/humble /usr/bin/cmake --build /home/lee/workspace/ros2_ex/build/ground -- -j32 -l32
[0.033s] [35m[1mConsolidate compiler generated dependencies of target position_controller[0m
[0.040s] [ 33%] Built target attitude_controller
[0.040s] [ 66%] Built target gripper_controller
[0.044s] [ 83%] [32mBuilding CXX object CMakeFiles/position_controller.dir/node/position_controller.cpp.o[0m
[5.312s] [100%] [32m[1mLinking CXX executable position_controller[0m
[5.551s] [100%] Built target position_controller
[5.556s] Invoked command in '/home/lee/workspace/ros2_ex/build/ground' returned '0': CMAKE_PREFIX_PATH=${CMAKE_PREFIX_PATH}:/opt/ros/humble /usr/bin/cmake --build /home/lee/workspace/ros2_ex/build/ground -- -j32 -l32
[5.557s] Invoking command in '/home/lee/workspace/ros2_ex/build/ground': CMAKE_PREFIX_PATH=${CMAKE_PREFIX_PATH}:/opt/ros/humble /usr/bin/cmake --install /home/lee/workspace/ros2_ex/build/ground
[5.562s] -- Install configuration: ""
[5.562s] -- Up-to-date: /home/lee/workspace/ros2_ex/install/ground/lib/ground/attitude_controller
[5.562s] -- Up-to-date: /home/lee/workspace/ros2_ex/install/ground/lib/ground/gripper_controller
[5.562s] -- Installing: /home/lee/workspace/ros2_ex/install/ground/lib/ground/position_controller
[5.564s] -- Set runtime path of "/home/lee/workspace/ros2_ex/install/ground/lib/ground/position_controller" to ""
[5.564s] -- Up-to-date: /home/lee/workspace/ros2_ex/install/ground/share/ament_index/resource_index/package_run_dependencies/ground
[5.565s] -- Up-to-date: /home/lee/workspace/ros2_ex/install/ground/share/ament_index/resource_index/parent_prefix_path/ground
[5.565s] -- Up-to-date: /home/lee/workspace/ros2_ex/install/ground/share/ground/environment/ament_prefix_path.sh
[5.565s] -- Up-to-date: /home/lee/workspace/ros2_ex/install/ground/share/ground/environment/ament_prefix_path.dsv
[5.565s] -- Up-to-date: /home/lee/workspace/ros2_ex/install/ground/share/ground/environment/path.sh
[5.565s] -- Up-to-date: /home/lee/workspace/ros2_ex/install/ground/share/ground/environment/path.dsv
[5.565s] -- Up-to-date: /home/lee/workspace/ros2_ex/install/ground/share/ground/local_setup.bash
[5.565s] -- Up-to-date: /home/lee/workspace/ros2_ex/install/ground/share/ground/local_setup.sh
[5.565s] -- Up-to-date: /home/lee/workspace/ros2_ex/install/ground/share/ground/local_setup.zsh
[5.565s] -- Up-to-date: /home/lee/workspace/ros2_ex/install/ground/share/ground/local_setup.dsv
[5.565s] -- Installing: /home/lee/workspace/ros2_ex/install/ground/share/ground/package.dsv
[5.565s] -- Up-to-date: /home/lee/workspace/ros2_ex/install/ground/share/ament_index/resource_index/packages/ground
[5.565s] -- Up-to-date: /home/lee/workspace/ros2_ex/install/ground/share/ground/cmake/groundConfig.cmake
[5.565s] -- Up-to-date: /home/lee/workspace/ros2_ex/install/ground/share/ground/cmake/groundConfig-version.cmake
[5.565s] -- Up-to-date: /home/lee/workspace/ros2_ex/install/ground/share/ground/package.xml
[5.566s] Invoked command in '/home/lee/workspace/ros2_ex/build/ground' returned '0': CMAKE_PREFIX_PATH=${CMAKE_PREFIX_PATH}:/opt/ros/humble /usr/bin/cmake --install /home/lee/workspace/ros2_ex/build/ground
