[0.001s] Invoking command in '/home/lee/workspace/ros2_ex/build/MAV4': CMAKE_PREFIX_PATH=/home/lee/workspace/ros2_ex/install/px4_msgs:/home/lee/workspace/ros2_ex/install/sensor:/home/lee/workspace/ros2_ex/install/ground:/home/lee/workspace/ros2_ex/install/MAV1:/home/lee/workspace/vrpn/install/vrpn_mocap:/home/lee/workspace/vrpn/install/mocap_px4_bridge:/home/lee/workspace/vrpn/install/px4_msgs:/home/lee/workspace/vrpn/install/mocap_optitrack:/opt/ros/humble /usr/bin/cmake /home/lee/workspace/ros2_ex/src/MAV/MAV4 -DCMAKE_BUILD_TYPE=RelWithDebInfo -DAMENT_CMAKE_SYMLINK_INSTALL=1 -DCMAKE_INSTALL_PREFIX=/home/lee/workspace/ros2_ex/install/MAV4
[0.003s] -- The C compiler identification is GNU 11.4.0
[0.003s] -- The CXX compiler identification is GNU 11.4.0
[0.004s] -- Detecting C compiler ABI info
[0.013s] -- Detecting C compiler ABI info - done
[0.016s] -- Check for working C compiler: /usr/bin/cc - skipped
[0.017s] -- Detecting C compile features
[0.017s] -- Detecting C compile features - done
[0.019s] -- Detecting CXX compiler ABI info
[0.065s] -- Detecting CXX compiler ABI info - done
[0.071s] -- Check for working CXX compiler: /usr/bin/c++ - skipped
[0.071s] -- Detecting CXX compile features
[0.071s] -- Detecting CXX compile features - done
[0.073s] -- Found ament_cmake: 1.3.11 (/opt/ros/humble/share/ament_cmake/cmake)
[0.256s] -- Found Python3: /usr/bin/python3 (found version "3.10.12") found components: Interpreter 
[0.287s] -- Override CMake install command with custom implementation using symlinks instead of copying resources
[0.303s] -- Found rclcpp: 16.0.12 (/opt/ros/humble/share/rclcpp/cmake)
[0.326s] -- Found rosidl_generator_c: 3.1.6 (/opt/ros/humble/share/rosidl_generator_c/cmake)
[0.330s] -- Found rosidl_adapter: 3.1.6 (/opt/ros/humble/share/rosidl_adapter/cmake)
[0.335s] -- Found rosidl_generator_cpp: 3.1.6 (/opt/ros/humble/share/rosidl_generator_cpp/cmake)
[0.341s] -- Using all available rosidl_typesupport_c: rosidl_typesupport_fastrtps_c;rosidl_typesupport_introspection_c
[0.348s] -- Using all available rosidl_typesupport_cpp: rosidl_typesupport_fastrtps_cpp;rosidl_typesupport_introspection_cpp
[0.368s] -- Found rmw_implementation_cmake: 6.1.2 (/opt/ros/humble/share/rmw_implementation_cmake/cmake)
[0.369s] -- Found rmw_fastrtps_cpp: 6.2.7 (/opt/ros/humble/share/rmw_fastrtps_cpp/cmake)
[0.416s] -- Found OpenSSL: /usr/lib/x86_64-linux-gnu/libcrypto.so (found version "3.0.2")  
[0.432s] -- Found FastRTPS: /opt/ros/humble/include  
[0.456s] -- Using RMW implementation 'rmw_fastrtps_cpp' as default
[0.460s] -- Looking for pthread.h
[0.500s] -- Looking for pthread.h - found
[0.501s] -- Performing Test CMAKE_HAVE_LIBC_PTHREAD
[0.542s] -- Performing Test CMAKE_HAVE_LIBC_PTHREAD - Success
[0.543s] -- Found Threads: TRUE  
[0.566s] -- Found geometry_msgs: 4.9.0 (/opt/ros/humble/share/geometry_msgs/cmake)
[0.572s] -- Found nav_msgs: 4.9.0 (/opt/ros/humble/share/nav_msgs/cmake)
[0.579s] -- Found tf2: 0.25.13 (/opt/ros/humble/share/tf2/cmake)
[0.584s] -- Found tf2_ros: 0.25.13 (/opt/ros/humble/share/tf2_ros/cmake)
[0.624s] -- Found px4_msgs: 2.0.1 (/home/lee/workspace/ros2_ex/install/px4_msgs/share/px4_msgs/cmake)
[0.630s] -- Found ament_lint_auto: 0.12.12 (/opt/ros/humble/share/ament_lint_auto/cmake)
[0.658s] WARNING: Package name "MAV4" does not follow the naming conventions. It should start with a lower case letter and only contain lower case letters, digits, underscores, and dashes.
[0.669s] -- Added test 'cppcheck' to perform static code analysis on C / C++ code
[0.669s] -- Configured cppcheck include dirs: 
[0.669s] -- Configured cppcheck exclude dirs and/or files: 
[0.669s] -- Added test 'lint_cmake' to check CMake code style
[0.670s] -- Added test 'uncrustify' to check C / C++ code style
[0.670s] -- Configured uncrustify additional arguments: 
[0.670s] -- Added test 'xmllint' to check XML markup files
[0.670s] -- Configuring done
[0.674s] -- Generating done
[0.677s] -- Build files have been written to: /home/lee/workspace/ros2_ex/build/MAV4
[0.681s] Invoked command in '/home/lee/workspace/ros2_ex/build/MAV4' returned '0': CMAKE_PREFIX_PATH=/home/lee/workspace/ros2_ex/install/px4_msgs:/home/lee/workspace/ros2_ex/install/sensor:/home/lee/workspace/ros2_ex/install/ground:/home/lee/workspace/ros2_ex/install/MAV1:/home/lee/workspace/vrpn/install/vrpn_mocap:/home/lee/workspace/vrpn/install/mocap_px4_bridge:/home/lee/workspace/vrpn/install/px4_msgs:/home/lee/workspace/vrpn/install/mocap_optitrack:/opt/ros/humble /usr/bin/cmake /home/lee/workspace/ros2_ex/src/MAV/MAV4 -DCMAKE_BUILD_TYPE=RelWithDebInfo -DAMENT_CMAKE_SYMLINK_INSTALL=1 -DCMAKE_INSTALL_PREFIX=/home/lee/workspace/ros2_ex/install/MAV4
[0.682s] Invoking command in '/home/lee/workspace/ros2_ex/build/MAV4': CMAKE_PREFIX_PATH=/home/lee/workspace/ros2_ex/install/px4_msgs:/home/lee/workspace/ros2_ex/install/sensor:/home/lee/workspace/ros2_ex/install/ground:/home/lee/workspace/ros2_ex/install/MAV1:/home/lee/workspace/vrpn/install/vrpn_mocap:/home/lee/workspace/vrpn/install/mocap_px4_bridge:/home/lee/workspace/vrpn/install/px4_msgs:/home/lee/workspace/vrpn/install/mocap_optitrack:/opt/ros/humble /usr/bin/cmake --build /home/lee/workspace/ros2_ex/build/MAV4 -- -j32 -l32
[0.709s] [ 50%] [32mBuilding CXX object CMakeFiles/MAV4.dir/node/main.cpp.o[0m
[14.854s] [100%] [32m[1mLinking CXX executable MAV4[0m
[15.091s] [100%] Built target MAV4
[15.097s] Invoked command in '/home/lee/workspace/ros2_ex/build/MAV4' returned '0': CMAKE_PREFIX_PATH=/home/lee/workspace/ros2_ex/install/px4_msgs:/home/lee/workspace/ros2_ex/install/sensor:/home/lee/workspace/ros2_ex/install/ground:/home/lee/workspace/ros2_ex/install/MAV1:/home/lee/workspace/vrpn/install/vrpn_mocap:/home/lee/workspace/vrpn/install/mocap_px4_bridge:/home/lee/workspace/vrpn/install/px4_msgs:/home/lee/workspace/vrpn/install/mocap_optitrack:/opt/ros/humble /usr/bin/cmake --build /home/lee/workspace/ros2_ex/build/MAV4 -- -j32 -l32
[15.098s] Invoking command in '/home/lee/workspace/ros2_ex/build/MAV4': CMAKE_PREFIX_PATH=/home/lee/workspace/ros2_ex/install/px4_msgs:/home/lee/workspace/ros2_ex/install/sensor:/home/lee/workspace/ros2_ex/install/ground:/home/lee/workspace/ros2_ex/install/MAV1:/home/lee/workspace/vrpn/install/vrpn_mocap:/home/lee/workspace/vrpn/install/mocap_px4_bridge:/home/lee/workspace/vrpn/install/px4_msgs:/home/lee/workspace/vrpn/install/mocap_optitrack:/opt/ros/humble /usr/bin/cmake --install /home/lee/workspace/ros2_ex/build/MAV4
[15.103s] -- Install configuration: "RelWithDebInfo"
[15.103s] -- Execute custom install script
[15.104s] -- Symlinking: /home/lee/workspace/ros2_ex/install/MAV4/lib/MAV4/MAV4
[15.109s] -- Symlinking: /home/lee/workspace/ros2_ex/install/MAV4/share/ament_index/resource_index/package_run_dependencies/MAV4
[15.113s] -- Symlinking: /home/lee/workspace/ros2_ex/install/MAV4/share/ament_index/resource_index/parent_prefix_path/MAV4
[15.118s] -- Symlinking: /home/lee/workspace/ros2_ex/install/MAV4/share/MAV4/environment/ament_prefix_path.sh
[15.123s] -- Symlinking: /home/lee/workspace/ros2_ex/install/MAV4/share/MAV4/environment/ament_prefix_path.dsv
[15.129s] -- Symlinking: /home/lee/workspace/ros2_ex/install/MAV4/share/MAV4/environment/path.sh
[15.133s] -- Symlinking: /home/lee/workspace/ros2_ex/install/MAV4/share/MAV4/environment/path.dsv
[15.137s] -- Symlinking: /home/lee/workspace/ros2_ex/install/MAV4/share/MAV4/local_setup.bash
[15.141s] -- Symlinking: /home/lee/workspace/ros2_ex/install/MAV4/share/MAV4/local_setup.sh
[15.145s] -- Symlinking: /home/lee/workspace/ros2_ex/install/MAV4/share/MAV4/local_setup.zsh
[15.150s] -- Symlinking: /home/lee/workspace/ros2_ex/install/MAV4/share/MAV4/local_setup.dsv
[15.155s] -- Symlinking: /home/lee/workspace/ros2_ex/install/MAV4/share/MAV4/package.dsv
[15.160s] -- Symlinking: /home/lee/workspace/ros2_ex/install/MAV4/share/ament_index/resource_index/packages/MAV4
[15.165s] -- Symlinking: /home/lee/workspace/ros2_ex/install/MAV4/share/MAV4/cmake/MAV4Config.cmake
[15.171s] -- Symlinking: /home/lee/workspace/ros2_ex/install/MAV4/share/MAV4/cmake/MAV4Config-version.cmake
[15.175s] -- Symlinking: /home/lee/workspace/ros2_ex/install/MAV4/share/MAV4/package.xml
[15.181s] Invoked command in '/home/lee/workspace/ros2_ex/build/MAV4' returned '0': CMAKE_PREFIX_PATH=/home/lee/workspace/ros2_ex/install/px4_msgs:/home/lee/workspace/ros2_ex/install/sensor:/home/lee/workspace/ros2_ex/install/ground:/home/lee/workspace/ros2_ex/install/MAV1:/home/lee/workspace/vrpn/install/vrpn_mocap:/home/lee/workspace/vrpn/install/mocap_px4_bridge:/home/lee/workspace/vrpn/install/px4_msgs:/home/lee/workspace/vrpn/install/mocap_optitrack:/opt/ros/humble /usr/bin/cmake --install /home/lee/workspace/ros2_ex/build/MAV4
