-- Found ament_cmake: 1.3.11 (/opt/ros/humble/share/ament_cmake/cmake)
-- Override CMake install command with custom implementation using symlinks instead of copying resources
-- Found rclcpp: 16.0.12 (/opt/ros/humble/share/rclcpp/cmake)
-- Found rosidl_generator_c: 3.1.6 (/opt/ros/humble/share/rosidl_generator_c/cmake)
-- Found rosidl_adapter: 3.1.6 (/opt/ros/humble/share/rosidl_adapter/cmake)
-- Found rosidl_generator_cpp: 3.1.6 (/opt/ros/humble/share/rosidl_generator_cpp/cmake)
-- Using all available rosidl_typesupport_c: rosidl_typesupport_fastrtps_c;rosidl_typesupport_introspection_c
-- Using all available rosidl_typesupport_cpp: rosidl_typesupport_fastrtps_cpp;rosidl_typesupport_introspection_cpp
-- Found rmw_implementation_cmake: 6.1.2 (/opt/ros/humble/share/rmw_implementation_cmake/cmake)
-- Found rmw_fastrtps_cpp: 6.2.7 (/opt/ros/humble/share/rmw_fastrtps_cpp/cmake)
-- Using RMW implementation 'rmw_fastrtps_cpp' as default
-- Found geometry_msgs: 4.8.0 (/opt/ros/humble/share/geometry_msgs/cmake)
-- Found nav_msgs: 4.8.0 (/opt/ros/humble/share/nav_msgs/cmake)
-- Found tf2: 0.25.12 (/opt/ros/humble/share/tf2/cmake)
-- Found tf2_ros: 0.25.12 (/opt/ros/humble/share/tf2_ros/cmake)
-- Found ament_lint_auto: 0.12.12 (/opt/ros/humble/share/ament_lint_auto/cmake)
-- Added test 'cppcheck' to perform static code analysis on C / C++ code
-- Configured cppcheck include dirs: 
-- Configured cppcheck exclude dirs and/or files: 
-- Added test 'lint_cmake' to check CMake code style
-- Added test 'uncrustify' to check C / C++ code style
-- Configured uncrustify additional arguments: 
-- Added test 'xmllint' to check XML markup files
-- Configuring done
-- Generating done
-- Build files have been written to: /home/lee/workspace/ros2_ex/build/ground
[35m[1mConsolidate compiler generated dependencies of target gripper_controller[0m
[35m[1mConsolidate compiler generated dependencies of target wrench_mapper[0m
[35m[1mConsolidate compiler generated dependencies of target qc_servo[0m
[35m[1mConsolidate compiler generated dependencies of target attitude_controller[0m
[35m[1mConsolidate compiler generated dependencies of target position_controller[0m
[ 20%] Built target gripper_controller
[ 40%] Built target attitude_controller
[ 60%] Built target qc_servo
[ 80%] Built target position_controller
[ 90%] [32mBuilding CXX object CMakeFiles/wrench_mapper.dir/node/wrench_mapper.cpp.o[0m
[01m[K/home/lee/workspace/ros2_ex/src/ground/node/wrench_mapper.cpp:6:12:[m[K [01;31m[Kerror: [m[Kexpected unqualified-id before numeric constant
    6 | #define lw [01;31m[K0.8[m[K // units: meter
      |            [01;31m[K^~~[m[K
[01m[K/home/lee/workspace/ros2_ex/src/ground/node/wrench_mapper.cpp:6:12:[m[K [01;36m[Knote: [m[Kin definition of macro ‘[01m[Klw[m[K’
    6 | #define lw [01;36m[K0.8[m[K // units: meter
      |            [01;36m[K^~~[m[K
gmake[2]: *** [CMakeFiles/wrench_mapper.dir/build.make:76: CMakeFiles/wrench_mapper.dir/node/wrench_mapper.cpp.o] Error 1
gmake[1]: *** [CMakeFiles/Makefile2:249: CMakeFiles/wrench_mapper.dir/all] Error 2
gmake: *** [Makefile:146: all] Error 2
