[0.006s] Invoking command in '/home/lee/workspace/ros2_ex/build/ground': CMAKE_PREFIX_PATH=/opt/ros/humble /usr/bin/cmake --build /home/lee/workspace/ros2_ex/build/ground -- -j32 -l32
[0.019s] -- Found ament_cmake: 1.3.11 (/opt/ros/humble/share/ament_cmake/cmake)
[0.075s] -- Override CMake install command with custom implementation using symlinks instead of copying resources
[0.078s] -- Found rclcpp: 16.0.12 (/opt/ros/humble/share/rclcpp/cmake)
[0.091s] -- Found rosidl_generator_c: 3.1.6 (/opt/ros/humble/share/rosidl_generator_c/cmake)
[0.092s] -- Found rosidl_adapter: 3.1.6 (/opt/ros/humble/share/rosidl_adapter/cmake)
[0.094s] -- Found rosidl_generator_cpp: 3.1.6 (/opt/ros/humble/share/rosidl_generator_cpp/cmake)
[0.098s] -- Using all available rosidl_typesupport_c: rosidl_typesupport_fastrtps_c;rosidl_typesupport_introspection_c
[0.103s] -- Using all available rosidl_typesupport_cpp: rosidl_typesupport_fastrtps_cpp;rosidl_typesupport_introspection_cpp
[0.117s] -- Found rmw_implementation_cmake: 6.1.2 (/opt/ros/humble/share/rmw_implementation_cmake/cmake)
[0.117s] -- Found rmw_fastrtps_cpp: 6.2.7 (/opt/ros/humble/share/rmw_fastrtps_cpp/cmake)
[0.173s] -- Using RMW implementation 'rmw_fastrtps_cpp' as default
[0.194s] -- Found geometry_msgs: 4.8.0 (/opt/ros/humble/share/geometry_msgs/cmake)
[0.200s] -- Found nav_msgs: 4.8.0 (/opt/ros/humble/share/nav_msgs/cmake)
[0.206s] -- Found tf2: 0.25.12 (/opt/ros/humble/share/tf2/cmake)
[0.208s] -- Found tf2_ros: 0.25.12 (/opt/ros/humble/share/tf2_ros/cmake)
[0.242s] -- Found ament_lint_auto: 0.12.12 (/opt/ros/humble/share/ament_lint_auto/cmake)
[0.272s] -- Added test 'cppcheck' to perform static code analysis on C / C++ code
[0.272s] -- Configured cppcheck include dirs: 
[0.272s] -- Configured cppcheck exclude dirs and/or files: 
[0.272s] -- Added test 'lint_cmake' to check CMake code style
[0.273s] -- Added test 'uncrustify' to check C / C++ code style
[0.273s] -- Configured uncrustify additional arguments: 
[0.273s] -- Added test 'xmllint' to check XML markup files
[0.273s] -- Configuring done
[0.281s] -- Generating done
[0.285s] -- Build files have been written to: /home/lee/workspace/ros2_ex/build/ground
[0.301s] [35m[1mConsolidate compiler generated dependencies of target gripper_controller[0m
[0.301s] [35m[1mConsolidate compiler generated dependencies of target wrench_mapper[0m
[0.302s] [35m[1mConsolidate compiler generated dependencies of target qc_servo[0m
[0.302s] [35m[1mConsolidate compiler generated dependencies of target attitude_controller[0m
[0.302s] [35m[1mConsolidate compiler generated dependencies of target position_controller[0m
[0.314s] [ 20%] Built target gripper_controller
[0.314s] [ 40%] Built target attitude_controller
[0.314s] [ 60%] Built target qc_servo
[0.315s] [ 80%] Built target position_controller
[0.315s] [ 90%] [32mBuilding CXX object CMakeFiles/wrench_mapper.dir/node/wrench_mapper.cpp.o[0m
[1.690s] [01m[K/home/lee/workspace/ros2_ex/src/ground/node/wrench_mapper.cpp:6:12:[m[K [01;31m[Kerror: [m[Kexpected unqualified-id before numeric constant
[1.690s]     6 | #define lw [01;31m[K0.8[m[K // units: meter
[1.690s]       |            [01;31m[K^~~[m[K
[1.690s] [01m[K/home/lee/workspace/ros2_ex/src/ground/node/wrench_mapper.cpp:6:12:[m[K [01;36m[Knote: [m[Kin definition of macro ‘[01m[Klw[m[K’
[1.690s]     6 | #define lw [01;36m[K0.8[m[K // units: meter
[1.691s]       |            [01;36m[K^~~[m[K
[4.153s] gmake[2]: *** [CMakeFiles/wrench_mapper.dir/build.make:76: CMakeFiles/wrench_mapper.dir/node/wrench_mapper.cpp.o] Error 1
[4.153s] gmake[1]: *** [CMakeFiles/Makefile2:249: CMakeFiles/wrench_mapper.dir/all] Error 2
[4.154s] gmake: *** [Makefile:146: all] Error 2
[4.155s] Invoked command in '/home/lee/workspace/ros2_ex/build/ground' returned '2': CMAKE_PREFIX_PATH=/opt/ros/humble /usr/bin/cmake --build /home/lee/workspace/ros2_ex/build/ground -- -j32 -l32
