-- Found ament_cmake: 1.3.11 (/opt/ros/humble/share/ament_cmake/cmake)
-- Override CMake install command with custom implementation using symlinks instead of copying resources
-- Found rclcpp: 16.0.12 (/opt/ros/humble/share/rclcpp/cmake)
-- Found rosidl_generator_c: 3.1.6 (/opt/ros/humble/share/rosidl_generator_c/cmake)
-- Found rosidl_adapter: 3.1.6 (/opt/ros/humble/share/rosidl_adapter/cmake)
-- Found rosidl_generator_cpp: 3.1.6 (/opt/ros/humble/share/rosidl_generator_cpp/cmake)
-- Using all available rosidl_typesupport_c: rosidl_typesupport_fastrtps_c;rosidl_typesupport_introspection_c
-- Using all available rosidl_typesupport_cpp: rosidl_typesupport_fastrtps_cpp;rosidl_typesupport_introspection_cpp
-- Found rmw_implementation_cmake: 6.1.2 (/opt/ros/humble/share/rmw_implementation_cmake/cmake)
-- Found rmw_fastrtps_cpp: 6.2.7 (/opt/ros/humble/share/rmw_fastrtps_cpp/cmake)
-- Using RMW implementation 'rmw_fastrtps_cpp' as default
-- Found geometry_msgs: 4.9.0 (/opt/ros/humble/share/geometry_msgs/cmake)
-- Found nav_msgs: 4.9.0 (/opt/ros/humble/share/nav_msgs/cmake)
-- Found tf2: 0.25.13 (/opt/ros/humble/share/tf2/cmake)
-- Found tf2_ros: 0.25.13 (/opt/ros/humble/share/tf2_ros/cmake)
-- Found px4_msgs: 2.0.1 (/home/lee/workspace/ros2_ex/install/px4_msgs/share/px4_msgs/cmake)
-- Found ament_lint_auto: 0.12.12 (/opt/ros/humble/share/ament_lint_auto/cmake)
-- Added test 'cppcheck' to perform static code analysis on C / C++ code
-- Configured cppcheck include dirs: /home/lee/workspace/ros2_ex/src/ground/include;$<BUILD_INTERFACE:/home/lee/workspace/ros2_ex/src/ground/include>
-- Configured cppcheck exclude dirs and/or files: 
-- Added test 'lint_cmake' to check CMake code style
-- Added test 'uncrustify' to check C / C++ code style
-- Configured uncrustify additional arguments: 
-- Added test 'xmllint' to check XML markup files
-- Configuring done
-- Generating done
-- Build files have been written to: /home/lee/workspace/ros2_ex/build/ground
[35m[1mConsolidate compiler generated dependencies of target gripper_controller[0m
[35m[1mConsolidate compiler generated dependencies of target keyboard_node[0m
[35m[1mConsolidate compiler generated dependencies of target trajectory_generator[0m
[35m[1mConsolidate compiler generated dependencies of target attitude_controller[0m
[35m[1mConsolidate compiler generated dependencies of target position_controller[0m
[35m[1mConsolidate compiler generated dependencies of target qc_servo[0m
[35m[1mConsolidate compiler generated dependencies of target wrench_mapper[0m
[ 13%] Built target trajectory_generator
[ 26%] Built target wrench_mapper
[ 33%] [32mBuilding CXX object CMakeFiles/keyboard_node.dir/node/keyboard_node.cpp.o[0m
[ 46%] Built target gripper_controller
[ 60%] Built target qc_servo
[ 73%] Built target attitude_controller
[ 86%] Built target position_controller
[01m[K/home/lee/workspace/ros2_ex/src/ground/node/keyboard_node.cpp:[m[K In function ‘[01m[Kint main(int, char**)[m[K’:
[01m[K/home/lee/workspace/ros2_ex/src/ground/node/keyboard_node.cpp:89:9:[m[K [01;35m[Kwarning: [m[Kvariable ‘[01m[Kc_prev[m[K’ set but not used [[01;35m[K]8;;https://gcc.gnu.org/onlinedocs/gcc/Warning-Options.html#index-Wunused-but-set-variable-Wunused-but-set-variable]8;;[m[K]
   89 |     int [01;35m[Kc_prev[m[K = EOF;
      |         [01;35m[K^~~~~~[m[K
[ 93%] [32m[1mLinking CXX executable keyboard_node[0m
/usr/bin/ld: CMakeFiles/keyboard_node.dir/node/keyboard_node.cpp.o: in function `std::_Bind<void (MAV_State::*(MAV_State*, std::_Placeholder<1>))(std::shared_ptr<px4_msgs::msg::VehicleStatus_<std::allocator<void> > >)>::_Bind<MAV_State*, std::_Placeholder<1> const&>(void (MAV_State::*&&)(std::shared_ptr<px4_msgs::msg::VehicleStatus_<std::allocator<void> > >), MAV_State*&&, std::_Placeholder<1> const&)':
/usr/include/c++/11/functional:490: undefined reference to `MAV_State::MAV1_CB(std::shared_ptr<px4_msgs::msg::VehicleStatus_<std::allocator<void> > >)'
/usr/bin/ld: /usr/include/c++/11/functional:490: undefined reference to `MAV_State::MAV2_CB(std::shared_ptr<px4_msgs::msg::VehicleStatus_<std::allocator<void> > >)'
/usr/bin/ld: /usr/include/c++/11/functional:490: undefined reference to `MAV_State::MAV3_CB(std::shared_ptr<px4_msgs::msg::VehicleStatus_<std::allocator<void> > >)'
/usr/bin/ld: /usr/include/c++/11/functional:490: undefined reference to `MAV_State::MAV4_CB(std::shared_ptr<px4_msgs::msg::VehicleStatus_<std::allocator<void> > >)'
collect2: error: ld returned 1 exit status
gmake[2]: *** [CMakeFiles/keyboard_node.dir/build.make:185: keyboard_node] Error 1
gmake[1]: *** [CMakeFiles/Makefile2:227: CMakeFiles/keyboard_node.dir/all] Error 2
gmake: *** [Makefile:146: all] Error 2
