[0.006s] Invoking command in '/home/lee/workspace/ros2_ex/build/ground': CMAKE_PREFIX_PATH=/home/lee/workspace/ros2_ex/install/px4_msgs:/home/lee/workspace/ros2_ex/install/sensor:/home/lee/workspace/ros2_ex/install/ground:/opt/ros/humble /usr/bin/cmake --build /home/lee/workspace/ros2_ex/build/ground -- -j32 -l32
[0.037s] [ 13%] Built target trajectory_generator
[0.039s] [ 26%] Built target qc_servo
[0.039s] [ 40%] Built target gripper_controller
[0.039s] [ 60%] Built target keyboard_node
[0.040s] [ 73%] Built target attitude_controller
[0.040s] [ 86%] Built target position_controller
[0.040s] [100%] Built target wrench_mapper
[0.045s] Invoked command in '/home/lee/workspace/ros2_ex/build/ground' returned '0': CMAKE_PREFIX_PATH=/home/lee/workspace/ros2_ex/install/px4_msgs:/home/lee/workspace/ros2_ex/install/sensor:/home/lee/workspace/ros2_ex/install/ground:/opt/ros/humble /usr/bin/cmake --build /home/lee/workspace/ros2_ex/build/ground -- -j32 -l32
[0.046s] Invoking command in '/home/lee/workspace/ros2_ex/build/ground': CMAKE_PREFIX_PATH=/home/lee/workspace/ros2_ex/install/px4_msgs:/home/lee/workspace/ros2_ex/install/sensor:/home/lee/workspace/ros2_ex/install/ground:/opt/ros/humble /usr/bin/cmake --install /home/lee/workspace/ros2_ex/build/ground
[0.051s] -- Install configuration: "RelWithDebInfo"
[0.051s] -- Execute custom install script
[0.051s] -- Up-to-date symlink: /home/lee/workspace/ros2_ex/install/ground/lib/ground/keyboard_node
[0.051s] -- Up-to-date symlink: /home/lee/workspace/ros2_ex/install/ground/lib/ground/attitude_controller
[0.052s] -- Up-to-date symlink: /home/lee/workspace/ros2_ex/install/ground/lib/ground/gripper_controller
[0.052s] -- Up-to-date symlink: /home/lee/workspace/ros2_ex/install/ground/lib/ground/position_controller
[0.052s] -- Up-to-date symlink: /home/lee/workspace/ros2_ex/install/ground/lib/ground/qc_servo
[0.052s] -- Up-to-date symlink: /home/lee/workspace/ros2_ex/install/ground/lib/ground/wrench_mapper
[0.052s] -- Up-to-date symlink: /home/lee/workspace/ros2_ex/install/ground/lib/ground/trajectory_generator
[0.052s] -- Up-to-date symlink: /home/lee/workspace/ros2_ex/install/ground/share/ground/launch/keyboard_launch.xml
[0.052s] -- Up-to-date symlink: /home/lee/workspace/ros2_ex/install/ground/share/ament_index/resource_index/package_run_dependencies/ground
[0.052s] -- Up-to-date symlink: /home/lee/workspace/ros2_ex/install/ground/share/ament_index/resource_index/parent_prefix_path/ground
[0.052s] -- Up-to-date symlink: /home/lee/workspace/ros2_ex/install/ground/share/ground/environment/ament_prefix_path.sh
[0.052s] -- Up-to-date symlink: /home/lee/workspace/ros2_ex/install/ground/share/ground/environment/ament_prefix_path.dsv
[0.052s] -- Up-to-date symlink: /home/lee/workspace/ros2_ex/install/ground/share/ground/environment/path.sh
[0.052s] -- Up-to-date symlink: /home/lee/workspace/ros2_ex/install/ground/share/ground/environment/path.dsv
[0.052s] -- Up-to-date symlink: /home/lee/workspace/ros2_ex/install/ground/share/ground/local_setup.bash
[0.052s] -- Up-to-date symlink: /home/lee/workspace/ros2_ex/install/ground/share/ground/local_setup.sh
[0.053s] -- Up-to-date symlink: /home/lee/workspace/ros2_ex/install/ground/share/ground/local_setup.zsh
[0.053s] -- Up-to-date symlink: /home/lee/workspace/ros2_ex/install/ground/share/ground/local_setup.dsv
[0.053s] -- Symlinking: /home/lee/workspace/ros2_ex/install/ground/share/ground/package.dsv
[0.058s] -- Up-to-date symlink: /home/lee/workspace/ros2_ex/install/ground/share/ament_index/resource_index/packages/ground
[0.058s] -- Up-to-date symlink: /home/lee/workspace/ros2_ex/install/ground/share/ground/cmake/groundConfig.cmake
[0.058s] -- Up-to-date symlink: /home/lee/workspace/ros2_ex/install/ground/share/ground/cmake/groundConfig-version.cmake
[0.058s] -- Up-to-date symlink: /home/lee/workspace/ros2_ex/install/ground/share/ground/package.xml
[0.059s] Invoked command in '/home/lee/workspace/ros2_ex/build/ground' returned '0': CMAKE_PREFIX_PATH=/home/lee/workspace/ros2_ex/install/px4_msgs:/home/lee/workspace/ros2_ex/install/sensor:/home/lee/workspace/ros2_ex/install/ground:/opt/ros/humble /usr/bin/cmake --install /home/lee/workspace/ros2_ex/build/ground
