[0.006s] Invoking command in '/home/lee/workspace/ros2_ex/build/ground': CMAKE_PREFIX_PATH=/home/lee/workspace/ros2_ex/install/px4_msgs:/home/lee/workspace/ros2_ex/install/sensor:/home/lee/workspace/ros2_ex/install/ground:/home/lee/workspace/ros2_ex/install/MAV1:/opt/ros/humble /usr/bin/cmake --build /home/lee/workspace/ros2_ex/build/ground -- -j32 -l32
[0.038s] [ 13%] Built target gripper_controller
[0.039s] [ 26%] [32mBuilding CXX object CMakeFiles/keyboard_node.dir/node/keyboard_node.cpp.o[0m
[0.039s] [ 33%] Built target position_controller
[0.039s] [ 46%] Built target trajectory_generator
[0.039s] [ 60%] Built target qc_servo
[0.040s] [ 73%] Built target attitude_controller
[0.040s] [ 86%] Built target wrench_mapper
[1.083s] [01m[K/home/lee/workspace/ros2_ex/src/ground/node/keyboard_node.cpp:[m[K In function ‘[01m[Kint main(int, char**)[m[K’:
[1.083s] [01m[K/home/lee/workspace/ros2_ex/src/ground/node/keyboard_node.cpp:108:9:[m[K [01;35m[Kwarning: [m[Kvariable ‘[01m[Kc_prev[m[K’ set but not used [[01;35m[K]8;;https://gcc.gnu.org/onlinedocs/gcc/Warning-Options.html#index-Wunused-but-set-variable-Wunused-but-set-variable]8;;[m[K]
[1.083s]   108 |     int [01;35m[Kc_prev[m[K = EOF;
[1.083s]       |         [01;35m[K^~~~~~[m[K
[6.601s] [ 93%] [32m[1mLinking CXX executable keyboard_node[0m
[6.733s] [100%] Built target keyboard_node
[6.740s] Invoked command in '/home/lee/workspace/ros2_ex/build/ground' returned '0': CMAKE_PREFIX_PATH=/home/lee/workspace/ros2_ex/install/px4_msgs:/home/lee/workspace/ros2_ex/install/sensor:/home/lee/workspace/ros2_ex/install/ground:/home/lee/workspace/ros2_ex/install/MAV1:/opt/ros/humble /usr/bin/cmake --build /home/lee/workspace/ros2_ex/build/ground -- -j32 -l32
[6.741s] Invoking command in '/home/lee/workspace/ros2_ex/build/ground': CMAKE_PREFIX_PATH=/home/lee/workspace/ros2_ex/install/px4_msgs:/home/lee/workspace/ros2_ex/install/sensor:/home/lee/workspace/ros2_ex/install/ground:/home/lee/workspace/ros2_ex/install/MAV1:/opt/ros/humble /usr/bin/cmake --install /home/lee/workspace/ros2_ex/build/ground
[6.745s] -- Install configuration: "RelWithDebInfo"
[6.745s] -- Execute custom install script
[6.746s] -- Up-to-date symlink: /home/lee/workspace/ros2_ex/install/ground/lib/ground/keyboard_node
[6.746s] -- Up-to-date symlink: /home/lee/workspace/ros2_ex/install/ground/lib/ground/attitude_controller
[6.746s] -- Up-to-date symlink: /home/lee/workspace/ros2_ex/install/ground/lib/ground/gripper_controller
[6.747s] -- Up-to-date symlink: /home/lee/workspace/ros2_ex/install/ground/lib/ground/position_controller
[6.747s] -- Up-to-date symlink: /home/lee/workspace/ros2_ex/install/ground/lib/ground/qc_servo
[6.747s] -- Up-to-date symlink: /home/lee/workspace/ros2_ex/install/ground/lib/ground/wrench_mapper
[6.747s] -- Up-to-date symlink: /home/lee/workspace/ros2_ex/install/ground/lib/ground/trajectory_generator
[6.747s] -- Up-to-date symlink: /home/lee/workspace/ros2_ex/install/ground/share/ground/launch/keyboard_launch.xml
[6.747s] -- Up-to-date symlink: /home/lee/workspace/ros2_ex/install/ground/share/ament_index/resource_index/package_run_dependencies/ground
[6.747s] -- Up-to-date symlink: /home/lee/workspace/ros2_ex/install/ground/share/ament_index/resource_index/parent_prefix_path/ground
[6.747s] -- Up-to-date symlink: /home/lee/workspace/ros2_ex/install/ground/share/ground/environment/ament_prefix_path.sh
[6.747s] -- Up-to-date symlink: /home/lee/workspace/ros2_ex/install/ground/share/ground/environment/ament_prefix_path.dsv
[6.747s] -- Up-to-date symlink: /home/lee/workspace/ros2_ex/install/ground/share/ground/environment/path.sh
[6.747s] -- Up-to-date symlink: /home/lee/workspace/ros2_ex/install/ground/share/ground/environment/path.dsv
[6.748s] -- Up-to-date symlink: /home/lee/workspace/ros2_ex/install/ground/share/ground/local_setup.bash
[6.748s] -- Up-to-date symlink: /home/lee/workspace/ros2_ex/install/ground/share/ground/local_setup.sh
[6.748s] -- Up-to-date symlink: /home/lee/workspace/ros2_ex/install/ground/share/ground/local_setup.zsh
[6.748s] -- Up-to-date symlink: /home/lee/workspace/ros2_ex/install/ground/share/ground/local_setup.dsv
[6.748s] -- Symlinking: /home/lee/workspace/ros2_ex/install/ground/share/ground/package.dsv
[6.752s] -- Up-to-date symlink: /home/lee/workspace/ros2_ex/install/ground/share/ament_index/resource_index/packages/ground
[6.752s] -- Up-to-date symlink: /home/lee/workspace/ros2_ex/install/ground/share/ground/cmake/groundConfig.cmake
[6.752s] -- Up-to-date symlink: /home/lee/workspace/ros2_ex/install/ground/share/ground/cmake/groundConfig-version.cmake
[6.752s] -- Up-to-date symlink: /home/lee/workspace/ros2_ex/install/ground/share/ground/package.xml
[6.753s] Invoked command in '/home/lee/workspace/ros2_ex/build/ground' returned '0': CMAKE_PREFIX_PATH=/home/lee/workspace/ros2_ex/install/px4_msgs:/home/lee/workspace/ros2_ex/install/sensor:/home/lee/workspace/ros2_ex/install/ground:/home/lee/workspace/ros2_ex/install/MAV1:/opt/ros/humble /usr/bin/cmake --install /home/lee/workspace/ros2_ex/build/ground
