[0.000s] Invoking command in '/home/lee/workspace/ros2_ex/build/MAV1': CMAKE_PREFIX_PATH=/home/lee/workspace/ros2_ex/install/px4_msgs:/home/lee/workspace/ros2_ex/install/sensor:/home/lee/workspace/ros2_ex/install/ground:/home/lee/workspace/ros2_ex/install/MAV1:/home/lee/workspace/vrpn/install/vrpn_mocap:/home/lee/workspace/vrpn/install/mocap_px4_bridge:/home/lee/workspace/vrpn/install/px4_msgs:/home/lee/workspace/vrpn/install/mocap_optitrack:/opt/ros/humble /usr/bin/cmake --build /home/lee/workspace/ros2_ex/build/MAV1 -- -j32 -l32
[0.001s] [35m[1mConsolidate compiler generated dependencies of target MAV1[0m
[0.001s] [ 50%] [32mBuilding CXX object CMakeFiles/MAV1.dir/node/main.cpp.o[0m
[1.349s] [01m[K/home/lee/workspace/ros2_ex/src/MAV/MAV1/node/main.cpp:[m[K In member function ‘[01m[Kvoid MAVControl_Node::publish_vehicle_command(uint16_t, float, float)[m[K’:
[1.349s] [01m[K/home/lee/workspace/ros2_ex/src/MAV/MAV1/node/main.cpp:173:9:[m[K [01;31m[Kerror: [m[K‘[01m[KVehicleCommand[m[K’ was not declared in this scope
[1.349s]   173 |         [01;31m[KVehicleCommand[m[K msg{};
[1.349s]       |         [01;31m[K^~~~~~~~~~~~~~[m[K
[1.349s] [01m[K/home/lee/workspace/ros2_ex/src/MAV/MAV1/node/main.cpp:173:9:[m[K [01;36m[Knote: [m[Ksuggested alternatives:
[1.349s] In file included from [01m[K/home/lee/workspace/ros2_ex/install/px4_msgs/include/px4_msgs/px4_msgs/srv/detail/vehicle_command__struct.hpp:20[m[K,
[1.349s]                  from [01m[K/home/lee/workspace/ros2_ex/install/px4_msgs/include/px4_msgs/px4_msgs/srv/vehicle_command.hpp:7[m[K,
[1.350s]                  from [01m[K/home/lee/workspace/ros2_ex/src/MAV/MAV1/node/main.cpp:9[m[K:
[1.350s] [01m[K/home/lee/workspace/ros2_ex/install/px4_msgs/include/px4_msgs/px4_msgs/msg/detail/vehicle_command__struct.hpp:632:7:[m[K [01;36m[Knote: [m[K  ‘[01m[Kpx4_msgs::msg::VehicleCommand[m[K’
[1.350s]   632 | using [01;36m[KVehicleCommand[m[K =
[1.350s]       |       [01;36m[K^~~~~~~~~~~~~~[m[K
[1.350s] In file included from [01m[K/home/lee/workspace/ros2_ex/install/px4_msgs/include/px4_msgs/px4_msgs/srv/vehicle_command.hpp:7[m[K,
[1.350s]                  from [01m[K/home/lee/workspace/ros2_ex/src/MAV/MAV1/node/main.cpp:9[m[K:
[1.350s] [01m[K/home/lee/workspace/ros2_ex/install/px4_msgs/include/px4_msgs/px4_msgs/srv/detail/vehicle_command__struct.hpp:245:8:[m[K [01;36m[Knote: [m[K  ‘[01m[Kpx4_msgs::srv::VehicleCommand[m[K’
[1.350s]   245 | struct [01;36m[KVehicleCommand[m[K
[1.350s]       |        [01;36m[K^~~~~~~~~~~~~~[m[K
[1.350s] [01m[K/home/lee/workspace/ros2_ex/src/MAV/MAV1/node/main.cpp:174:9:[m[K [01;31m[Kerror: [m[K‘[01m[Kmsg[m[K’ was not declared in this scope
[1.350s]   174 |         [01;31m[Kmsg[m[K.param1 = param1;
[1.350s]       |         [01;31m[K^~~[m[K
[1.350s] [01m[K/home/lee/workspace/ros2_ex/src/MAV/MAV1/node/main.cpp:174:9:[m[K [01;36m[Knote: [m[Ksuggested alternatives:
[1.350s] In file included from [01m[K/opt/ros/humble/include/builtin_interfaces/builtin_interfaces/msg/duration.hpp:7[m[K,
[1.350s]                  from [01m[K/opt/ros/humble/include/rclcpp/rclcpp/duration.hpp:20[m[K,
[1.350s]                  from [01m[K/opt/ros/humble/include/rclcpp/rclcpp/qos.hpp:20[m[K,
[1.350s]                  from [01m[K/opt/ros/humble/include/rclcpp/rclcpp/node_interfaces/node_graph_interface.hpp:32[m[K,
[1.350s]                  from [01m[K/opt/ros/humble/include/rclcpp/rclcpp/client.hpp:42[m[K,
[1.350s]                  from [01m[K/opt/ros/humble/include/rclcpp/rclcpp/callback_group.hpp:24[m[K,
[1.350s]                  from [01m[K/opt/ros/humble/include/rclcpp/rclcpp/any_executable.hpp:20[m[K,
[1.350s]                  from [01m[K/opt/ros/humble/include/rclcpp/rclcpp/memory_strategy.hpp:25[m[K,
[1.350s]                  from [01m[K/opt/ros/humble/include/rclcpp/rclcpp/memory_strategies.hpp:18[m[K,
[1.350s]                  from [01m[K/opt/ros/humble/include/rclcpp/rclcpp/executor_options.hpp:20[m[K,
[1.350s]                  from [01m[K/opt/ros/humble/include/rclcpp/rclcpp/executor.hpp:37[m[K,
[1.350s]                  from [01m[K/opt/ros/humble/include/rclcpp/rclcpp/executors/multi_threaded_executor.hpp:25[m[K,
[1.350s]                  from [01m[K/opt/ros/humble/include/rclcpp/rclcpp/executors.hpp:21[m[K,
[1.350s]                  from [01m[K/opt/ros/humble/include/rclcpp/rclcpp/rclcpp.hpp:155[m[K,
[1.350s]                  from [01m[K/home/lee/workspace/ros2_ex/src/MAV/MAV1/node/main.cpp:1[m[K:
[1.350s] [01m[K/opt/ros/humble/include/builtin_interfaces/builtin_interfaces/msg/detail/duration__struct.hpp:27:11:[m[K [01;36m[Knote: [m[K  ‘[01m[Kbuiltin_interfaces::msg[m[K’
[1.350s]    27 | namespace [01;36m[Kmsg[m[K
[1.350s]       |           [01;36m[K^~~[m[K
[1.350s] In file included from [01m[K/opt/ros/humble/include/rcl_interfaces/rcl_interfaces/msg/set_parameters_result.hpp:7[m[K,
[1.350s]                  from [01m[K/opt/ros/humble/include/rclcpp/rclcpp/qos_overriding_options.hpp:28[m[K,
[1.350s]                  from [01m[K/opt/ros/humble/include/rclcpp/rclcpp/subscription_options.hpp:30[m[K,
[1.350s]                  from [01m[K/opt/ros/humble/include/rclcpp/rclcpp/subscription.hpp:45[m[K,
[1.350s]                  from [01m[K/opt/ros/humble/include/rclcpp/rclcpp/any_executable.hpp:25[m[K,
[1.350s]                  from [01m[K/opt/ros/humble/include/rclcpp/rclcpp/memory_strategy.hpp:25[m[K,
[1.350s]                  from [01m[K/opt/ros/humble/include/rclcpp/rclcpp/memory_strategies.hpp:18[m[K,
[1.350s]                  from [01m[K/opt/ros/humble/include/rclcpp/rclcpp/executor_options.hpp:20[m[K,
[1.350s]                  from [01m[K/opt/ros/humble/include/rclcpp/rclcpp/executor.hpp:37[m[K,
[1.350s]                  from [01m[K/opt/ros/humble/include/rclcpp/rclcpp/executors/multi_threaded_executor.hpp:25[m[K,
[1.350s]                  from [01m[K/opt/ros/humble/include/rclcpp/rclcpp/executors.hpp:21[m[K,
[1.350s]                  from [01m[K/opt/ros/humble/include/rclcpp/rclcpp/rclcpp.hpp:155[m[K,
[1.350s]                  from [01m[K/home/lee/workspace/ros2_ex/src/MAV/MAV1/node/main.cpp:1[m[K:
[1.350s] [01m[K/opt/ros/humble/include/rcl_interfaces/rcl_interfaces/msg/detail/set_parameters_result__struct.hpp:27:11:[m[K [01;36m[Knote: [m[K  ‘[01m[Krcl_interfaces::msg[m[K’
[1.350s]    27 | namespace [01;36m[Kmsg[m[K
[1.350s]       |           [01;36m[K^~~[m[K
[1.350s] In file included from [01m[K/opt/ros/humble/include/statistics_msgs/statistics_msgs/msg/detail/metrics_message__struct.hpp:23[m[K,
[1.351s]                  from [01m[K/opt/ros/humble/include/statistics_msgs/statistics_msgs/msg/metrics_message.hpp:7[m[K,
[1.351s]                  from [01m[K/opt/ros/humble/include/libstatistics_collector/libstatistics_collector/collector/generate_statistics_message.hpp:21[m[K,
[1.351s]                  from [01m[K/opt/ros/humble/include/rclcpp/rclcpp/topic_statistics/subscription_topic_statistics.hpp:23[m[K,
[1.351s]                  from [01m[K/opt/ros/humble/include/rclcpp/rclcpp/subscription.hpp:50[m[K,
[1.351s]                  from [01m[K/opt/ros/humble/include/rclcpp/rclcpp/any_executable.hpp:25[m[K,
[1.351s]                  from [01m[K/opt/ros/humble/include/rclcpp/rclcpp/memory_strategy.hpp:25[m[K,
[1.351s]                  from [01m[K/opt/ros/humble/include/rclcpp/rclcpp/memory_strategies.hpp:18[m[K,
[1.351s]                  from [01m[K/opt/ros/humble/include/rclcpp/rclcpp/executor_options.hpp:20[m[K,
[1.351s]                  from [01m[K/opt/ros/humble/include/rclcpp/rclcpp/executor.hpp:37[m[K,
[1.351s]                  from [01m[K/opt/ros/humble/include/rclcpp/rclcpp/executors/multi_threaded_executor.hpp:25[m[K,
[1.351s]                  from [01m[K/opt/ros/humble/include/rclcpp/rclcpp/executors.hpp:21[m[K,
[1.351s]                  from [01m[K/opt/ros/humble/include/rclcpp/rclcpp/rclcpp.hpp:155[m[K,
[1.351s]                  from [01m[K/home/lee/workspace/ros2_ex/src/MAV/MAV1/node/main.cpp:1[m[K:
[1.351s] [01m[K/opt/ros/humble/include/statistics_msgs/statistics_msgs/msg/detail/statistic_data_point__struct.hpp:27:11:[m[K [01;36m[Knote: [m[K  ‘[01m[Kstatistics_msgs::msg[m[K’
[1.351s]    27 | namespace [01;36m[Kmsg[m[K
[1.351s]       |           [01;36m[K^~~[m[K
[1.351s] In file included from [01m[K/opt/ros/humble/include/geometry_msgs/geometry_msgs/msg/detail/pose_stamped__struct.hpp:20[m[K,
[1.351s]                  from [01m[K/opt/ros/humble/include/geometry_msgs/geometry_msgs/msg/pose_stamped.hpp:7[m[K,
[1.351s]                  from [01m[K/home/lee/workspace/ros2_ex/src/MAV/MAV1/node/main.cpp:2[m[K:
[1.351s] [01m[K/opt/ros/humble/include/std_msgs/std_msgs/msg/detail/header__struct.hpp:31:11:[m[K [01;36m[Knote: [m[K  ‘[01m[Kstd_msgs::msg[m[K’
[1.351s]    31 | namespace [01;36m[Kmsg[m[K
[1.351s]       |           [01;36m[K^~~[m[K
[1.351s] In file included from [01m[K/opt/ros/humble/include/geometry_msgs/geometry_msgs/msg/detail/pose__struct.hpp:20[m[K,
[1.351s]                  from [01m[K/opt/ros/humble/include/geometry_msgs/geometry_msgs/msg/detail/pose_stamped__struct.hpp:22[m[K,
[1.351s]                  from [01m[K/opt/ros/humble/include/geometry_msgs/geometry_msgs/msg/pose_stamped.hpp:7[m[K,
[1.351s]                  from [01m[K/home/lee/workspace/ros2_ex/src/MAV/MAV1/node/main.cpp:2[m[K:
[1.351s] [01m[K/opt/ros/humble/include/geometry_msgs/geometry_msgs/msg/detail/point__struct.hpp:27:11:[m[K [01;36m[Knote: [m[K  ‘[01m[Kgeometry_msgs::msg[m[K’
[1.351s]    27 | namespace [01;36m[Kmsg[m[K
[1.351s]       |           [01;36m[K^~~[m[K
[1.351s] In file included from [01m[K/home/lee/workspace/ros2_ex/install/px4_msgs/include/px4_msgs/px4_msgs/msg/offboard_control_mode.hpp:7[m[K,
[1.351s]                  from [01m[K/home/lee/workspace/ros2_ex/src/MAV/MAV1/node/main.cpp:6[m[K:
[1.351s] [01m[K/home/lee/workspace/ros2_ex/install/px4_msgs/include/px4_msgs/px4_msgs/msg/detail/offboard_control_mode__struct.hpp:27:11:[m[K [01;36m[Knote: [m[K  ‘[01m[Kpx4_msgs::msg[m[K’
[1.351s]    27 | namespace [01;36m[Kmsg[m[K
[1.351s]       |           [01;36m[K^~~[m[K
[3.388s] gmake[2]: *** [CMakeFiles/MAV1.dir/build.make:76: CMakeFiles/MAV1.dir/node/main.cpp.o] Error 1
[3.388s] gmake[1]: *** [CMakeFiles/Makefile2:137: CMakeFiles/MAV1.dir/all] Error 2
[3.389s] gmake: *** [Makefile:146: all] Error 2
[3.390s] Invoked command in '/home/lee/workspace/ros2_ex/build/MAV1' returned '2': CMAKE_PREFIX_PATH=/home/lee/workspace/ros2_ex/install/px4_msgs:/home/lee/workspace/ros2_ex/install/sensor:/home/lee/workspace/ros2_ex/install/ground:/home/lee/workspace/ros2_ex/install/MAV1:/home/lee/workspace/vrpn/install/vrpn_mocap:/home/lee/workspace/vrpn/install/mocap_px4_bridge:/home/lee/workspace/vrpn/install/px4_msgs:/home/lee/workspace/vrpn/install/mocap_optitrack:/opt/ros/humble /usr/bin/cmake --build /home/lee/workspace/ros2_ex/build/MAV1 -- -j32 -l32
