[0.000s] Invoking command in '/home/lee/workspace/ros2_ex/build/MAV1': CMAKE_PREFIX_PATH=/home/lee/workspace/ros2_ex/install/px4_msgs:/home/lee/workspace/vrpn/install/vrpn_mocap:/home/lee/workspace/vrpn/install/mocap_px4_bridge:/home/lee/workspace/vrpn/install/px4_msgs:/home/lee/workspace/vrpn/install/mocap_optitrack:/home/lee/workspace/ros2_ex/install/sensor:/home/lee/workspace/ros2_ex/install/ground:/home/lee/workspace/ros2_ex/install/MAV1:/opt/ros/humble LD_LIBRARY_PATH=/home/lee/workspace/ros2_ex/install/px4_msgs/lib:/home/lee/workspace/vrpn/install/px4_msgs/lib:/opt/ros/humble/opt/rviz_ogre_vendor/lib:/opt/ros/humble/lib/x86_64-linux-gnu:/opt/ros/humble/lib:/home/lee/gazebo_maritime_ws/install/lib /usr/bin/cmake /home/lee/workspace/ros2_ex/src/MAV/MAV1 -DCMAKE_BUILD_TYPE=RelWithDebInfo -DAMENT_CMAKE_SYMLINK_INSTALL=1 -DCMAKE_INSTALL_PREFIX=/home/lee/workspace/ros2_ex/install/MAV1
[0.001s] -- Found ament_cmake: 1.3.11 (/opt/ros/humble/share/ament_cmake/cmake)
[0.001s] -- Override CMake install command with custom implementation using symlinks instead of copying resources
[0.001s] -- Found rclcpp: 16.0.12 (/opt/ros/humble/share/rclcpp/cmake)
[0.012s] -- Found rosidl_generator_c: 3.1.6 (/opt/ros/humble/share/rosidl_generator_c/cmake)
[0.013s] -- Found rosidl_adapter: 3.1.6 (/opt/ros/humble/share/rosidl_adapter/cmake)
[0.015s] -- Found rosidl_generator_cpp: 3.1.6 (/opt/ros/humble/share/rosidl_generator_cpp/cmake)
[0.020s] -- Using all available rosidl_typesupport_c: rosidl_typesupport_fastrtps_c;rosidl_typesupport_introspection_c
[0.026s] -- Using all available rosidl_typesupport_cpp: rosidl_typesupport_fastrtps_cpp;rosidl_typesupport_introspection_cpp
[0.040s] -- Found rmw_implementation_cmake: 6.1.2 (/opt/ros/humble/share/rmw_implementation_cmake/cmake)
[0.041s] -- Found rmw_fastrtps_cpp: 6.2.7 (/opt/ros/humble/share/rmw_fastrtps_cpp/cmake)
[0.097s] -- Using RMW implementation 'rmw_fastrtps_cpp' as default
[0.121s] -- Found geometry_msgs: 4.9.0 (/opt/ros/humble/share/geometry_msgs/cmake)
[0.126s] -- Found nav_msgs: 4.9.0 (/opt/ros/humble/share/nav_msgs/cmake)
[0.133s] -- Found tf2: 0.25.13 (/opt/ros/humble/share/tf2/cmake)
[0.134s] -- Found tf2_ros: 0.25.13 (/opt/ros/humble/share/tf2_ros/cmake)
[0.168s] -- Found px4_msgs: 2.0.1 (/home/lee/workspace/ros2_ex/install/px4_msgs/share/px4_msgs/cmake)
[0.174s] -- Found ament_lint_auto: 0.12.12 (/opt/ros/humble/share/ament_lint_auto/cmake)
[0.199s] WARNING: Package name "MAV1" does not follow the naming conventions. It should start with a lower case letter and only contain lower case letters, digits, underscores, and dashes.
[0.421s] -- Added test 'cppcheck' to perform static code analysis on C / C++ code
[0.421s] -- Configured cppcheck include dirs: /home/lee/workspace/ros2_ex/src/MAV/MAV1/include
[0.421s] -- Configured cppcheck exclude dirs and/or files: 
[0.447s] -- Added test 'flake8' to check Python code syntax and style conventions
[0.500s] -- Added test 'lint_cmake' to check CMake code style
[0.527s] -- Added test 'pep257' to check Python code against some of the docstring style conventions in PEP 257
[0.741s] -- Added test 'uncrustify' to check C / C++ code style
[0.741s] -- Configured uncrustify additional arguments: 
[0.768s] -- Added test 'xmllint' to check XML markup files
[0.768s] -- Configuring done
[0.773s] -- Generating done
[0.774s] -- Build files have been written to: /home/lee/workspace/ros2_ex/build/MAV1
[0.778s] Invoked command in '/home/lee/workspace/ros2_ex/build/MAV1' returned '0': CMAKE_PREFIX_PATH=/home/lee/workspace/ros2_ex/install/px4_msgs:/home/lee/workspace/vrpn/install/vrpn_mocap:/home/lee/workspace/vrpn/install/mocap_px4_bridge:/home/lee/workspace/vrpn/install/px4_msgs:/home/lee/workspace/vrpn/install/mocap_optitrack:/home/lee/workspace/ros2_ex/install/sensor:/home/lee/workspace/ros2_ex/install/ground:/home/lee/workspace/ros2_ex/install/MAV1:/opt/ros/humble LD_LIBRARY_PATH=/home/lee/workspace/ros2_ex/install/px4_msgs/lib:/home/lee/workspace/vrpn/install/px4_msgs/lib:/opt/ros/humble/opt/rviz_ogre_vendor/lib:/opt/ros/humble/lib/x86_64-linux-gnu:/opt/ros/humble/lib:/home/lee/gazebo_maritime_ws/install/lib /usr/bin/cmake /home/lee/workspace/ros2_ex/src/MAV/MAV1 -DCMAKE_BUILD_TYPE=RelWithDebInfo -DAMENT_CMAKE_SYMLINK_INSTALL=1 -DCMAKE_INSTALL_PREFIX=/home/lee/workspace/ros2_ex/install/MAV1
[0.780s] Invoking command in '/home/lee/workspace/ros2_ex/build/MAV1': CMAKE_PREFIX_PATH=/home/lee/workspace/ros2_ex/install/px4_msgs:/home/lee/workspace/vrpn/install/vrpn_mocap:/home/lee/workspace/vrpn/install/mocap_px4_bridge:/home/lee/workspace/vrpn/install/px4_msgs:/home/lee/workspace/vrpn/install/mocap_optitrack:/home/lee/workspace/ros2_ex/install/sensor:/home/lee/workspace/ros2_ex/install/ground:/home/lee/workspace/ros2_ex/install/MAV1:/opt/ros/humble LD_LIBRARY_PATH=/home/lee/workspace/ros2_ex/install/px4_msgs/lib:/home/lee/workspace/vrpn/install/px4_msgs/lib:/opt/ros/humble/opt/rviz_ogre_vendor/lib:/opt/ros/humble/lib/x86_64-linux-gnu:/opt/ros/humble/lib:/home/lee/gazebo_maritime_ws/install/lib /usr/bin/cmake --build /home/lee/workspace/ros2_ex/build/MAV1 -- -j32 -l32
[0.808s] [35m[1mConsolidate compiler generated dependencies of target MAV1[0m
[0.819s] [100%] Built target MAV1
[0.826s] Invoked command in '/home/lee/workspace/ros2_ex/build/MAV1' returned '0': CMAKE_PREFIX_PATH=/home/lee/workspace/ros2_ex/install/px4_msgs:/home/lee/workspace/vrpn/install/vrpn_mocap:/home/lee/workspace/vrpn/install/mocap_px4_bridge:/home/lee/workspace/vrpn/install/px4_msgs:/home/lee/workspace/vrpn/install/mocap_optitrack:/home/lee/workspace/ros2_ex/install/sensor:/home/lee/workspace/ros2_ex/install/ground:/home/lee/workspace/ros2_ex/install/MAV1:/opt/ros/humble LD_LIBRARY_PATH=/home/lee/workspace/ros2_ex/install/px4_msgs/lib:/home/lee/workspace/vrpn/install/px4_msgs/lib:/opt/ros/humble/opt/rviz_ogre_vendor/lib:/opt/ros/humble/lib/x86_64-linux-gnu:/opt/ros/humble/lib:/home/lee/gazebo_maritime_ws/install/lib /usr/bin/cmake --build /home/lee/workspace/ros2_ex/build/MAV1 -- -j32 -l32
[0.827s] Invoking command in '/home/lee/workspace/ros2_ex/build/MAV1': CMAKE_PREFIX_PATH=/home/lee/workspace/ros2_ex/install/px4_msgs:/home/lee/workspace/vrpn/install/vrpn_mocap:/home/lee/workspace/vrpn/install/mocap_px4_bridge:/home/lee/workspace/vrpn/install/px4_msgs:/home/lee/workspace/vrpn/install/mocap_optitrack:/home/lee/workspace/ros2_ex/install/sensor:/home/lee/workspace/ros2_ex/install/ground:/home/lee/workspace/ros2_ex/install/MAV1:/opt/ros/humble LD_LIBRARY_PATH=/home/lee/workspace/ros2_ex/install/px4_msgs/lib:/home/lee/workspace/vrpn/install/px4_msgs/lib:/opt/ros/humble/opt/rviz_ogre_vendor/lib:/opt/ros/humble/lib/x86_64-linux-gnu:/opt/ros/humble/lib:/home/lee/gazebo_maritime_ws/install/lib /usr/bin/cmake --install /home/lee/workspace/ros2_ex/build/MAV1
[0.832s] -- Install configuration: "RelWithDebInfo"
[0.832s] -- Execute custom install script
[0.832s] -- Up-to-date symlink: /home/lee/workspace/ros2_ex/install/MAV1/lib/MAV1/MAV1
[0.832s] -- Up-to-date symlink: /home/lee/workspace/ros2_ex/install/MAV1/share/ament_index/resource_index/package_run_dependencies/MAV1
[0.832s] -- Up-to-date symlink: /home/lee/workspace/ros2_ex/install/MAV1/share/ament_index/resource_index/parent_prefix_path/MAV1
[0.832s] -- Up-to-date symlink: /home/lee/workspace/ros2_ex/install/MAV1/share/MAV1/environment/ament_prefix_path.sh
[0.832s] -- Up-to-date symlink: /home/lee/workspace/ros2_ex/install/MAV1/share/MAV1/environment/ament_prefix_path.dsv
[0.832s] -- Up-to-date symlink: /home/lee/workspace/ros2_ex/install/MAV1/share/MAV1/environment/path.sh
[0.833s] -- Up-to-date symlink: /home/lee/workspace/ros2_ex/install/MAV1/share/MAV1/environment/path.dsv
[0.833s] -- Up-to-date symlink: /home/lee/workspace/ros2_ex/install/MAV1/share/MAV1/local_setup.bash
[0.833s] -- Up-to-date symlink: /home/lee/workspace/ros2_ex/install/MAV1/share/MAV1/local_setup.sh
[0.833s] -- Up-to-date symlink: /home/lee/workspace/ros2_ex/install/MAV1/share/MAV1/local_setup.zsh
[0.833s] -- Up-to-date symlink: /home/lee/workspace/ros2_ex/install/MAV1/share/MAV1/local_setup.dsv
[0.833s] -- Symlinking: /home/lee/workspace/ros2_ex/install/MAV1/share/MAV1/package.dsv
[0.839s] -- Up-to-date symlink: /home/lee/workspace/ros2_ex/install/MAV1/share/ament_index/resource_index/packages/MAV1
[0.839s] -- Up-to-date symlink: /home/lee/workspace/ros2_ex/install/MAV1/share/MAV1/cmake/MAV1Config.cmake
[0.839s] -- Up-to-date symlink: /home/lee/workspace/ros2_ex/install/MAV1/share/MAV1/cmake/MAV1Config-version.cmake
[0.839s] -- Up-to-date symlink: /home/lee/workspace/ros2_ex/install/MAV1/share/MAV1/package.xml
[0.840s] Invoked command in '/home/lee/workspace/ros2_ex/build/MAV1' returned '0': CMAKE_PREFIX_PATH=/home/lee/workspace/ros2_ex/install/px4_msgs:/home/lee/workspace/vrpn/install/vrpn_mocap:/home/lee/workspace/vrpn/install/mocap_px4_bridge:/home/lee/workspace/vrpn/install/px4_msgs:/home/lee/workspace/vrpn/install/mocap_optitrack:/home/lee/workspace/ros2_ex/install/sensor:/home/lee/workspace/ros2_ex/install/ground:/home/lee/workspace/ros2_ex/install/MAV1:/opt/ros/humble LD_LIBRARY_PATH=/home/lee/workspace/ros2_ex/install/px4_msgs/lib:/home/lee/workspace/vrpn/install/px4_msgs/lib:/opt/ros/humble/opt/rviz_ogre_vendor/lib:/opt/ros/humble/lib/x86_64-linux-gnu:/opt/ros/humble/lib:/home/lee/gazebo_maritime_ws/install/lib /usr/bin/cmake --install /home/lee/workspace/ros2_ex/build/MAV1
