[0.001s] Invoking command in '/home/lee/workspace/ros2_ex/build/ground': CMAKE_PREFIX_PATH=/home/lee/workspace/ros2_ex/install/px4_msgs:/home/lee/workspace/vrpn/vrpn_optitrack/install/vrpn_mocap:/home/lee/workspace/ros2_ex/install/sensor:/home/lee/workspace/ros2_ex/install/ground:/home/lee/workspace/ros2_ex/install/MAV4:/home/lee/workspace/ros2_ex/install/MAV3:/home/lee/workspace/ros2_ex/install/MAV2:/home/lee/workspace/ros2_ex/install/MAV1:/home/lee/workspace/ros2_ex/install/MAV:/opt/ros/humble /usr/bin/cmake --build /home/lee/workspace/ros2_ex/build/ground -- -j32 -l32
[0.001s] -- Found ament_cmake: 1.3.11 (/opt/ros/humble/share/ament_cmake/cmake)
[0.001s] -- Override CMake install command with custom implementation using symlinks instead of copying resources
[0.001s] -- Found rclcpp: 16.0.12 (/opt/ros/humble/share/rclcpp/cmake)
[0.001s] -- Found rosidl_generator_c: 3.1.6 (/opt/ros/humble/share/rosidl_generator_c/cmake)
[0.001s] -- Found rosidl_adapter: 3.1.6 (/opt/ros/humble/share/rosidl_adapter/cmake)
[0.001s] -- Found rosidl_generator_cpp: 3.1.6 (/opt/ros/humble/share/rosidl_generator_cpp/cmake)
[0.002s] -- Using all available rosidl_typesupport_c: rosidl_typesupport_fastrtps_c;rosidl_typesupport_introspection_c
[0.002s] -- Using all available rosidl_typesupport_cpp: rosidl_typesupport_fastrtps_cpp;rosidl_typesupport_introspection_cpp
[0.002s] -- Found rmw_implementation_cmake: 6.1.2 (/opt/ros/humble/share/rmw_implementation_cmake/cmake)
[0.002s] -- Found rmw_fastrtps_cpp: 6.2.7 (/opt/ros/humble/share/rmw_fastrtps_cpp/cmake)
[0.002s] -- Using RMW implementation 'rmw_fastrtps_cpp' as default
[0.002s] -- Found geometry_msgs: 4.9.0 (/opt/ros/humble/share/geometry_msgs/cmake)
[0.002s] -- Found nav_msgs: 4.9.0 (/opt/ros/humble/share/nav_msgs/cmake)
[0.002s] -- Found tf2: 0.25.13 (/opt/ros/humble/share/tf2/cmake)
[0.002s] -- Found tf2_ros: 0.25.13 (/opt/ros/humble/share/tf2_ros/cmake)
[0.002s] -- Found px4_msgs: 2.0.1 (/home/lee/workspace/ros2_ex/install/px4_msgs/share/px4_msgs/cmake)
[0.015s] -- Found ament_lint_auto: 0.12.12 (/opt/ros/humble/share/ament_lint_auto/cmake)
[0.048s] -- Added test 'cppcheck' to perform static code analysis on C / C++ code
[0.048s] -- Configured cppcheck include dirs: /home/lee/workspace/ros2_ex/src/ground/include;$<BUILD_INTERFACE:/home/lee/workspace/ros2_ex/src/ground/include>
[0.048s] -- Configured cppcheck exclude dirs and/or files: 
[0.048s] -- Added test 'lint_cmake' to check CMake code style
[0.049s] -- Added test 'uncrustify' to check C / C++ code style
[0.049s] -- Configured uncrustify additional arguments: 
[0.049s] -- Added test 'xmllint' to check XML markup files
[0.049s] -- Configuring done
[0.063s] -- Generating done
[0.068s] -- Build files have been written to: /home/lee/workspace/ros2_ex/build/ground
[0.084s] [35m[1mConsolidate compiler generated dependencies of target mocap_px4_bridge[0m
[0.084s] [35m[1mConsolidate compiler generated dependencies of target trajectory_generator[0m
[0.084s] [35m[1mConsolidate compiler generated dependencies of target wrench_mapper[0m
[0.084s] [35m[1mConsolidate compiler generated dependencies of target attitude_controller[0m
[0.085s] [35m[1mConsolidate compiler generated dependencies of target keyboard_node[0m
[0.085s] [35m[1mConsolidate compiler generated dependencies of target gripper_controller[0m
[0.085s] [35m[1mConsolidate compiler generated dependencies of target position_controller[0m
[0.085s] [35m[1mConsolidate compiler generated dependencies of target qc_servo[0m
[0.085s] [35m[1mConsolidate compiler generated dependencies of target platform_topic_tool[0m
[0.094s] [ 10%] Built target trajectory_generator
[0.094s] [ 15%] [32mBuilding CXX object CMakeFiles/mocap_px4_bridge.dir/src/mocap_px4_bridge.cpp.o[0m
[0.095s] [ 26%] Built target wrench_mapper
[0.096s] [ 36%] Built target gripper_controller
[0.097s] [ 42%] [32mBuilding CXX object CMakeFiles/keyboard_node.dir/node/keyboard_node.cpp.o[0m
[0.098s] [ 52%] Built target attitude_controller
[0.098s] [ 73%] Built target position_controller
[0.098s] [ 73%] Built target qc_servo
[0.099s] [ 78%] [32mBuilding CXX object CMakeFiles/platform_topic_tool.dir/src/platform_topic_tool.cpp.o[0m
[1.247s] [01m[K/home/lee/workspace/ros2_ex/src/ground/node/keyboard_node.cpp:[m[K In function ‘[01m[Kint main(int, char**)[m[K’:
[1.247s] [01m[K/home/lee/workspace/ros2_ex/src/ground/node/keyboard_node.cpp:101:9:[m[K [01;35m[Kwarning: [m[Kvariable ‘[01m[Kc_prev[m[K’ set but not used [[01;35m[K]8;;https://gcc.gnu.org/onlinedocs/gcc/Warning-Options.html#index-Wunused-but-set-variable-Wunused-but-set-variable]8;;[m[K]
[1.247s]   101 |     int [01;35m[Kc_prev[m[K = EOF;
[1.247s]       |         [01;35m[K^~~~~~[m[K
[7.366s] [ 84%] [32m[1mLinking CXX executable keyboard_node[0m
[7.505s] [ 89%] Built target keyboard_node
[7.805s] [ 94%] [32m[1mLinking CXX executable mocap_px4_bridge[0m
[7.934s] [ 94%] Built target mocap_px4_bridge
[12.620s] [100%] [32m[1mLinking CXX executable platform_topic_tool[0m
[12.830s] [100%] Built target platform_topic_tool
[12.838s] Invoked command in '/home/lee/workspace/ros2_ex/build/ground' returned '0': CMAKE_PREFIX_PATH=/home/lee/workspace/ros2_ex/install/px4_msgs:/home/lee/workspace/vrpn/vrpn_optitrack/install/vrpn_mocap:/home/lee/workspace/ros2_ex/install/sensor:/home/lee/workspace/ros2_ex/install/ground:/home/lee/workspace/ros2_ex/install/MAV4:/home/lee/workspace/ros2_ex/install/MAV3:/home/lee/workspace/ros2_ex/install/MAV2:/home/lee/workspace/ros2_ex/install/MAV1:/home/lee/workspace/ros2_ex/install/MAV:/opt/ros/humble /usr/bin/cmake --build /home/lee/workspace/ros2_ex/build/ground -- -j32 -l32
[12.839s] Invoking command in '/home/lee/workspace/ros2_ex/build/ground': CMAKE_PREFIX_PATH=/home/lee/workspace/ros2_ex/install/px4_msgs:/home/lee/workspace/vrpn/vrpn_optitrack/install/vrpn_mocap:/home/lee/workspace/ros2_ex/install/sensor:/home/lee/workspace/ros2_ex/install/ground:/home/lee/workspace/ros2_ex/install/MAV4:/home/lee/workspace/ros2_ex/install/MAV3:/home/lee/workspace/ros2_ex/install/MAV2:/home/lee/workspace/ros2_ex/install/MAV1:/home/lee/workspace/ros2_ex/install/MAV:/opt/ros/humble /usr/bin/cmake --install /home/lee/workspace/ros2_ex/build/ground
[12.844s] -- Install configuration: "RelWithDebInfo"
[12.844s] -- Execute custom install script
[12.845s] -- Up-to-date symlink: /home/lee/workspace/ros2_ex/install/ground/lib/ground/keyboard_node
[12.845s] -- Up-to-date symlink: /home/lee/workspace/ros2_ex/install/ground/lib/ground/attitude_controller
[12.845s] -- Up-to-date symlink: /home/lee/workspace/ros2_ex/install/ground/lib/ground/gripper_controller
[12.845s] -- Up-to-date symlink: /home/lee/workspace/ros2_ex/install/ground/lib/ground/position_controller
[12.845s] -- Up-to-date symlink: /home/lee/workspace/ros2_ex/install/ground/lib/ground/qc_servo
[12.845s] -- Up-to-date symlink: /home/lee/workspace/ros2_ex/install/ground/lib/ground/wrench_mapper
[12.846s] -- Up-to-date symlink: /home/lee/workspace/ros2_ex/install/ground/lib/ground/trajectory_generator
[12.846s] -- Up-to-date symlink: /home/lee/workspace/ros2_ex/install/ground/lib/ground/platform_topic_tool
[12.846s] -- Up-to-date symlink: /home/lee/workspace/ros2_ex/install/ground/lib/ground/mocap_px4_bridge
[12.846s] -- Up-to-date symlink: /home/lee/workspace/ros2_ex/install/ground/share/ground/launch/keyboard_launch.xml
[12.846s] -- Up-to-date symlink: /home/lee/workspace/ros2_ex/install/ground/share/ament_index/resource_index/package_run_dependencies/ground
[12.846s] -- Up-to-date symlink: /home/lee/workspace/ros2_ex/install/ground/share/ament_index/resource_index/parent_prefix_path/ground
[12.846s] -- Up-to-date symlink: /home/lee/workspace/ros2_ex/install/ground/share/ground/environment/ament_prefix_path.sh
[12.847s] -- Up-to-date symlink: /home/lee/workspace/ros2_ex/install/ground/share/ground/environment/ament_prefix_path.dsv
[12.847s] -- Up-to-date symlink: /home/lee/workspace/ros2_ex/install/ground/share/ground/environment/path.sh
[12.847s] -- Up-to-date symlink: /home/lee/workspace/ros2_ex/install/ground/share/ground/environment/path.dsv
[12.847s] -- Up-to-date symlink: /home/lee/workspace/ros2_ex/install/ground/share/ground/local_setup.bash
[12.847s] -- Up-to-date symlink: /home/lee/workspace/ros2_ex/install/ground/share/ground/local_setup.sh
[12.847s] -- Up-to-date symlink: /home/lee/workspace/ros2_ex/install/ground/share/ground/local_setup.zsh
[12.847s] -- Up-to-date symlink: /home/lee/workspace/ros2_ex/install/ground/share/ground/local_setup.dsv
[12.847s] -- Symlinking: /home/lee/workspace/ros2_ex/install/ground/share/ground/package.dsv
[12.854s] -- Up-to-date symlink: /home/lee/workspace/ros2_ex/install/ground/share/ament_index/resource_index/packages/ground
[12.854s] -- Up-to-date symlink: /home/lee/workspace/ros2_ex/install/ground/share/ground/cmake/groundConfig.cmake
[12.854s] -- Up-to-date symlink: /home/lee/workspace/ros2_ex/install/ground/share/ground/cmake/groundConfig-version.cmake
[12.854s] -- Up-to-date symlink: /home/lee/workspace/ros2_ex/install/ground/share/ground/package.xml
[12.855s] Invoked command in '/home/lee/workspace/ros2_ex/build/ground' returned '0': CMAKE_PREFIX_PATH=/home/lee/workspace/ros2_ex/install/px4_msgs:/home/lee/workspace/vrpn/vrpn_optitrack/install/vrpn_mocap:/home/lee/workspace/ros2_ex/install/sensor:/home/lee/workspace/ros2_ex/install/ground:/home/lee/workspace/ros2_ex/install/MAV4:/home/lee/workspace/ros2_ex/install/MAV3:/home/lee/workspace/ros2_ex/install/MAV2:/home/lee/workspace/ros2_ex/install/MAV1:/home/lee/workspace/ros2_ex/install/MAV:/opt/ros/humble /usr/bin/cmake --install /home/lee/workspace/ros2_ex/build/ground
