-- Found ament_cmake: 1.3.11 (/opt/ros/humble/share/ament_cmake/cmake)
-- Override CMake install command with custom implementation using symlinks instead of copying resources
-- Found rclcpp: 16.0.12 (/opt/ros/humble/share/rclcpp/cmake)
-- Found rosidl_generator_c: 3.1.6 (/opt/ros/humble/share/rosidl_generator_c/cmake)
-- Found rosidl_adapter: 3.1.6 (/opt/ros/humble/share/rosidl_adapter/cmake)
-- Found rosidl_generator_cpp: 3.1.6 (/opt/ros/humble/share/rosidl_generator_cpp/cmake)
-- Using all available rosidl_typesupport_c: rosidl_typesupport_fastrtps_c;rosidl_typesupport_introspection_c
-- Using all available rosidl_typesupport_cpp: rosidl_typesupport_fastrtps_cpp;rosidl_typesupport_introspection_cpp
-- Found rmw_implementation_cmake: 6.1.2 (/opt/ros/humble/share/rmw_implementation_cmake/cmake)
-- Found rmw_fastrtps_cpp: 6.2.7 (/opt/ros/humble/share/rmw_fastrtps_cpp/cmake)
-- Using RMW implementation 'rmw_fastrtps_cpp' as default
-- Found geometry_msgs: 4.8.0 (/opt/ros/humble/share/geometry_msgs/cmake)
-- Found nav_msgs: 4.8.0 (/opt/ros/humble/share/nav_msgs/cmake)
-- Found tf2: 0.25.12 (/opt/ros/humble/share/tf2/cmake)
-- Found tf2_ros: 0.25.12 (/opt/ros/humble/share/tf2_ros/cmake)
-- Found ament_lint_auto: 0.12.12 (/opt/ros/humble/share/ament_lint_auto/cmake)
-- Added test 'cppcheck' to perform static code analysis on C / C++ code
-- Configured cppcheck include dirs: 
-- Configured cppcheck exclude dirs and/or files: 
-- Added test 'lint_cmake' to check CMake code style
-- Added test 'uncrustify' to check C / C++ code style
-- Configured uncrustify additional arguments: 
-- Added test 'xmllint' to check XML markup files
-- Configuring done
-- Generating done
-- Build files have been written to: /home/lee/workspace/ros2_ex/build/ground
[35m[1mConsolidate compiler generated dependencies of target gripper_controller[0m
[35m[1mConsolidate compiler generated dependencies of target attitude_controller[0m
[35m[1mConsolidate compiler generated dependencies of target position_controller[0m
[35m[1mConsolidate compiler generated dependencies of target qc_servo[0m
[ 25%] Built target gripper_controller
[ 50%] Built target attitude_controller
[ 75%] Built target position_controller
[100%] Built target qc_servo
-- Install configuration: "RelWithDebInfo"
-- Execute custom install script
-- Symlinking: /home/lee/workspace/ros2_ex/install/ground/lib/ground/attitude_controller
-- Symlinking: /home/lee/workspace/ros2_ex/install/ground/lib/ground/gripper_controller
-- Symlinking: /home/lee/workspace/ros2_ex/install/ground/lib/ground/position_controller
-- Symlinking: /home/lee/workspace/ros2_ex/install/ground/lib/ground/qc_servo
-- Symlinking: /home/lee/workspace/ros2_ex/install/ground/share/ament_index/resource_index/package_run_dependencies/ground
-- Symlinking: /home/lee/workspace/ros2_ex/install/ground/share/ament_index/resource_index/parent_prefix_path/ground
-- Symlinking: /home/lee/workspace/ros2_ex/install/ground/share/ground/environment/ament_prefix_path.sh
-- Symlinking: /home/lee/workspace/ros2_ex/install/ground/share/ground/environment/ament_prefix_path.dsv
-- Symlinking: /home/lee/workspace/ros2_ex/install/ground/share/ground/environment/path.sh
-- Symlinking: /home/lee/workspace/ros2_ex/install/ground/share/ground/environment/path.dsv
-- Symlinking: /home/lee/workspace/ros2_ex/install/ground/share/ground/local_setup.bash
-- Symlinking: /home/lee/workspace/ros2_ex/install/ground/share/ground/local_setup.sh
-- Symlinking: /home/lee/workspace/ros2_ex/install/ground/share/ground/local_setup.zsh
-- Symlinking: /home/lee/workspace/ros2_ex/install/ground/share/ground/local_setup.dsv
-- Symlinking: /home/lee/workspace/ros2_ex/install/ground/share/ground/package.dsv
-- Symlinking: /home/lee/workspace/ros2_ex/install/ground/share/ament_index/resource_index/packages/ground
-- Symlinking: /home/lee/workspace/ros2_ex/install/ground/share/ground/cmake/groundConfig.cmake
-- Symlinking: /home/lee/workspace/ros2_ex/install/ground/share/ground/cmake/groundConfig-version.cmake
-- Symlinking: /home/lee/workspace/ros2_ex/install/ground/share/ground/package.xml
