[0.005s] Invoking command in '/home/lee/workspace/ros2_ex/build/ground': CMAKE_PREFIX_PATH=/opt/ros/humble /usr/bin/cmake --build /home/lee/workspace/ros2_ex/build/ground -- -j32 -l32
[0.022s] -- Found ament_cmake: 1.3.11 (/opt/ros/humble/share/ament_cmake/cmake)
[0.080s] -- Override CMake install command with custom implementation using symlinks instead of copying resources
[0.085s] -- Found rclcpp: 16.0.12 (/opt/ros/humble/share/rclcpp/cmake)
[0.099s] -- Found rosidl_generator_c: 3.1.6 (/opt/ros/humble/share/rosidl_generator_c/cmake)
[0.100s] -- Found rosidl_adapter: 3.1.6 (/opt/ros/humble/share/rosidl_adapter/cmake)
[0.102s] -- Found rosidl_generator_cpp: 3.1.6 (/opt/ros/humble/share/rosidl_generator_cpp/cmake)
[0.106s] -- Using all available rosidl_typesupport_c: rosidl_typesupport_fastrtps_c;rosidl_typesupport_introspection_c
[0.111s] -- Using all available rosidl_typesupport_cpp: rosidl_typesupport_fastrtps_cpp;rosidl_typesupport_introspection_cpp
[0.125s] -- Found rmw_implementation_cmake: 6.1.2 (/opt/ros/humble/share/rmw_implementation_cmake/cmake)
[0.125s] -- Found rmw_fastrtps_cpp: 6.2.7 (/opt/ros/humble/share/rmw_fastrtps_cpp/cmake)
[0.185s] -- Using RMW implementation 'rmw_fastrtps_cpp' as default
[0.205s] -- Found geometry_msgs: 4.8.0 (/opt/ros/humble/share/geometry_msgs/cmake)
[0.210s] -- Found nav_msgs: 4.8.0 (/opt/ros/humble/share/nav_msgs/cmake)
[0.217s] -- Found tf2: 0.25.12 (/opt/ros/humble/share/tf2/cmake)
[0.219s] -- Found tf2_ros: 0.25.12 (/opt/ros/humble/share/tf2_ros/cmake)
[0.251s] -- Found ament_lint_auto: 0.12.12 (/opt/ros/humble/share/ament_lint_auto/cmake)
[0.282s] -- Added test 'cppcheck' to perform static code analysis on C / C++ code
[0.282s] -- Configured cppcheck include dirs: 
[0.282s] -- Configured cppcheck exclude dirs and/or files: 
[0.282s] -- Added test 'lint_cmake' to check CMake code style
[0.282s] -- Added test 'uncrustify' to check C / C++ code style
[0.282s] -- Configured uncrustify additional arguments: 
[0.282s] -- Added test 'xmllint' to check XML markup files
[0.283s] -- Configuring done
[0.290s] -- Generating done
[0.292s] -- Build files have been written to: /home/lee/workspace/ros2_ex/build/ground
[0.309s] [35m[1mConsolidate compiler generated dependencies of target gripper_controller[0m
[0.309s] [35m[1mConsolidate compiler generated dependencies of target attitude_controller[0m
[0.309s] [35m[1mConsolidate compiler generated dependencies of target position_controller[0m
[0.309s] [35m[1mConsolidate compiler generated dependencies of target qc_servo[0m
[0.320s] [ 25%] Built target gripper_controller
[0.320s] [ 50%] Built target attitude_controller
[0.321s] [ 75%] Built target position_controller
[0.321s] [100%] Built target qc_servo
[0.328s] Invoked command in '/home/lee/workspace/ros2_ex/build/ground' returned '0': CMAKE_PREFIX_PATH=/opt/ros/humble /usr/bin/cmake --build /home/lee/workspace/ros2_ex/build/ground -- -j32 -l32
[0.328s] Invoking command in '/home/lee/workspace/ros2_ex/build/ground': CMAKE_PREFIX_PATH=/opt/ros/humble /usr/bin/cmake --install /home/lee/workspace/ros2_ex/build/ground
[0.331s] -- Install configuration: "RelWithDebInfo"
[0.331s] -- Execute custom install script
[0.331s] -- Symlinking: /home/lee/workspace/ros2_ex/install/ground/lib/ground/attitude_controller
[0.335s] -- Symlinking: /home/lee/workspace/ros2_ex/install/ground/lib/ground/gripper_controller
[0.339s] -- Symlinking: /home/lee/workspace/ros2_ex/install/ground/lib/ground/position_controller
[0.343s] -- Symlinking: /home/lee/workspace/ros2_ex/install/ground/lib/ground/qc_servo
[0.346s] -- Symlinking: /home/lee/workspace/ros2_ex/install/ground/share/ament_index/resource_index/package_run_dependencies/ground
[0.349s] -- Symlinking: /home/lee/workspace/ros2_ex/install/ground/share/ament_index/resource_index/parent_prefix_path/ground
[0.353s] -- Symlinking: /home/lee/workspace/ros2_ex/install/ground/share/ground/environment/ament_prefix_path.sh
[0.357s] -- Symlinking: /home/lee/workspace/ros2_ex/install/ground/share/ground/environment/ament_prefix_path.dsv
[0.361s] -- Symlinking: /home/lee/workspace/ros2_ex/install/ground/share/ground/environment/path.sh
[0.364s] -- Symlinking: /home/lee/workspace/ros2_ex/install/ground/share/ground/environment/path.dsv
[0.368s] -- Symlinking: /home/lee/workspace/ros2_ex/install/ground/share/ground/local_setup.bash
[0.373s] -- Symlinking: /home/lee/workspace/ros2_ex/install/ground/share/ground/local_setup.sh
[0.378s] -- Symlinking: /home/lee/workspace/ros2_ex/install/ground/share/ground/local_setup.zsh
[0.382s] -- Symlinking: /home/lee/workspace/ros2_ex/install/ground/share/ground/local_setup.dsv
[0.386s] -- Symlinking: /home/lee/workspace/ros2_ex/install/ground/share/ground/package.dsv
[0.390s] -- Symlinking: /home/lee/workspace/ros2_ex/install/ground/share/ament_index/resource_index/packages/ground
[0.394s] -- Symlinking: /home/lee/workspace/ros2_ex/install/ground/share/ground/cmake/groundConfig.cmake
[0.397s] -- Symlinking: /home/lee/workspace/ros2_ex/install/ground/share/ground/cmake/groundConfig-version.cmake
[0.401s] -- Symlinking: /home/lee/workspace/ros2_ex/install/ground/share/ground/package.xml
[0.407s] Invoked command in '/home/lee/workspace/ros2_ex/build/ground' returned '0': CMAKE_PREFIX_PATH=/opt/ros/humble /usr/bin/cmake --install /home/lee/workspace/ros2_ex/build/ground
