[0.049s] DEBUG:colcon:Command line arguments: ['/usr/bin/colcon', 'build']
[0.049s] DEBUG:colcon:Parsed command line arguments: Namespace(log_base=None, log_level=None, verb_name='build', build_base='build', install_base='install', merge_install=False, symlink_install=False, test_result_base=None, continue_on_error=False, executor='parallel', parallel_workers=32, event_handlers=None, ignore_user_meta=False, metas=['./colcon.meta'], base_paths=['.'], packages_ignore=None, packages_ignore_regex=None, paths=None, packages_up_to=None, packages_up_to_regex=None, packages_above=None, packages_above_and_dependencies=None, packages_above_depth=None, packages_select_by_dep=None, packages_skip_by_dep=None, packages_skip_up_to=None, packages_select_build_failed=False, packages_skip_build_finished=False, packages_select_test_failures=False, packages_skip_test_passed=False, packages_select=None, packages_skip=None, packages_select_regex=None, packages_skip_regex=None, packages_start=None, packages_end=None, allow_overriding=[], cmake_args=None, cmake_target=None, cmake_target_skip_unavailable=False, cmake_clean_cache=False, cmake_clean_first=False, cmake_force_configure=False, ament_cmake_args=None, catkin_cmake_args=None, catkin_skip_building_tests=False, mixin_files=None, mixin=None, verb_parser=<colcon_mixin.mixin.mixin_argument.MixinArgumentDecorator object at 0x717feab53be0>, verb_extension=<colcon_core.verb.build.BuildVerb object at 0x717feab53640>, main=<bound method BuildVerb.main of <colcon_core.verb.build.BuildVerb object at 0x717feab53640>>, mixin_verb=('build',))
[0.066s] Level 1:colcon.colcon_core.package_discovery:discover_packages(colcon_meta) check parameters
[0.066s] Level 1:colcon.colcon_core.package_discovery:discover_packages(recursive) check parameters
[0.066s] Level 1:colcon.colcon_core.package_discovery:discover_packages(ignore) check parameters
[0.066s] Level 1:colcon.colcon_core.package_discovery:discover_packages(path) check parameters
[0.066s] Level 1:colcon.colcon_core.package_discovery:discover_packages(colcon_meta) discover
[0.066s] Level 1:colcon.colcon_core.package_discovery:discover_packages(recursive) discover
[0.066s] INFO:colcon.colcon_core.package_discovery:Crawling recursively for packages in '/home/lee/workspace/ros2_ex'
[0.066s] Level 1:colcon.colcon_core.package_identification:_identify(.) by extensions ['ignore', 'ignore_ament_install']
[0.066s] Level 1:colcon.colcon_core.package_identification:_identify(.) by extension 'ignore'
[0.066s] Level 1:colcon.colcon_core.package_identification:_identify(.) by extension 'ignore_ament_install'
[0.066s] Level 1:colcon.colcon_core.package_identification:_identify(.) by extensions ['colcon_pkg']
[0.066s] Level 1:colcon.colcon_core.package_identification:_identify(.) by extension 'colcon_pkg'
[0.066s] Level 1:colcon.colcon_core.package_identification:_identify(.) by extensions ['colcon_meta']
[0.066s] Level 1:colcon.colcon_core.package_identification:_identify(.) by extension 'colcon_meta'
[0.066s] Level 1:colcon.colcon_core.package_identification:_identify(.) by extensions ['ros']
[0.066s] Level 1:colcon.colcon_core.package_identification:_identify(.) by extension 'ros'
[0.072s] Level 1:colcon.colcon_core.package_identification:_identify(.) by extensions ['cmake', 'python']
[0.073s] Level 1:colcon.colcon_core.package_identification:_identify(.) by extension 'cmake'
[0.073s] Level 1:colcon.colcon_core.package_identification:_identify(.) by extension 'python'
[0.073s] Level 1:colcon.colcon_core.package_identification:_identify(.) by extensions ['python_setup_py']
[0.073s] Level 1:colcon.colcon_core.package_identification:_identify(.) by extension 'python_setup_py'
[0.073s] Level 1:colcon.colcon_core.package_identification:_identify(build) by extensions ['ignore', 'ignore_ament_install']
[0.073s] Level 1:colcon.colcon_core.package_identification:_identify(build) by extension 'ignore'
[0.073s] Level 1:colcon.colcon_core.package_identification:_identify(build) ignored
[0.073s] Level 1:colcon.colcon_core.package_identification:_identify(install) by extensions ['ignore', 'ignore_ament_install']
[0.073s] Level 1:colcon.colcon_core.package_identification:_identify(install) by extension 'ignore'
[0.073s] Level 1:colcon.colcon_core.package_identification:_identify(install) ignored
[0.073s] Level 1:colcon.colcon_core.package_identification:_identify(log) by extensions ['ignore', 'ignore_ament_install']
[0.073s] Level 1:colcon.colcon_core.package_identification:_identify(log) by extension 'ignore'
[0.073s] Level 1:colcon.colcon_core.package_identification:_identify(log) ignored
[0.073s] Level 1:colcon.colcon_core.package_identification:_identify(src) by extensions ['ignore', 'ignore_ament_install']
[0.073s] Level 1:colcon.colcon_core.package_identification:_identify(src) by extension 'ignore'
[0.073s] Level 1:colcon.colcon_core.package_identification:_identify(src) by extension 'ignore_ament_install'
[0.073s] Level 1:colcon.colcon_core.package_identification:_identify(src) by extensions ['colcon_pkg']
[0.073s] Level 1:colcon.colcon_core.package_identification:_identify(src) by extension 'colcon_pkg'
[0.073s] Level 1:colcon.colcon_core.package_identification:_identify(src) by extensions ['colcon_meta']
[0.073s] Level 1:colcon.colcon_core.package_identification:_identify(src) by extension 'colcon_meta'
[0.073s] Level 1:colcon.colcon_core.package_identification:_identify(src) by extensions ['ros']
[0.073s] Level 1:colcon.colcon_core.package_identification:_identify(src) by extension 'ros'
[0.073s] Level 1:colcon.colcon_core.package_identification:_identify(src) by extensions ['cmake', 'python']
[0.073s] Level 1:colcon.colcon_core.package_identification:_identify(src) by extension 'cmake'
[0.073s] Level 1:colcon.colcon_core.package_identification:_identify(src) by extension 'python'
[0.073s] Level 1:colcon.colcon_core.package_identification:_identify(src) by extensions ['python_setup_py']
[0.073s] Level 1:colcon.colcon_core.package_identification:_identify(src) by extension 'python_setup_py'
[0.073s] Level 1:colcon.colcon_core.package_identification:_identify(src/MAV) by extensions ['ignore', 'ignore_ament_install']
[0.073s] Level 1:colcon.colcon_core.package_identification:_identify(src/MAV) by extension 'ignore'
[0.073s] Level 1:colcon.colcon_core.package_identification:_identify(src/MAV) by extension 'ignore_ament_install'
[0.073s] Level 1:colcon.colcon_core.package_identification:_identify(src/MAV) by extensions ['colcon_pkg']
[0.073s] Level 1:colcon.colcon_core.package_identification:_identify(src/MAV) by extension 'colcon_pkg'
[0.073s] Level 1:colcon.colcon_core.package_identification:_identify(src/MAV) by extensions ['colcon_meta']
[0.073s] Level 1:colcon.colcon_core.package_identification:_identify(src/MAV) by extension 'colcon_meta'
[0.073s] Level 1:colcon.colcon_core.package_identification:_identify(src/MAV) by extensions ['ros']
[0.073s] Level 1:colcon.colcon_core.package_identification:_identify(src/MAV) by extension 'ros'
[0.073s] Level 1:colcon.colcon_core.package_identification:_identify(src/MAV) by extensions ['cmake', 'python']
[0.073s] Level 1:colcon.colcon_core.package_identification:_identify(src/MAV) by extension 'cmake'
[0.073s] Level 1:colcon.colcon_core.package_identification:_identify(src/MAV) by extension 'python'
[0.073s] Level 1:colcon.colcon_core.package_identification:_identify(src/MAV) by extensions ['python_setup_py']
[0.073s] Level 1:colcon.colcon_core.package_identification:_identify(src/MAV) by extension 'python_setup_py'
[0.073s] Level 1:colcon.colcon_core.package_identification:_identify(src/MAV/MAV1) by extensions ['ignore', 'ignore_ament_install']
[0.073s] Level 1:colcon.colcon_core.package_identification:_identify(src/MAV/MAV1) by extension 'ignore'
[0.073s] Level 1:colcon.colcon_core.package_identification:_identify(src/MAV/MAV1) by extension 'ignore_ament_install'
[0.073s] Level 1:colcon.colcon_core.package_identification:_identify(src/MAV/MAV1) by extensions ['colcon_pkg']
[0.073s] Level 1:colcon.colcon_core.package_identification:_identify(src/MAV/MAV1) by extension 'colcon_pkg'
[0.073s] Level 1:colcon.colcon_core.package_identification:_identify(src/MAV/MAV1) by extensions ['colcon_meta']
[0.073s] Level 1:colcon.colcon_core.package_identification:_identify(src/MAV/MAV1) by extension 'colcon_meta'
[0.073s] Level 1:colcon.colcon_core.package_identification:_identify(src/MAV/MAV1) by extensions ['ros']
[0.073s] Level 1:colcon.colcon_core.package_identification:_identify(src/MAV/MAV1) by extension 'ros'
[0.075s] DEBUG:colcon.colcon_core.package_identification:Package 'src/MAV/MAV1' with type 'ros.ament_cmake' and name 'MAV1'
[0.075s] Level 1:colcon.colcon_core.package_identification:_identify(src/build) by extensions ['ignore', 'ignore_ament_install']
[0.075s] Level 1:colcon.colcon_core.package_identification:_identify(src/build) by extension 'ignore'
[0.075s] Level 1:colcon.colcon_core.package_identification:_identify(src/build) ignored
[0.075s] Level 1:colcon.colcon_core.package_identification:_identify(src/ground) by extensions ['ignore', 'ignore_ament_install']
[0.075s] Level 1:colcon.colcon_core.package_identification:_identify(src/ground) by extension 'ignore'
[0.075s] Level 1:colcon.colcon_core.package_identification:_identify(src/ground) by extension 'ignore_ament_install'
[0.075s] Level 1:colcon.colcon_core.package_identification:_identify(src/ground) by extensions ['colcon_pkg']
[0.075s] Level 1:colcon.colcon_core.package_identification:_identify(src/ground) by extension 'colcon_pkg'
[0.075s] Level 1:colcon.colcon_core.package_identification:_identify(src/ground) by extensions ['colcon_meta']
[0.075s] Level 1:colcon.colcon_core.package_identification:_identify(src/ground) by extension 'colcon_meta'
[0.075s] Level 1:colcon.colcon_core.package_identification:_identify(src/ground) by extensions ['ros']
[0.075s] Level 1:colcon.colcon_core.package_identification:_identify(src/ground) by extension 'ros'
[0.075s] DEBUG:colcon.colcon_core.package_identification:Package 'src/ground' with type 'ros.ament_cmake' and name 'ground'
[0.075s] Level 1:colcon.colcon_core.package_identification:_identify(src/install) by extensions ['ignore', 'ignore_ament_install']
[0.075s] Level 1:colcon.colcon_core.package_identification:_identify(src/install) by extension 'ignore'
[0.075s] Level 1:colcon.colcon_core.package_identification:_identify(src/install) ignored
[0.075s] Level 1:colcon.colcon_core.package_identification:_identify(src/log) by extensions ['ignore', 'ignore_ament_install']
[0.075s] Level 1:colcon.colcon_core.package_identification:_identify(src/log) by extension 'ignore'
[0.075s] Level 1:colcon.colcon_core.package_identification:_identify(src/log) ignored
[0.076s] Level 1:colcon.colcon_core.package_identification:_identify(src/px4_msgs) by extensions ['ignore', 'ignore_ament_install']
[0.076s] Level 1:colcon.colcon_core.package_identification:_identify(src/px4_msgs) by extension 'ignore'
[0.076s] Level 1:colcon.colcon_core.package_identification:_identify(src/px4_msgs) by extension 'ignore_ament_install'
[0.076s] Level 1:colcon.colcon_core.package_identification:_identify(src/px4_msgs) by extensions ['colcon_pkg']
[0.076s] Level 1:colcon.colcon_core.package_identification:_identify(src/px4_msgs) by extension 'colcon_pkg'
[0.076s] Level 1:colcon.colcon_core.package_identification:_identify(src/px4_msgs) by extensions ['colcon_meta']
[0.076s] Level 1:colcon.colcon_core.package_identification:_identify(src/px4_msgs) by extension 'colcon_meta'
[0.076s] Level 1:colcon.colcon_core.package_identification:_identify(src/px4_msgs) by extensions ['ros']
[0.076s] Level 1:colcon.colcon_core.package_identification:_identify(src/px4_msgs) by extension 'ros'
[0.076s] DEBUG:colcon.colcon_core.package_identification:Package 'src/px4_msgs' with type 'ros.ament_cmake' and name 'px4_msgs'
[0.076s] Level 1:colcon.colcon_core.package_identification:_identify(src/sensor) by extensions ['ignore', 'ignore_ament_install']
[0.076s] Level 1:colcon.colcon_core.package_identification:_identify(src/sensor) by extension 'ignore'
[0.076s] Level 1:colcon.colcon_core.package_identification:_identify(src/sensor) by extension 'ignore_ament_install'
[0.076s] Level 1:colcon.colcon_core.package_identification:_identify(src/sensor) by extensions ['colcon_pkg']
[0.076s] Level 1:colcon.colcon_core.package_identification:_identify(src/sensor) by extension 'colcon_pkg'
[0.076s] Level 1:colcon.colcon_core.package_identification:_identify(src/sensor) by extensions ['colcon_meta']
[0.076s] Level 1:colcon.colcon_core.package_identification:_identify(src/sensor) by extension 'colcon_meta'
[0.076s] Level 1:colcon.colcon_core.package_identification:_identify(src/sensor) by extensions ['ros']
[0.076s] Level 1:colcon.colcon_core.package_identification:_identify(src/sensor) by extension 'ros'
[0.076s] DEBUG:colcon.colcon_core.package_identification:Package 'src/sensor' with type 'ros.ament_cmake' and name 'sensor'
[0.076s] Level 1:colcon.colcon_core.package_discovery:discover_packages(recursive) using defaults
[0.076s] Level 1:colcon.colcon_core.package_discovery:discover_packages(ignore) discover
[0.076s] Level 1:colcon.colcon_core.package_discovery:discover_packages(ignore) using defaults
[0.076s] Level 1:colcon.colcon_core.package_discovery:discover_packages(path) discover
[0.077s] Level 1:colcon.colcon_core.package_discovery:discover_packages(path) using defaults
[0.085s] Level 1:colcon.colcon_core.package_discovery:discover_packages(prefix_path) check parameters
[0.085s] Level 1:colcon.colcon_core.package_discovery:discover_packages(prefix_path) discover
[0.087s] DEBUG:colcon.colcon_installed_package_information.package_discovery:Found 303 installed packages in /opt/ros/humble
[0.087s] Level 1:colcon.colcon_core.package_discovery:discover_packages(prefix_path) using defaults
[0.104s] Level 5:colcon.colcon_core.verb:set package 'px4_msgs' build argument 'cmake_args' from command line to 'None'
[0.104s] Level 5:colcon.colcon_core.verb:set package 'px4_msgs' build argument 'cmake_target' from command line to 'None'
[0.104s] Level 5:colcon.colcon_core.verb:set package 'px4_msgs' build argument 'cmake_target_skip_unavailable' from command line to 'False'
[0.104s] Level 5:colcon.colcon_core.verb:set package 'px4_msgs' build argument 'cmake_clean_cache' from command line to 'False'
[0.104s] Level 5:colcon.colcon_core.verb:set package 'px4_msgs' build argument 'cmake_clean_first' from command line to 'False'
[0.104s] Level 5:colcon.colcon_core.verb:set package 'px4_msgs' build argument 'cmake_force_configure' from command line to 'False'
[0.104s] Level 5:colcon.colcon_core.verb:set package 'px4_msgs' build argument 'ament_cmake_args' from command line to 'None'
[0.104s] Level 5:colcon.colcon_core.verb:set package 'px4_msgs' build argument 'catkin_cmake_args' from command line to 'None'
[0.104s] Level 5:colcon.colcon_core.verb:set package 'px4_msgs' build argument 'catkin_skip_building_tests' from command line to 'False'
[0.104s] DEBUG:colcon.colcon_core.verb:Building package 'px4_msgs' with the following arguments: {'ament_cmake_args': None, 'build_base': '/home/lee/workspace/ros2_ex/build/px4_msgs', 'catkin_cmake_args': None, 'catkin_skip_building_tests': False, 'cmake_args': None, 'cmake_clean_cache': False, 'cmake_clean_first': False, 'cmake_force_configure': False, 'cmake_target': None, 'cmake_target_skip_unavailable': False, 'install_base': '/home/lee/workspace/ros2_ex/install/px4_msgs', 'merge_install': False, 'path': '/home/lee/workspace/ros2_ex/src/px4_msgs', 'symlink_install': False, 'test_result_base': None}
[0.104s] Level 5:colcon.colcon_core.verb:set package 'sensor' build argument 'cmake_args' from command line to 'None'
[0.104s] Level 5:colcon.colcon_core.verb:set package 'sensor' build argument 'cmake_target' from command line to 'None'
[0.104s] Level 5:colcon.colcon_core.verb:set package 'sensor' build argument 'cmake_target_skip_unavailable' from command line to 'False'
[0.104s] Level 5:colcon.colcon_core.verb:set package 'sensor' build argument 'cmake_clean_cache' from command line to 'False'
[0.104s] Level 5:colcon.colcon_core.verb:set package 'sensor' build argument 'cmake_clean_first' from command line to 'False'
[0.104s] Level 5:colcon.colcon_core.verb:set package 'sensor' build argument 'cmake_force_configure' from command line to 'False'
[0.104s] Level 5:colcon.colcon_core.verb:set package 'sensor' build argument 'ament_cmake_args' from command line to 'None'
[0.104s] Level 5:colcon.colcon_core.verb:set package 'sensor' build argument 'catkin_cmake_args' from command line to 'None'
[0.104s] Level 5:colcon.colcon_core.verb:set package 'sensor' build argument 'catkin_skip_building_tests' from command line to 'False'
[0.104s] DEBUG:colcon.colcon_core.verb:Building package 'sensor' with the following arguments: {'ament_cmake_args': None, 'build_base': '/home/lee/workspace/ros2_ex/build/sensor', 'catkin_cmake_args': None, 'catkin_skip_building_tests': False, 'cmake_args': None, 'cmake_clean_cache': False, 'cmake_clean_first': False, 'cmake_force_configure': False, 'cmake_target': None, 'cmake_target_skip_unavailable': False, 'install_base': '/home/lee/workspace/ros2_ex/install/sensor', 'merge_install': False, 'path': '/home/lee/workspace/ros2_ex/src/sensor', 'symlink_install': False, 'test_result_base': None}
[0.104s] Level 5:colcon.colcon_core.verb:set package 'MAV1' build argument 'cmake_args' from command line to 'None'
[0.104s] Level 5:colcon.colcon_core.verb:set package 'MAV1' build argument 'cmake_target' from command line to 'None'
[0.104s] Level 5:colcon.colcon_core.verb:set package 'MAV1' build argument 'cmake_target_skip_unavailable' from command line to 'False'
[0.104s] Level 5:colcon.colcon_core.verb:set package 'MAV1' build argument 'cmake_clean_cache' from command line to 'False'
[0.104s] Level 5:colcon.colcon_core.verb:set package 'MAV1' build argument 'cmake_clean_first' from command line to 'False'
[0.104s] Level 5:colcon.colcon_core.verb:set package 'MAV1' build argument 'cmake_force_configure' from command line to 'False'
[0.104s] Level 5:colcon.colcon_core.verb:set package 'MAV1' build argument 'ament_cmake_args' from command line to 'None'
[0.104s] Level 5:colcon.colcon_core.verb:set package 'MAV1' build argument 'catkin_cmake_args' from command line to 'None'
[0.104s] Level 5:colcon.colcon_core.verb:set package 'MAV1' build argument 'catkin_skip_building_tests' from command line to 'False'
[0.104s] DEBUG:colcon.colcon_core.verb:Building package 'MAV1' with the following arguments: {'ament_cmake_args': None, 'build_base': '/home/lee/workspace/ros2_ex/build/MAV1', 'catkin_cmake_args': None, 'catkin_skip_building_tests': False, 'cmake_args': None, 'cmake_clean_cache': False, 'cmake_clean_first': False, 'cmake_force_configure': False, 'cmake_target': None, 'cmake_target_skip_unavailable': False, 'install_base': '/home/lee/workspace/ros2_ex/install/MAV1', 'merge_install': False, 'path': '/home/lee/workspace/ros2_ex/src/MAV/MAV1', 'symlink_install': False, 'test_result_base': None}
[0.104s] Level 5:colcon.colcon_core.verb:set package 'ground' build argument 'cmake_args' from command line to 'None'
[0.104s] Level 5:colcon.colcon_core.verb:set package 'ground' build argument 'cmake_target' from command line to 'None'
[0.104s] Level 5:colcon.colcon_core.verb:set package 'ground' build argument 'cmake_target_skip_unavailable' from command line to 'False'
[0.104s] Level 5:colcon.colcon_core.verb:set package 'ground' build argument 'cmake_clean_cache' from command line to 'False'
[0.104s] Level 5:colcon.colcon_core.verb:set package 'ground' build argument 'cmake_clean_first' from command line to 'False'
[0.104s] Level 5:colcon.colcon_core.verb:set package 'ground' build argument 'cmake_force_configure' from command line to 'False'
[0.104s] Level 5:colcon.colcon_core.verb:set package 'ground' build argument 'ament_cmake_args' from command line to 'None'
[0.104s] Level 5:colcon.colcon_core.verb:set package 'ground' build argument 'catkin_cmake_args' from command line to 'None'
[0.104s] Level 5:colcon.colcon_core.verb:set package 'ground' build argument 'catkin_skip_building_tests' from command line to 'False'
[0.104s] DEBUG:colcon.colcon_core.verb:Building package 'ground' with the following arguments: {'ament_cmake_args': None, 'build_base': '/home/lee/workspace/ros2_ex/build/ground', 'catkin_cmake_args': None, 'catkin_skip_building_tests': False, 'cmake_args': None, 'cmake_clean_cache': False, 'cmake_clean_first': False, 'cmake_force_configure': False, 'cmake_target': None, 'cmake_target_skip_unavailable': False, 'install_base': '/home/lee/workspace/ros2_ex/install/ground', 'merge_install': False, 'path': '/home/lee/workspace/ros2_ex/src/ground', 'symlink_install': False, 'test_result_base': None}
[0.104s] INFO:colcon.colcon_core.executor:Executing jobs using 'parallel' executor
[0.105s] DEBUG:colcon.colcon_parallel_executor.executor.parallel:run_until_complete
[0.105s] INFO:colcon.colcon_ros.task.ament_cmake.build:Building ROS package in '/home/lee/workspace/ros2_ex/src/px4_msgs' with build type 'ament_cmake'
[0.105s] INFO:colcon.colcon_cmake.task.cmake.build:Building CMake package in '/home/lee/workspace/ros2_ex/src/px4_msgs'
[0.107s] INFO:colcon.colcon_core.plugin_system:Skipping extension 'colcon_core.shell.bat': Not used on non-Windows systems
[0.107s] INFO:colcon.colcon_core.shell:Skip shell extension 'powershell' for command environment: Not usable outside of PowerShell
[0.107s] DEBUG:colcon.colcon_core.shell:Skip shell extension 'dsv' for command environment
[0.109s] INFO:colcon.colcon_ros.task.ament_cmake.build:Building ROS package in '/home/lee/workspace/ros2_ex/src/sensor' with build type 'ament_cmake'
[0.109s] INFO:colcon.colcon_cmake.task.cmake.build:Building CMake package in '/home/lee/workspace/ros2_ex/src/sensor'
[0.109s] INFO:colcon.colcon_core.shell:Skip shell extension 'powershell' for command environment: Not usable outside of PowerShell
[0.109s] DEBUG:colcon.colcon_core.shell:Skip shell extension 'dsv' for command environment
[0.113s] DEBUG:colcon.colcon_core.event_handler.log_command:Invoking command in '/home/lee/workspace/ros2_ex/build/px4_msgs': CMAKE_PREFIX_PATH=/opt/ros/humble /usr/bin/cmake --build /home/lee/workspace/ros2_ex/build/px4_msgs -- -j32 -l32
[0.115s] DEBUG:colcon.colcon_core.event_handler.log_command:Invoking command in '/home/lee/workspace/ros2_ex/build/sensor': CMAKE_PREFIX_PATH=/opt/ros/humble /usr/bin/cmake --build /home/lee/workspace/ros2_ex/build/sensor -- -j32 -l32
[0.171s] DEBUG:colcon.colcon_core.event_handler.log_command:Invoked command in '/home/lee/workspace/ros2_ex/build/sensor' returned '0': CMAKE_PREFIX_PATH=/opt/ros/humble /usr/bin/cmake --build /home/lee/workspace/ros2_ex/build/sensor -- -j32 -l32
[0.176s] DEBUG:colcon.colcon_core.event_handler.log_command:Invoking command in '/home/lee/workspace/ros2_ex/build/sensor': CMAKE_PREFIX_PATH=/opt/ros/humble /usr/bin/cmake --install /home/lee/workspace/ros2_ex/build/sensor
[0.187s] Level 1:colcon.colcon_core.environment:create_environment_scripts_only(sensor)
[0.188s] DEBUG:colcon.colcon_core.event_handler.log_command:Invoked command in '/home/lee/workspace/ros2_ex/build/sensor' returned '0': CMAKE_PREFIX_PATH=/opt/ros/humble /usr/bin/cmake --install /home/lee/workspace/ros2_ex/build/sensor
[0.190s] Level 1:colcon.colcon_core.environment:checking '/home/lee/workspace/ros2_ex/install/sensor' for CMake module files
[0.190s] Level 1:colcon.colcon_core.environment:checking '/home/lee/workspace/ros2_ex/install/sensor' for CMake config files
[0.190s] Level 1:colcon.colcon_core.shell:create_environment_hook('sensor', 'cmake_prefix_path')
[0.190s] INFO:colcon.colcon_core.shell:Creating environment hook '/home/lee/workspace/ros2_ex/install/sensor/share/sensor/hook/cmake_prefix_path.ps1'
[0.190s] INFO:colcon.colcon_core.shell:Creating environment descriptor '/home/lee/workspace/ros2_ex/install/sensor/share/sensor/hook/cmake_prefix_path.dsv'
[0.191s] INFO:colcon.colcon_core.shell:Creating environment hook '/home/lee/workspace/ros2_ex/install/sensor/share/sensor/hook/cmake_prefix_path.sh'
[0.191s] Level 1:colcon.colcon_core.environment:checking '/home/lee/workspace/ros2_ex/install/sensor/lib'
[0.191s] Level 1:colcon.colcon_core.environment:checking '/home/lee/workspace/ros2_ex/install/sensor/bin'
[0.191s] Level 1:colcon.colcon_core.environment:checking '/home/lee/workspace/ros2_ex/install/sensor/lib/pkgconfig/sensor.pc'
[0.191s] Level 1:colcon.colcon_core.environment:checking '/home/lee/workspace/ros2_ex/install/sensor/lib/python3.10/site-packages'
[0.191s] Level 1:colcon.colcon_core.environment:checking '/home/lee/workspace/ros2_ex/install/sensor/bin'
[0.192s] INFO:colcon.colcon_core.shell:Creating package script '/home/lee/workspace/ros2_ex/install/sensor/share/sensor/package.ps1'
[0.192s] INFO:colcon.colcon_core.shell:Creating package descriptor '/home/lee/workspace/ros2_ex/install/sensor/share/sensor/package.dsv'
[0.192s] INFO:colcon.colcon_core.shell:Creating package script '/home/lee/workspace/ros2_ex/install/sensor/share/sensor/package.sh'
[0.193s] INFO:colcon.colcon_core.shell:Creating package script '/home/lee/workspace/ros2_ex/install/sensor/share/sensor/package.bash'
[0.193s] INFO:colcon.colcon_core.shell:Creating package script '/home/lee/workspace/ros2_ex/install/sensor/share/sensor/package.zsh'
[0.193s] Level 1:colcon.colcon_core.environment:create_file_with_runtime_dependencies(/home/lee/workspace/ros2_ex/install/sensor/share/colcon-core/packages/sensor)
[0.194s] Level 1:colcon.colcon_core.environment:create_environment_scripts_only(sensor)
[0.194s] Level 1:colcon.colcon_core.environment:checking '/home/lee/workspace/ros2_ex/install/sensor' for CMake module files
[0.194s] Level 1:colcon.colcon_core.environment:checking '/home/lee/workspace/ros2_ex/install/sensor' for CMake config files
[0.194s] Level 1:colcon.colcon_core.shell:create_environment_hook('sensor', 'cmake_prefix_path')
[0.194s] INFO:colcon.colcon_core.shell:Creating environment hook '/home/lee/workspace/ros2_ex/install/sensor/share/sensor/hook/cmake_prefix_path.ps1'
[0.194s] INFO:colcon.colcon_core.shell:Creating environment descriptor '/home/lee/workspace/ros2_ex/install/sensor/share/sensor/hook/cmake_prefix_path.dsv'
[0.194s] INFO:colcon.colcon_core.shell:Creating environment hook '/home/lee/workspace/ros2_ex/install/sensor/share/sensor/hook/cmake_prefix_path.sh'
[0.194s] Level 1:colcon.colcon_core.environment:checking '/home/lee/workspace/ros2_ex/install/sensor/lib'
[0.194s] Level 1:colcon.colcon_core.environment:checking '/home/lee/workspace/ros2_ex/install/sensor/bin'
[0.194s] Level 1:colcon.colcon_core.environment:checking '/home/lee/workspace/ros2_ex/install/sensor/lib/pkgconfig/sensor.pc'
[0.195s] Level 1:colcon.colcon_core.environment:checking '/home/lee/workspace/ros2_ex/install/sensor/lib/python3.10/site-packages'
[0.195s] Level 1:colcon.colcon_core.environment:checking '/home/lee/workspace/ros2_ex/install/sensor/bin'
[0.195s] INFO:colcon.colcon_core.shell:Creating package script '/home/lee/workspace/ros2_ex/install/sensor/share/sensor/package.ps1'
[0.195s] INFO:colcon.colcon_core.shell:Creating package descriptor '/home/lee/workspace/ros2_ex/install/sensor/share/sensor/package.dsv'
[0.195s] INFO:colcon.colcon_core.shell:Creating package script '/home/lee/workspace/ros2_ex/install/sensor/share/sensor/package.sh'
[0.195s] INFO:colcon.colcon_core.shell:Creating package script '/home/lee/workspace/ros2_ex/install/sensor/share/sensor/package.bash'
[0.195s] INFO:colcon.colcon_core.shell:Creating package script '/home/lee/workspace/ros2_ex/install/sensor/share/sensor/package.zsh'
[0.195s] Level 1:colcon.colcon_core.environment:create_file_with_runtime_dependencies(/home/lee/workspace/ros2_ex/install/sensor/share/colcon-core/packages/sensor)
[0.604s] DEBUG:colcon.colcon_core.event_handler.log_command:Invoked command in '/home/lee/workspace/ros2_ex/build/px4_msgs' returned '0': CMAKE_PREFIX_PATH=/opt/ros/humble /usr/bin/cmake --build /home/lee/workspace/ros2_ex/build/px4_msgs -- -j32 -l32
[0.605s] DEBUG:colcon.colcon_core.event_handler.log_command:Invoking command in '/home/lee/workspace/ros2_ex/build/px4_msgs': CMAKE_PREFIX_PATH=/opt/ros/humble /usr/bin/cmake --install /home/lee/workspace/ros2_ex/build/px4_msgs
[0.825s] Level 1:colcon.colcon_core.environment:create_environment_scripts_only(px4_msgs)
[0.825s] DEBUG:colcon.colcon_core.event_handler.log_command:Invoked command in '/home/lee/workspace/ros2_ex/build/px4_msgs' returned '0': CMAKE_PREFIX_PATH=/opt/ros/humble /usr/bin/cmake --install /home/lee/workspace/ros2_ex/build/px4_msgs
[0.826s] Level 1:colcon.colcon_core.environment:checking '/home/lee/workspace/ros2_ex/install/px4_msgs' for CMake module files
[0.826s] Level 1:colcon.colcon_core.environment:checking '/home/lee/workspace/ros2_ex/install/px4_msgs' for CMake config files
[0.828s] Level 1:colcon.colcon_core.shell:create_environment_hook('px4_msgs', 'cmake_prefix_path')
[0.828s] INFO:colcon.colcon_core.shell:Creating environment hook '/home/lee/workspace/ros2_ex/install/px4_msgs/share/px4_msgs/hook/cmake_prefix_path.ps1'
[0.828s] INFO:colcon.colcon_core.shell:Creating environment descriptor '/home/lee/workspace/ros2_ex/install/px4_msgs/share/px4_msgs/hook/cmake_prefix_path.dsv'
[0.828s] INFO:colcon.colcon_core.shell:Creating environment hook '/home/lee/workspace/ros2_ex/install/px4_msgs/share/px4_msgs/hook/cmake_prefix_path.sh'
[0.829s] Level 1:colcon.colcon_core.environment:checking '/home/lee/workspace/ros2_ex/install/px4_msgs/lib'
[0.829s] Level 1:colcon.colcon_core.shell:create_environment_hook('px4_msgs', 'ld_library_path_lib')
[0.829s] INFO:colcon.colcon_core.shell:Creating environment hook '/home/lee/workspace/ros2_ex/install/px4_msgs/share/px4_msgs/hook/ld_library_path_lib.ps1'
[0.829s] INFO:colcon.colcon_core.shell:Creating environment descriptor '/home/lee/workspace/ros2_ex/install/px4_msgs/share/px4_msgs/hook/ld_library_path_lib.dsv'
[0.829s] INFO:colcon.colcon_core.shell:Creating environment hook '/home/lee/workspace/ros2_ex/install/px4_msgs/share/px4_msgs/hook/ld_library_path_lib.sh'
[0.829s] Level 1:colcon.colcon_core.environment:checking '/home/lee/workspace/ros2_ex/install/px4_msgs/bin'
[0.829s] Level 1:colcon.colcon_core.environment:checking '/home/lee/workspace/ros2_ex/install/px4_msgs/lib/pkgconfig/px4_msgs.pc'
[0.829s] Level 1:colcon.colcon_core.environment:checking '/home/lee/workspace/ros2_ex/install/px4_msgs/lib/python3.10/site-packages'
[0.829s] Level 1:colcon.colcon_core.environment:checking '/home/lee/workspace/ros2_ex/install/px4_msgs/bin'
[0.830s] INFO:colcon.colcon_core.shell:Creating package script '/home/lee/workspace/ros2_ex/install/px4_msgs/share/px4_msgs/package.ps1'
[0.830s] INFO:colcon.colcon_core.shell:Creating package descriptor '/home/lee/workspace/ros2_ex/install/px4_msgs/share/px4_msgs/package.dsv'
[0.830s] INFO:colcon.colcon_core.shell:Creating package script '/home/lee/workspace/ros2_ex/install/px4_msgs/share/px4_msgs/package.sh'
[0.830s] INFO:colcon.colcon_core.shell:Creating package script '/home/lee/workspace/ros2_ex/install/px4_msgs/share/px4_msgs/package.bash'
[0.830s] INFO:colcon.colcon_core.shell:Creating package script '/home/lee/workspace/ros2_ex/install/px4_msgs/share/px4_msgs/package.zsh'
[0.830s] Level 1:colcon.colcon_core.environment:create_file_with_runtime_dependencies(/home/lee/workspace/ros2_ex/install/px4_msgs/share/colcon-core/packages/px4_msgs)
[0.830s] Level 1:colcon.colcon_core.environment:create_environment_scripts_only(px4_msgs)
[0.831s] Level 1:colcon.colcon_core.environment:checking '/home/lee/workspace/ros2_ex/install/px4_msgs' for CMake module files
[0.831s] Level 1:colcon.colcon_core.environment:checking '/home/lee/workspace/ros2_ex/install/px4_msgs' for CMake config files
[0.833s] Level 1:colcon.colcon_core.shell:create_environment_hook('px4_msgs', 'cmake_prefix_path')
[0.833s] INFO:colcon.colcon_core.shell:Creating environment hook '/home/lee/workspace/ros2_ex/install/px4_msgs/share/px4_msgs/hook/cmake_prefix_path.ps1'
[0.833s] INFO:colcon.colcon_core.shell:Creating environment descriptor '/home/lee/workspace/ros2_ex/install/px4_msgs/share/px4_msgs/hook/cmake_prefix_path.dsv'
[0.833s] INFO:colcon.colcon_core.shell:Creating environment hook '/home/lee/workspace/ros2_ex/install/px4_msgs/share/px4_msgs/hook/cmake_prefix_path.sh'
[0.833s] Level 1:colcon.colcon_core.environment:checking '/home/lee/workspace/ros2_ex/install/px4_msgs/lib'
[0.833s] Level 1:colcon.colcon_core.shell:create_environment_hook('px4_msgs', 'ld_library_path_lib')
[0.833s] INFO:colcon.colcon_core.shell:Creating environment hook '/home/lee/workspace/ros2_ex/install/px4_msgs/share/px4_msgs/hook/ld_library_path_lib.ps1'
[0.834s] INFO:colcon.colcon_core.shell:Creating environment descriptor '/home/lee/workspace/ros2_ex/install/px4_msgs/share/px4_msgs/hook/ld_library_path_lib.dsv'
[0.834s] INFO:colcon.colcon_core.shell:Creating environment hook '/home/lee/workspace/ros2_ex/install/px4_msgs/share/px4_msgs/hook/ld_library_path_lib.sh'
[0.834s] Level 1:colcon.colcon_core.environment:checking '/home/lee/workspace/ros2_ex/install/px4_msgs/bin'
[0.834s] Level 1:colcon.colcon_core.environment:checking '/home/lee/workspace/ros2_ex/install/px4_msgs/lib/pkgconfig/px4_msgs.pc'
[0.834s] Level 1:colcon.colcon_core.environment:checking '/home/lee/workspace/ros2_ex/install/px4_msgs/lib/python3.10/site-packages'
[0.834s] Level 1:colcon.colcon_core.environment:checking '/home/lee/workspace/ros2_ex/install/px4_msgs/bin'
[0.834s] INFO:colcon.colcon_core.shell:Creating package script '/home/lee/workspace/ros2_ex/install/px4_msgs/share/px4_msgs/package.ps1'
[0.834s] INFO:colcon.colcon_core.shell:Creating package descriptor '/home/lee/workspace/ros2_ex/install/px4_msgs/share/px4_msgs/package.dsv'
[0.834s] INFO:colcon.colcon_core.shell:Creating package script '/home/lee/workspace/ros2_ex/install/px4_msgs/share/px4_msgs/package.sh'
[0.835s] INFO:colcon.colcon_core.shell:Creating package script '/home/lee/workspace/ros2_ex/install/px4_msgs/share/px4_msgs/package.bash'
[0.835s] INFO:colcon.colcon_core.shell:Creating package script '/home/lee/workspace/ros2_ex/install/px4_msgs/share/px4_msgs/package.zsh'
[0.835s] Level 1:colcon.colcon_core.environment:create_file_with_runtime_dependencies(/home/lee/workspace/ros2_ex/install/px4_msgs/share/colcon-core/packages/px4_msgs)
[0.835s] INFO:colcon.colcon_ros.task.ament_cmake.build:Building ROS package in '/home/lee/workspace/ros2_ex/src/MAV/MAV1' with build type 'ament_cmake'
[0.835s] INFO:colcon.colcon_cmake.task.cmake.build:Building CMake package in '/home/lee/workspace/ros2_ex/src/MAV/MAV1'
[0.835s] INFO:colcon.colcon_core.shell:Skip shell extension 'powershell' for command environment: Not usable outside of PowerShell
[0.835s] DEBUG:colcon.colcon_core.shell:Skip shell extension 'dsv' for command environment
[0.837s] INFO:colcon.colcon_ros.task.ament_cmake.build:Building ROS package in '/home/lee/workspace/ros2_ex/src/ground' with build type 'ament_cmake'
[0.837s] INFO:colcon.colcon_cmake.task.cmake.build:Building CMake package in '/home/lee/workspace/ros2_ex/src/ground'
[0.837s] INFO:colcon.colcon_core.shell:Skip shell extension 'powershell' for command environment: Not usable outside of PowerShell
[0.837s] DEBUG:colcon.colcon_core.shell:Skip shell extension 'dsv' for command environment
[0.843s] DEBUG:colcon.colcon_core.event_handler.log_command:Invoking command in '/home/lee/workspace/ros2_ex/build/MAV1': AMENT_PREFIX_PATH=/home/lee/workspace/ros2_ex/install/px4_msgs:${AMENT_PREFIX_PATH} CMAKE_PREFIX_PATH=/home/lee/workspace/ros2_ex/install/px4_msgs:/opt/ros/humble LD_LIBRARY_PATH=/home/lee/workspace/ros2_ex/install/px4_msgs/lib:${LD_LIBRARY_PATH} PYTHONPATH=/home/lee/workspace/ros2_ex/install/px4_msgs/local/lib/python3.10/dist-packages:${PYTHONPATH} /usr/bin/cmake --build /home/lee/workspace/ros2_ex/build/MAV1 -- -j32 -l32
[0.844s] DEBUG:colcon.colcon_core.event_handler.log_command:Invoking command in '/home/lee/workspace/ros2_ex/build/ground': AMENT_PREFIX_PATH=/home/lee/workspace/ros2_ex/install/px4_msgs:${AMENT_PREFIX_PATH} CMAKE_PREFIX_PATH=/home/lee/workspace/ros2_ex/install/px4_msgs:/opt/ros/humble LD_LIBRARY_PATH=/home/lee/workspace/ros2_ex/install/px4_msgs/lib:${LD_LIBRARY_PATH} PYTHONPATH=/home/lee/workspace/ros2_ex/install/px4_msgs/local/lib/python3.10/dist-packages:${PYTHONPATH} /usr/bin/cmake --build /home/lee/workspace/ros2_ex/build/ground -- -j32 -l32
[0.887s] DEBUG:colcon.colcon_core.event_handler.log_command:Invoked command in '/home/lee/workspace/ros2_ex/build/ground' returned '0': AMENT_PREFIX_PATH=/home/lee/workspace/ros2_ex/install/px4_msgs:${AMENT_PREFIX_PATH} CMAKE_PREFIX_PATH=/home/lee/workspace/ros2_ex/install/px4_msgs:/opt/ros/humble LD_LIBRARY_PATH=/home/lee/workspace/ros2_ex/install/px4_msgs/lib:${LD_LIBRARY_PATH} PYTHONPATH=/home/lee/workspace/ros2_ex/install/px4_msgs/local/lib/python3.10/dist-packages:${PYTHONPATH} /usr/bin/cmake --build /home/lee/workspace/ros2_ex/build/ground -- -j32 -l32
[0.888s] DEBUG:colcon.colcon_core.event_handler.log_command:Invoking command in '/home/lee/workspace/ros2_ex/build/ground': AMENT_PREFIX_PATH=/home/lee/workspace/ros2_ex/install/px4_msgs:${AMENT_PREFIX_PATH} CMAKE_PREFIX_PATH=/home/lee/workspace/ros2_ex/install/px4_msgs:/opt/ros/humble LD_LIBRARY_PATH=/home/lee/workspace/ros2_ex/install/px4_msgs/lib:${LD_LIBRARY_PATH} PYTHONPATH=/home/lee/workspace/ros2_ex/install/px4_msgs/local/lib/python3.10/dist-packages:${PYTHONPATH} /usr/bin/cmake --install /home/lee/workspace/ros2_ex/build/ground
[0.892s] DEBUG:colcon.colcon_core.event_handler.log_command:Invoked command in '/home/lee/workspace/ros2_ex/build/MAV1' returned '0': AMENT_PREFIX_PATH=/home/lee/workspace/ros2_ex/install/px4_msgs:${AMENT_PREFIX_PATH} CMAKE_PREFIX_PATH=/home/lee/workspace/ros2_ex/install/px4_msgs:/opt/ros/humble LD_LIBRARY_PATH=/home/lee/workspace/ros2_ex/install/px4_msgs/lib:${LD_LIBRARY_PATH} PYTHONPATH=/home/lee/workspace/ros2_ex/install/px4_msgs/local/lib/python3.10/dist-packages:${PYTHONPATH} /usr/bin/cmake --build /home/lee/workspace/ros2_ex/build/MAV1 -- -j32 -l32
[0.892s] DEBUG:colcon.colcon_core.event_handler.log_command:Invoking command in '/home/lee/workspace/ros2_ex/build/MAV1': AMENT_PREFIX_PATH=/home/lee/workspace/ros2_ex/install/px4_msgs:${AMENT_PREFIX_PATH} CMAKE_PREFIX_PATH=/home/lee/workspace/ros2_ex/install/px4_msgs:/opt/ros/humble LD_LIBRARY_PATH=/home/lee/workspace/ros2_ex/install/px4_msgs/lib:${LD_LIBRARY_PATH} PYTHONPATH=/home/lee/workspace/ros2_ex/install/px4_msgs/local/lib/python3.10/dist-packages:${PYTHONPATH} /usr/bin/cmake --install /home/lee/workspace/ros2_ex/build/MAV1
[0.898s] Level 1:colcon.colcon_core.environment:create_environment_scripts_only(MAV1)
[0.898s] Level 1:colcon.colcon_core.environment:checking '/home/lee/workspace/ros2_ex/install/MAV1' for CMake module files
[0.898s] DEBUG:colcon.colcon_core.event_handler.log_command:Invoked command in '/home/lee/workspace/ros2_ex/build/MAV1' returned '0': AMENT_PREFIX_PATH=/home/lee/workspace/ros2_ex/install/px4_msgs:${AMENT_PREFIX_PATH} CMAKE_PREFIX_PATH=/home/lee/workspace/ros2_ex/install/px4_msgs:/opt/ros/humble LD_LIBRARY_PATH=/home/lee/workspace/ros2_ex/install/px4_msgs/lib:${LD_LIBRARY_PATH} PYTHONPATH=/home/lee/workspace/ros2_ex/install/px4_msgs/local/lib/python3.10/dist-packages:${PYTHONPATH} /usr/bin/cmake --install /home/lee/workspace/ros2_ex/build/MAV1
[0.898s] Level 1:colcon.colcon_core.environment:checking '/home/lee/workspace/ros2_ex/install/MAV1' for CMake config files
[0.898s] Level 1:colcon.colcon_core.shell:create_environment_hook('MAV1', 'cmake_prefix_path')
[0.898s] INFO:colcon.colcon_core.shell:Creating environment hook '/home/lee/workspace/ros2_ex/install/MAV1/share/MAV1/hook/cmake_prefix_path.ps1'
[0.898s] INFO:colcon.colcon_core.shell:Creating environment descriptor '/home/lee/workspace/ros2_ex/install/MAV1/share/MAV1/hook/cmake_prefix_path.dsv'
[0.899s] INFO:colcon.colcon_core.shell:Creating environment hook '/home/lee/workspace/ros2_ex/install/MAV1/share/MAV1/hook/cmake_prefix_path.sh'
[0.899s] Level 1:colcon.colcon_core.environment:checking '/home/lee/workspace/ros2_ex/install/MAV1/lib'
[0.899s] Level 1:colcon.colcon_core.environment:checking '/home/lee/workspace/ros2_ex/install/MAV1/bin'
[0.899s] Level 1:colcon.colcon_core.environment:checking '/home/lee/workspace/ros2_ex/install/MAV1/lib/pkgconfig/MAV1.pc'
[0.899s] Level 1:colcon.colcon_core.environment:checking '/home/lee/workspace/ros2_ex/install/MAV1/lib/python3.10/site-packages'
[0.899s] Level 1:colcon.colcon_core.environment:checking '/home/lee/workspace/ros2_ex/install/MAV1/bin'
[0.899s] INFO:colcon.colcon_core.shell:Creating package script '/home/lee/workspace/ros2_ex/install/MAV1/share/MAV1/package.ps1'
[0.899s] INFO:colcon.colcon_core.shell:Creating package descriptor '/home/lee/workspace/ros2_ex/install/MAV1/share/MAV1/package.dsv'
[0.900s] INFO:colcon.colcon_core.shell:Creating package script '/home/lee/workspace/ros2_ex/install/MAV1/share/MAV1/package.sh'
[0.900s] INFO:colcon.colcon_core.shell:Creating package script '/home/lee/workspace/ros2_ex/install/MAV1/share/MAV1/package.bash'
[0.900s] INFO:colcon.colcon_core.shell:Creating package script '/home/lee/workspace/ros2_ex/install/MAV1/share/MAV1/package.zsh'
[0.900s] Level 1:colcon.colcon_core.environment:create_file_with_runtime_dependencies(/home/lee/workspace/ros2_ex/install/MAV1/share/colcon-core/packages/MAV1)
[0.900s] Level 1:colcon.colcon_core.environment:create_environment_scripts_only(MAV1)
[0.901s] Level 1:colcon.colcon_core.environment:checking '/home/lee/workspace/ros2_ex/install/MAV1' for CMake module files
[0.901s] Level 1:colcon.colcon_core.environment:checking '/home/lee/workspace/ros2_ex/install/MAV1' for CMake config files
[0.901s] Level 1:colcon.colcon_core.shell:create_environment_hook('MAV1', 'cmake_prefix_path')
[0.901s] INFO:colcon.colcon_core.shell:Creating environment hook '/home/lee/workspace/ros2_ex/install/MAV1/share/MAV1/hook/cmake_prefix_path.ps1'
[0.901s] INFO:colcon.colcon_core.shell:Creating environment descriptor '/home/lee/workspace/ros2_ex/install/MAV1/share/MAV1/hook/cmake_prefix_path.dsv'
[0.901s] INFO:colcon.colcon_core.shell:Creating environment hook '/home/lee/workspace/ros2_ex/install/MAV1/share/MAV1/hook/cmake_prefix_path.sh'
[0.901s] Level 1:colcon.colcon_core.environment:checking '/home/lee/workspace/ros2_ex/install/MAV1/lib'
[0.901s] Level 1:colcon.colcon_core.environment:checking '/home/lee/workspace/ros2_ex/install/MAV1/bin'
[0.901s] Level 1:colcon.colcon_core.environment:checking '/home/lee/workspace/ros2_ex/install/MAV1/lib/pkgconfig/MAV1.pc'
[0.901s] Level 1:colcon.colcon_core.environment:checking '/home/lee/workspace/ros2_ex/install/MAV1/lib/python3.10/site-packages'
[0.902s] Level 1:colcon.colcon_core.environment:checking '/home/lee/workspace/ros2_ex/install/MAV1/bin'
[0.902s] INFO:colcon.colcon_core.shell:Creating package script '/home/lee/workspace/ros2_ex/install/MAV1/share/MAV1/package.ps1'
[0.902s] INFO:colcon.colcon_core.shell:Creating package descriptor '/home/lee/workspace/ros2_ex/install/MAV1/share/MAV1/package.dsv'
[0.902s] INFO:colcon.colcon_core.shell:Creating package script '/home/lee/workspace/ros2_ex/install/MAV1/share/MAV1/package.sh'
[0.902s] INFO:colcon.colcon_core.shell:Creating package script '/home/lee/workspace/ros2_ex/install/MAV1/share/MAV1/package.bash'
[0.902s] INFO:colcon.colcon_core.shell:Creating package script '/home/lee/workspace/ros2_ex/install/MAV1/share/MAV1/package.zsh'
[0.902s] Level 1:colcon.colcon_core.environment:create_file_with_runtime_dependencies(/home/lee/workspace/ros2_ex/install/MAV1/share/colcon-core/packages/MAV1)
[0.903s] Level 1:colcon.colcon_core.environment:create_environment_scripts_only(ground)
[0.903s] Level 1:colcon.colcon_core.environment:checking '/home/lee/workspace/ros2_ex/install/ground' for CMake module files
[0.903s] DEBUG:colcon.colcon_core.event_handler.log_command:Invoked command in '/home/lee/workspace/ros2_ex/build/ground' returned '0': AMENT_PREFIX_PATH=/home/lee/workspace/ros2_ex/install/px4_msgs:${AMENT_PREFIX_PATH} CMAKE_PREFIX_PATH=/home/lee/workspace/ros2_ex/install/px4_msgs:/opt/ros/humble LD_LIBRARY_PATH=/home/lee/workspace/ros2_ex/install/px4_msgs/lib:${LD_LIBRARY_PATH} PYTHONPATH=/home/lee/workspace/ros2_ex/install/px4_msgs/local/lib/python3.10/dist-packages:${PYTHONPATH} /usr/bin/cmake --install /home/lee/workspace/ros2_ex/build/ground
[0.903s] Level 1:colcon.colcon_core.environment:checking '/home/lee/workspace/ros2_ex/install/ground' for CMake config files
[0.903s] Level 1:colcon.colcon_core.shell:create_environment_hook('ground', 'cmake_prefix_path')
[0.904s] INFO:colcon.colcon_core.shell:Creating environment hook '/home/lee/workspace/ros2_ex/install/ground/share/ground/hook/cmake_prefix_path.ps1'
[0.904s] INFO:colcon.colcon_core.shell:Creating environment descriptor '/home/lee/workspace/ros2_ex/install/ground/share/ground/hook/cmake_prefix_path.dsv'
[0.904s] INFO:colcon.colcon_core.shell:Creating environment hook '/home/lee/workspace/ros2_ex/install/ground/share/ground/hook/cmake_prefix_path.sh'
[0.904s] Level 1:colcon.colcon_core.environment:checking '/home/lee/workspace/ros2_ex/install/ground/lib'
[0.904s] Level 1:colcon.colcon_core.environment:checking '/home/lee/workspace/ros2_ex/install/ground/bin'
[0.904s] Level 1:colcon.colcon_core.environment:checking '/home/lee/workspace/ros2_ex/install/ground/lib/pkgconfig/ground.pc'
[0.904s] Level 1:colcon.colcon_core.environment:checking '/home/lee/workspace/ros2_ex/install/ground/lib/python3.10/site-packages'
[0.904s] Level 1:colcon.colcon_core.environment:checking '/home/lee/workspace/ros2_ex/install/ground/bin'
[0.904s] INFO:colcon.colcon_core.shell:Creating package script '/home/lee/workspace/ros2_ex/install/ground/share/ground/package.ps1'
[0.904s] INFO:colcon.colcon_core.shell:Creating package descriptor '/home/lee/workspace/ros2_ex/install/ground/share/ground/package.dsv'
[0.905s] INFO:colcon.colcon_core.shell:Creating package script '/home/lee/workspace/ros2_ex/install/ground/share/ground/package.sh'
[0.905s] INFO:colcon.colcon_core.shell:Creating package script '/home/lee/workspace/ros2_ex/install/ground/share/ground/package.bash'
[0.905s] INFO:colcon.colcon_core.shell:Creating package script '/home/lee/workspace/ros2_ex/install/ground/share/ground/package.zsh'
[0.905s] Level 1:colcon.colcon_core.environment:create_file_with_runtime_dependencies(/home/lee/workspace/ros2_ex/install/ground/share/colcon-core/packages/ground)
[0.905s] Level 1:colcon.colcon_core.environment:create_environment_scripts_only(ground)
[0.905s] Level 1:colcon.colcon_core.environment:checking '/home/lee/workspace/ros2_ex/install/ground' for CMake module files
[0.905s] Level 1:colcon.colcon_core.environment:checking '/home/lee/workspace/ros2_ex/install/ground' for CMake config files
[0.906s] Level 1:colcon.colcon_core.shell:create_environment_hook('ground', 'cmake_prefix_path')
[0.906s] INFO:colcon.colcon_core.shell:Creating environment hook '/home/lee/workspace/ros2_ex/install/ground/share/ground/hook/cmake_prefix_path.ps1'
[0.906s] INFO:colcon.colcon_core.shell:Creating environment descriptor '/home/lee/workspace/ros2_ex/install/ground/share/ground/hook/cmake_prefix_path.dsv'
[0.906s] INFO:colcon.colcon_core.shell:Creating environment hook '/home/lee/workspace/ros2_ex/install/ground/share/ground/hook/cmake_prefix_path.sh'
[0.906s] Level 1:colcon.colcon_core.environment:checking '/home/lee/workspace/ros2_ex/install/ground/lib'
[0.906s] Level 1:colcon.colcon_core.environment:checking '/home/lee/workspace/ros2_ex/install/ground/bin'
[0.906s] Level 1:colcon.colcon_core.environment:checking '/home/lee/workspace/ros2_ex/install/ground/lib/pkgconfig/ground.pc'
[0.906s] Level 1:colcon.colcon_core.environment:checking '/home/lee/workspace/ros2_ex/install/ground/lib/python3.10/site-packages'
[0.906s] Level 1:colcon.colcon_core.environment:checking '/home/lee/workspace/ros2_ex/install/ground/bin'
[0.906s] INFO:colcon.colcon_core.shell:Creating package script '/home/lee/workspace/ros2_ex/install/ground/share/ground/package.ps1'
[0.907s] INFO:colcon.colcon_core.shell:Creating package descriptor '/home/lee/workspace/ros2_ex/install/ground/share/ground/package.dsv'
[0.907s] INFO:colcon.colcon_core.shell:Creating package script '/home/lee/workspace/ros2_ex/install/ground/share/ground/package.sh'
[0.907s] INFO:colcon.colcon_core.shell:Creating package script '/home/lee/workspace/ros2_ex/install/ground/share/ground/package.bash'
[0.907s] INFO:colcon.colcon_core.shell:Creating package script '/home/lee/workspace/ros2_ex/install/ground/share/ground/package.zsh'
[0.907s] Level 1:colcon.colcon_core.environment:create_file_with_runtime_dependencies(/home/lee/workspace/ros2_ex/install/ground/share/colcon-core/packages/ground)
[0.907s] DEBUG:colcon.colcon_parallel_executor.executor.parallel:closing loop
[0.907s] DEBUG:colcon.colcon_parallel_executor.executor.parallel:loop closed
[0.907s] DEBUG:colcon.colcon_parallel_executor.executor.parallel:run_until_complete finished with '0'
[0.908s] DEBUG:colcon.colcon_core.event_reactor:joining thread
[0.910s] INFO:colcon.colcon_core.plugin_system:Skipping extension 'colcon_notification.desktop_notification.terminal_notifier': Not used on non-Darwin systems
[0.911s] INFO:colcon.colcon_core.plugin_system:Skipping extension 'colcon_notification.desktop_notification.win32': Not used on non-Windows systems
[0.911s] INFO:colcon.colcon_notification.desktop_notification:Sending desktop notification using 'notify2'
[0.919s] DEBUG:colcon.colcon_core.event_reactor:joined thread
[0.919s] INFO:colcon.colcon_core.shell:Creating prefix script '/home/lee/workspace/ros2_ex/install/local_setup.ps1'
[0.920s] INFO:colcon.colcon_core.shell:Creating prefix util module '/home/lee/workspace/ros2_ex/install/_local_setup_util_ps1.py'
[0.920s] INFO:colcon.colcon_core.shell:Creating prefix chain script '/home/lee/workspace/ros2_ex/install/setup.ps1'
[0.921s] INFO:colcon.colcon_core.shell:Creating prefix script '/home/lee/workspace/ros2_ex/install/local_setup.sh'
[0.921s] INFO:colcon.colcon_core.shell:Creating prefix util module '/home/lee/workspace/ros2_ex/install/_local_setup_util_sh.py'
[0.921s] INFO:colcon.colcon_core.shell:Creating prefix chain script '/home/lee/workspace/ros2_ex/install/setup.sh'
[0.922s] INFO:colcon.colcon_core.shell:Creating prefix script '/home/lee/workspace/ros2_ex/install/local_setup.bash'
[0.922s] INFO:colcon.colcon_core.shell:Creating prefix chain script '/home/lee/workspace/ros2_ex/install/setup.bash'
[0.922s] INFO:colcon.colcon_core.shell:Creating prefix script '/home/lee/workspace/ros2_ex/install/local_setup.zsh'
[0.923s] INFO:colcon.colcon_core.shell:Creating prefix chain script '/home/lee/workspace/ros2_ex/install/setup.zsh'
