[0.005s] Invoking command in '/home/lee/workspace/ros2_ex/build/ground': CMAKE_PREFIX_PATH=/opt/ros/humble /usr/bin/cmake --build /home/lee/workspace/ros2_ex/build/ground -- -j32 -l32
[0.020s] -- Found ament_cmake: 1.3.11 (/opt/ros/humble/share/ament_cmake/cmake)
[0.076s] -- Found rclcpp: 16.0.12 (/opt/ros/humble/share/rclcpp/cmake)
[0.088s] -- Found rosidl_generator_c: 3.1.6 (/opt/ros/humble/share/rosidl_generator_c/cmake)
[0.089s] -- Found rosidl_adapter: 3.1.6 (/opt/ros/humble/share/rosidl_adapter/cmake)
[0.092s] -- Found rosidl_generator_cpp: 3.1.6 (/opt/ros/humble/share/rosidl_generator_cpp/cmake)
[0.096s] -- Using all available rosidl_typesupport_c: rosidl_typesupport_fastrtps_c;rosidl_typesupport_introspection_c
[0.101s] -- Using all available rosidl_typesupport_cpp: rosidl_typesupport_fastrtps_cpp;rosidl_typesupport_introspection_cpp
[0.114s] -- Found rmw_implementation_cmake: 6.1.2 (/opt/ros/humble/share/rmw_implementation_cmake/cmake)
[0.114s] -- Found rmw_fastrtps_cpp: 6.2.7 (/opt/ros/humble/share/rmw_fastrtps_cpp/cmake)
[0.162s] -- Using RMW implementation 'rmw_fastrtps_cpp' as default
[0.182s] -- Found geometry_msgs: 4.8.0 (/opt/ros/humble/share/geometry_msgs/cmake)
[0.187s] -- Found nav_msgs: 4.8.0 (/opt/ros/humble/share/nav_msgs/cmake)
[0.194s] -- Found tf2: 0.25.12 (/opt/ros/humble/share/tf2/cmake)
[0.195s] -- Found tf2_ros: 0.25.12 (/opt/ros/humble/share/tf2_ros/cmake)
[0.227s] -- Found ament_lint_auto: 0.12.12 (/opt/ros/humble/share/ament_lint_auto/cmake)
[0.256s] -- Added test 'cppcheck' to perform static code analysis on C / C++ code
[0.256s] -- Configured cppcheck include dirs: 
[0.256s] -- Configured cppcheck exclude dirs and/or files: 
[0.256s] -- Added test 'lint_cmake' to check CMake code style
[0.257s] -- Added test 'uncrustify' to check C / C++ code style
[0.257s] -- Configured uncrustify additional arguments: 
[0.257s] -- Added test 'xmllint' to check XML markup files
[0.257s] -- Configuring done
[0.263s] -- Generating done
[0.265s] -- Build files have been written to: /home/lee/workspace/ros2_ex/build/ground
[0.281s] [35m[1mConsolidate compiler generated dependencies of target gripper_controller[0m
[0.281s] [35m[1mConsolidate compiler generated dependencies of target attitude_controller[0m
[0.286s] [ 16%] [32mBuilding CXX object CMakeFiles/position_controller.dir/node/position_controller.cpp.o[0m
[0.291s] [ 50%] Built target gripper_controller
[0.293s] [ 83%] Built target attitude_controller
[4.098s] [100%] [32m[1mLinking CXX executable position_controller[0m
[4.271s] [100%] Built target position_controller
[4.278s] Invoked command in '/home/lee/workspace/ros2_ex/build/ground' returned '0': CMAKE_PREFIX_PATH=/opt/ros/humble /usr/bin/cmake --build /home/lee/workspace/ros2_ex/build/ground -- -j32 -l32
[4.280s] Invoking command in '/home/lee/workspace/ros2_ex/build/ground': CMAKE_PREFIX_PATH=/opt/ros/humble /usr/bin/cmake --install /home/lee/workspace/ros2_ex/build/ground
[4.282s] -- Install configuration: ""
[4.282s] -- Up-to-date: /home/lee/workspace/ros2_ex/install/ground/lib/ground/attitude_controller
[4.282s] -- Up-to-date: /home/lee/workspace/ros2_ex/install/ground/lib/ground/gripper_controller
[4.282s] -- Installing: /home/lee/workspace/ros2_ex/install/ground/lib/ground/position_controller
[4.284s] -- Set runtime path of "/home/lee/workspace/ros2_ex/install/ground/lib/ground/position_controller" to ""
[4.284s] -- Up-to-date: /home/lee/workspace/ros2_ex/install/ground/share/ament_index/resource_index/package_run_dependencies/ground
[4.284s] -- Up-to-date: /home/lee/workspace/ros2_ex/install/ground/share/ament_index/resource_index/parent_prefix_path/ground
[4.284s] -- Up-to-date: /home/lee/workspace/ros2_ex/install/ground/share/ground/environment/ament_prefix_path.sh
[4.284s] -- Installing: /home/lee/workspace/ros2_ex/install/ground/share/ground/environment/ament_prefix_path.dsv
[4.284s] -- Up-to-date: /home/lee/workspace/ros2_ex/install/ground/share/ground/environment/path.sh
[4.284s] -- Installing: /home/lee/workspace/ros2_ex/install/ground/share/ground/environment/path.dsv
[4.284s] -- Up-to-date: /home/lee/workspace/ros2_ex/install/ground/share/ground/local_setup.bash
[4.284s] -- Up-to-date: /home/lee/workspace/ros2_ex/install/ground/share/ground/local_setup.sh
[4.284s] -- Up-to-date: /home/lee/workspace/ros2_ex/install/ground/share/ground/local_setup.zsh
[4.284s] -- Installing: /home/lee/workspace/ros2_ex/install/ground/share/ground/local_setup.dsv
[4.284s] -- Installing: /home/lee/workspace/ros2_ex/install/ground/share/ground/package.dsv
[4.284s] -- Up-to-date: /home/lee/workspace/ros2_ex/install/ground/share/ament_index/resource_index/packages/ground
[4.284s] -- Up-to-date: /home/lee/workspace/ros2_ex/install/ground/share/ground/cmake/groundConfig.cmake
[4.284s] -- Up-to-date: /home/lee/workspace/ros2_ex/install/ground/share/ground/cmake/groundConfig-version.cmake
[4.284s] -- Up-to-date: /home/lee/workspace/ros2_ex/install/ground/share/ground/package.xml
[4.285s] Invoked command in '/home/lee/workspace/ros2_ex/build/ground' returned '0': CMAKE_PREFIX_PATH=/opt/ros/humble /usr/bin/cmake --install /home/lee/workspace/ros2_ex/build/ground
