[0.005s] Invoking command in '/home/lee/workspace/ros2_ex/build/ground': CMAKE_PREFIX_PATH=/home/lee/workspace/ros2_ex/install/px4_msgs:/home/lee/workspace/ros2_ex/install/sensor:/home/lee/workspace/ros2_ex/install/ground:/opt/ros/humble /usr/bin/cmake --build /home/lee/workspace/ros2_ex/build/ground -- -j32 -l32
[0.025s] -- Found ament_cmake: 1.3.11 (/opt/ros/humble/share/ament_cmake/cmake)
[0.089s] -- Override CMake install command with custom implementation using symlinks instead of copying resources
[0.092s] -- Found rclcpp: 16.0.12 (/opt/ros/humble/share/rclcpp/cmake)
[0.104s] -- Found rosidl_generator_c: 3.1.6 (/opt/ros/humble/share/rosidl_generator_c/cmake)
[0.105s] -- Found rosidl_adapter: 3.1.6 (/opt/ros/humble/share/rosidl_adapter/cmake)
[0.108s] -- Found rosidl_generator_cpp: 3.1.6 (/opt/ros/humble/share/rosidl_generator_cpp/cmake)
[0.112s] -- Using all available rosidl_typesupport_c: rosidl_typesupport_fastrtps_c;rosidl_typesupport_introspection_c
[0.117s] -- Using all available rosidl_typesupport_cpp: rosidl_typesupport_fastrtps_cpp;rosidl_typesupport_introspection_cpp
[0.130s] -- Found rmw_implementation_cmake: 6.1.2 (/opt/ros/humble/share/rmw_implementation_cmake/cmake)
[0.131s] -- Found rmw_fastrtps_cpp: 6.2.7 (/opt/ros/humble/share/rmw_fastrtps_cpp/cmake)
[0.183s] -- Using RMW implementation 'rmw_fastrtps_cpp' as default
[0.205s] -- Found geometry_msgs: 4.8.0 (/opt/ros/humble/share/geometry_msgs/cmake)
[0.210s] -- Found nav_msgs: 4.8.0 (/opt/ros/humble/share/nav_msgs/cmake)
[0.217s] -- Found tf2: 0.25.12 (/opt/ros/humble/share/tf2/cmake)
[0.218s] -- Found tf2_ros: 0.25.12 (/opt/ros/humble/share/tf2_ros/cmake)
[0.251s] -- Found px4_msgs: 2.0.1 (/home/lee/workspace/ros2_ex/install/px4_msgs/share/px4_msgs/cmake)
[0.287s] -- Found Curses: /usr/lib/x86_64-linux-gnu/libcurses.so  
[0.290s] -- Found ament_lint_auto: 0.12.12 (/opt/ros/humble/share/ament_lint_auto/cmake)
[0.323s] -- Added test 'cppcheck' to perform static code analysis on C / C++ code
[0.324s] -- Configured cppcheck include dirs: /home/lee/workspace/ros2_ex/src/ground/include;$<BUILD_INTERFACE:/home/lee/workspace/ros2_ex/src/ground/include>
[0.324s] -- Configured cppcheck exclude dirs and/or files: 
[0.324s] -- Added test 'lint_cmake' to check CMake code style
[0.324s] -- Added test 'uncrustify' to check C / C++ code style
[0.324s] -- Configured uncrustify additional arguments: 
[0.324s] -- Added test 'xmllint' to check XML markup files
[0.325s] -- Configuring done
[0.336s] -- Generating done
[0.340s] -- Build files have been written to: /home/lee/workspace/ros2_ex/build/ground
[0.357s] [35m[1mConsolidate compiler generated dependencies of target trajectory_generator[0m
[0.357s] [35m[1mConsolidate compiler generated dependencies of target gripper_controller[0m
[0.358s] [35m[1mConsolidate compiler generated dependencies of target keyboard_node[0m
[0.358s] [35m[1mConsolidate compiler generated dependencies of target attitude_controller[0m
[0.358s] [35m[1mConsolidate compiler generated dependencies of target position_controller[0m
[0.358s] [35m[1mConsolidate compiler generated dependencies of target qc_servo[0m
[0.358s] [35m[1mConsolidate compiler generated dependencies of target wrench_mapper[0m
[0.368s] [ 13%] Built target trajectory_generator
[0.369s] [ 20%] [32m[1mLinking CXX executable keyboard_node[0m
[0.369s] [ 33%] Built target gripper_controller
[0.371s] [ 53%] Built target attitude_controller
[0.371s] [ 60%] Built target qc_servo
[0.371s] [ 73%] Built target wrench_mapper
[0.371s] [ 86%] Built target position_controller
[0.492s] [100%] Built target keyboard_node
[0.498s] Invoked command in '/home/lee/workspace/ros2_ex/build/ground' returned '0': CMAKE_PREFIX_PATH=/home/lee/workspace/ros2_ex/install/px4_msgs:/home/lee/workspace/ros2_ex/install/sensor:/home/lee/workspace/ros2_ex/install/ground:/opt/ros/humble /usr/bin/cmake --build /home/lee/workspace/ros2_ex/build/ground -- -j32 -l32
[0.499s] Invoking command in '/home/lee/workspace/ros2_ex/build/ground': CMAKE_PREFIX_PATH=/home/lee/workspace/ros2_ex/install/px4_msgs:/home/lee/workspace/ros2_ex/install/sensor:/home/lee/workspace/ros2_ex/install/ground:/opt/ros/humble /usr/bin/cmake --install /home/lee/workspace/ros2_ex/build/ground
[0.503s] -- Install configuration: "RelWithDebInfo"
[0.503s] -- Execute custom install script
[0.503s] -- Up-to-date symlink: /home/lee/workspace/ros2_ex/install/ground/lib/ground/keyboard_node
[0.503s] -- Up-to-date symlink: /home/lee/workspace/ros2_ex/install/ground/lib/ground/attitude_controller
[0.503s] -- Up-to-date symlink: /home/lee/workspace/ros2_ex/install/ground/lib/ground/gripper_controller
[0.504s] -- Up-to-date symlink: /home/lee/workspace/ros2_ex/install/ground/lib/ground/position_controller
[0.504s] -- Up-to-date symlink: /home/lee/workspace/ros2_ex/install/ground/lib/ground/qc_servo
[0.504s] -- Up-to-date symlink: /home/lee/workspace/ros2_ex/install/ground/lib/ground/wrench_mapper
[0.504s] -- Up-to-date symlink: /home/lee/workspace/ros2_ex/install/ground/lib/ground/trajectory_generator
[0.504s] -- Up-to-date symlink: /home/lee/workspace/ros2_ex/install/ground/share/ground/launch/keyboard_launch.xml
[0.504s] -- Up-to-date symlink: /home/lee/workspace/ros2_ex/install/ground/share/ament_index/resource_index/package_run_dependencies/ground
[0.504s] -- Up-to-date symlink: /home/lee/workspace/ros2_ex/install/ground/share/ament_index/resource_index/parent_prefix_path/ground
[0.504s] -- Up-to-date symlink: /home/lee/workspace/ros2_ex/install/ground/share/ground/environment/ament_prefix_path.sh
[0.504s] -- Up-to-date symlink: /home/lee/workspace/ros2_ex/install/ground/share/ground/environment/ament_prefix_path.dsv
[0.504s] -- Up-to-date symlink: /home/lee/workspace/ros2_ex/install/ground/share/ground/environment/path.sh
[0.504s] -- Up-to-date symlink: /home/lee/workspace/ros2_ex/install/ground/share/ground/environment/path.dsv
[0.504s] -- Up-to-date symlink: /home/lee/workspace/ros2_ex/install/ground/share/ground/local_setup.bash
[0.504s] -- Up-to-date symlink: /home/lee/workspace/ros2_ex/install/ground/share/ground/local_setup.sh
[0.504s] -- Up-to-date symlink: /home/lee/workspace/ros2_ex/install/ground/share/ground/local_setup.zsh
[0.504s] -- Up-to-date symlink: /home/lee/workspace/ros2_ex/install/ground/share/ground/local_setup.dsv
[0.504s] -- Symlinking: /home/lee/workspace/ros2_ex/install/ground/share/ground/package.dsv
[0.509s] -- Up-to-date symlink: /home/lee/workspace/ros2_ex/install/ground/share/ament_index/resource_index/packages/ground
[0.509s] -- Up-to-date symlink: /home/lee/workspace/ros2_ex/install/ground/share/ground/cmake/groundConfig.cmake
[0.509s] -- Up-to-date symlink: /home/lee/workspace/ros2_ex/install/ground/share/ground/cmake/groundConfig-version.cmake
[0.509s] -- Up-to-date symlink: /home/lee/workspace/ros2_ex/install/ground/share/ground/package.xml
[0.510s] Invoked command in '/home/lee/workspace/ros2_ex/build/ground' returned '0': CMAKE_PREFIX_PATH=/home/lee/workspace/ros2_ex/install/px4_msgs:/home/lee/workspace/ros2_ex/install/sensor:/home/lee/workspace/ros2_ex/install/ground:/opt/ros/humble /usr/bin/cmake --install /home/lee/workspace/ros2_ex/build/ground
