[0.004s] Invoking command in '/home/lee/workspace/ros2_ex/build/sensor': CMAKE_PREFIX_PATH=${CMAKE_PREFIX_PATH}:/opt/ros/humble /usr/bin/cmake /home/lee/workspace/ros2_ex/src/sensor -DCMAKE_BUILD_TYPE=RelWithDebInfo -DAMENT_CMAKE_SYMLINK_INSTALL=1 -DCMAKE_INSTALL_PREFIX=/home/lee/workspace/ros2_ex/install/sensor
[0.010s] -- Found ament_cmake: 1.3.11 (/opt/ros/humble/share/ament_cmake/cmake)
[0.064s] -- Override CMake install command with custom implementation using symlinks instead of copying resources
[0.068s] -- Found rclcpp: 16.0.12 (/opt/ros/humble/share/rclcpp/cmake)
[0.080s] -- Found rosidl_generator_c: 3.1.6 (/opt/ros/humble/share/rosidl_generator_c/cmake)
[0.081s] -- Found rosidl_adapter: 3.1.6 (/opt/ros/humble/share/rosidl_adapter/cmake)
[0.084s] -- Found rosidl_generator_cpp: 3.1.6 (/opt/ros/humble/share/rosidl_generator_cpp/cmake)
[0.088s] -- Using all available rosidl_typesupport_c: rosidl_typesupport_fastrtps_c;rosidl_typesupport_introspection_c
[0.093s] -- Using all available rosidl_typesupport_cpp: rosidl_typesupport_fastrtps_cpp;rosidl_typesupport_introspection_cpp
[0.107s] -- Found rmw_implementation_cmake: 6.1.2 (/opt/ros/humble/share/rmw_implementation_cmake/cmake)
[0.107s] -- Found rmw_fastrtps_cpp: 6.2.7 (/opt/ros/humble/share/rmw_fastrtps_cpp/cmake)
[0.161s] -- Using RMW implementation 'rmw_fastrtps_cpp' as default
[0.183s] -- Found geometry_msgs: 4.8.0 (/opt/ros/humble/share/geometry_msgs/cmake)
[0.188s] -- Found nav_msgs: 4.8.0 (/opt/ros/humble/share/nav_msgs/cmake)
[0.195s] -- Found tf2: 0.25.12 (/opt/ros/humble/share/tf2/cmake)
[0.197s] -- Found tf2_ros: 0.25.12 (/opt/ros/humble/share/tf2_ros/cmake)
[0.238s] -- Found tf2_geometry_msgs: 0.25.12 (/opt/ros/humble/share/tf2_geometry_msgs/cmake)
[0.242s] -- Found eigen3_cmake_module: 0.1.1 (/opt/ros/humble/share/eigen3_cmake_module/cmake)
[0.243s] -- Ensuring Eigen3 include directory is part of orocos-kdl CMake target
[0.246s] -- Found ament_lint_auto: 0.12.12 (/opt/ros/humble/share/ament_lint_auto/cmake)
[0.280s] -- Added test 'cppcheck' to perform static code analysis on C / C++ code
[0.280s] -- Configured cppcheck include dirs: 
[0.280s] -- Configured cppcheck exclude dirs and/or files: 
[0.281s] -- Added test 'lint_cmake' to check CMake code style
[0.281s] -- Added test 'uncrustify' to check C / C++ code style
[0.281s] -- Configured uncrustify additional arguments: 
[0.281s] -- Added test 'xmllint' to check XML markup files
[0.282s] -- Configuring done
[0.288s] -- Generating done
[0.290s] -- Build files have been written to: /home/lee/workspace/ros2_ex/build/sensor
[0.295s] Invoked command in '/home/lee/workspace/ros2_ex/build/sensor' returned '0': CMAKE_PREFIX_PATH=${CMAKE_PREFIX_PATH}:/opt/ros/humble /usr/bin/cmake /home/lee/workspace/ros2_ex/src/sensor -DCMAKE_BUILD_TYPE=RelWithDebInfo -DAMENT_CMAKE_SYMLINK_INSTALL=1 -DCMAKE_INSTALL_PREFIX=/home/lee/workspace/ros2_ex/install/sensor
[0.295s] Invoking command in '/home/lee/workspace/ros2_ex/build/sensor': CMAKE_PREFIX_PATH=${CMAKE_PREFIX_PATH}:/opt/ros/humble /usr/bin/cmake --build /home/lee/workspace/ros2_ex/build/sensor -- -j32 -l32
[0.320s] [35m[1mConsolidate compiler generated dependencies of target topic_tool[0m
[0.330s] [ 50%] [32mBuilding CXX object CMakeFiles/topic_tool.dir/src/topic_tool.cpp.o[0m
[7.389s] [100%] [32m[1mLinking CXX executable topic_tool[0m
[7.539s] [100%] Built target topic_tool
[7.546s] Invoked command in '/home/lee/workspace/ros2_ex/build/sensor' returned '0': CMAKE_PREFIX_PATH=${CMAKE_PREFIX_PATH}:/opt/ros/humble /usr/bin/cmake --build /home/lee/workspace/ros2_ex/build/sensor -- -j32 -l32
[7.551s] Invoking command in '/home/lee/workspace/ros2_ex/build/sensor': CMAKE_PREFIX_PATH=${CMAKE_PREFIX_PATH}:/opt/ros/humble /usr/bin/cmake --install /home/lee/workspace/ros2_ex/build/sensor
[7.554s] -- Install configuration: "RelWithDebInfo"
[7.554s] -- Execute custom install script
[7.554s] -- Symlinking: /home/lee/workspace/ros2_ex/install/sensor/lib/sensor/topic_tool
[7.560s] -- Symlinking: /home/lee/workspace/ros2_ex/install/sensor/share/ament_index/resource_index/package_run_dependencies/sensor
[7.565s] -- Symlinking: /home/lee/workspace/ros2_ex/install/sensor/share/ament_index/resource_index/parent_prefix_path/sensor
[7.571s] -- Symlinking: /home/lee/workspace/ros2_ex/install/sensor/share/sensor/environment/ament_prefix_path.sh
[7.576s] -- Symlinking: /home/lee/workspace/ros2_ex/install/sensor/share/sensor/environment/ament_prefix_path.dsv
[7.582s] -- Symlinking: /home/lee/workspace/ros2_ex/install/sensor/share/sensor/environment/path.sh
[7.587s] -- Symlinking: /home/lee/workspace/ros2_ex/install/sensor/share/sensor/environment/path.dsv
[7.593s] -- Symlinking: /home/lee/workspace/ros2_ex/install/sensor/share/sensor/local_setup.bash
[7.598s] -- Symlinking: /home/lee/workspace/ros2_ex/install/sensor/share/sensor/local_setup.sh
[7.603s] -- Symlinking: /home/lee/workspace/ros2_ex/install/sensor/share/sensor/local_setup.zsh
[7.607s] -- Symlinking: /home/lee/workspace/ros2_ex/install/sensor/share/sensor/local_setup.dsv
[7.613s] -- Symlinking: /home/lee/workspace/ros2_ex/install/sensor/share/sensor/package.dsv
[7.618s] -- Symlinking: /home/lee/workspace/ros2_ex/install/sensor/share/ament_index/resource_index/packages/sensor
[7.622s] -- Symlinking: /home/lee/workspace/ros2_ex/install/sensor/share/sensor/cmake/sensorConfig.cmake
[7.627s] -- Symlinking: /home/lee/workspace/ros2_ex/install/sensor/share/sensor/cmake/sensorConfig-version.cmake
[7.631s] -- Symlinking: /home/lee/workspace/ros2_ex/install/sensor/share/sensor/package.xml
[7.636s] Invoked command in '/home/lee/workspace/ros2_ex/build/sensor' returned '0': CMAKE_PREFIX_PATH=${CMAKE_PREFIX_PATH}:/opt/ros/humble /usr/bin/cmake --install /home/lee/workspace/ros2_ex/build/sensor
