[0.006s] Invoking command in '/home/lee/workspace/ros2_ex/build/ground': CMAKE_PREFIX_PATH=/home/lee/workspace/ros2_ex/install/px4_msgs:/home/lee/workspace/vrpn/install/vrpn_mocap:/home/lee/workspace/vrpn/install/mocap_px4_bridge:/home/lee/workspace/vrpn/install/px4_msgs:/home/lee/workspace/vrpn/install/mocap_optitrack:/home/lee/workspace/ros2_ex/install/sensor:/home/lee/workspace/ros2_ex/install/ground:/home/lee/workspace/ros2_ex/install/MAV1:/opt/ros/humble LD_LIBRARY_PATH=/home/lee/workspace/ros2_ex/install/px4_msgs/lib:/home/lee/workspace/vrpn/install/px4_msgs/lib:/opt/ros/humble/opt/rviz_ogre_vendor/lib:/opt/ros/humble/lib/x86_64-linux-gnu:/opt/ros/humble/lib:/home/lee/gazebo_maritime_ws/install/lib:/home/lee/gazebo_maritime_ws/install/lib /usr/bin/cmake --build /home/lee/workspace/ros2_ex/build/ground -- -j32 -l32
[0.031s] [35m[1mConsolidate compiler generated dependencies of target platform_topic_tool[0m
[0.038s] [  5%] [32mBuilding CXX object CMakeFiles/gripper_controller.dir/node/gripper_controller.cpp.o[0m
[0.040s] [ 17%] Built target qc_servo
[0.041s] [ 29%] Built target trajectory_generator
[0.041s] [ 41%] Built target position_controller
[0.041s] [ 58%] Built target keyboard_node
[0.041s] [ 70%] Built target attitude_controller
[0.042s] [ 76%] [32mBuilding CXX object CMakeFiles/platform_topic_tool.dir/src/platform_topic_tool.cpp.o[0m
[0.043s] [ 82%] [32mBuilding CXX object CMakeFiles/wrench_mapper.dir/node/wrench_mapper.cpp.o[0m
[6.978s] [ 88%] [32m[1mLinking CXX executable gripper_controller[0m
[7.101s] [ 88%] Built target gripper_controller
[11.773s] [ 94%] [32m[1mLinking CXX executable platform_topic_tool[0m
[11.979s] [ 94%] Built target platform_topic_tool
[12.620s] [100%] [32m[1mLinking CXX executable wrench_mapper[0m
[12.829s] [100%] Built target wrench_mapper
[12.837s] Invoked command in '/home/lee/workspace/ros2_ex/build/ground' returned '0': CMAKE_PREFIX_PATH=/home/lee/workspace/ros2_ex/install/px4_msgs:/home/lee/workspace/vrpn/install/vrpn_mocap:/home/lee/workspace/vrpn/install/mocap_px4_bridge:/home/lee/workspace/vrpn/install/px4_msgs:/home/lee/workspace/vrpn/install/mocap_optitrack:/home/lee/workspace/ros2_ex/install/sensor:/home/lee/workspace/ros2_ex/install/ground:/home/lee/workspace/ros2_ex/install/MAV1:/opt/ros/humble LD_LIBRARY_PATH=/home/lee/workspace/ros2_ex/install/px4_msgs/lib:/home/lee/workspace/vrpn/install/px4_msgs/lib:/opt/ros/humble/opt/rviz_ogre_vendor/lib:/opt/ros/humble/lib/x86_64-linux-gnu:/opt/ros/humble/lib:/home/lee/gazebo_maritime_ws/install/lib:/home/lee/gazebo_maritime_ws/install/lib /usr/bin/cmake --build /home/lee/workspace/ros2_ex/build/ground -- -j32 -l32
[12.838s] Invoking command in '/home/lee/workspace/ros2_ex/build/ground': CMAKE_PREFIX_PATH=/home/lee/workspace/ros2_ex/install/px4_msgs:/home/lee/workspace/vrpn/install/vrpn_mocap:/home/lee/workspace/vrpn/install/mocap_px4_bridge:/home/lee/workspace/vrpn/install/px4_msgs:/home/lee/workspace/vrpn/install/mocap_optitrack:/home/lee/workspace/ros2_ex/install/sensor:/home/lee/workspace/ros2_ex/install/ground:/home/lee/workspace/ros2_ex/install/MAV1:/opt/ros/humble LD_LIBRARY_PATH=/home/lee/workspace/ros2_ex/install/px4_msgs/lib:/home/lee/workspace/vrpn/install/px4_msgs/lib:/opt/ros/humble/opt/rviz_ogre_vendor/lib:/opt/ros/humble/lib/x86_64-linux-gnu:/opt/ros/humble/lib:/home/lee/gazebo_maritime_ws/install/lib:/home/lee/gazebo_maritime_ws/install/lib /usr/bin/cmake --install /home/lee/workspace/ros2_ex/build/ground
[12.843s] -- Install configuration: "RelWithDebInfo"
[12.843s] -- Execute custom install script
[12.843s] -- Up-to-date symlink: /home/lee/workspace/ros2_ex/install/ground/lib/ground/keyboard_node
[12.844s] -- Up-to-date symlink: /home/lee/workspace/ros2_ex/install/ground/lib/ground/attitude_controller
[12.844s] -- Up-to-date symlink: /home/lee/workspace/ros2_ex/install/ground/lib/ground/gripper_controller
[12.844s] -- Up-to-date symlink: /home/lee/workspace/ros2_ex/install/ground/lib/ground/position_controller
[12.844s] -- Up-to-date symlink: /home/lee/workspace/ros2_ex/install/ground/lib/ground/qc_servo
[12.844s] -- Up-to-date symlink: /home/lee/workspace/ros2_ex/install/ground/lib/ground/wrench_mapper
[12.844s] -- Up-to-date symlink: /home/lee/workspace/ros2_ex/install/ground/lib/ground/trajectory_generator
[12.844s] -- Up-to-date symlink: /home/lee/workspace/ros2_ex/install/ground/lib/ground/platform_topic_tool
[12.845s] -- Up-to-date symlink: /home/lee/workspace/ros2_ex/install/ground/share/ground/launch/keyboard_launch.xml
[12.845s] -- Up-to-date symlink: /home/lee/workspace/ros2_ex/install/ground/share/ament_index/resource_index/package_run_dependencies/ground
[12.845s] -- Up-to-date symlink: /home/lee/workspace/ros2_ex/install/ground/share/ament_index/resource_index/parent_prefix_path/ground
[12.845s] -- Up-to-date symlink: /home/lee/workspace/ros2_ex/install/ground/share/ground/environment/ament_prefix_path.sh
[12.845s] -- Up-to-date symlink: /home/lee/workspace/ros2_ex/install/ground/share/ground/environment/ament_prefix_path.dsv
[12.845s] -- Up-to-date symlink: /home/lee/workspace/ros2_ex/install/ground/share/ground/environment/path.sh
[12.845s] -- Up-to-date symlink: /home/lee/workspace/ros2_ex/install/ground/share/ground/environment/path.dsv
[12.845s] -- Up-to-date symlink: /home/lee/workspace/ros2_ex/install/ground/share/ground/local_setup.bash
[12.845s] -- Up-to-date symlink: /home/lee/workspace/ros2_ex/install/ground/share/ground/local_setup.sh
[12.846s] -- Up-to-date symlink: /home/lee/workspace/ros2_ex/install/ground/share/ground/local_setup.zsh
[12.846s] -- Up-to-date symlink: /home/lee/workspace/ros2_ex/install/ground/share/ground/local_setup.dsv
[12.846s] -- Symlinking: /home/lee/workspace/ros2_ex/install/ground/share/ground/package.dsv
[12.850s] -- Up-to-date symlink: /home/lee/workspace/ros2_ex/install/ground/share/ament_index/resource_index/packages/ground
[12.850s] -- Up-to-date symlink: /home/lee/workspace/ros2_ex/install/ground/share/ground/cmake/groundConfig.cmake
[12.850s] -- Up-to-date symlink: /home/lee/workspace/ros2_ex/install/ground/share/ground/cmake/groundConfig-version.cmake
[12.850s] -- Up-to-date symlink: /home/lee/workspace/ros2_ex/install/ground/share/ground/package.xml
[12.852s] Invoked command in '/home/lee/workspace/ros2_ex/build/ground' returned '0': CMAKE_PREFIX_PATH=/home/lee/workspace/ros2_ex/install/px4_msgs:/home/lee/workspace/vrpn/install/vrpn_mocap:/home/lee/workspace/vrpn/install/mocap_px4_bridge:/home/lee/workspace/vrpn/install/px4_msgs:/home/lee/workspace/vrpn/install/mocap_optitrack:/home/lee/workspace/ros2_ex/install/sensor:/home/lee/workspace/ros2_ex/install/ground:/home/lee/workspace/ros2_ex/install/MAV1:/opt/ros/humble LD_LIBRARY_PATH=/home/lee/workspace/ros2_ex/install/px4_msgs/lib:/home/lee/workspace/vrpn/install/px4_msgs/lib:/opt/ros/humble/opt/rviz_ogre_vendor/lib:/opt/ros/humble/lib/x86_64-linux-gnu:/opt/ros/humble/lib:/home/lee/gazebo_maritime_ws/install/lib:/home/lee/gazebo_maritime_ws/install/lib /usr/bin/cmake --install /home/lee/workspace/ros2_ex/build/ground
