[0.008s] Invoking command in '/home/lee/workspace/ros2_ex/build/ground': CMAKE_PREFIX_PATH=/opt/ros/humble /usr/bin/cmake /home/lee/workspace/ros2_ex/src/ground -DCMAKE_INSTALL_PREFIX=/home/lee/workspace/ros2_ex/install/ground
[0.093s] -- The C compiler identification is GNU 11.4.0
[0.154s] -- The CXX compiler identification is GNU 11.4.0
[0.161s] -- Detecting C compiler ABI info
[0.203s] -- Detecting C compiler ABI info - done
[0.206s] -- Check for working C compiler: /usr/bin/cc - skipped
[0.206s] -- Detecting C compile features
[0.207s] -- Detecting C compile features - done
[0.209s] -- Detecting CXX compiler ABI info
[0.257s] -- Detecting CXX compiler ABI info - done
[0.261s] -- Check for working CXX compiler: /usr/bin/c++ - skipped
[0.261s] -- Detecting CXX compile features
[0.261s] -- Detecting CXX compile features - done
[0.262s] -- Found ament_cmake: 1.3.11 (/opt/ros/humble/share/ament_cmake/cmake)
[0.439s] -- Found Python3: /usr/bin/python3 (found version "3.10.12") found components: Interpreter 
[0.482s] -- Found rclcpp: 16.0.12 (/opt/ros/humble/share/rclcpp/cmake)
[0.512s] -- Found rosidl_generator_c: 3.1.6 (/opt/ros/humble/share/rosidl_generator_c/cmake)
[0.516s] -- Found rosidl_adapter: 3.1.6 (/opt/ros/humble/share/rosidl_adapter/cmake)
[0.521s] -- Found rosidl_generator_cpp: 3.1.6 (/opt/ros/humble/share/rosidl_generator_cpp/cmake)
[0.529s] -- Using all available rosidl_typesupport_c: rosidl_typesupport_fastrtps_c;rosidl_typesupport_introspection_c
[0.537s] -- Using all available rosidl_typesupport_cpp: rosidl_typesupport_fastrtps_cpp;rosidl_typesupport_introspection_cpp
[0.563s] -- Found rmw_implementation_cmake: 6.1.2 (/opt/ros/humble/share/rmw_implementation_cmake/cmake)
[0.565s] -- Found rmw_fastrtps_cpp: 6.2.7 (/opt/ros/humble/share/rmw_fastrtps_cpp/cmake)
[0.616s] -- Found OpenSSL: /usr/lib/x86_64-linux-gnu/libcrypto.so (found version "3.0.2")  
[0.632s] -- Found FastRTPS: /opt/ros/humble/include  
[0.657s] -- Using RMW implementation 'rmw_fastrtps_cpp' as default
[0.662s] -- Looking for pthread.h
[0.704s] -- Looking for pthread.h - found
[0.704s] -- Performing Test CMAKE_HAVE_LIBC_PTHREAD
[0.744s] -- Performing Test CMAKE_HAVE_LIBC_PTHREAD - Success
[0.745s] -- Found Threads: TRUE  
[0.776s] -- Found geometry_msgs: 4.8.0 (/opt/ros/humble/share/geometry_msgs/cmake)
[0.785s] -- Found nav_msgs: 4.8.0 (/opt/ros/humble/share/nav_msgs/cmake)
[0.795s] -- Found tf2: 0.25.12 (/opt/ros/humble/share/tf2/cmake)
[0.800s] -- Found tf2_ros: 0.25.12 (/opt/ros/humble/share/tf2_ros/cmake)
[0.853s] -- Found ament_lint_auto: 0.12.12 (/opt/ros/humble/share/ament_lint_auto/cmake)
[0.891s] -- Added test 'cppcheck' to perform static code analysis on C / C++ code
[0.891s] -- Configured cppcheck include dirs: 
[0.891s] -- Configured cppcheck exclude dirs and/or files: 
[0.892s] -- Added test 'lint_cmake' to check CMake code style
[0.893s] -- Added test 'uncrustify' to check C / C++ code style
[0.893s] -- Configured uncrustify additional arguments: 
[0.893s] -- Added test 'xmllint' to check XML markup files
[0.894s] -- Configuring done
[0.897s] -- Generating done
[0.899s] -- Build files have been written to: /home/lee/workspace/ros2_ex/build/ground
[0.904s] Invoked command in '/home/lee/workspace/ros2_ex/build/ground' returned '0': CMAKE_PREFIX_PATH=/opt/ros/humble /usr/bin/cmake /home/lee/workspace/ros2_ex/src/ground -DCMAKE_INSTALL_PREFIX=/home/lee/workspace/ros2_ex/install/ground
[0.905s] Invoking command in '/home/lee/workspace/ros2_ex/build/ground': CMAKE_PREFIX_PATH=/opt/ros/humble /usr/bin/cmake --build /home/lee/workspace/ros2_ex/build/ground -- -j32 -l32
[0.931s] [ 50%] [32mBuilding CXX object CMakeFiles/attitude_controller.dir/node/attitude_controller.cpp.o[0m
[4.985s] [100%] [32m[1mLinking CXX executable attitude_controller[0m
[5.166s] [100%] Built target attitude_controller
[5.172s] Invoked command in '/home/lee/workspace/ros2_ex/build/ground' returned '0': CMAKE_PREFIX_PATH=/opt/ros/humble /usr/bin/cmake --build /home/lee/workspace/ros2_ex/build/ground -- -j32 -l32
[5.172s] Invoking command in '/home/lee/workspace/ros2_ex/build/ground': CMAKE_PREFIX_PATH=/opt/ros/humble /usr/bin/cmake --install /home/lee/workspace/ros2_ex/build/ground
[5.176s] -- Install configuration: ""
[5.176s] -- Installing: /home/lee/workspace/ros2_ex/install/ground/lib/ground/attitude_controller
[5.178s] -- Set runtime path of "/home/lee/workspace/ros2_ex/install/ground/lib/ground/attitude_controller" to ""
[5.178s] -- Installing: /home/lee/workspace/ros2_ex/install/ground/share/ament_index/resource_index/package_run_dependencies/ground
[5.178s] -- Installing: /home/lee/workspace/ros2_ex/install/ground/share/ament_index/resource_index/parent_prefix_path/ground
[5.178s] -- Installing: /home/lee/workspace/ros2_ex/install/ground/share/ground/environment/ament_prefix_path.sh
[5.178s] -- Installing: /home/lee/workspace/ros2_ex/install/ground/share/ground/environment/ament_prefix_path.dsv
[5.178s] -- Installing: /home/lee/workspace/ros2_ex/install/ground/share/ground/environment/path.sh
[5.178s] -- Installing: /home/lee/workspace/ros2_ex/install/ground/share/ground/environment/path.dsv
[5.178s] -- Installing: /home/lee/workspace/ros2_ex/install/ground/share/ground/local_setup.bash
[5.178s] -- Installing: /home/lee/workspace/ros2_ex/install/ground/share/ground/local_setup.sh
[5.178s] -- Installing: /home/lee/workspace/ros2_ex/install/ground/share/ground/local_setup.zsh
[5.178s] -- Installing: /home/lee/workspace/ros2_ex/install/ground/share/ground/local_setup.dsv
[5.178s] -- Installing: /home/lee/workspace/ros2_ex/install/ground/share/ground/package.dsv
[5.178s] -- Installing: /home/lee/workspace/ros2_ex/install/ground/share/ament_index/resource_index/packages/ground
[5.178s] -- Installing: /home/lee/workspace/ros2_ex/install/ground/share/ground/cmake/groundConfig.cmake
[5.178s] -- Installing: /home/lee/workspace/ros2_ex/install/ground/share/ground/cmake/groundConfig-version.cmake
[5.178s] -- Installing: /home/lee/workspace/ros2_ex/install/ground/share/ground/package.xml
[5.179s] Invoked command in '/home/lee/workspace/ros2_ex/build/ground' returned '0': CMAKE_PREFIX_PATH=/opt/ros/humble /usr/bin/cmake --install /home/lee/workspace/ros2_ex/build/ground
