[35m[1mConsolidate compiler generated dependencies of target topic_tool[0m
[100%] Built target topic_tool
-- Install configuration: "RelWithDebInfo"
-- Execute custom install script
-- Up-to-date symlink: /home/lee/workspace/ros2_ex/src/MAV/MAV1/install/sensor/lib/sensor/topic_tool
-- Up-to-date symlink: /home/lee/workspace/ros2_ex/src/MAV/MAV1/install/sensor/share/ament_index/resource_index/package_run_dependencies/sensor
-- Up-to-date symlink: /home/lee/workspace/ros2_ex/src/MAV/MAV1/install/sensor/share/ament_index/resource_index/parent_prefix_path/sensor
-- Up-to-date symlink: /home/lee/workspace/ros2_ex/src/MAV/MAV1/install/sensor/share/sensor/environment/ament_prefix_path.sh
-- Up-to-date symlink: /home/lee/workspace/ros2_ex/src/MAV/MAV1/install/sensor/share/sensor/environment/ament_prefix_path.dsv
-- Up-to-date symlink: /home/lee/workspace/ros2_ex/src/MAV/MAV1/install/sensor/share/sensor/environment/path.sh
-- Up-to-date symlink: /home/lee/workspace/ros2_ex/src/MAV/MAV1/install/sensor/share/sensor/environment/path.dsv
-- Up-to-date symlink: /home/lee/workspace/ros2_ex/src/MAV/MAV1/install/sensor/share/sensor/local_setup.bash
-- Up-to-date symlink: /home/lee/workspace/ros2_ex/src/MAV/MAV1/install/sensor/share/sensor/local_setup.sh
-- Up-to-date symlink: /home/lee/workspace/ros2_ex/src/MAV/MAV1/install/sensor/share/sensor/local_setup.zsh
-- Up-to-date symlink: /home/lee/workspace/ros2_ex/src/MAV/MAV1/install/sensor/share/sensor/local_setup.dsv
-- Symlinking: /home/lee/workspace/ros2_ex/src/MAV/MAV1/install/sensor/share/sensor/package.dsv
-- Up-to-date symlink: /home/lee/workspace/ros2_ex/src/MAV/MAV1/install/sensor/share/ament_index/resource_index/packages/sensor
-- Up-to-date symlink: /home/lee/workspace/ros2_ex/src/MAV/MAV1/install/sensor/share/sensor/cmake/sensorConfig.cmake
-- Up-to-date symlink: /home/lee/workspace/ros2_ex/src/MAV/MAV1/install/sensor/share/sensor/cmake/sensorConfig-version.cmake
-- Up-to-date symlink: /home/lee/workspace/ros2_ex/src/MAV/MAV1/install/sensor/share/sensor/package.xml
