[01m[K/home/lee/workspace/ros2_ex/src/ground/node/keyboard_node.cpp:[m[K In constructor ‘[01m[KMAV_State::MAV_State()[m[K’:
[01m[K/home/lee/workspace/ros2_ex/src/ground/node/keyboard_node.cpp:31:72:[m[K [01;31m[Kerror: [m[Kno matching function for call to ‘[01m[KMAV_State::create_subscription<px4_msgs::msg::VehicleStatus>(const char [29], rmw_qos_profile_t&, std::_Bind_helper<false, void (MAV_State::*)(std::shared_ptr<px4_msgs::msg::VehicleStatus_<std::allocator<void> > >), MAV_State*, const std::_Placeholder<1>&>::type)[m[K’
   31 |         MAV1_ = [01;31m[Kthis->create_subscription<px4_msgs::msg::VehicleStatus>([m[K
      |                 [01;31m[K~~~~~~~~~~~~~~~~~~~~~~~~~~~~~~~~~~~~~~~~~~~~~~~~~~~~~~~^[m[K
   32 | [01;31m[K            "/MAV1/fmu/out/vehicle_status", qos_profile, std::bind(&MAV_State::MAV1_CB, this, std::placeholders::_1))[m[K;
      |             [01;31m[K~~~~~~~~~~~~~~~~~~~~~~~~~~~~~~~~~~~~~~~~~~~~~~~~~~~~~~~~~~~~~~~~~~~~~~~~~~~~~~~~~~~~~~~~~~~~~~~~~~~~~~~~~[m[K
In file included from [01m[K/opt/ros/humble/include/rclcpp/rclcpp/executors/single_threaded_executor.hpp:28[m[K,
                 from [01m[K/opt/ros/humble/include/rclcpp/rclcpp/executors.hpp:22[m[K,
                 from [01m[K/opt/ros/humble/include/rclcpp/rclcpp/rclcpp.hpp:155[m[K,
                 from [01m[K/home/lee/workspace/ros2_ex/src/ground/node/keyboard_node.cpp:1[m[K:
[01m[K/opt/ros/humble/include/rclcpp/rclcpp/node.hpp:219:3:[m[K [01;36m[Knote: [m[Kcandidate: ‘[01m[Ktemplate<class MessageT, class CallbackT, class AllocatorT, class SubscriptionT, class MessageMemoryStrategyT> std::shared_ptr<ROSMessageT> rclcpp::Node::create_subscription(const string&, const rclcpp::QoS&, CallbackT&&, const rclcpp::SubscriptionOptionsWithAllocator<AllocatorT>&, typename MessageMemoryStrategyT::SharedPtr)[m[K’
  219 |   [01;36m[Kcreate_subscription[m[K(
      |   [01;36m[K^~~~~~~~~~~~~~~~~~~[m[K
[01m[K/opt/ros/humble/include/rclcpp/rclcpp/node.hpp:219:3:[m[K [01;36m[Knote: [m[K  template argument deduction/substitution failed:
[01m[K/home/lee/workspace/ros2_ex/src/ground/node/keyboard_node.cpp:32:45:[m[K [01;36m[Knote: [m[K  cannot convert ‘[01m[Kqos_profile[m[K’ (type ‘[01m[Krmw_qos_profile_t[m[K’ {aka ‘[01m[Krmw_qos_profile_s[m[K’}) to type ‘[01m[Kconst rclcpp::QoS&[m[K’
   32 |             "/MAV1/fmu/out/vehicle_status", [01;36m[Kqos_profile[m[K, std::bind(&MAV_State::MAV1_CB, this, std::placeholders::_1));
      |                                             [01;36m[K^~~~~~~~~~~[m[K
[01m[K/home/lee/workspace/ros2_ex/src/ground/node/keyboard_node.cpp:33:72:[m[K [01;31m[Kerror: [m[Kno matching function for call to ‘[01m[KMAV_State::create_subscription<px4_msgs::msg::VehicleStatus>(const char [29], rmw_qos_profile_t&, std::_Bind_helper<false, void (MAV_State::*)(std::shared_ptr<px4_msgs::msg::VehicleStatus_<std::allocator<void> > >), MAV_State*, const std::_Placeholder<1>&>::type)[m[K’
   33 |         MAV2_ = [01;31m[Kthis->create_subscription<px4_msgs::msg::VehicleStatus>([m[K
      |                 [01;31m[K~~~~~~~~~~~~~~~~~~~~~~~~~~~~~~~~~~~~~~~~~~~~~~~~~~~~~~~^[m[K
   34 | [01;31m[K            "/MAV2/fmu/out/vehicle_status", qos_profile, std::bind(&MAV_State::MAV2_CB, this, std::placeholders::_1))[m[K;
      |             [01;31m[K~~~~~~~~~~~~~~~~~~~~~~~~~~~~~~~~~~~~~~~~~~~~~~~~~~~~~~~~~~~~~~~~~~~~~~~~~~~~~~~~~~~~~~~~~~~~~~~~~~~~~~~~~[m[K
In file included from [01m[K/opt/ros/humble/include/rclcpp/rclcpp/executors/single_threaded_executor.hpp:28[m[K,
                 from [01m[K/opt/ros/humble/include/rclcpp/rclcpp/executors.hpp:22[m[K,
                 from [01m[K/opt/ros/humble/include/rclcpp/rclcpp/rclcpp.hpp:155[m[K,
                 from [01m[K/home/lee/workspace/ros2_ex/src/ground/node/keyboard_node.cpp:1[m[K:
[01m[K/opt/ros/humble/include/rclcpp/rclcpp/node.hpp:219:3:[m[K [01;36m[Knote: [m[Kcandidate: ‘[01m[Ktemplate<class MessageT, class CallbackT, class AllocatorT, class SubscriptionT, class MessageMemoryStrategyT> std::shared_ptr<ROSMessageT> rclcpp::Node::create_subscription(const string&, const rclcpp::QoS&, CallbackT&&, const rclcpp::SubscriptionOptionsWithAllocator<AllocatorT>&, typename MessageMemoryStrategyT::SharedPtr)[m[K’
  219 |   [01;36m[Kcreate_subscription[m[K(
      |   [01;36m[K^~~~~~~~~~~~~~~~~~~[m[K
[01m[K/opt/ros/humble/include/rclcpp/rclcpp/node.hpp:219:3:[m[K [01;36m[Knote: [m[K  template argument deduction/substitution failed:
[01m[K/home/lee/workspace/ros2_ex/src/ground/node/keyboard_node.cpp:34:45:[m[K [01;36m[Knote: [m[K  cannot convert ‘[01m[Kqos_profile[m[K’ (type ‘[01m[Krmw_qos_profile_t[m[K’ {aka ‘[01m[Krmw_qos_profile_s[m[K’}) to type ‘[01m[Kconst rclcpp::QoS&[m[K’
   34 |             "/MAV2/fmu/out/vehicle_status", [01;36m[Kqos_profile[m[K, std::bind(&MAV_State::MAV2_CB, this, std::placeholders::_1));
      |                                             [01;36m[K^~~~~~~~~~~[m[K
[01m[K/home/lee/workspace/ros2_ex/src/ground/node/keyboard_node.cpp:35:72:[m[K [01;31m[Kerror: [m[Kno matching function for call to ‘[01m[KMAV_State::create_subscription<px4_msgs::msg::VehicleStatus>(const char [29], rmw_qos_profile_t&, std::_Bind_helper<false, void (MAV_State::*)(std::shared_ptr<px4_msgs::msg::VehicleStatus_<std::allocator<void> > >), MAV_State*, const std::_Placeholder<1>&>::type)[m[K’
   35 |         MAV3_ = [01;31m[Kthis->create_subscription<px4_msgs::msg::VehicleStatus>([m[K
      |                 [01;31m[K~~~~~~~~~~~~~~~~~~~~~~~~~~~~~~~~~~~~~~~~~~~~~~~~~~~~~~~^[m[K
   36 | [01;31m[K            "/MAV3/fmu/out/vehicle_status", qos_profile, std::bind(&MAV_State::MAV3_CB, this, std::placeholders::_1))[m[K;
      |             [01;31m[K~~~~~~~~~~~~~~~~~~~~~~~~~~~~~~~~~~~~~~~~~~~~~~~~~~~~~~~~~~~~~~~~~~~~~~~~~~~~~~~~~~~~~~~~~~~~~~~~~~~~~~~~~[m[K
In file included from [01m[K/opt/ros/humble/include/rclcpp/rclcpp/executors/single_threaded_executor.hpp:28[m[K,
                 from [01m[K/opt/ros/humble/include/rclcpp/rclcpp/executors.hpp:22[m[K,
                 from [01m[K/opt/ros/humble/include/rclcpp/rclcpp/rclcpp.hpp:155[m[K,
                 from [01m[K/home/lee/workspace/ros2_ex/src/ground/node/keyboard_node.cpp:1[m[K:
[01m[K/opt/ros/humble/include/rclcpp/rclcpp/node.hpp:219:3:[m[K [01;36m[Knote: [m[Kcandidate: ‘[01m[Ktemplate<class MessageT, class CallbackT, class AllocatorT, class SubscriptionT, class MessageMemoryStrategyT> std::shared_ptr<ROSMessageT> rclcpp::Node::create_subscription(const string&, const rclcpp::QoS&, CallbackT&&, const rclcpp::SubscriptionOptionsWithAllocator<AllocatorT>&, typename MessageMemoryStrategyT::SharedPtr)[m[K’
  219 |   [01;36m[Kcreate_subscription[m[K(
      |   [01;36m[K^~~~~~~~~~~~~~~~~~~[m[K
[01m[K/opt/ros/humble/include/rclcpp/rclcpp/node.hpp:219:3:[m[K [01;36m[Knote: [m[K  template argument deduction/substitution failed:
[01m[K/home/lee/workspace/ros2_ex/src/ground/node/keyboard_node.cpp:36:45:[m[K [01;36m[Knote: [m[K  cannot convert ‘[01m[Kqos_profile[m[K’ (type ‘[01m[Krmw_qos_profile_t[m[K’ {aka ‘[01m[Krmw_qos_profile_s[m[K’}) to type ‘[01m[Kconst rclcpp::QoS&[m[K’
   36 |             "/MAV3/fmu/out/vehicle_status", [01;36m[Kqos_profile[m[K, std::bind(&MAV_State::MAV3_CB, this, std::placeholders::_1));
      |                                             [01;36m[K^~~~~~~~~~~[m[K
[01m[K/home/lee/workspace/ros2_ex/src/ground/node/keyboard_node.cpp:37:72:[m[K [01;31m[Kerror: [m[Kno matching function for call to ‘[01m[KMAV_State::create_subscription<px4_msgs::msg::VehicleStatus>(const char [29], rmw_qos_profile_t&, std::_Bind_helper<false, void (MAV_State::*)(std::shared_ptr<px4_msgs::msg::VehicleStatus_<std::allocator<void> > >), MAV_State*, const std::_Placeholder<1>&>::type)[m[K’
   37 |         MAV4_ = [01;31m[Kthis->create_subscription<px4_msgs::msg::VehicleStatus>([m[K
      |                 [01;31m[K~~~~~~~~~~~~~~~~~~~~~~~~~~~~~~~~~~~~~~~~~~~~~~~~~~~~~~~^[m[K
   38 | [01;31m[K            "/MAV4/fmu/out/vehicle_status", qos_profile, std::bind(&MAV_State::MAV4_CB, this, std::placeholders::_1))[m[K;
      |             [01;31m[K~~~~~~~~~~~~~~~~~~~~~~~~~~~~~~~~~~~~~~~~~~~~~~~~~~~~~~~~~~~~~~~~~~~~~~~~~~~~~~~~~~~~~~~~~~~~~~~~~~~~~~~~~[m[K
In file included from [01m[K/opt/ros/humble/include/rclcpp/rclcpp/executors/single_threaded_executor.hpp:28[m[K,
                 from [01m[K/opt/ros/humble/include/rclcpp/rclcpp/executors.hpp:22[m[K,
                 from [01m[K/opt/ros/humble/include/rclcpp/rclcpp/rclcpp.hpp:155[m[K,
                 from [01m[K/home/lee/workspace/ros2_ex/src/ground/node/keyboard_node.cpp:1[m[K:
[01m[K/opt/ros/humble/include/rclcpp/rclcpp/node.hpp:219:3:[m[K [01;36m[Knote: [m[Kcandidate: ‘[01m[Ktemplate<class MessageT, class CallbackT, class AllocatorT, class SubscriptionT, class MessageMemoryStrategyT> std::shared_ptr<ROSMessageT> rclcpp::Node::create_subscription(const string&, const rclcpp::QoS&, CallbackT&&, const rclcpp::SubscriptionOptionsWithAllocator<AllocatorT>&, typename MessageMemoryStrategyT::SharedPtr)[m[K’
  219 |   [01;36m[Kcreate_subscription[m[K(
      |   [01;36m[K^~~~~~~~~~~~~~~~~~~[m[K
[01m[K/opt/ros/humble/include/rclcpp/rclcpp/node.hpp:219:3:[m[K [01;36m[Knote: [m[K  template argument deduction/substitution failed:
[01m[K/home/lee/workspace/ros2_ex/src/ground/node/keyboard_node.cpp:38:45:[m[K [01;36m[Knote: [m[K  cannot convert ‘[01m[Kqos_profile[m[K’ (type ‘[01m[Krmw_qos_profile_t[m[K’ {aka ‘[01m[Krmw_qos_profile_s[m[K’}) to type ‘[01m[Kconst rclcpp::QoS&[m[K’
   38 |             "/MAV4/fmu/out/vehicle_status", [01;36m[Kqos_profile[m[K, std::bind(&MAV_State::MAV4_CB, this, std::placeholders::_1));
      |                                             [01;36m[K^~~~~~~~~~~[m[K
gmake[2]: *** [CMakeFiles/keyboard_node.dir/build.make:76: CMakeFiles/keyboard_node.dir/node/keyboard_node.cpp.o] Error 1
gmake[1]: *** [CMakeFiles/Makefile2:227: CMakeFiles/keyboard_node.dir/all] Error 2
gmake: *** [Makefile:146: all] Error 2
