[0.006s] Invoking command in '/home/lee/workspace/ros2_ex/build/ground': CMAKE_PREFIX_PATH=/home/lee/workspace/ros2_ex/install/px4_msgs:/home/lee/workspace/vrpn/install/vrpn_mocap:/home/lee/workspace/vrpn/install/mocap_px4_bridge:/home/lee/workspace/vrpn/install/px4_msgs:/home/lee/workspace/vrpn/install/mocap_optitrack:/home/lee/workspace/ros2_ex/install/sensor:/home/lee/workspace/ros2_ex/install/ground:/home/lee/workspace/ros2_ex/install/MAV1:/opt/ros/humble LD_LIBRARY_PATH=/home/lee/workspace/ros2_ex/install/px4_msgs/lib:/home/lee/workspace/vrpn/install/px4_msgs/lib:/opt/ros/humble/opt/rviz_ogre_vendor/lib:/opt/ros/humble/lib/x86_64-linux-gnu:/opt/ros/humble/lib:/home/lee/gazebo_maritime_ws/install/lib:/home/lee/gazebo_maritime_ws/install/lib /usr/bin/cmake --build /home/lee/workspace/ros2_ex/build/ground -- -j32 -l32
[0.019s] -- Found ament_cmake: 1.3.11 (/opt/ros/humble/share/ament_cmake/cmake)
[0.075s] -- Override CMake install command with custom implementation using symlinks instead of copying resources
[0.078s] -- Found rclcpp: 16.0.12 (/opt/ros/humble/share/rclcpp/cmake)
[0.090s] -- Found rosidl_generator_c: 3.1.6 (/opt/ros/humble/share/rosidl_generator_c/cmake)
[0.092s] -- Found rosidl_adapter: 3.1.6 (/opt/ros/humble/share/rosidl_adapter/cmake)
[0.094s] -- Found rosidl_generator_cpp: 3.1.6 (/opt/ros/humble/share/rosidl_generator_cpp/cmake)
[0.098s] -- Using all available rosidl_typesupport_c: rosidl_typesupport_fastrtps_c;rosidl_typesupport_introspection_c
[0.103s] -- Using all available rosidl_typesupport_cpp: rosidl_typesupport_fastrtps_cpp;rosidl_typesupport_introspection_cpp
[0.117s] -- Found rmw_implementation_cmake: 6.1.2 (/opt/ros/humble/share/rmw_implementation_cmake/cmake)
[0.117s] -- Found rmw_fastrtps_cpp: 6.2.7 (/opt/ros/humble/share/rmw_fastrtps_cpp/cmake)
[0.171s] -- Using RMW implementation 'rmw_fastrtps_cpp' as default
[0.193s] -- Found geometry_msgs: 4.9.0 (/opt/ros/humble/share/geometry_msgs/cmake)
[0.198s] -- Found nav_msgs: 4.9.0 (/opt/ros/humble/share/nav_msgs/cmake)
[0.205s] -- Found tf2: 0.25.13 (/opt/ros/humble/share/tf2/cmake)
[0.207s] -- Found tf2_ros: 0.25.13 (/opt/ros/humble/share/tf2_ros/cmake)
[0.241s] -- Found px4_msgs: 2.0.1 (/home/lee/workspace/ros2_ex/install/px4_msgs/share/px4_msgs/cmake)
[0.257s] -- Found ament_lint_auto: 0.12.12 (/opt/ros/humble/share/ament_lint_auto/cmake)
[0.290s] -- Added test 'cppcheck' to perform static code analysis on C / C++ code
[0.290s] -- Configured cppcheck include dirs: /home/lee/workspace/ros2_ex/src/ground/include;$<BUILD_INTERFACE:/home/lee/workspace/ros2_ex/src/ground/include>
[0.291s] -- Configured cppcheck exclude dirs and/or files: 
[0.291s] -- Added test 'lint_cmake' to check CMake code style
[0.291s] -- Added test 'uncrustify' to check C / C++ code style
[0.291s] -- Configured uncrustify additional arguments: 
[0.291s] -- Added test 'xmllint' to check XML markup files
[0.291s] -- Configuring done
[0.293s] [31mCMake Error at CMakeLists.txt:50 (add_executable):
[0.293s]   Cannot find source file:
[0.293s] 
[0.294s]     sec/platform_topic_tool.cpp
[0.294s] 
[0.294s]   Tried extensions .c .C .c++ .cc .cpp .cxx .cu .mpp .m .M .mm .ixx .cppm .h
[0.294s]   .hh .h++ .hm .hpp .hxx .in .txx .f .F .for .f77 .f90 .f95 .f03 .hip .ispc
[0.294s] 
[0.294s] [0m
[0.294s] [31mCMake Error at CMakeLists.txt:50 (add_executable):
[0.294s]   No SOURCES given to target: platform_topic_tool
[0.294s] 
[0.294s] [0m
[0.294s] [0mCMake Generate step failed.  Build files cannot be regenerated correctly.[0m
[0.297s] gmake: *** [Makefile:540: cmake_check_build_system] Error 1
[0.299s] Invoked command in '/home/lee/workspace/ros2_ex/build/ground' returned '2': CMAKE_PREFIX_PATH=/home/lee/workspace/ros2_ex/install/px4_msgs:/home/lee/workspace/vrpn/install/vrpn_mocap:/home/lee/workspace/vrpn/install/mocap_px4_bridge:/home/lee/workspace/vrpn/install/px4_msgs:/home/lee/workspace/vrpn/install/mocap_optitrack:/home/lee/workspace/ros2_ex/install/sensor:/home/lee/workspace/ros2_ex/install/ground:/home/lee/workspace/ros2_ex/install/MAV1:/opt/ros/humble LD_LIBRARY_PATH=/home/lee/workspace/ros2_ex/install/px4_msgs/lib:/home/lee/workspace/vrpn/install/px4_msgs/lib:/opt/ros/humble/opt/rviz_ogre_vendor/lib:/opt/ros/humble/lib/x86_64-linux-gnu:/opt/ros/humble/lib:/home/lee/gazebo_maritime_ws/install/lib:/home/lee/gazebo_maritime_ws/install/lib /usr/bin/cmake --build /home/lee/workspace/ros2_ex/build/ground -- -j32 -l32
