[0.000s] Invoking command in '/home/lee/workspace/ros2_ex/build/MAV1': CMAKE_PREFIX_PATH=/home/lee/workspace/ros2_ex/install/px4_msgs:/home/lee/workspace/ros2_ex/install/sensor:/home/lee/workspace/ros2_ex/install/ground:/home/lee/workspace/ros2_ex/install/MAV1:/home/lee/workspace/vrpn/install/vrpn_mocap:/home/lee/workspace/vrpn/install/mocap_px4_bridge:/home/lee/workspace/vrpn/install/px4_msgs:/home/lee/workspace/vrpn/install/mocap_optitrack:/opt/ros/humble /usr/bin/cmake /home/lee/workspace/ros2_ex/src/MAV/MAV1 -DCMAKE_BUILD_TYPE=RelWithDebInfo -DAMENT_CMAKE_SYMLINK_INSTALL=1 -DCMAKE_INSTALL_PREFIX=/home/lee/workspace/ros2_ex/install/MAV1
[0.001s] -- Found ament_cmake: 1.3.11 (/opt/ros/humble/share/ament_cmake/cmake)
[0.002s] -- Override CMake install command with custom implementation using symlinks instead of copying resources
[0.005s] -- Found rclcpp: 16.0.12 (/opt/ros/humble/share/rclcpp/cmake)
[0.018s] -- Found rosidl_generator_c: 3.1.6 (/opt/ros/humble/share/rosidl_generator_c/cmake)
[0.019s] -- Found rosidl_adapter: 3.1.6 (/opt/ros/humble/share/rosidl_adapter/cmake)
[0.022s] -- Found rosidl_generator_cpp: 3.1.6 (/opt/ros/humble/share/rosidl_generator_cpp/cmake)
[0.026s] -- Using all available rosidl_typesupport_c: rosidl_typesupport_fastrtps_c;rosidl_typesupport_introspection_c
[0.032s] -- Using all available rosidl_typesupport_cpp: rosidl_typesupport_fastrtps_cpp;rosidl_typesupport_introspection_cpp
[0.047s] -- Found rmw_implementation_cmake: 6.1.2 (/opt/ros/humble/share/rmw_implementation_cmake/cmake)
[0.047s] -- Found rmw_fastrtps_cpp: 6.2.7 (/opt/ros/humble/share/rmw_fastrtps_cpp/cmake)
[0.113s] -- Using RMW implementation 'rmw_fastrtps_cpp' as default
[0.134s] -- Found geometry_msgs: 4.9.0 (/opt/ros/humble/share/geometry_msgs/cmake)
[0.139s] -- Found nav_msgs: 4.9.0 (/opt/ros/humble/share/nav_msgs/cmake)
[0.146s] -- Found tf2: 0.25.13 (/opt/ros/humble/share/tf2/cmake)
[0.148s] -- Found tf2_ros: 0.25.13 (/opt/ros/humble/share/tf2_ros/cmake)
[0.181s] -- Found px4_msgs: 2.0.1 (/home/lee/workspace/ros2_ex/install/px4_msgs/share/px4_msgs/cmake)
[0.187s] -- Found ament_lint_auto: 0.12.12 (/opt/ros/humble/share/ament_lint_auto/cmake)
[0.211s] WARNING: Package name "MAV1" does not follow the naming conventions. It should start with a lower case letter and only contain lower case letters, digits, underscores, and dashes.
[0.436s] -- Added test 'cppcheck' to perform static code analysis on C / C++ code
[0.436s] -- Configured cppcheck include dirs: /home/lee/workspace/ros2_ex/src/MAV/MAV1/include
[0.436s] -- Configured cppcheck exclude dirs and/or files: 
[0.464s] -- Added test 'flake8' to check Python code syntax and style conventions
[0.517s] -- Added test 'lint_cmake' to check CMake code style
[0.545s] -- Added test 'pep257' to check Python code against some of the docstring style conventions in PEP 257
[0.765s] -- Added test 'uncrustify' to check C / C++ code style
[0.766s] -- Configured uncrustify additional arguments: 
[0.793s] -- Added test 'xmllint' to check XML markup files
[0.793s] -- Configuring done
[0.797s] -- Generating done
[0.799s] -- Build files have been written to: /home/lee/workspace/ros2_ex/build/MAV1
[0.803s] Invoked command in '/home/lee/workspace/ros2_ex/build/MAV1' returned '0': CMAKE_PREFIX_PATH=/home/lee/workspace/ros2_ex/install/px4_msgs:/home/lee/workspace/ros2_ex/install/sensor:/home/lee/workspace/ros2_ex/install/ground:/home/lee/workspace/ros2_ex/install/MAV1:/home/lee/workspace/vrpn/install/vrpn_mocap:/home/lee/workspace/vrpn/install/mocap_px4_bridge:/home/lee/workspace/vrpn/install/px4_msgs:/home/lee/workspace/vrpn/install/mocap_optitrack:/opt/ros/humble /usr/bin/cmake /home/lee/workspace/ros2_ex/src/MAV/MAV1 -DCMAKE_BUILD_TYPE=RelWithDebInfo -DAMENT_CMAKE_SYMLINK_INSTALL=1 -DCMAKE_INSTALL_PREFIX=/home/lee/workspace/ros2_ex/install/MAV1
[0.804s] Invoking command in '/home/lee/workspace/ros2_ex/build/MAV1': CMAKE_PREFIX_PATH=/home/lee/workspace/ros2_ex/install/px4_msgs:/home/lee/workspace/ros2_ex/install/sensor:/home/lee/workspace/ros2_ex/install/ground:/home/lee/workspace/ros2_ex/install/MAV1:/home/lee/workspace/vrpn/install/vrpn_mocap:/home/lee/workspace/vrpn/install/mocap_px4_bridge:/home/lee/workspace/vrpn/install/px4_msgs:/home/lee/workspace/vrpn/install/mocap_optitrack:/opt/ros/humble /usr/bin/cmake --build /home/lee/workspace/ros2_ex/build/MAV1 -- -j32 -l32
[0.830s] [35m[1mConsolidate compiler generated dependencies of target MAV1[0m
[0.841s] [ 50%] [32mBuilding CXX object CMakeFiles/MAV1.dir/node/main.cpp.o[0m
[2.273s] [01m[K/home/lee/workspace/ros2_ex/src/MAV/MAV1/node/main.cpp:106:15:[m[K [01;31m[Kerror: [m[K‘[01m[KMAVControl_Nodemsg[m[K’ in namespace ‘[01m[Kstd_msgs[m[K’ does not name a type
[2.273s]   106 |     std_msgs::[01;31m[KMAVControl_Nodemsg[m[K::Float32MultiArray Eul_cmd_;
[2.273s]       |               [01;31m[K^~~~~~~~~~~~~~~~~~[m[K
[2.335s] [01m[K/home/lee/workspace/ros2_ex/src/MAV/MAV1/node/main.cpp:[m[K In constructor ‘[01m[KMAVControl_Node::MAVControl_Node()[m[K’:
[2.336s] [01m[K/home/lee/workspace/ros2_ex/src/MAV/MAV1/node/main.cpp:41:9:[m[K [01;31m[Kerror: [m[K‘[01m[Kstate_sub_[m[K’ was not declared in this scope
[2.336s]    41 |         [01;31m[Kstate_sub_[m[K = this->create_subscription<px4_msgs::msg::VehicleStatus>(
[2.336s]       |         [01;31m[K^~~~~~~~~~[m[K
[2.336s] [01m[K/home/lee/workspace/ros2_ex/src/MAV/MAV1/node/main.cpp:41:63:[m[K [01;31m[Kerror: [m[K‘[01m[KVehicleStatus[m[K’ is not a member of ‘[01m[Kpx4_msgs::msg[m[K’; did you mean ‘[01m[KVehicleAttitude[m[K’?
[2.336s]    41 |         state_sub_ = this->create_subscription<px4_msgs::msg::[01;31m[KVehicleStatus[m[K>(
[2.336s]       |                                                               [01;31m[K^~~~~~~~~~~~~[m[K
[2.336s]       |                                                               [32m[KVehicleAttitude[m[K
[2.336s] [01m[K/home/lee/workspace/ros2_ex/src/MAV/MAV1/node/main.cpp:43:41:[m[K [01;31m[Kerror: [m[K‘[01m[Kstate_cb[m[K’ is not a member of ‘[01m[KMAVControl_Node[m[K’
[2.336s]    43 |             std::bind(&MAVControl_Node::[01;31m[Kstate_cb[m[K, this, std::placeholders::_1));
[2.336s]       |                                         [01;31m[K^~~~~~~~[m[K
[2.339s] [01m[K/home/lee/workspace/ros2_ex/src/MAV/MAV1/node/main.cpp:46:79:[m[K [01;31m[Kerror: [m[Kno match for ‘[01m[Koperator=[m[K’ (operand types are ‘[01m[Krclcpp::Subscription<geometry_msgs::msg::PoseStamped_<std::allocator<void> > >::SharedPtr[m[K’ {aka ‘[01m[Kstd::shared_ptr<rclcpp::Subscription<geometry_msgs::msg::PoseStamped_<std::allocator<void> > > >[m[K’} and ‘[01m[Kstd::shared_ptr<rclcpp::Subscription<std_msgs::msg::Float64MultiArray_<std::allocator<void> > > >[m[K’)
[2.339s]    46 |             std::bind(&MAVControl_Node::mav_pose, this, std::placeholders::_1)[01;31m[K)[m[K;
[2.339s]       |                                                                               [01;31m[K^[m[K
[2.339s] In file included from [01m[K/usr/include/c++/11/memory:77[m[K,
[2.339s]                  from [01m[K/opt/ros/humble/include/rclcpp/rclcpp/rclcpp.hpp:153[m[K,
[2.339s]                  from [01m[K/home/lee/workspace/ros2_ex/src/MAV/MAV1/node/main.cpp:1[m[K:
[2.339s] [01m[K/usr/include/c++/11/bits/shared_ptr.h:363:9:[m[K [01;36m[Knote: [m[Kcandidate: ‘[01m[Ktemplate<class _Yp> std::shared_ptr<_Tp>::_Assignable<const std::shared_ptr<_Yp>&> std::shared_ptr<_Tp>::operator=(const std::shared_ptr<_Yp>&) [with _Yp = _Yp; _Tp = rclcpp::Subscription<geometry_msgs::msg::PoseStamped_<std::allocator<void> > >][m[K’
[2.339s]   363 |         [01;36m[Koperator[m[K=(const shared_ptr<_Yp>& __r) noexcept
[2.339s]       |         [01;36m[K^~~~~~~~[m[K
[2.339s] [01m[K/usr/include/c++/11/bits/shared_ptr.h:363:9:[m[K [01;36m[Knote: [m[K  template argument deduction/substitution failed:
[2.339s] /usr/include/c++/11/bits/shared_ptr.h: In substitution of ‘[01m[Ktemplate<class _Tp> template<class _Arg> using _Assignable = typename std::enable_if<std::is_assignable<std::__shared_ptr<_Tp>&, _Arg>::value, std::shared_ptr<_Tp>&>::type [with _Arg = const std::shared_ptr<rclcpp::Subscription<std_msgs::msg::Float64MultiArray_<std::allocator<void> > > >&; _Tp = rclcpp::Subscription<geometry_msgs::msg::PoseStamped_<std::allocator<void> > >][m[K’:
[2.340s] [01m[K/usr/include/c++/11/bits/shared_ptr.h:363:2:[m[K   required by substitution of ‘[01m[Ktemplate<class _Yp> std::shared_ptr<rclcpp::Subscription<geometry_msgs::msg::PoseStamped_<std::allocator<void> > > >::_Assignable<const std::shared_ptr<_Tp>&> std::shared_ptr<rclcpp::Subscription<geometry_msgs::msg::PoseStamped_<std::allocator<void> > > >::operator=<_Yp>(const std::shared_ptr<_Tp>&) [with _Yp = rclcpp::Subscription<std_msgs::msg::Float64MultiArray_<std::allocator<void> > >][m[K’
[2.340s] [01m[K/home/lee/workspace/ros2_ex/src/MAV/MAV1/node/main.cpp:46:79:[m[K   required from here
[2.340s] [01m[K/usr/include/c++/11/bits/shared_ptr.h:130:15:[m[K [01;31m[Kerror: [m[Kno type named ‘[01m[Ktype[m[K’ in ‘[01m[Kstruct std::enable_if<false, std::shared_ptr<rclcpp::Subscription<geometry_msgs::msg::PoseStamped_<std::allocator<void> > > >&>[m[K’
[2.340s]   130 |         using [01;31m[K_Assignable[m[K = typename enable_if<
[2.340s]       |               [01;31m[K^~~~~~~~~~~[m[K
[2.340s] [01m[K/usr/include/c++/11/bits/shared_ptr.h:374:9:[m[K [01;36m[Knote: [m[Kcandidate: ‘[01m[Ktemplate<class _Yp> std::shared_ptr<_Tp>::_Assignable<std::auto_ptr<_Up> > std::shared_ptr<_Tp>::operator=(std::auto_ptr<_Up>&&) [with _Yp = _Yp; _Tp = rclcpp::Subscription<geometry_msgs::msg::PoseStamped_<std::allocator<void> > >][m[K’
[2.340s]   374 |         [01;36m[Koperator[m[K=(auto_ptr<_Yp>&& __r)
[2.340s]       |         [01;36m[K^~~~~~~~[m[K
[2.340s] [01m[K/usr/include/c++/11/bits/shared_ptr.h:374:9:[m[K [01;36m[Knote: [m[K  template argument deduction/substitution failed:
[2.340s] [01m[K/home/lee/workspace/ros2_ex/src/MAV/MAV1/node/main.cpp:46:79:[m[K [01;36m[Knote: [m[K  ‘[01m[Kstd::shared_ptr<rclcpp::Subscription<std_msgs::msg::Float64MultiArray_<std::allocator<void> > > >[m[K’ is not derived from ‘[01m[Kstd::auto_ptr<_Up>[m[K’
[2.340s]    46 |             std::bind(&MAVControl_Node::mav_pose, this, std::placeholders::_1)[01;36m[K)[m[K;
[2.340s]       |                                                                               [01;36m[K^[m[K
[2.340s] In file included from [01m[K/usr/include/c++/11/memory:77[m[K,
[2.340s]                  from [01m[K/opt/ros/humble/include/rclcpp/rclcpp/rclcpp.hpp:153[m[K,
[2.340s]                  from [01m[K/home/lee/workspace/ros2_ex/src/MAV/MAV1/node/main.cpp:1[m[K:
[2.340s] [01m[K/usr/include/c++/11/bits/shared_ptr.h:391:9:[m[K [01;36m[Knote: [m[Kcandidate: ‘[01m[Ktemplate<class _Yp> std::shared_ptr<_Tp>::_Assignable<std::shared_ptr<_Yp> > std::shared_ptr<_Tp>::operator=(std::shared_ptr<_Yp>&&) [with _Yp = _Yp; _Tp = rclcpp::Subscription<geometry_msgs::msg::PoseStamped_<std::allocator<void> > >][m[K’
[2.340s]   391 |         [01;36m[Koperator[m[K=(shared_ptr<_Yp>&& __r) noexcept
[2.340s]       |         [01;36m[K^~~~~~~~[m[K
[2.340s] [01m[K/usr/include/c++/11/bits/shared_ptr.h:391:9:[m[K [01;36m[Knote: [m[K  template argument deduction/substitution failed:
[2.340s] /usr/include/c++/11/bits/shared_ptr.h: In substitution of ‘[01m[Ktemplate<class _Tp> template<class _Arg> using _Assignable = typename std::enable_if<std::is_assignable<std::__shared_ptr<_Tp>&, _Arg>::value, std::shared_ptr<_Tp>&>::type [with _Arg = std::shared_ptr<rclcpp::Subscription<std_msgs::msg::Float64MultiArray_<std::allocator<void> > > >; _Tp = rclcpp::Subscription<geometry_msgs::msg::PoseStamped_<std::allocator<void> > >][m[K’:
[2.340s] [01m[K/usr/include/c++/11/bits/shared_ptr.h:391:2:[m[K   required by substitution of ‘[01m[Ktemplate<class _Yp> std::shared_ptr<rclcpp::Subscription<geometry_msgs::msg::PoseStamped_<std::allocator<void> > > >::_Assignable<std::shared_ptr<_Tp> > std::shared_ptr<rclcpp::Subscription<geometry_msgs::msg::PoseStamped_<std::allocator<void> > > >::operator=<_Yp>(std::shared_ptr<_Tp>&&) [with _Yp = rclcpp::Subscription<std_msgs::msg::Float64MultiArray_<std::allocator<void> > >][m[K’
[2.340s] [01m[K/home/lee/workspace/ros2_ex/src/MAV/MAV1/node/main.cpp:46:79:[m[K   required from here
[2.341s] [01m[K/usr/include/c++/11/bits/shared_ptr.h:130:15:[m[K [01;31m[Kerror: [m[Kno type named ‘[01m[Ktype[m[K’ in ‘[01m[Kstruct std::enable_if<false, std::shared_ptr<rclcpp::Subscription<geometry_msgs::msg::PoseStamped_<std::allocator<void> > > >&>[m[K’
[2.341s]   130 |         using [01;31m[K_Assignable[m[K = typename enable_if<
[2.341s]       |               [01;31m[K^~~~~~~~~~~[m[K
[2.341s] [01m[K/usr/include/c++/11/bits/shared_ptr.h:399:9:[m[K [01;36m[Knote: [m[Kcandidate: ‘[01m[Ktemplate<class _Yp, class _Del> std::shared_ptr<_Tp>::_Assignable<std::unique_ptr<_Up, _Ep> > std::shared_ptr<_Tp>::operator=(std::unique_ptr<_Up, _Ep>&&) [with _Yp = _Yp; _Del = _Del; _Tp = rclcpp::Subscription<geometry_msgs::msg::PoseStamped_<std::allocator<void> > >][m[K’
[2.341s]   399 |         [01;36m[Koperator[m[K=(unique_ptr<_Yp, _Del>&& __r)
[2.341s]       |         [01;36m[K^~~~~~~~[m[K
[2.341s] [01m[K/usr/include/c++/11/bits/shared_ptr.h:399:9:[m[K [01;36m[Knote: [m[K  template argument deduction/substitution failed:
[2.341s] [01m[K/home/lee/workspace/ros2_ex/src/MAV/MAV1/node/main.cpp:46:79:[m[K [01;36m[Knote: [m[K  ‘[01m[Kstd::shared_ptr<rclcpp::Subscription<std_msgs::msg::Float64MultiArray_<std::allocator<void> > > >[m[K’ is not derived from ‘[01m[Kstd::unique_ptr<_Tp, _Dp>[m[K’
[2.341s]    46 |             std::bind(&MAVControl_Node::mav_pose, this, std::placeholders::_1)[01;36m[K)[m[K;
[2.341s]       |                                                                               [01;36m[K^[m[K
[2.341s] In file included from [01m[K/usr/include/c++/11/memory:77[m[K,
[2.341s]                  from [01m[K/opt/ros/humble/include/rclcpp/rclcpp/rclcpp.hpp:153[m[K,
[2.341s]                  from [01m[K/home/lee/workspace/ros2_ex/src/MAV/MAV1/node/main.cpp:1[m[K:
[2.341s] [01m[K/usr/include/c++/11/bits/shared_ptr.h:359:19:[m[K [01;36m[Knote: [m[Kcandidate: ‘[01m[Kstd::shared_ptr<_Tp>& std::shared_ptr<_Tp>::operator=(const std::shared_ptr<_Tp>&) [with _Tp = rclcpp::Subscription<geometry_msgs::msg::PoseStamped_<std::allocator<void> > >][m[K’
[2.341s]   359 |       shared_ptr& [01;36m[Koperator[m[K=(const shared_ptr&) noexcept = default;
[2.341s]       |                   [01;36m[K^~~~~~~~[m[K
[2.341s] [01m[K/usr/include/c++/11/bits/shared_ptr.h:359:29:[m[K [01;36m[Knote: [m[K  no known conversion for argument 1 from ‘[01m[Kstd::shared_ptr<rclcpp::Subscription<std_msgs::msg::Float64MultiArray_<std::allocator<void> > > >[m[K’ to ‘[01m[Kconst std::shared_ptr<rclcpp::Subscription<geometry_msgs::msg::PoseStamped_<std::allocator<void> > > >&[m[K’
[2.341s]   359 |       shared_ptr& operator=([01;36m[Kconst shared_ptr&[m[K) noexcept = default;
[2.341s]       |                             [01;36m[K^~~~~~~~~~~~~~~~~[m[K
[2.341s] [01m[K/usr/include/c++/11/bits/shared_ptr.h:383:7:[m[K [01;36m[Knote: [m[Kcandidate: ‘[01m[Kstd::shared_ptr<_Tp>& std::shared_ptr<_Tp>::operator=(std::shared_ptr<_Tp>&&) [with _Tp = rclcpp::Subscription<geometry_msgs::msg::PoseStamped_<std::allocator<void> > >][m[K’
[2.341s]   383 |       [01;36m[Koperator[m[K=(shared_ptr&& __r) noexcept
[2.342s]       |       [01;36m[K^~~~~~~~[m[K
[2.342s] [01m[K/usr/include/c++/11/bits/shared_ptr.h:383:30:[m[K [01;36m[Knote: [m[K  no known conversion for argument 1 from ‘[01m[Kstd::shared_ptr<rclcpp::Subscription<std_msgs::msg::Float64MultiArray_<std::allocator<void> > > >[m[K’ to ‘[01m[Kstd::shared_ptr<rclcpp::Subscription<geometry_msgs::msg::PoseStamped_<std::allocator<void> > > >&&[m[K’
[2.342s]   383 |       operator=([01;36m[Kshared_ptr&& __r[m[K) noexcept
[2.342s]       |                 [01;36m[K~~~~~~~~~~~~~^~~[m[K
[2.342s] [01m[K/home/lee/workspace/ros2_ex/src/MAV/MAV1/node/main.cpp:[m[K In lambda function:
[2.342s] [01m[K/home/lee/workspace/ros2_ex/src/MAV/MAV1/node/main.cpp:60:63:[m[K [01;31m[Kerror: [m[K‘[01m[KVehicleCommand[m[K’ has not been declared
[2.342s]    60 |                                 this->publish_vehicle_command([01;31m[KVehicleCommand[m[K::VEHICLE_CMD_DO_SET_MODE, 1, 6);
[2.342s]       |                                                               [01;31m[K^~~~~~~~~~~~~~[m[K
[2.342s] [01m[K/home/lee/workspace/ros2_ex/src/MAV/MAV1/node/main.cpp:[m[K In lambda function:
[2.342s] [01m[K/home/lee/workspace/ros2_ex/src/MAV/MAV1/node/main.cpp:77:51:[m[K [01;31m[Kerror: [m[Kno match for ‘[01m[Koperator=[m[K’ (operand types are ‘[01m[Kstd_msgs::msg::Int16[m[K’ {aka ‘[01m[Kstd_msgs::msg::Int16_<std::allocator<void> >[m[K’} and ‘[01m[KMAV_mod[m[K’)
[2.342s]    77 |                 if(Change_Mode_Trigger_ =MAV_mod::[01;31m[KIDLE[m[K ){
[2.342s]       |                                                   [01;31m[K^~~~[m[K
[2.342s] In file included from [01m[K/opt/ros/humble/include/std_msgs/std_msgs/msg/int16.hpp:7[m[K,
[2.342s]                  from [01m[K/home/lee/workspace/ros2_ex/src/MAV/MAV1/node/main.cpp:3[m[K:
[2.342s] [01m[K/opt/ros/humble/include/std_msgs/std_msgs/msg/detail/int16__struct.hpp:32:8:[m[K [01;36m[Knote: [m[Kcandidate: ‘[01m[Kconstexpr std_msgs::msg::Int16_<std::allocator<void> >& std_msgs::msg::Int16_<std::allocator<void> >::operator=(const std_msgs::msg::Int16_<std::allocator<void> >&)[m[K’
[2.342s]    32 | struct [01;36m[KInt16_[m[K
[2.342s]       |        [01;36m[K^~~~~~[m[K
[2.342s] [01m[K/opt/ros/humble/include/std_msgs/std_msgs/msg/detail/int16__struct.hpp:32:8:[m[K [01;36m[Knote: [m[K  no known conversion for argument 1 from ‘[01m[KMAV_mod[m[K’ to ‘[01m[Kconst std_msgs::msg::Int16_<std::allocator<void> >&[m[K’
[2.342s] [01m[K/opt/ros/humble/include/std_msgs/std_msgs/msg/detail/int16__struct.hpp:32:8:[m[K [01;36m[Knote: [m[Kcandidate: ‘[01m[Kconstexpr std_msgs::msg::Int16_<std::allocator<void> >& std_msgs::msg::Int16_<std::allocator<void> >::operator=(std_msgs::msg::Int16_<std::allocator<void> >&&)[m[K’
[2.342s] [01m[K/opt/ros/humble/include/std_msgs/std_msgs/msg/detail/int16__struct.hpp:32:8:[m[K [01;36m[Knote: [m[K  no known conversion for argument 1 from ‘[01m[KMAV_mod[m[K’ to ‘[01m[Kstd_msgs::msg::Int16_<std::allocator<void> >&&[m[K’
[2.342s] [01m[K/home/lee/workspace/ros2_ex/src/MAV/MAV1/node/main.cpp:82:51:[m[K [01;31m[Kerror: [m[Kno match for ‘[01m[Koperator=[m[K’ (operand types are ‘[01m[Kstd_msgs::msg::Int16[m[K’ {aka ‘[01m[Kstd_msgs::msg::Int16_<std::allocator<void> >[m[K’} and ‘[01m[KMAV_mod[m[K’)
[2.342s]    82 |                 if(Change_Mode_Trigger_ =MAV_mod::[01;31m[KTAKEOFF[m[K){
[2.342s]       |                                                   [01;31m[K^~~~~~~[m[K
[2.343s] In file included from [01m[K/opt/ros/humble/include/std_msgs/std_msgs/msg/int16.hpp:7[m[K,
[2.343s]                  from [01m[K/home/lee/workspace/ros2_ex/src/MAV/MAV1/node/main.cpp:3[m[K:
[2.343s] [01m[K/opt/ros/humble/include/std_msgs/std_msgs/msg/detail/int16__struct.hpp:32:8:[m[K [01;36m[Knote: [m[Kcandidate: ‘[01m[Kconstexpr std_msgs::msg::Int16_<std::allocator<void> >& std_msgs::msg::Int16_<std::allocator<void> >::operator=(const std_msgs::msg::Int16_<std::allocator<void> >&)[m[K’
[2.343s]    32 | struct [01;36m[KInt16_[m[K
[2.343s]       |        [01;36m[K^~~~~~[m[K
[2.343s] [01m[K/opt/ros/humble/include/std_msgs/std_msgs/msg/detail/int16__struct.hpp:32:8:[m[K [01;36m[Knote: [m[K  no known conversion for argument 1 from ‘[01m[KMAV_mod[m[K’ to ‘[01m[Kconst std_msgs::msg::Int16_<std::allocator<void> >&[m[K’
[2.343s] [01m[K/opt/ros/humble/include/std_msgs/std_msgs/msg/detail/int16__struct.hpp:32:8:[m[K [01;36m[Knote: [m[Kcandidate: ‘[01m[Kconstexpr std_msgs::msg::Int16_<std::allocator<void> >& std_msgs::msg::Int16_<std::allocator<void> >::operator=(std_msgs::msg::Int16_<std::allocator<void> >&&)[m[K’
[2.343s] [01m[K/opt/ros/humble/include/std_msgs/std_msgs/msg/detail/int16__struct.hpp:32:8:[m[K [01;36m[Knote: [m[K  no known conversion for argument 1 from ‘[01m[KMAV_mod[m[K’ to ‘[01m[Kstd_msgs::msg::Int16_<std::allocator<void> >&&[m[K’
[2.343s] [01m[K/home/lee/workspace/ros2_ex/src/MAV/MAV1/node/main.cpp:[m[K In constructor ‘[01m[KMAVControl_Node::MAVControl_Node()[m[K’:
[2.343s] [01m[K/home/lee/workspace/ros2_ex/src/MAV/MAV1/node/main.cpp:91:43:[m[K [01;31m[Kerror: [m[Kunable to find numeric literal operator ‘[01m[Koperator""ms[m[K’
[2.343s]    91 |         timer2_ = this->create_wall_timer([01;31m[K10ms[m[K, timer2_callback);
[2.343s]       |                                           [01;31m[K^~~~[m[K
[2.343s] [01m[K/home/lee/workspace/ros2_ex/src/MAV/MAV1/node/main.cpp:93:50:[m[K [01;31m[Kerror: [m[Kunable to find numeric literal operator ‘[01m[Koperator""ms[m[K’
[2.343s]    93 |                 timer_ = this->create_wall_timer([01;31m[K100ms[m[K, timer_callback);
[2.343s]       |                                                  [01;31m[K^~~~~[m[K
[2.345s] [01m[K/home/lee/workspace/ros2_ex/src/MAV/MAV1/node/main.cpp:[m[K In member function ‘[01m[Kvoid MAVControl_Node::initialize()[m[K’:
[2.345s] [01m[K/home/lee/workspace/ros2_ex/src/MAV/MAV1/node/main.cpp:134:9:[m[K [01;31m[Kerror: [m[K‘[01m[KEul_cmd_[m[K’ was not declared in this scope; did you mean ‘[01m[KT_cmd_[m[K’?
[2.345s]   134 |         [01;31m[KEul_cmd_[m[K.data.resize(3);
[2.345s]       |         [01;31m[K^~~~~~~~[m[K
[2.345s]       |         [32m[KT_cmd_[m[K
[2.382s] [01m[K/home/lee/workspace/ros2_ex/src/MAV/MAV1/node/main.cpp:[m[K In member function ‘[01m[Kvoid MAVControl_Node::T_cmd_calculate()[m[K’:
[2.382s] [01m[K/home/lee/workspace/ros2_ex/src/MAV/MAV1/node/main.cpp:189:9:[m[K [01;31m[Kerror: [m[K‘[01m[KEul_cmd_[m[K’ was not declared in this scope; did you mean ‘[01m[KT_cmd_[m[K’?
[2.382s]   189 |         [01;31m[KEul_cmd_[m[K.data[0] = eulerAngles_mav_des(0);
[2.383s]       |         [01;31m[K^~~~~~~~[m[K
[2.383s]       |         [32m[KT_cmd_[m[K
[2.383s] [01m[K/home/lee/workspace/ros2_ex/src/MAV/MAV1/node/main.cpp:[m[K In member function ‘[01m[Kvoid MAVControl_Node::arm()[m[K’:
[2.383s] [01m[K/home/lee/workspace/ros2_ex/src/MAV/MAV1/node/main.cpp:236:37:[m[K [01;31m[Kerror: [m[K‘[01m[KVehicleCommand[m[K’ has not been declared
[2.383s]   236 |             publish_vehicle_command([01;31m[KVehicleCommand[m[K::VEHICLE_CMD_COMPONENT_ARM_DISARM, 1.0);
[2.383s]       |                                     [01;31m[K^~~~~~~~~~~~~~[m[K
[2.738s] In file included from [01m[K/opt/ros/humble/include/rclcpp/rclcpp/subscription_base.hpp:32[m[K,
[2.739s]                  from [01m[K/opt/ros/humble/include/rclcpp/rclcpp/callback_group.hpp:29[m[K,
[2.739s]                  from [01m[K/opt/ros/humble/include/rclcpp/rclcpp/any_executable.hpp:20[m[K,
[2.739s]                  from [01m[K/opt/ros/humble/include/rclcpp/rclcpp/memory_strategy.hpp:25[m[K,
[2.739s]                  from [01m[K/opt/ros/humble/include/rclcpp/rclcpp/memory_strategies.hpp:18[m[K,
[2.739s]                  from [01m[K/opt/ros/humble/include/rclcpp/rclcpp/executor_options.hpp:20[m[K,
[2.739s]                  from [01m[K/opt/ros/humble/include/rclcpp/rclcpp/executor.hpp:37[m[K,
[2.739s]                  from [01m[K/opt/ros/humble/include/rclcpp/rclcpp/executors/multi_threaded_executor.hpp:25[m[K,
[2.739s]                  from [01m[K/opt/ros/humble/include/rclcpp/rclcpp/executors.hpp:21[m[K,
[2.739s]                  from [01m[K/opt/ros/humble/include/rclcpp/rclcpp/rclcpp.hpp:155[m[K,
[2.739s]                  from [01m[K/home/lee/workspace/ros2_ex/src/MAV/MAV1/node/main.cpp:1[m[K:
[2.739s] /opt/ros/humble/include/rclcpp/rclcpp/any_subscription_callback.hpp: In instantiation of ‘[01m[Krclcpp::AnySubscriptionCallback<MessageT, AllocatorT> rclcpp::AnySubscriptionCallback<MessageT, AllocatorT>::set(CallbackT) [with CallbackT = std::_Bind<void (MAVControl_Node::*(MAVControl_Node*, std::_Placeholder<1>))(std::shared_ptr<geometry_msgs::msg::PoseStamped_<std::allocator<void> > >)>; MessageT = std_msgs::msg::Float64MultiArray_<std::allocator<void> >; AllocatorT = std::allocator<void>][m[K’:
[2.739s] [01m[K/opt/ros/humble/include/rclcpp/rclcpp/subscription_factory.hpp:94:32:[m[K   required from ‘[01m[Krclcpp::SubscriptionFactory rclcpp::create_subscription_factory(CallbackT&&, const rclcpp::SubscriptionOptionsWithAllocator<AllocatorT>&, typename MessageMemoryStrategyT::SharedPtr, std::shared_ptr<rclcpp::topic_statistics::SubscriptionTopicStatistics<ROSMessageType> >) [with MessageT = std_msgs::msg::Float64MultiArray_<std::allocator<void> >; CallbackT = std::_Bind<void (MAVControl_Node::*(MAVControl_Node*, std::_Placeholder<1>))(std::shared_ptr<geometry_msgs::msg::PoseStamped_<std::allocator<void> > >)>; AllocatorT = std::allocator<void>; SubscriptionT = rclcpp::Subscription<std_msgs::msg::Float64MultiArray_<std::allocator<void> > >; MessageMemoryStrategyT = rclcpp::message_memory_strategy::MessageMemoryStrategy<std_msgs::msg::Float64MultiArray_<std::allocator<void> >, std::allocator<void> >; ROSMessageType = std_msgs::msg::Float64MultiArray_<std::allocator<void> >; typename MessageMemoryStrategyT::SharedPtr = std::shared_ptr<rclcpp::message_memory_strategy::MessageMemoryStrategy<std_msgs::msg::Float64MultiArray_<std::allocator<void> >, std::allocator<void> > >][m[K’
[2.739s] [01m[K/opt/ros/humble/include/rclcpp/rclcpp/create_subscription.hpp:122:63:[m[K   required from ‘[01m[Kstd::shared_ptr<ROSMessageT> rclcpp::detail::create_subscription(NodeParametersT&, NodeTopicsT&, const string&, const rclcpp::QoS&, CallbackT&&, const rclcpp::SubscriptionOptionsWithAllocator<AllocatorT>&, typename MessageMemoryStrategyT::SharedPtr) [with MessageT = std_msgs::msg::Float64MultiArray_<std::allocator<void> >; CallbackT = std::_Bind<void (MAVControl_Node::*(MAVControl_Node*, std::_Placeholder<1>))(std::shared_ptr<geometry_msgs::msg::PoseStamped_<std::allocator<void> > >)>; AllocatorT = std::allocator<void>; SubscriptionT = rclcpp::Subscription<std_msgs::msg::Float64MultiArray_<std::allocator<void> > >; MessageMemoryStrategyT = rclcpp::message_memory_strategy::MessageMemoryStrategy<std_msgs::msg::Float64MultiArray_<std::allocator<void> >, std::allocator<void> >; NodeParametersT = rclcpp::Node; NodeTopicsT = rclcpp::Node; ROSMessageType = std_msgs::msg::Float64MultiArray_<std::allocator<void> >; std::string = std::__cxx11::basic_string<char>; typename MessageMemoryStrategyT::SharedPtr = std::shared_ptr<rclcpp::message_memory_strategy::MessageMemoryStrategy<std_msgs::msg::Float64MultiArray_<std::allocator<void> >, std::allocator<void> > >][m[K’
[2.739s] [01m[K/opt/ros/humble/include/rclcpp/rclcpp/create_subscription.hpp:191:76:[m[K   required from ‘[01m[Kstd::shared_ptr<ROSMessageT> rclcpp::create_subscription(NodeT&, const string&, const rclcpp::QoS&, CallbackT&&, const rclcpp::SubscriptionOptionsWithAllocator<AllocatorT>&, typename MessageMemoryStrategyT::SharedPtr) [with MessageT = std_msgs::msg::Float64MultiArray_<std::allocator<void> >; CallbackT = std::_Bind<void (MAVControl_Node::*(MAVControl_Node*, std::_Placeholder<1>))(std::shared_ptr<geometry_msgs::msg::PoseStamped_<std::allocator<void> > >)>; AllocatorT = std::allocator<void>; SubscriptionT = rclcpp::Subscription<std_msgs::msg::Float64MultiArray_<std::allocator<void> > >; MessageMemoryStrategyT = rclcpp::message_memory_strategy::MessageMemoryStrategy<std_msgs::msg::Float64MultiArray_<std::allocator<void> >, std::allocator<void> >; NodeT = rclcpp::Node; std::string = std::__cxx11::basic_string<char>; typename MessageMemoryStrategyT::SharedPtr = std::shared_ptr<rclcpp::message_memory_strategy::MessageMemoryStrategy<std_msgs::msg::Float64MultiArray_<std::allocator<void> >, std::allocator<void> > >][m[K’
[2.739s] [01m[K/opt/ros/humble/include/rclcpp/rclcpp/node_impl.hpp:99:47:[m[K   required from ‘[01m[Kstd::shared_ptr<ROSMessageT> rclcpp::Node::create_subscription(const string&, const rclcpp::QoS&, CallbackT&&, const rclcpp::SubscriptionOptionsWithAllocator<AllocatorT>&, typename MessageMemoryStrategyT::SharedPtr) [with MessageT = std_msgs::msg::Float64MultiArray_<std::allocator<void> >; CallbackT = std::_Bind<void (MAVControl_Node::*(MAVControl_Node*, std::_Placeholder<1>))(std::shared_ptr<geometry_msgs::msg::PoseStamped_<std::allocator<void> > >)>; AllocatorT = std::allocator<void>; SubscriptionT = rclcpp::Subscription<std_msgs::msg::Float64MultiArray_<std::allocator<void> > >; MessageMemoryStrategyT = rclcpp::message_memory_strategy::MessageMemoryStrategy<std_msgs::msg::Float64MultiArray_<std::allocator<void> >, std::allocator<void> >; std::string = std::__cxx11::basic_string<char>; typename MessageMemoryStrategyT::SharedPtr = std::shared_ptr<rclcpp::message_memory_strategy::MessageMemoryStrategy<std_msgs::msg::Float64MultiArray_<std::allocator<void> >, std::allocator<void> > >][m[K’
[2.740s] [01m[K/home/lee/workspace/ros2_ex/src/MAV/MAV1/node/main.cpp:44:89:[m[K   required from here
[2.740s] [01m[K/opt/ros/humble/include/rclcpp/rclcpp/any_subscription_callback.hpp:394:25:[m[K [01;31m[Kerror: [m[Kno match for ‘[01m[Koperator=[m[K’ (operand types are ‘[01m[Krclcpp::detail::AnySubscriptionCallbackHelper<std_msgs::msg::Float64MultiArray_<std::allocator<void> >, std::allocator<void>, false>::variant_type[m[K’ {aka ‘[01m[Kstd::variant<std::function<void(const std_msgs::msg::Float64MultiArray_<std::allocator<void> >&)>, std::function<void(const std_msgs::msg::Float64MultiArray_<std::allocator<void> >&, const rclcpp::MessageInfo&)>, std::function<void(const rclcpp::SerializedMessage&)>, std::function<void(const rclcpp::SerializedMessage&, const rclcpp::MessageInfo&)>, std::function<void(std::unique_ptr<std_msgs::msg::Float64MultiArray_<std::allocator<void> >, std::default_delete<std_msgs::msg::Float64MultiArray_<std::allocator<void> > > >)>, std::function<void(std::unique_ptr<std_msgs::msg::Float64MultiArray_<std::allocator<void> >, std::default_delete<std_msgs::msg::Float64MultiArray_<std::allocator<void> > > >, const rclcpp::MessageInfo&)>, std::function<void(std::unique_ptr<rclcpp::SerializedMessage, std::default_delete<rclcpp::SerializedMessage> >)>, std::function<void(std::unique_ptr<rclcpp::SerializedMessage, std::default_delete<rclcpp::SerializedMessage> >, const rclcpp::MessageInfo&)>, std::function<void(std::shared_ptr<const std_msgs::msg::Float64MultiArray_<std::allocator<void> > >)>, std::function<void(std::shared_ptr<const std_msgs::msg::Float64MultiArray_<std::allocator<void> > >, const rclcpp::MessageInfo&)>, std::function<void(std::shared_ptr<const rclcpp::SerializedMessage>)>, std::function<void(std::shared_ptr<const rclcpp::SerializedMessage>, const rclcpp::MessageInfo&)>, std::function<void(const std::shared_ptr<const std_msgs::msg::Float64MultiArray_<std::allocator<void> > >&)>, std::function<void(const std::shared_ptr<const std_msgs::msg::Float64MultiArray_<std::allocator<void> > >&, const rclcpp::MessageInfo&)>, std::function<void(const std::shared_ptr<const rclcpp::SerializedMessage>&)>, std::function<void(const std::shared_ptr<const rclcpp::SerializedMessage>&, const rclcpp::MessageInfo&)>, std::function<void(std::shared_ptr<std_msgs::msg::Float64MultiArray_<std::allocator<void> > >)>, std::function<void(std::shared_ptr<std_msgs::msg::Float64MultiArray_<std::allocator<void> > >, const rclcpp::MessageInfo&)>, std::function<void(std::shared_ptr<rclcpp::SerializedMessage>)>, std::function<void(std::shared_ptr<rclcpp::SerializedMessage>, const rclcpp::MessageInfo&)> >[m[K’} and ‘[01m[Krclcpp::detail::SubscriptionCallbackTypeHelper<std_msgs::msg::Float64MultiArray_<std::allocator<void> >, std::_Bind<void (MAVControl_Node::*(MAVControl_Node*, std::_Placeholder<1>))(std::shared_ptr<geometry_msgs::msg::PoseStamped_<std::allocator<void> > >)>, void>::callback_type[m[K’ {aka ‘[01m[Kstd::function<void(std::shared_ptr<geometry_msgs::msg::PoseStamped_<std::allocator<void> > >)>[m[K’})
[2.740s]   394 |       [01;31m[Kcallback_variant_ = static_cast<typename scbth::callback_type>(callback)[m[K;
[2.740s]       |       [01;31m[K~~~~~~~~~~~~~~~~~~^~~~~~~~~~~~~~~~~~~~~~~~~~~~~~~~~~~~~~~~~~~~~~~~~~~~~~[m[K
[2.740s] In file included from [01m[K/opt/ros/humble/include/rclcpp/rclcpp/client.hpp:28[m[K,
[2.740s]                  from [01m[K/opt/ros/humble/include/rclcpp/rclcpp/callback_group.hpp:24[m[K,
[2.740s]                  from [01m[K/opt/ros/humble/include/rclcpp/rclcpp/any_executable.hpp:20[m[K,
[2.740s]                  from [01m[K/opt/ros/humble/include/rclcpp/rclcpp/memory_strategy.hpp:25[m[K,
[2.740s]                  from [01m[K/opt/ros/humble/include/rclcpp/rclcpp/memory_strategies.hpp:18[m[K,
[2.740s]                  from [01m[K/opt/ros/humble/include/rclcpp/rclcpp/executor_options.hpp:20[m[K,
[2.740s]                  from [01m[K/opt/ros/humble/include/rclcpp/rclcpp/executor.hpp:37[m[K,
[2.740s]                  from [01m[K/opt/ros/humble/include/rclcpp/rclcpp/executors/multi_threaded_executor.hpp:25[m[K,
[2.740s]                  from [01m[K/opt/ros/humble/include/rclcpp/rclcpp/executors.hpp:21[m[K,
[2.740s]                  from [01m[K/opt/ros/humble/include/rclcpp/rclcpp/rclcpp.hpp:155[m[K,
[2.740s]                  from [01m[K/home/lee/workspace/ros2_ex/src/MAV/MAV1/node/main.cpp:1[m[K:
[2.740s] [01m[K/usr/include/c++/11/variant:1461:9:[m[K [01;36m[Knote: [m[Kcandidate: ‘[01m[Ktemplate<class _Tp> std::enable_if_t<((__exactly_once<std::variant<_Types>::__accepted_type<_Tp&&, typename std::enable_if<__not_self<_Tp&&>, void>::type> > && is_constructible_v<std::variant<_Types>::__accepted_type<_Tp&&, typename std::enable_if<__not_self<_Tp&&>, void>::type>, _Tp>) && is_assignable_v<std::variant<_Types>::__accepted_type<_Tp&&, typename std::enable_if<__not_self<_Tp&&>, void>::type>&, _Tp>), std::variant<_Types>&> std::variant<_Types>::operator=(_Tp&&) [with _Tp = _Tp; _Types = {std::function<void(const std_msgs::msg::Float64MultiArray_<std::allocator<void> >&)>, std::function<void(const std_msgs::msg::Float64MultiArray_<std::allocator<void> >&, const rclcpp::MessageInfo&)>, std::function<void(const rclcpp::SerializedMessage&)>, std::function<void(const rclcpp::SerializedMessage&, const rclcpp::MessageInfo&)>, std::function<void(std::unique_ptr<std_msgs::msg::Float64MultiArray_<std::allocator<void> >, std::default_delete<std_msgs::msg::Float64MultiArray_<std::allocator<void> > > >)>, std::function<void(std::unique_ptr<std_msgs::msg::Float64MultiArray_<std::allocator<void> >, std::default_delete<std_msgs::msg::Float64MultiArray_<std::allocator<void> > > >, const rclcpp::MessageInfo&)>, std::function<void(std::unique_ptr<rclcpp::SerializedMessage, std::default_delete<rclcpp::SerializedMessage> >)>, std::function<void(std::unique_ptr<rclcpp::SerializedMessage, std::default_delete<rclcpp::SerializedMessage> >, const rclcpp::MessageInfo&)>, std::function<void(std::shared_ptr<const std_msgs::msg::Float64MultiArray_<std::allocator<void> > >)>, std::function<void(std::shared_ptr<const std_msgs::msg::Float64MultiArray_<std::allocator<void> > >, const rclcpp::MessageInfo&)>, std::function<void(std::shared_ptr<const rclcpp::SerializedMessage>)>, std::function<void(std::shared_ptr<const rclcpp::SerializedMessage>, const rclcpp::MessageInfo&)>, std::function<void(const std::shared_ptr<const std_msgs::msg::Float64MultiArray_<std::allocator<void> > >&)>, std::function<void(const std::shared_ptr<const std_msgs::msg::Float64MultiArray_<std::allocator<void> > >&, const rclcpp::MessageInfo&)>, std::function<void(const std::shared_ptr<const rclcpp::SerializedMessage>&)>, std::function<void(const std::shared_ptr<const rclcpp::SerializedMessage>&, const rclcpp::MessageInfo&)>, std::function<void(std::shared_ptr<std_msgs::msg::Float64MultiArray_<std::allocator<void> > >)>, std::function<void(std::shared_ptr<std_msgs::msg::Float64MultiArray_<std::allocator<void> > >, const rclcpp::MessageInfo&)>, std::function<void(std::shared_ptr<rclcpp::SerializedMessage>)>, std::function<void(std::shared_ptr<rclcpp::SerializedMessage>, const rclcpp::MessageInfo&)>}][m[K’
[2.740s]  1461 |         [01;36m[Koperator[m[K=(_Tp&& __rhs)
[2.740s]       |         [01;36m[K^~~~~~~~[m[K
[2.740s] [01m[K/usr/include/c++/11/variant:1461:9:[m[K [01;36m[Knote: [m[K  template argument deduction/substitution failed:
[2.740s] /usr/include/c++/11/variant: In substitution of ‘[01m[Ktemplate<class ... _Types> template<class _Tp, class> using __accepted_type = std::variant<_Types>::__to_type<__accepted_index<_Tp> > [with _Tp = std::function<void(std::shared_ptr<geometry_msgs::msg::PoseStamped_<std::allocator<void> > >)>&&; <template-parameter-2-2> = void; _Types = {std::function<void(const std_msgs::msg::Float64MultiArray_<std::allocator<void> >&)>, std::function<void(const std_msgs::msg::Float64MultiArray_<std::allocator<void> >&, const rclcpp::MessageInfo&)>, std::function<void(const rclcpp::SerializedMessage&)>, std::function<void(const rclcpp::SerializedMessage&, const rclcpp::MessageInfo&)>, std::function<void(std::unique_ptr<std_msgs::msg::Float64MultiArray_<std::allocator<void> >, std::default_delete<std_msgs::msg::Float64MultiArray_<std::allocator<void> > > >)>, std::function<void(std::unique_ptr<std_msgs::msg::Float64MultiArray_<std::allocator<void> >, std::default_delete<std_msgs::msg::Float64MultiArray_<std::allocator<void> > > >, const rclcpp::MessageInfo&)>, std::function<void(std::unique_ptr<rclcpp::SerializedMessage, std::default_delete<rclcpp::SerializedMessage> >)>, std::function<void(std::unique_ptr<rclcpp::SerializedMessage, std::default_delete<rclcpp::SerializedMessage> >, const rclcpp::MessageInfo&)>, std::function<void(std::shared_ptr<const std_msgs::msg::Float64MultiArray_<std::allocator<void> > >)>, std::function<void(std::shared_ptr<const std_msgs::msg::Float64MultiArray_<std::allocator<void> > >, const rclcpp::MessageInfo&)>, std::function<void(std::shared_ptr<const rclcpp::SerializedMessage>)>, std::function<void(std::shared_ptr<const rclcpp::SerializedMessage>, const rclcpp::MessageInfo&)>, std::function<void(const std::shared_ptr<const std_msgs::msg::Float64MultiArray_<std::allocator<void> > >&)>, std::function<void(const std::shared_ptr<const std_msgs::msg::Float64MultiArray_<std::allocator<void> > >&, const rclcpp::MessageInfo&)>, std::function<void(const std::shared_ptr<const rclcpp::SerializedMessage>&)>, std::function<void(const std::shared_ptr<const rclcpp::SerializedMessage>&, const rclcpp::MessageInfo&)>, std::function<void(std::shared_ptr<std_msgs::msg::Float64MultiArray_<std::allocator<void> > >)>, std::function<void(std::shared_ptr<std_msgs::msg::Float64MultiArray_<std::allocator<void> > >, const rclcpp::MessageInfo&)>, std::function<void(std::shared_ptr<rclcpp::SerializedMessage>)>, std::function<void(std::shared_ptr<rclcpp::SerializedMessage>, const rclcpp::MessageInfo&)>}][m[K’:
[2.740s] [01m[K/usr/include/c++/11/variant:1457:14:[m[K   required by substitution of ‘[01m[Ktemplate<class _Tp> std::enable_if_t<((__exactly_once<std::variant<std::function<void(const std_msgs::msg::Float64MultiArray_<std::allocator<void> >&)>, std::function<void(const std_msgs::msg::Float64MultiArray_<std::allocator<void> >&, const rclcpp::MessageInfo&)>, std::function<void(const rclcpp::SerializedMessage&)>, std::function<void(const rclcpp::SerializedMessage&, const rclcpp::MessageInfo&)>, std::function<void(std::unique_ptr<std_msgs::msg::Float64MultiArray_<std::allocator<void> >, std::default_delete<std_msgs::msg::Float64MultiArray_<std::allocator<void> > > >)>, std::function<void(std::unique_ptr<std_msgs::msg::Float64MultiArray_<std::allocator<void> >, std::default_delete<std_msgs::msg::Float64MultiArray_<std::allocator<void> > > >, const rclcpp::MessageInfo&)>, std::function<void(std::unique_ptr<rclcpp::SerializedMessage, std::default_delete<rclcpp::SerializedMessage> >)>, std::function<void(std::unique_ptr<rclcpp::SerializedMessage, std::default_delete<rclcpp::SerializedMessage> >, const rclcpp::MessageInfo&)>, std::function<void(std::shared_ptr<const std_msgs::msg::Float64MultiArray_<std::allocator<void> > >)>, std::function<void(std::shared_ptr<const std_msgs::msg::Float64MultiArray_<std::allocator<void> > >, const rclcpp::MessageInfo&)>, std::function<void(std::shared_ptr<const rclcpp::SerializedMessage>)>, std::function<void(std::shared_ptr<const rclcpp::SerializedMessage>, const rclcpp::MessageInfo&)>, std::function<void(const std::shared_ptr<const std_msgs::msg::Float64MultiArray_<std::allocator<void> > >&)>, std::function<void(const std::shared_ptr<const std_msgs::msg::Float64MultiArray_<std::allocator<void> > >&, const rclcpp::MessageInfo&)>, std::function<void(const std::shared_ptr<const rclcpp::SerializedMessage>&)>, std::function<void(const std::shared_ptr<const rclcpp::SerializedMessage>&, const rclcpp::MessageInfo&)>, std::function<void(std::shared_ptr<std_msgs::msg::Float64MultiArray_<std::allocator<void> > >)>, std::function<void(std::shared_ptr<std_msgs::msg::Float64MultiArray_<std::allocator<void> > >, const rclcpp::MessageInfo&)>, std::function<void(std::shared_ptr<rclcpp::SerializedMessage>)>, std::function<void(std::shared_ptr<rclcpp::SerializedMessage>, const rclcpp::MessageInfo&)> >::__accepted_type<_Tp&&, typename std::enable_if<__not_self<_Tp&&>, void>::type> > && is_constructible_v<std::variant<std::function<void(const std_msgs::msg::Float64MultiArray_<std::allocator<void> >&)>, std::function<void(const std_msgs::msg::Float64MultiArray_<std::allocator<void> >&, const rclcpp::MessageInfo&)>, std::function<void(const rclcpp::SerializedMessage&)>, std::function<void(const rclcpp::SerializedMessage&, const rclcpp::MessageInfo&)>, std::function<void(std::unique_ptr<std_msgs::msg::Float64MultiArray_<std::allocator<void> >, std::default_delete<std_msgs::msg::Float64MultiArray_<std::allocator<void> > > >)>, std::function<void(std::unique_ptr<std_msgs::msg::Float64MultiArray_<std::allocator<void> >, std::default_delete<std_msgs::msg::Float64MultiArray_<std::allocator<void> > > >, const rclcpp::MessageInfo&)>, std::function<void(std::unique_ptr<rclcpp::SerializedMessage, std::default_delete<rclcpp::SerializedMessage> >)>, std::function<void(std::unique_ptr<rclcpp::SerializedMessage, std::default_delete<rclcpp::SerializedMessage> >, const rclcpp::MessageInfo&)>, std::function<void(std::shared_ptr<const std_msgs::msg::Float64MultiArray_<std::allocator<void> > >)>, std::function<void(std::shared_ptr<const std_msgs::msg::Float64MultiArray_<std::allocator<void> > >, const rclcpp::MessageInfo&)>, std::function<void(std::shared_ptr<const rclcpp::SerializedMessage>)>, std::function<void(std::shared_ptr<const rclcpp::SerializedMessage>, const rclcpp::MessageInfo&)>, std::function<void(const std::shared_ptr<const std_msgs::msg::Float64MultiArray_<std::allocator<void> > >&)>, std::function<void(const std::shared_ptr<const std_msgs::msg::Float64MultiArray_<std::allocator<void> > >&, const rclcpp::MessageInfo&)>, std::function<void(const std::shared_ptr<const rclcpp::SerializedMessage>&)>, std::function<void(const std::shared_ptr<const rclcpp::SerializedMessage>&, const rclcpp::MessageInfo&)>, std::function<void(std::shared_ptr<std_msgs::msg::Float64MultiArray_<std::allocator<void> > >)>, std::function<void(std::shared_ptr<std_msgs::msg::Float64MultiArray_<std::allocator<void> > >, const rclcpp::MessageInfo&)>, std::function<void(std::shared_ptr<rclcpp::SerializedMessage>)>, std::function<void(std::shared_ptr<rclcpp::SerializedMessage>, const rclcpp::MessageInfo&)> >::__accepted_type<_Tp&&, typename std::enable_if<__not_self<_Tp&&>, void>::type>, _Tp>) && is_assignable_v<std::variant<std::function<void(const std_msgs::msg::Float64MultiArray_<std::allocator<void> >&)>, std::function<void(const std_msgs::msg::Float64MultiArray_<std::allocator<void> >&, const rclcpp::MessageInfo&)>, std::function<void(const rclcpp::SerializedMessage&)>, std::function<void(const rclcpp::SerializedMessage&, const rclcpp::MessageInfo&)>, std::function<void(std::unique_ptr<std_msgs::msg::Float64MultiArray_<std::allocator<void> >, std::default_delete<std_msgs::msg::Float64MultiArray_<std::allocator<void> > > >)>, std::function<void(std::unique_ptr<std_msgs::msg::Float64MultiArray_<std::allocator<void> >, std::default_delete<std_msgs::msg::Float64MultiArray_<std::allocator<void> > > >, const rclcpp::MessageInfo&)>, std::function<void(std::unique_ptr<rclcpp::SerializedMessage, std::default_delete<rclcpp::SerializedMessage> >)>, std::function<void(std::unique_ptr<rclcpp::SerializedMessage, std::default_delete<rclcpp::SerializedMessage> >, const rclcpp::MessageInfo&)>, std::function<void(std::shared_ptr<const std_msgs::msg::Float64MultiArray_<std::allocator<void> > >)>, std::function<void(std::shared_ptr<const std_msgs::msg::Float64MultiArray_<std::allocator<void> > >, const rclcpp::MessageInfo&)>, std::function<void(std::shared_ptr<const rclcpp::SerializedMessage>)>, std::function<void(std::shared_ptr<const rclcpp::SerializedMessage>, const rclcpp::MessageInfo&)>, std::function<void(const std::shared_ptr<const std_msgs::msg::Float64MultiArray_<std::allocator<void> > >&)>, std::function<void(const std::shared_ptr<const std_msgs::msg::Float64MultiArray_<std::allocator<void> > >&, const rclcpp::MessageInfo&)>, std::function<void(const std::shared_ptr<const rclcpp::SerializedMessage>&)>, std::function<void(const std::shared_ptr<const rclcpp::SerializedMessage>&, const rclcpp::MessageInfo&)>, std::function<void(std::shared_ptr<std_msgs::msg::Float64MultiArray_<std::allocator<void> > >)>, std::function<void(std::shared_ptr<std_msgs::msg::Float64MultiArray_<std::allocator<void> > >, const rclcpp::MessageInfo&)>, std::function<void(std::shared_ptr<rclcpp::SerializedMessage>)>, std::function<void(std::shared_ptr<rclcpp::SerializedMessage>, const rclcpp::MessageInfo&)> >::__accepted_type<_Tp&&, typename std::enable_if<__not_self<_Tp&&>, void>::type>&, _Tp>), std::variant<std::function<void(const std_msgs::msg::Float64MultiArray_<std::allocator<void> >&)>, std::function<void(const std_msgs::msg::Float64MultiArray_<std::allocator<void> >&, const rclcpp::MessageInfo&)>, std::function<void(const rclcpp::SerializedMessage&)>, std::function<void(const rclcpp::SerializedMessage&, const rclcpp::MessageInfo&)>, std::function<void(std::unique_ptr<std_msgs::msg::Float64MultiArray_<std::allocator<void> >, std::default_delete<std_msgs::msg::Float64MultiArray_<std::allocator<void> > > >)>, std::function<void(std::unique_ptr<std_msgs::msg::Float64MultiArray_<std::allocator<void> >, std::default_delete<std_msgs::msg::Float64MultiArray_<std::allocator<void> > > >, const rclcpp::MessageInfo&)>, std::function<void(std::unique_ptr<rclcpp::SerializedMessage, std::default_delete<rclcpp::SerializedMessage> >)>, std::function<void(std::unique_ptr<rclcpp::SerializedMessage, std::default_delete<rclcpp::SerializedMessage> >, const rclcpp::MessageInfo&)>, std::function<void(std::shared_ptr<const std_msgs::msg::Float64MultiArray_<std::allocator<void> > >)>, std::function<void(std::shared_ptr<const std_msgs::msg::Float64MultiArray_<std::allocator<void> > >, const rclcpp::MessageInfo&)>, std::function<void(std::shared_ptr<const rclcpp::SerializedMessage>)>, std::function<void(std::shared_ptr<const rclcpp::SerializedMessage>, const rclcpp::MessageInfo&)>, std::function<void(const std::shared_ptr<const std_msgs::msg::Float64MultiArray_<std::allocator<void> > >&)>, std::function<void(const std::shared_ptr<const std_msgs::msg::Float64MultiArray_<std::allocator<void> > >&, const rclcpp::MessageInfo&)>, std::function<void(const std::shared_ptr<const rclcpp::SerializedMessage>&)>, std::function<void(const std::shared_ptr<const rclcpp::SerializedMessage>&, const rclcpp::MessageInfo&)>, std::function<void(std::shared_ptr<std_msgs::msg::Float64MultiArray_<std::allocator<void> > >)>, std::function<void(std::shared_ptr<std_msgs::msg::Float64MultiArray_<std::allocator<void> > >, const rclcpp::MessageInfo&)>, std::function<void(std::shared_ptr<rclcpp::SerializedMessage>)>, std::function<void(std::shared_ptr<rclcpp::SerializedMessage>, const rclcpp::MessageInfo&)> >&> std::variant<std::function<void(const std_msgs::msg::Float64MultiArray_<std::allocator<void> >&)>, std::function<void(const std_msgs::msg::Float64MultiArray_<std::allocator<void> >&, const rclcpp::MessageInfo&)>, std::function<void(const rclcpp::SerializedMessage&)>, std::function<void(const rclcpp::SerializedMessage&, const rclcpp::MessageInfo&)>, std::function<void(std::unique_ptr<std_msgs::msg::Float64MultiArray_<std::allocator<void> >, std::default_delete<std_msgs::msg::Float64MultiArray_<std::allocator<void> > > >)>, std::function<void(std::unique_ptr<std_msgs::msg::Float64MultiArray_<std::allocator<void> >, std::default_delete<std_msgs::msg::Float64MultiArray_<std::allocator<void> > > >, const rclcpp::MessageInfo&)>, std::function<void(std::unique_ptr<rclcpp::SerializedMessage, std::default_delete<rclcpp::SerializedMessage> >)>, std::function<void(std::unique_ptr<rclcpp::SerializedMessage, std::default_delete<rclcpp::SerializedMessage> >, const rclcpp::MessageInfo&)>, std::function<void(std::shared_ptr<const std_msgs::msg::Float64MultiArray_<std::allocator<void> > >)>, std::function<void(std::shared_ptr<const std_msgs::msg::Float64MultiArray_<std::allocator<void> > >, const rclcpp::MessageInfo&)>, std::function<void(std::shared_ptr<const rclcpp::SerializedMessage>)>, std::function<void(std::shared_ptr<const rclcpp::SerializedMessage>, const rclcpp::MessageInfo&)>, std::function<void(const std::shared_ptr<const std_msgs::msg::Float64MultiArray_<std::allocator<void> > >&)>, std::function<void(const std::shared_ptr<const std_msgs::msg::Float64MultiArray_<std::allocator<void> > >&, const rclcpp::MessageInfo&)>, std::function<void(const std::shared_ptr<const rclcpp::SerializedMessage>&)>, std::function<void(const std::shared_ptr<const rclcpp::SerializedMessage>&, const rclcpp::MessageInfo&)>, std::function<void(std::shared_ptr<std_msgs::msg::Float64MultiArray_<std::allocator<void> > >)>, std::function<void(std::shared_ptr<std_msgs::msg::Float64MultiArray_<std::allocator<void> > >, const rclcpp::MessageInfo&)>, std::function<void(std::shared_ptr<rclcpp::SerializedMessage>)>, std::function<void(std::shared_ptr<rclcpp::SerializedMessage>, const rclcpp::MessageInfo&)> >::operator=<_Tp>(_Tp&&) [with _Tp = std::function<void(std::shared_ptr<geometry_msgs::msg::PoseStamped_<std::allocator<void> > >)>][m[K’
[2.741s] [01m[K/opt/ros/humble/include/rclcpp/rclcpp/any_subscription_callback.hpp:394:25:[m[K   required from ‘[01m[Krclcpp::AnySubscriptionCallback<MessageT, AllocatorT> rclcpp::AnySubscriptionCallback<MessageT, AllocatorT>::set(CallbackT) [with CallbackT = std::_Bind<void (MAVControl_Node::*(MAVControl_Node*, std::_Placeholder<1>))(std::shared_ptr<geometry_msgs::msg::PoseStamped_<std::allocator<void> > >)>; MessageT = std_msgs::msg::Float64MultiArray_<std::allocator<void> >; AllocatorT = std::allocator<void>][m[K’
[2.741s] [01m[K/opt/ros/humble/include/rclcpp/rclcpp/subscription_factory.hpp:94:32:[m[K   required from ‘[01m[Krclcpp::SubscriptionFactory rclcpp::create_subscription_factory(CallbackT&&, const rclcpp::SubscriptionOptionsWithAllocator<AllocatorT>&, typename MessageMemoryStrategyT::SharedPtr, std::shared_ptr<rclcpp::topic_statistics::SubscriptionTopicStatistics<ROSMessageType> >) [with MessageT = std_msgs::msg::Float64MultiArray_<std::allocator<void> >; CallbackT = std::_Bind<void (MAVControl_Node::*(MAVControl_Node*, std::_Placeholder<1>))(std::shared_ptr<geometry_msgs::msg::PoseStamped_<std::allocator<void> > >)>; AllocatorT = std::allocator<void>; SubscriptionT = rclcpp::Subscription<std_msgs::msg::Float64MultiArray_<std::allocator<void> > >; MessageMemoryStrategyT = rclcpp::message_memory_strategy::MessageMemoryStrategy<std_msgs::msg::Float64MultiArray_<std::allocator<void> >, std::allocator<void> >; ROSMessageType = std_msgs::msg::Float64MultiArray_<std::allocator<void> >; typename MessageMemoryStrategyT::SharedPtr = std::shared_ptr<rclcpp::message_memory_strategy::MessageMemoryStrategy<std_msgs::msg::Float64MultiArray_<std::allocator<void> >, std::allocator<void> > >][m[K’
[2.741s] [01m[K/opt/ros/humble/include/rclcpp/rclcpp/create_subscription.hpp:122:63:[m[K   required from ‘[01m[Kstd::shared_ptr<ROSMessageT> rclcpp::detail::create_subscription(NodeParametersT&, NodeTopicsT&, const string&, const rclcpp::QoS&, CallbackT&&, const rclcpp::SubscriptionOptionsWithAllocator<AllocatorT>&, typename MessageMemoryStrategyT::SharedPtr) [with MessageT = std_msgs::msg::Float64MultiArray_<std::allocator<void> >; CallbackT = std::_Bind<void (MAVControl_Node::*(MAVControl_Node*, std::_Placeholder<1>))(std::shared_ptr<geometry_msgs::msg::PoseStamped_<std::allocator<void> > >)>; AllocatorT = std::allocator<void>; SubscriptionT = rclcpp::Subscription<std_msgs::msg::Float64MultiArray_<std::allocator<void> > >; MessageMemoryStrategyT = rclcpp::message_memory_strategy::MessageMemoryStrategy<std_msgs::msg::Float64MultiArray_<std::allocator<void> >, std::allocator<void> >; NodeParametersT = rclcpp::Node; NodeTopicsT = rclcpp::Node; ROSMessageType = std_msgs::msg::Float64MultiArray_<std::allocator<void> >; std::string = std::__cxx11::basic_string<char>; typename MessageMemoryStrategyT::SharedPtr = std::shared_ptr<rclcpp::message_memory_strategy::MessageMemoryStrategy<std_msgs::msg::Float64MultiArray_<std::allocator<void> >, std::allocator<void> > >][m[K’
[2.741s] [01m[K/opt/ros/humble/include/rclcpp/rclcpp/create_subscription.hpp:191:76:[m[K   required from ‘[01m[Kstd::shared_ptr<ROSMessageT> rclcpp::create_subscription(NodeT&, const string&, const rclcpp::QoS&, CallbackT&&, const rclcpp::SubscriptionOptionsWithAllocator<AllocatorT>&, typename MessageMemoryStrategyT::SharedPtr) [with MessageT = std_msgs::msg::Float64MultiArray_<std::allocator<void> >; CallbackT = std::_Bind<void (MAVControl_Node::*(MAVControl_Node*, std::_Placeholder<1>))(std::shared_ptr<geometry_msgs::msg::PoseStamped_<std::allocator<void> > >)>; AllocatorT = std::allocator<void>; SubscriptionT = rclcpp::Subscription<std_msgs::msg::Float64MultiArray_<std::allocator<void> > >; MessageMemoryStrategyT = rclcpp::message_memory_strategy::MessageMemoryStrategy<std_msgs::msg::Float64MultiArray_<std::allocator<void> >, std::allocator<void> >; NodeT = rclcpp::Node; std::string = std::__cxx11::basic_string<char>; typename MessageMemoryStrategyT::SharedPtr = std::shared_ptr<rclcpp::message_memory_strategy::MessageMemoryStrategy<std_msgs::msg::Float64MultiArray_<std::allocator<void> >, std::allocator<void> > >][m[K’
[2.741s] [01m[K/opt/ros/humble/include/rclcpp/rclcpp/node_impl.hpp:99:47:[m[K   required from ‘[01m[Kstd::shared_ptr<ROSMessageT> rclcpp::Node::create_subscription(const string&, const rclcpp::QoS&, CallbackT&&, const rclcpp::SubscriptionOptionsWithAllocator<AllocatorT>&, typename MessageMemoryStrategyT::SharedPtr) [with MessageT = std_msgs::msg::Float64MultiArray_<std::allocator<void> >; CallbackT = std::_Bind<void (MAVControl_Node::*(MAVControl_Node*, std::_Placeholder<1>))(std::shared_ptr<geometry_msgs::msg::PoseStamped_<std::allocator<void> > >)>; AllocatorT = std::allocator<void>; SubscriptionT = rclcpp::Subscription<std_msgs::msg::Float64MultiArray_<std::allocator<void> > >; MessageMemoryStrategyT = rclcpp::message_memory_strategy::MessageMemoryStrategy<std_msgs::msg::Float64MultiArray_<std::allocator<void> >, std::allocator<void> >; std::string = std::__cxx11::basic_string<char>; typename MessageMemoryStrategyT::SharedPtr = std::shared_ptr<rclcpp::message_memory_strategy::MessageMemoryStrategy<std_msgs::msg::Float64MultiArray_<std::allocator<void> >, std::allocator<void> > >][m[K’
[2.741s] [01m[K/home/lee/workspace/ros2_ex/src/MAV/MAV1/node/main.cpp:44:89:[m[K   required from here
[2.741s] [01m[K/usr/include/c++/11/variant:1375:15:[m[K [01;31m[Kerror: [m[Kno type named ‘[01m[Ktype[m[K’ in ‘[01m[Kstruct std::enable_if<false, void>[m[K’
[2.741s]  1375 |         using [01;31m[K__accepted_type[m[K = __to_type<__accepted_index<_Tp>>;
[2.741s]       |               [01;31m[K^~~~~~~~~~~~~~~[m[K
[2.741s] /opt/ros/humble/include/rclcpp/rclcpp/any_subscription_callback.hpp: In instantiation of ‘[01m[Krclcpp::AnySubscriptionCallback<MessageT, AllocatorT> rclcpp::AnySubscriptionCallback<MessageT, AllocatorT>::set(CallbackT) [with CallbackT = std::_Bind<void (MAVControl_Node::*(MAVControl_Node*, std::_Placeholder<1>))(std::shared_ptr<geometry_msgs::msg::PoseStamped_<std::allocator<void> > >)>; MessageT = std_msgs::msg::Float64MultiArray_<std::allocator<void> >; AllocatorT = std::allocator<void>][m[K’:
[2.741s] [01m[K/opt/ros/humble/include/rclcpp/rclcpp/subscription_factory.hpp:94:32:[m[K   required from ‘[01m[Krclcpp::SubscriptionFactory rclcpp::create_subscription_factory(CallbackT&&, const rclcpp::SubscriptionOptionsWithAllocator<AllocatorT>&, typename MessageMemoryStrategyT::SharedPtr, std::shared_ptr<rclcpp::topic_statistics::SubscriptionTopicStatistics<ROSMessageType> >) [with MessageT = std_msgs::msg::Float64MultiArray_<std::allocator<void> >; CallbackT = std::_Bind<void (MAVControl_Node::*(MAVControl_Node*, std::_Placeholder<1>))(std::shared_ptr<geometry_msgs::msg::PoseStamped_<std::allocator<void> > >)>; AllocatorT = std::allocator<void>; SubscriptionT = rclcpp::Subscription<std_msgs::msg::Float64MultiArray_<std::allocator<void> > >; MessageMemoryStrategyT = rclcpp::message_memory_strategy::MessageMemoryStrategy<std_msgs::msg::Float64MultiArray_<std::allocator<void> >, std::allocator<void> >; ROSMessageType = std_msgs::msg::Float64MultiArray_<std::allocator<void> >; typename MessageMemoryStrategyT::SharedPtr = std::shared_ptr<rclcpp::message_memory_strategy::MessageMemoryStrategy<std_msgs::msg::Float64MultiArray_<std::allocator<void> >, std::allocator<void> > >][m[K’
[2.741s] [01m[K/opt/ros/humble/include/rclcpp/rclcpp/create_subscription.hpp:122:63:[m[K   required from ‘[01m[Kstd::shared_ptr<ROSMessageT> rclcpp::detail::create_subscription(NodeParametersT&, NodeTopicsT&, const string&, const rclcpp::QoS&, CallbackT&&, const rclcpp::SubscriptionOptionsWithAllocator<AllocatorT>&, typename MessageMemoryStrategyT::SharedPtr) [with MessageT = std_msgs::msg::Float64MultiArray_<std::allocator<void> >; CallbackT = std::_Bind<void (MAVControl_Node::*(MAVControl_Node*, std::_Placeholder<1>))(std::shared_ptr<geometry_msgs::msg::PoseStamped_<std::allocator<void> > >)>; AllocatorT = std::allocator<void>; SubscriptionT = rclcpp::Subscription<std_msgs::msg::Float64MultiArray_<std::allocator<void> > >; MessageMemoryStrategyT = rclcpp::message_memory_strategy::MessageMemoryStrategy<std_msgs::msg::Float64MultiArray_<std::allocator<void> >, std::allocator<void> >; NodeParametersT = rclcpp::Node; NodeTopicsT = rclcpp::Node; ROSMessageType = std_msgs::msg::Float64MultiArray_<std::allocator<void> >; std::string = std::__cxx11::basic_string<char>; typename MessageMemoryStrategyT::SharedPtr = std::shared_ptr<rclcpp::message_memory_strategy::MessageMemoryStrategy<std_msgs::msg::Float64MultiArray_<std::allocator<void> >, std::allocator<void> > >][m[K’
[2.741s] [01m[K/opt/ros/humble/include/rclcpp/rclcpp/create_subscription.hpp:191:76:[m[K   required from ‘[01m[Kstd::shared_ptr<ROSMessageT> rclcpp::create_subscription(NodeT&, const string&, const rclcpp::QoS&, CallbackT&&, const rclcpp::SubscriptionOptionsWithAllocator<AllocatorT>&, typename MessageMemoryStrategyT::SharedPtr) [with MessageT = std_msgs::msg::Float64MultiArray_<std::allocator<void> >; CallbackT = std::_Bind<void (MAVControl_Node::*(MAVControl_Node*, std::_Placeholder<1>))(std::shared_ptr<geometry_msgs::msg::PoseStamped_<std::allocator<void> > >)>; AllocatorT = std::allocator<void>; SubscriptionT = rclcpp::Subscription<std_msgs::msg::Float64MultiArray_<std::allocator<void> > >; MessageMemoryStrategyT = rclcpp::message_memory_strategy::MessageMemoryStrategy<std_msgs::msg::Float64MultiArray_<std::allocator<void> >, std::allocator<void> >; NodeT = rclcpp::Node; std::string = std::__cxx11::basic_string<char>; typename MessageMemoryStrategyT::SharedPtr = std::shared_ptr<rclcpp::message_memory_strategy::MessageMemoryStrategy<std_msgs::msg::Float64MultiArray_<std::allocator<void> >, std::allocator<void> > >][m[K’
[2.741s] [01m[K/opt/ros/humble/include/rclcpp/rclcpp/node_impl.hpp:99:47:[m[K   required from ‘[01m[Kstd::shared_ptr<ROSMessageT> rclcpp::Node::create_subscription(const string&, const rclcpp::QoS&, CallbackT&&, const rclcpp::SubscriptionOptionsWithAllocator<AllocatorT>&, typename MessageMemoryStrategyT::SharedPtr) [with MessageT = std_msgs::msg::Float64MultiArray_<std::allocator<void> >; CallbackT = std::_Bind<void (MAVControl_Node::*(MAVControl_Node*, std::_Placeholder<1>))(std::shared_ptr<geometry_msgs::msg::PoseStamped_<std::allocator<void> > >)>; AllocatorT = std::allocator<void>; SubscriptionT = rclcpp::Subscription<std_msgs::msg::Float64MultiArray_<std::allocator<void> > >; MessageMemoryStrategyT = rclcpp::message_memory_strategy::MessageMemoryStrategy<std_msgs::msg::Float64MultiArray_<std::allocator<void> >, std::allocator<void> >; std::string = std::__cxx11::basic_string<char>; typename MessageMemoryStrategyT::SharedPtr = std::shared_ptr<rclcpp::message_memory_strategy::MessageMemoryStrategy<std_msgs::msg::Float64MultiArray_<std::allocator<void> >, std::allocator<void> > >][m[K’
[2.741s] [01m[K/home/lee/workspace/ros2_ex/src/MAV/MAV1/node/main.cpp:44:89:[m[K   required from here
[2.741s] [01m[K/usr/include/c++/11/variant:1398:16:[m[K [01;36m[Knote: [m[Kcandidate: ‘[01m[Kstd::variant<_Types>& std::variant<_Types>::operator=(const std::variant<_Types>&) [with _Types = {std::function<void(const std_msgs::msg::Float64MultiArray_<std::allocator<void> >&)>, std::function<void(const std_msgs::msg::Float64MultiArray_<std::allocator<void> >&, const rclcpp::MessageInfo&)>, std::function<void(const rclcpp::SerializedMessage&)>, std::function<void(const rclcpp::SerializedMessage&, const rclcpp::MessageInfo&)>, std::function<void(std::unique_ptr<std_msgs::msg::Float64MultiArray_<std::allocator<void> >, std::default_delete<std_msgs::msg::Float64MultiArray_<std::allocator<void> > > >)>, std::function<void(std::unique_ptr<std_msgs::msg::Float64MultiArray_<std::allocator<void> >, std::default_delete<std_msgs::msg::Float64MultiArray_<std::allocator<void> > > >, const rclcpp::MessageInfo&)>, std::function<void(std::unique_ptr<rclcpp::SerializedMessage, std::default_delete<rclcpp::SerializedMessage> >)>, std::function<void(std::unique_ptr<rclcpp::SerializedMessage, std::default_delete<rclcpp::SerializedMessage> >, const rclcpp::MessageInfo&)>, std::function<void(std::shared_ptr<const std_msgs::msg::Float64MultiArray_<std::allocator<void> > >)>, std::function<void(std::shared_ptr<const std_msgs::msg::Float64MultiArray_<std::allocator<void> > >, const rclcpp::MessageInfo&)>, std::function<void(std::shared_ptr<const rclcpp::SerializedMessage>)>, std::function<void(std::shared_ptr<const rclcpp::SerializedMessage>, const rclcpp::MessageInfo&)>, std::function<void(const std::shared_ptr<const std_msgs::msg::Float64MultiArray_<std::allocator<void> > >&)>, std::function<void(const std::shared_ptr<const std_msgs::msg::Float64MultiArray_<std::allocator<void> > >&, const rclcpp::MessageInfo&)>, std::function<void(const std::shared_ptr<const rclcpp::SerializedMessage>&)>, std::function<void(const std::shared_ptr<const rclcpp::SerializedMessage>&, const rclcpp::MessageInfo&)>, std::function<void(std::shared_ptr<std_msgs::msg::Float64MultiArray_<std::allocator<void> > >)>, std::function<void(std::shared_ptr<std_msgs::msg::Float64MultiArray_<std::allocator<void> > >, const rclcpp::MessageInfo&)>, std::function<void(std::shared_ptr<rclcpp::SerializedMessage>)>, std::function<void(std::shared_ptr<rclcpp::SerializedMessage>, const rclcpp::MessageInfo&)>}][m[K’
[2.741s]  1398 |       variant& [01;36m[Koperator[m[K=(const variant&) = default;
[2.741s]       |                [01;36m[K^~~~~~~~[m[K
[2.741s] [01m[K/usr/include/c++/11/variant:1398:26:[m[K [01;36m[Knote: [m[K  no known conversion for argument 1 from ‘[01m[Krclcpp::detail::SubscriptionCallbackTypeHelper<std_msgs::msg::Float64MultiArray_<std::allocator<void> >, std::_Bind<void (MAVControl_Node::*(MAVControl_Node*, std::_Placeholder<1>))(std::shared_ptr<geometry_msgs::msg::PoseStamped_<std::allocator<void> > >)>, void>::callback_type[m[K’ {aka ‘[01m[Kstd::function<void(std::shared_ptr<geometry_msgs::msg::PoseStamped_<std::allocator<void> > >)>[m[K’} to ‘[01m[Kconst std::variant<std::function<void(const std_msgs::msg::Float64MultiArray_<std::allocator<void> >&)>, std::function<void(const std_msgs::msg::Float64MultiArray_<std::allocator<void> >&, const rclcpp::MessageInfo&)>, std::function<void(const rclcpp::SerializedMessage&)>, std::function<void(const rclcpp::SerializedMessage&, const rclcpp::MessageInfo&)>, std::function<void(std::unique_ptr<std_msgs::msg::Float64MultiArray_<std::allocator<void> >, std::default_delete<std_msgs::msg::Float64MultiArray_<std::allocator<void> > > >)>, std::function<void(std::unique_ptr<std_msgs::msg::Float64MultiArray_<std::allocator<void> >, std::default_delete<std_msgs::msg::Float64MultiArray_<std::allocator<void> > > >, const rclcpp::MessageInfo&)>, std::function<void(std::unique_ptr<rclcpp::SerializedMessage, std::default_delete<rclcpp::SerializedMessage> >)>, std::function<void(std::unique_ptr<rclcpp::SerializedMessage, std::default_delete<rclcpp::SerializedMessage> >, const rclcpp::MessageInfo&)>, std::function<void(std::shared_ptr<const std_msgs::msg::Float64MultiArray_<std::allocator<void> > >)>, std::function<void(std::shared_ptr<const std_msgs::msg::Float64MultiArray_<std::allocator<void> > >, const rclcpp::MessageInfo&)>, std::function<void(std::shared_ptr<const rclcpp::SerializedMessage>)>, std::function<void(std::shared_ptr<const rclcpp::SerializedMessage>, const rclcpp::MessageInfo&)>, std::function<void(const std::shared_ptr<const std_msgs::msg::Float64MultiArray_<std::allocator<void> > >&)>, std::function<void(const std::shared_ptr<const std_msgs::msg::Float64MultiArray_<std::allocator<void> > >&, const rclcpp::MessageInfo&)>, std::function<void(const std::shared_ptr<const rclcpp::SerializedMessage>&)>, std::function<void(const std::shared_ptr<const rclcpp::SerializedMessage>&, const rclcpp::MessageInfo&)>, std::function<void(std::shared_ptr<std_msgs::msg::Float64MultiArray_<std::allocator<void> > >)>, std::function<void(std::shared_ptr<std_msgs::msg::Float64MultiArray_<std::allocator<void> > >, const rclcpp::MessageInfo&)>, std::function<void(std::shared_ptr<rclcpp::SerializedMessage>)>, std::function<void(std::shared_ptr<rclcpp::SerializedMessage>, const rclcpp::MessageInfo&)> >&[m[K’
[2.741s]  1398 |       variant& operator=([01;36m[Kconst variant&[m[K) = default;
[2.741s]       |                          [01;36m[K^~~~~~~~~~~~~~[m[K
[2.741s] [01m[K/usr/include/c++/11/variant:1399:16:[m[K [01;36m[Knote: [m[Kcandidate: ‘[01m[Kstd::variant<_Types>& std::variant<_Types>::operator=(std::variant<_Types>&&) [with _Types = {std::function<void(const std_msgs::msg::Float64MultiArray_<std::allocator<void> >&)>, std::function<void(const std_msgs::msg::Float64MultiArray_<std::allocator<void> >&, const rclcpp::MessageInfo&)>, std::function<void(const rclcpp::SerializedMessage&)>, std::function<void(const rclcpp::SerializedMessage&, const rclcpp::MessageInfo&)>, std::function<void(std::unique_ptr<std_msgs::msg::Float64MultiArray_<std::allocator<void> >, std::default_delete<std_msgs::msg::Float64MultiArray_<std::allocator<void> > > >)>, std::function<void(std::unique_ptr<std_msgs::msg::Float64MultiArray_<std::allocator<void> >, std::default_delete<std_msgs::msg::Float64MultiArray_<std::allocator<void> > > >, const rclcpp::MessageInfo&)>, std::function<void(std::unique_ptr<rclcpp::SerializedMessage, std::default_delete<rclcpp::SerializedMessage> >)>, std::function<void(std::unique_ptr<rclcpp::SerializedMessage, std::default_delete<rclcpp::SerializedMessage> >, const rclcpp::MessageInfo&)>, std::function<void(std::shared_ptr<const std_msgs::msg::Float64MultiArray_<std::allocator<void> > >)>, std::function<void(std::shared_ptr<const std_msgs::msg::Float64MultiArray_<std::allocator<void> > >, const rclcpp::MessageInfo&)>, std::function<void(std::shared_ptr<const rclcpp::SerializedMessage>)>, std::function<void(std::shared_ptr<const rclcpp::SerializedMessage>, const rclcpp::MessageInfo&)>, std::function<void(const std::shared_ptr<const std_msgs::msg::Float64MultiArray_<std::allocator<void> > >&)>, std::function<void(const std::shared_ptr<const std_msgs::msg::Float64MultiArray_<std::allocator<void> > >&, const rclcpp::MessageInfo&)>, std::function<void(const std::shared_ptr<const rclcpp::SerializedMessage>&)>, std::function<void(const std::shared_ptr<const rclcpp::SerializedMessage>&, const rclcpp::MessageInfo&)>, std::function<void(std::shared_ptr<std_msgs::msg::Float64MultiArray_<std::allocator<void> > >)>, std::function<void(std::shared_ptr<std_msgs::msg::Float64MultiArray_<std::allocator<void> > >, const rclcpp::MessageInfo&)>, std::function<void(std::shared_ptr<rclcpp::SerializedMessage>)>, std::function<void(std::shared_ptr<rclcpp::SerializedMessage>, const rclcpp::MessageInfo&)>}][m[K’
[2.742s]  1399 |       variant& [01;36m[Koperator[m[K=(variant&&) = default;
[2.742s]       |                [01;36m[K^~~~~~~~[m[K
[2.742s] [01m[K/usr/include/c++/11/variant:1399:26:[m[K [01;36m[Knote: [m[K  no known conversion for argument 1 from ‘[01m[Krclcpp::detail::SubscriptionCallbackTypeHelper<std_msgs::msg::Float64MultiArray_<std::allocator<void> >, std::_Bind<void (MAVControl_Node::*(MAVControl_Node*, std::_Placeholder<1>))(std::shared_ptr<geometry_msgs::msg::PoseStamped_<std::allocator<void> > >)>, void>::callback_type[m[K’ {aka ‘[01m[Kstd::function<void(std::shared_ptr<geometry_msgs::msg::PoseStamped_<std::allocator<void> > >)>[m[K’} to ‘[01m[Kstd::variant<std::function<void(const std_msgs::msg::Float64MultiArray_<std::allocator<void> >&)>, std::function<void(const std_msgs::msg::Float64MultiArray_<std::allocator<void> >&, const rclcpp::MessageInfo&)>, std::function<void(const rclcpp::SerializedMessage&)>, std::function<void(const rclcpp::SerializedMessage&, const rclcpp::MessageInfo&)>, std::function<void(std::unique_ptr<std_msgs::msg::Float64MultiArray_<std::allocator<void> >, std::default_delete<std_msgs::msg::Float64MultiArray_<std::allocator<void> > > >)>, std::function<void(std::unique_ptr<std_msgs::msg::Float64MultiArray_<std::allocator<void> >, std::default_delete<std_msgs::msg::Float64MultiArray_<std::allocator<void> > > >, const rclcpp::MessageInfo&)>, std::function<void(std::unique_ptr<rclcpp::SerializedMessage, std::default_delete<rclcpp::SerializedMessage> >)>, std::function<void(std::unique_ptr<rclcpp::SerializedMessage, std::default_delete<rclcpp::SerializedMessage> >, const rclcpp::MessageInfo&)>, std::function<void(std::shared_ptr<const std_msgs::msg::Float64MultiArray_<std::allocator<void> > >)>, std::function<void(std::shared_ptr<const std_msgs::msg::Float64MultiArray_<std::allocator<void> > >, const rclcpp::MessageInfo&)>, std::function<void(std::shared_ptr<const rclcpp::SerializedMessage>)>, std::function<void(std::shared_ptr<const rclcpp::SerializedMessage>, const rclcpp::MessageInfo&)>, std::function<void(const std::shared_ptr<const std_msgs::msg::Float64MultiArray_<std::allocator<void> > >&)>, std::function<void(const std::shared_ptr<const std_msgs::msg::Float64MultiArray_<std::allocator<void> > >&, const rclcpp::MessageInfo&)>, std::function<void(const std::shared_ptr<const rclcpp::SerializedMessage>&)>, std::function<void(const std::shared_ptr<const rclcpp::SerializedMessage>&, const rclcpp::MessageInfo&)>, std::function<void(std::shared_ptr<std_msgs::msg::Float64MultiArray_<std::allocator<void> > >)>, std::function<void(std::shared_ptr<std_msgs::msg::Float64MultiArray_<std::allocator<void> > >, const rclcpp::MessageInfo&)>, std::function<void(std::shared_ptr<rclcpp::SerializedMessage>)>, std::function<void(std::shared_ptr<rclcpp::SerializedMessage>, const rclcpp::MessageInfo&)> >&&[m[K’
[2.742s]  1399 |       variant& operator=([01;36m[Kvariant&&[m[K) = default;
[2.742s]       |                          [01;36m[K^~~~~~~~~[m[K
[4.169s] gmake[2]: *** [CMakeFiles/MAV1.dir/build.make:76: CMakeFiles/MAV1.dir/node/main.cpp.o] Error 1
[4.169s] gmake[1]: *** [CMakeFiles/Makefile2:137: CMakeFiles/MAV1.dir/all] Error 2
[4.169s] gmake: *** [Makefile:146: all] Error 2
[4.171s] Invoked command in '/home/lee/workspace/ros2_ex/build/MAV1' returned '2': CMAKE_PREFIX_PATH=/home/lee/workspace/ros2_ex/install/px4_msgs:/home/lee/workspace/ros2_ex/install/sensor:/home/lee/workspace/ros2_ex/install/ground:/home/lee/workspace/ros2_ex/install/MAV1:/home/lee/workspace/vrpn/install/vrpn_mocap:/home/lee/workspace/vrpn/install/mocap_px4_bridge:/home/lee/workspace/vrpn/install/px4_msgs:/home/lee/workspace/vrpn/install/mocap_optitrack:/opt/ros/humble /usr/bin/cmake --build /home/lee/workspace/ros2_ex/build/MAV1 -- -j32 -l32
