-- Found ament_cmake: 1.3.11 (/opt/ros/humble/share/ament_cmake/cmake)
-- Override CMake install command with custom implementation using symlinks instead of copying resources
-- Found rclcpp: 16.0.12 (/opt/ros/humble/share/rclcpp/cmake)
-- Found rosidl_generator_c: 3.1.6 (/opt/ros/humble/share/rosidl_generator_c/cmake)
-- Found rosidl_adapter: 3.1.6 (/opt/ros/humble/share/rosidl_adapter/cmake)
-- Found rosidl_generator_cpp: 3.1.6 (/opt/ros/humble/share/rosidl_generator_cpp/cmake)
-- Using all available rosidl_typesupport_c: rosidl_typesupport_fastrtps_c;rosidl_typesupport_introspection_c
-- Using all available rosidl_typesupport_cpp: rosidl_typesupport_fastrtps_cpp;rosidl_typesupport_introspection_cpp
-- Found rmw_implementation_cmake: 6.1.2 (/opt/ros/humble/share/rmw_implementation_cmake/cmake)
-- Found rmw_fastrtps_cpp: 6.2.7 (/opt/ros/humble/share/rmw_fastrtps_cpp/cmake)
-- Using RMW implementation 'rmw_fastrtps_cpp' as default
-- Found geometry_msgs: 4.9.0 (/opt/ros/humble/share/geometry_msgs/cmake)
-- Found nav_msgs: 4.9.0 (/opt/ros/humble/share/nav_msgs/cmake)
-- Found tf2: 0.25.13 (/opt/ros/humble/share/tf2/cmake)
-- Found tf2_ros: 0.25.13 (/opt/ros/humble/share/tf2_ros/cmake)
-- Found px4_msgs: 2.0.1 (/home/lee/workspace/ros2_ex/install/px4_msgs/share/px4_msgs/cmake)
-- Found ament_lint_auto: 0.12.12 (/opt/ros/humble/share/ament_lint_auto/cmake)
-- Added test 'cppcheck' to perform static code analysis on C / C++ code
-- Configured cppcheck include dirs: /home/lee/workspace/ros2_ex/src/ground/include;$<BUILD_INTERFACE:/home/lee/workspace/ros2_ex/src/ground/include>
-- Configured cppcheck exclude dirs and/or files: 
-- Added test 'lint_cmake' to check CMake code style
-- Added test 'uncrustify' to check C / C++ code style
-- Configured uncrustify additional arguments: 
-- Added test 'xmllint' to check XML markup files
-- Configuring done
-- Generating done
-- Build files have been written to: /home/lee/workspace/ros2_ex/build/ground
[35m[1mConsolidate compiler generated dependencies of target gripper_controller[0m
[35m[1mConsolidate compiler generated dependencies of target trajectory_generator[0m
[35m[1mConsolidate compiler generated dependencies of target attitude_controller[0m
[35m[1mConsolidate compiler generated dependencies of target keyboard_node[0m
[35m[1mConsolidate compiler generated dependencies of target position_controller[0m
[35m[1mConsolidate compiler generated dependencies of target platform_topic_tool[0m
[35m[1mConsolidate compiler generated dependencies of target qc_servo[0m
[35m[1mConsolidate compiler generated dependencies of target wrench_mapper[0m
[ 11%] Built target gripper_controller
[ 17%] [32mBuilding CXX object CMakeFiles/trajectory_generator.dir/node/trajectory_generator.cpp.o[0m
[ 23%] [32mBuilding CXX object CMakeFiles/keyboard_node.dir/node/keyboard_node.cpp.o[0m
[ 29%] [32mBuilding CXX object CMakeFiles/platform_topic_tool.dir/src/platform_topic_tool.cpp.o[0m
[ 41%] Built target position_controller
[ 52%] Built target attitude_controller
[ 64%] Built target qc_servo
[ 76%] Built target wrench_mapper
[ 82%] [32m[1mLinking CXX executable keyboard_node[0m
[ 88%] Built target keyboard_node
[ 94%] [32m[1mLinking CXX executable trajectory_generator[0m
[ 94%] Built target trajectory_generator
