WARNING: Package name "MAV" does not follow the naming conventions. It should start with a lower case letter and only contain lower case letters, digits, underscores, and dashes.
[31mCMake Error at CMakeLists.txt:23 (add_executable):
  Cannot find source file:

    node/main.cpp

  Tried extensions .c .C .c++ .cc .cpp .cxx .cu .mpp .m .M .mm .ixx .cppm .h
  .hh .h++ .hm .hpp .hxx .in .txx .f .F .for .f77 .f90 .f95 .f03 .hip .ispc

[0m
[31mCMake Error at CMakeLists.txt:23 (add_executable):
  No SOURCES given to target: mav1

[0m
[31mCMake Error at CMakeLists.txt:26 (add_executable):
  No SOURCES given to target: mav2

[0m
[31mCMake Error at CMakeLists.txt:28 (add_executable):
  No SOURCES given to target: mav3

[0m
[31mCMake Error at CMakeLists.txt:30 (add_executable):
  No SOURCES given to target: mav4

[0m
[0mCMake Generate step failed.  Build files cannot be regenerated correctly.[0m
