[0.000s] Invoking command in '/home/lee/workspace/ros2_ex/build/MAV': CMAKE_PREFIX_PATH=/home/lee/workspace/ros2_ex/install/px4_msgs:/home/lee/workspace/ros2_ex/install/MAV4:/home/lee/workspace/ros2_ex/install/MAV3:/home/lee/workspace/ros2_ex/install/MAV2:/home/lee/workspace/ros2_ex/install/sensor:/home/lee/workspace/ros2_ex/install/ground:/home/lee/workspace/ros2_ex/install/MAV1:/home/lee/workspace/vrpn/install/vrpn_mocap:/home/lee/workspace/vrpn/install/mocap_px4_bridge:/home/lee/workspace/vrpn/install/px4_msgs:/home/lee/workspace/vrpn/install/mocap_optitrack:/opt/ros/humble /usr/bin/cmake /home/lee/workspace/ros2_ex/src/MAV -DCMAKE_BUILD_TYPE=RelWithDebInfo -DAMENT_CMAKE_SYMLINK_INSTALL=1 -DCMAKE_INSTALL_PREFIX=/home/lee/workspace/ros2_ex/install/MAV
[0.001s] -- The C compiler identification is GNU 11.4.0
[0.004s] -- The CXX compiler identification is GNU 11.4.0
[0.004s] -- Detecting C compiler ABI info
[0.008s] -- Detecting C compiler ABI info - done
[0.013s] -- Check for working C compiler: /usr/bin/cc - skipped
[0.013s] -- Detecting C compile features
[0.013s] -- Detecting C compile features - done
[0.015s] -- Detecting CXX compiler ABI info
[0.064s] -- Detecting CXX compiler ABI info - done
[0.069s] -- Check for working CXX compiler: /usr/bin/c++ - skipped
[0.070s] -- Detecting CXX compile features
[0.070s] -- Detecting CXX compile features - done
[0.072s] -- Found ament_cmake: 1.3.11 (/opt/ros/humble/share/ament_cmake/cmake)
[0.259s] -- Found Python3: /usr/bin/python3 (found version "3.10.12") found components: Interpreter 
[0.291s] -- Override CMake install command with custom implementation using symlinks instead of copying resources
[0.306s] -- Found rclcpp: 16.0.12 (/opt/ros/humble/share/rclcpp/cmake)
[0.327s] -- Found rosidl_generator_c: 3.1.6 (/opt/ros/humble/share/rosidl_generator_c/cmake)
[0.329s] -- Found rosidl_adapter: 3.1.6 (/opt/ros/humble/share/rosidl_adapter/cmake)
[0.333s] -- Found rosidl_generator_cpp: 3.1.6 (/opt/ros/humble/share/rosidl_generator_cpp/cmake)
[0.339s] -- Using all available rosidl_typesupport_c: rosidl_typesupport_fastrtps_c;rosidl_typesupport_introspection_c
[0.346s] -- Using all available rosidl_typesupport_cpp: rosidl_typesupport_fastrtps_cpp;rosidl_typesupport_introspection_cpp
[0.367s] -- Found rmw_implementation_cmake: 6.1.2 (/opt/ros/humble/share/rmw_implementation_cmake/cmake)
[0.368s] -- Found rmw_fastrtps_cpp: 6.2.7 (/opt/ros/humble/share/rmw_fastrtps_cpp/cmake)
[0.416s] -- Found OpenSSL: /usr/lib/x86_64-linux-gnu/libcrypto.so (found version "3.0.2")  
[0.431s] -- Found FastRTPS: /opt/ros/humble/include  
[0.453s] -- Using RMW implementation 'rmw_fastrtps_cpp' as default
[0.457s] -- Looking for pthread.h
[0.499s] -- Looking for pthread.h - found
[0.499s] -- Performing Test CMAKE_HAVE_LIBC_PTHREAD
[0.540s] -- Performing Test CMAKE_HAVE_LIBC_PTHREAD - Success
[0.541s] -- Found Threads: TRUE  
[0.571s] -- Found geometry_msgs: 4.9.0 (/opt/ros/humble/share/geometry_msgs/cmake)
[0.577s] -- Found nav_msgs: 4.9.0 (/opt/ros/humble/share/nav_msgs/cmake)
[0.585s] -- Found tf2: 0.25.13 (/opt/ros/humble/share/tf2/cmake)
[0.590s] -- Found tf2_ros: 0.25.13 (/opt/ros/humble/share/tf2_ros/cmake)
[0.629s] -- Found px4_msgs: 2.0.1 (/home/lee/workspace/ros2_ex/install/px4_msgs/share/px4_msgs/cmake)
[0.639s] -- Found ament_lint_auto: 0.12.12 (/opt/ros/humble/share/ament_lint_auto/cmake)
[0.663s] WARNING: Package name "MAV" does not follow the naming conventions. It should start with a lower case letter and only contain lower case letters, digits, underscores, and dashes.
[0.864s] -- Added test 'cppcheck' to perform static code analysis on C / C++ code
[0.864s] -- Configured cppcheck include dirs: /home/lee/workspace/ros2_ex/src/MAV/include
[0.864s] -- Configured cppcheck exclude dirs and/or files: 
[0.888s] -- Added test 'flake8' to check Python code syntax and style conventions
[0.933s] -- Added test 'lint_cmake' to check CMake code style
[0.956s] -- Added test 'pep257' to check Python code against some of the docstring style conventions in PEP 257
[1.143s] -- Added test 'uncrustify' to check C / C++ code style
[1.143s] -- Configured uncrustify additional arguments: 
[1.167s] -- Added test 'xmllint' to check XML markup files
[1.167s] -- Configuring done
[1.169s] [31mCMake Error at CMakeLists.txt:23 (add_executable):
[1.169s]   Cannot find source file:
[1.169s] 
[1.169s]     node/main.cpp
[1.169s] 
[1.169s]   Tried extensions .c .C .c++ .cc .cpp .cxx .cu .mpp .m .M .mm .ixx .cppm .h
[1.169s]   .hh .h++ .hm .hpp .hxx .in .txx .f .F .for .f77 .f90 .f95 .f03 .hip .ispc
[1.169s] 
[1.169s] [0m
[1.169s] [31mCMake Error at CMakeLists.txt:23 (add_executable):
[1.169s]   No SOURCES given to target: mav1
[1.169s] 
[1.169s] [0m
[1.169s] [31mCMake Error at CMakeLists.txt:26 (add_executable):
[1.169s]   No SOURCES given to target: mav2
[1.169s] 
[1.169s] [0m
[1.169s] [31mCMake Error at CMakeLists.txt:28 (add_executable):
[1.169s]   No SOURCES given to target: mav3
[1.169s] 
[1.169s] [0m
[1.169s] [31mCMake Error at CMakeLists.txt:30 (add_executable):
[1.169s]   No SOURCES given to target: mav4
[1.169s] 
[1.169s] [0m
[1.169s] [0mCMake Generate step failed.  Build files cannot be regenerated correctly.[0m
[1.174s] Invoked command in '/home/lee/workspace/ros2_ex/build/MAV' returned '1': CMAKE_PREFIX_PATH=/home/lee/workspace/ros2_ex/install/px4_msgs:/home/lee/workspace/ros2_ex/install/MAV4:/home/lee/workspace/ros2_ex/install/MAV3:/home/lee/workspace/ros2_ex/install/MAV2:/home/lee/workspace/ros2_ex/install/sensor:/home/lee/workspace/ros2_ex/install/ground:/home/lee/workspace/ros2_ex/install/MAV1:/home/lee/workspace/vrpn/install/vrpn_mocap:/home/lee/workspace/vrpn/install/mocap_px4_bridge:/home/lee/workspace/vrpn/install/px4_msgs:/home/lee/workspace/vrpn/install/mocap_optitrack:/opt/ros/humble /usr/bin/cmake /home/lee/workspace/ros2_ex/src/MAV -DCMAKE_BUILD_TYPE=RelWithDebInfo -DAMENT_CMAKE_SYMLINK_INSTALL=1 -DCMAKE_INSTALL_PREFIX=/home/lee/workspace/ros2_ex/install/MAV
