[0.001s] Invoking command in '/home/lee/workspace/ros2_ex/build/ground': CMAKE_PREFIX_PATH=/home/lee/workspace/ros2_ex/install/px4_msgs:/home/lee/workspace/vrpn/install/vrpn_mocap:/home/lee/workspace/vrpn/install/mocap_px4_bridge:/home/lee/workspace/vrpn/install/px4_msgs:/home/lee/workspace/vrpn/install/mocap_optitrack:/home/lee/workspace/ros2_ex/install/sensor:/home/lee/workspace/ros2_ex/install/ground:/home/lee/workspace/ros2_ex/install/MAV1:/opt/ros/humble LD_LIBRARY_PATH=/home/lee/workspace/ros2_ex/install/px4_msgs/lib:/home/lee/workspace/vrpn/install/px4_msgs/lib:/opt/ros/humble/opt/rviz_ogre_vendor/lib:/opt/ros/humble/lib/x86_64-linux-gnu:/opt/ros/humble/lib:/home/lee/gazebo_maritime_ws/install/lib /usr/bin/cmake --build /home/lee/workspace/ros2_ex/build/ground -- -j32 -l32
[0.001s] [35m[1mConsolidate compiler generated dependencies of target keyboard_node[0m
[0.001s] [ 20%] Built target position_controller
[0.001s] [ 26%] Built target gripper_controller
[0.001s] [ 33%] [32mBuilding CXX object CMakeFiles/keyboard_node.dir/node/keyboard_node.cpp.o[0m
[0.001s] [ 46%] Built target wrench_mapper
[0.001s] [ 60%] Built target trajectory_generator
[0.001s] [ 73%] Built target attitude_controller
[0.001s] [ 86%] Built target qc_servo
[1.024s] [01m[K/home/lee/workspace/ros2_ex/src/ground/node/keyboard_node.cpp:33:14:[m[K [01;31m[Kerror: [m[K‘[01m[Kvoid MAV_State::MAV1_CB(px4_msgs::msg::VehicleStatus_<std::allocator<void> >::UniquePtr)[m[K’ cannot be overloaded with ‘[01m[Kvoid MAV_State::MAV1_CB(px4_msgs::msg::VehicleStatus_<std::allocator<void> >::UniquePtr)[m[K’
[1.024s]    33 |         void [01;31m[KMAV1_CB[m[K(const px4_msgs::msg::VehicleStatus::UniquePtr msg)
[1.024s]       |              [01;31m[K^~~~~~~[m[K
[1.024s] [01m[K/home/lee/workspace/ros2_ex/src/ground/node/keyboard_node.cpp:24:10:[m[K [01;36m[Knote: [m[Kprevious declaration ‘[01m[Kvoid MAV_State::MAV1_CB(px4_msgs::msg::VehicleStatus_<std::allocator<void> >::UniquePtr)[m[K’
[1.024s]    24 |     void [01;36m[KMAV1_CB[m[K(const px4_msgs::msg::VehicleStatus::UniquePtr);
[1.024s]       |          [01;36m[K^~~~~~~[m[K
[1.024s] [01m[K/home/lee/workspace/ros2_ex/src/ground/node/keyboard_node.cpp:38:10:[m[K [01;31m[Kerror: [m[K‘[01m[Kvoid MAV_State::MAV2_CB(px4_msgs::msg::VehicleStatus_<std::allocator<void> >::UniquePtr)[m[K’ cannot be overloaded with ‘[01m[Kvoid MAV_State::MAV2_CB(px4_msgs::msg::VehicleStatus_<std::allocator<void> >::UniquePtr)[m[K’
[1.024s]    38 |     void [01;31m[KMAV2_CB[m[K(const px4_msgs::msg::VehicleStatus::UniquePtr msg)
[1.024s]       |          [01;31m[K^~~~~~~[m[K
[1.024s] [01m[K/home/lee/workspace/ros2_ex/src/ground/node/keyboard_node.cpp:25:10:[m[K [01;36m[Knote: [m[Kprevious declaration ‘[01m[Kvoid MAV_State::MAV2_CB(px4_msgs::msg::VehicleStatus_<std::allocator<void> >::UniquePtr)[m[K’
[1.024s]    25 |     void [01;36m[KMAV2_CB[m[K(const px4_msgs::msg::VehicleStatus::UniquePtr);
[1.024s]       |          [01;36m[K^~~~~~~[m[K
[1.024s] [01m[K/home/lee/workspace/ros2_ex/src/ground/node/keyboard_node.cpp:43:10:[m[K [01;31m[Kerror: [m[K‘[01m[Kvoid MAV_State::MAV3_CB(px4_msgs::msg::VehicleStatus_<std::allocator<void> >::UniquePtr)[m[K’ cannot be overloaded with ‘[01m[Kvoid MAV_State::MAV3_CB(px4_msgs::msg::VehicleStatus_<std::allocator<void> >::UniquePtr)[m[K’
[1.024s]    43 |     void [01;31m[KMAV3_CB[m[K(const px4_msgs::msg::VehicleStatus::UniquePtr msg)
[1.024s]       |          [01;31m[K^~~~~~~[m[K
[1.024s] [01m[K/home/lee/workspace/ros2_ex/src/ground/node/keyboard_node.cpp:26:10:[m[K [01;36m[Knote: [m[Kprevious declaration ‘[01m[Kvoid MAV_State::MAV3_CB(px4_msgs::msg::VehicleStatus_<std::allocator<void> >::UniquePtr)[m[K’
[1.024s]    26 |     void [01;36m[KMAV3_CB[m[K(const px4_msgs::msg::VehicleStatus::UniquePtr);
[1.024s]       |          [01;36m[K^~~~~~~[m[K
[1.024s] [01m[K/home/lee/workspace/ros2_ex/src/ground/node/keyboard_node.cpp:48:10:[m[K [01;31m[Kerror: [m[K‘[01m[Kvoid MAV_State::MAV4_CB(px4_msgs::msg::VehicleStatus_<std::allocator<void> >::UniquePtr)[m[K’ cannot be overloaded with ‘[01m[Kvoid MAV_State::MAV4_CB(px4_msgs::msg::VehicleStatus_<std::allocator<void> >::UniquePtr)[m[K’
[1.024s]    48 |     void [01;31m[KMAV4_CB[m[K(const px4_msgs::msg::VehicleStatus::UniquePtr msg)
[1.024s]       |          [01;31m[K^~~~~~~[m[K
[1.024s] [01m[K/home/lee/workspace/ros2_ex/src/ground/node/keyboard_node.cpp:27:10:[m[K [01;36m[Knote: [m[Kprevious declaration ‘[01m[Kvoid MAV_State::MAV4_CB(px4_msgs::msg::VehicleStatus_<std::allocator<void> >::UniquePtr)[m[K’
[1.024s]    27 |     void [01;36m[KMAV4_CB[m[K(const px4_msgs::msg::VehicleStatus::UniquePtr);
[1.024s]       |          [01;36m[K^~~~~~~[m[K
[1.028s] [01m[K/home/lee/workspace/ros2_ex/src/ground/node/keyboard_node.cpp:[m[K In constructor ‘[01m[KMAV_State::MAV_State()[m[K’:
[1.028s] [01m[K/home/lee/workspace/ros2_ex/src/ground/node/keyboard_node.cpp:58:72:[m[K [01;31m[Kerror: [m[Kno matching function for call to ‘[01m[KMAV_State::create_subscription<px4_msgs::msg::VehicleStatus>(const char [29], rmw_qos_profile_t&, std::_Bind_helper<false, void (MAV_State::*)(std::unique_ptr<px4_msgs::msg::VehicleStatus_<std::allocator<void> >, std::default_delete<px4_msgs::msg::VehicleStatus_<std::allocator<void> > > >), MAV_State*, const std::_Placeholder<1>&>::type)[m[K’
[1.028s]    58 |         MAV1_ = [01;31m[Kthis->create_subscription<px4_msgs::msg::VehicleStatus>([m[K
[1.028s]       |                 [01;31m[K~~~~~~~~~~~~~~~~~~~~~~~~~~~~~~~~~~~~~~~~~~~~~~~~~~~~~~~^[m[K
[1.029s]    59 | [01;31m[K            "/MAV1/fmu/out/vehicle_status", qos_profile, std::bind(&MAV_State::MAV1_CB, this, std::placeholders::_1))[m[K;
[1.029s]       |             [01;31m[K~~~~~~~~~~~~~~~~~~~~~~~~~~~~~~~~~~~~~~~~~~~~~~~~~~~~~~~~~~~~~~~~~~~~~~~~~~~~~~~~~~~~~~~~~~~~~~~~~~~~~~~~~[m[K
[1.029s] In file included from [01m[K/opt/ros/humble/include/rclcpp/rclcpp/executors/single_threaded_executor.hpp:28[m[K,
[1.029s]                  from [01m[K/opt/ros/humble/include/rclcpp/rclcpp/executors.hpp:22[m[K,
[1.029s]                  from [01m[K/opt/ros/humble/include/rclcpp/rclcpp/rclcpp.hpp:155[m[K,
[1.029s]                  from [01m[K/home/lee/workspace/ros2_ex/src/ground/node/keyboard_node.cpp:1[m[K:
[1.029s] [01m[K/opt/ros/humble/include/rclcpp/rclcpp/node.hpp:219:3:[m[K [01;36m[Knote: [m[Kcandidate: ‘[01m[Ktemplate<class MessageT, class CallbackT, class AllocatorT, class SubscriptionT, class MessageMemoryStrategyT> std::shared_ptr<ROSMessageT> rclcpp::Node::create_subscription(const string&, const rclcpp::QoS&, CallbackT&&, const rclcpp::SubscriptionOptionsWithAllocator<AllocatorT>&, typename MessageMemoryStrategyT::SharedPtr)[m[K’
[1.029s]   219 |   [01;36m[Kcreate_subscription[m[K(
[1.029s]       |   [01;36m[K^~~~~~~~~~~~~~~~~~~[m[K
[1.029s] [01m[K/opt/ros/humble/include/rclcpp/rclcpp/node.hpp:219:3:[m[K [01;36m[Knote: [m[K  template argument deduction/substitution failed:
[1.029s] [01m[K/home/lee/workspace/ros2_ex/src/ground/node/keyboard_node.cpp:59:45:[m[K [01;36m[Knote: [m[K  cannot convert ‘[01m[Kqos_profile[m[K’ (type ‘[01m[Krmw_qos_profile_t[m[K’ {aka ‘[01m[Krmw_qos_profile_s[m[K’}) to type ‘[01m[Kconst rclcpp::QoS&[m[K’
[1.029s]    59 |             "/MAV1/fmu/out/vehicle_status", [01;36m[Kqos_profile[m[K, std::bind(&MAV_State::MAV1_CB, this, std::placeholders::_1));
[1.029s]       |                                             [01;36m[K^~~~~~~~~~~[m[K
[1.029s] [01m[K/home/lee/workspace/ros2_ex/src/ground/node/keyboard_node.cpp:60:72:[m[K [01;31m[Kerror: [m[Kno matching function for call to ‘[01m[KMAV_State::create_subscription<px4_msgs::msg::VehicleStatus>(const char [29], rmw_qos_profile_t&, std::_Bind_helper<false, void (MAV_State::*)(std::unique_ptr<px4_msgs::msg::VehicleStatus_<std::allocator<void> >, std::default_delete<px4_msgs::msg::VehicleStatus_<std::allocator<void> > > >), MAV_State*, const std::_Placeholder<1>&>::type)[m[K’
[1.029s]    60 |         MAV2_ = [01;31m[Kthis->create_subscription<px4_msgs::msg::VehicleStatus>([m[K
[1.029s]       |                 [01;31m[K~~~~~~~~~~~~~~~~~~~~~~~~~~~~~~~~~~~~~~~~~~~~~~~~~~~~~~~^[m[K
[1.029s]    61 | [01;31m[K            "/MAV2/fmu/out/vehicle_status", qos_profile, std::bind(&MAV_State::MAV2_CB, this, std::placeholders::_1))[m[K;
[1.029s]       |             [01;31m[K~~~~~~~~~~~~~~~~~~~~~~~~~~~~~~~~~~~~~~~~~~~~~~~~~~~~~~~~~~~~~~~~~~~~~~~~~~~~~~~~~~~~~~~~~~~~~~~~~~~~~~~~~[m[K
[1.029s] In file included from [01m[K/opt/ros/humble/include/rclcpp/rclcpp/executors/single_threaded_executor.hpp:28[m[K,
[1.029s]                  from [01m[K/opt/ros/humble/include/rclcpp/rclcpp/executors.hpp:22[m[K,
[1.029s]                  from [01m[K/opt/ros/humble/include/rclcpp/rclcpp/rclcpp.hpp:155[m[K,
[1.029s]                  from [01m[K/home/lee/workspace/ros2_ex/src/ground/node/keyboard_node.cpp:1[m[K:
[1.029s] [01m[K/opt/ros/humble/include/rclcpp/rclcpp/node.hpp:219:3:[m[K [01;36m[Knote: [m[Kcandidate: ‘[01m[Ktemplate<class MessageT, class CallbackT, class AllocatorT, class SubscriptionT, class MessageMemoryStrategyT> std::shared_ptr<ROSMessageT> rclcpp::Node::create_subscription(const string&, const rclcpp::QoS&, CallbackT&&, const rclcpp::SubscriptionOptionsWithAllocator<AllocatorT>&, typename MessageMemoryStrategyT::SharedPtr)[m[K’
[1.029s]   219 |   [01;36m[Kcreate_subscription[m[K(
[1.029s]       |   [01;36m[K^~~~~~~~~~~~~~~~~~~[m[K
[1.029s] [01m[K/opt/ros/humble/include/rclcpp/rclcpp/node.hpp:219:3:[m[K [01;36m[Knote: [m[K  template argument deduction/substitution failed:
[1.029s] [01m[K/home/lee/workspace/ros2_ex/src/ground/node/keyboard_node.cpp:61:45:[m[K [01;36m[Knote: [m[K  cannot convert ‘[01m[Kqos_profile[m[K’ (type ‘[01m[Krmw_qos_profile_t[m[K’ {aka ‘[01m[Krmw_qos_profile_s[m[K’}) to type ‘[01m[Kconst rclcpp::QoS&[m[K’
[1.029s]    61 |             "/MAV2/fmu/out/vehicle_status", [01;36m[Kqos_profile[m[K, std::bind(&MAV_State::MAV2_CB, this, std::placeholders::_1));
[1.029s]       |                                             [01;36m[K^~~~~~~~~~~[m[K
[1.029s] [01m[K/home/lee/workspace/ros2_ex/src/ground/node/keyboard_node.cpp:62:72:[m[K [01;31m[Kerror: [m[Kno matching function for call to ‘[01m[KMAV_State::create_subscription<px4_msgs::msg::VehicleStatus>(const char [29], rmw_qos_profile_t&, std::_Bind_helper<false, void (MAV_State::*)(std::unique_ptr<px4_msgs::msg::VehicleStatus_<std::allocator<void> >, std::default_delete<px4_msgs::msg::VehicleStatus_<std::allocator<void> > > >), MAV_State*, const std::_Placeholder<1>&>::type)[m[K’
[1.029s]    62 |         MAV3_ = [01;31m[Kthis->create_subscription<px4_msgs::msg::VehicleStatus>([m[K
[1.029s]       |                 [01;31m[K~~~~~~~~~~~~~~~~~~~~~~~~~~~~~~~~~~~~~~~~~~~~~~~~~~~~~~~^[m[K
[1.029s]    63 | [01;31m[K            "/MAV3/fmu/out/vehicle_status", qos_profile, std::bind(&MAV_State::MAV3_CB, this, std::placeholders::_1))[m[K;
[1.029s]       |             [01;31m[K~~~~~~~~~~~~~~~~~~~~~~~~~~~~~~~~~~~~~~~~~~~~~~~~~~~~~~~~~~~~~~~~~~~~~~~~~~~~~~~~~~~~~~~~~~~~~~~~~~~~~~~~~[m[K
[1.029s] In file included from [01m[K/opt/ros/humble/include/rclcpp/rclcpp/executors/single_threaded_executor.hpp:28[m[K,
[1.029s]                  from [01m[K/opt/ros/humble/include/rclcpp/rclcpp/executors.hpp:22[m[K,
[1.029s]                  from [01m[K/opt/ros/humble/include/rclcpp/rclcpp/rclcpp.hpp:155[m[K,
[1.029s]                  from [01m[K/home/lee/workspace/ros2_ex/src/ground/node/keyboard_node.cpp:1[m[K:
[1.029s] [01m[K/opt/ros/humble/include/rclcpp/rclcpp/node.hpp:219:3:[m[K [01;36m[Knote: [m[Kcandidate: ‘[01m[Ktemplate<class MessageT, class CallbackT, class AllocatorT, class SubscriptionT, class MessageMemoryStrategyT> std::shared_ptr<ROSMessageT> rclcpp::Node::create_subscription(const string&, const rclcpp::QoS&, CallbackT&&, const rclcpp::SubscriptionOptionsWithAllocator<AllocatorT>&, typename MessageMemoryStrategyT::SharedPtr)[m[K’
[1.029s]   219 |   [01;36m[Kcreate_subscription[m[K(
[1.029s]       |   [01;36m[K^~~~~~~~~~~~~~~~~~~[m[K
[1.029s] [01m[K/opt/ros/humble/include/rclcpp/rclcpp/node.hpp:219:3:[m[K [01;36m[Knote: [m[K  template argument deduction/substitution failed:
[1.029s] [01m[K/home/lee/workspace/ros2_ex/src/ground/node/keyboard_node.cpp:63:45:[m[K [01;36m[Knote: [m[K  cannot convert ‘[01m[Kqos_profile[m[K’ (type ‘[01m[Krmw_qos_profile_t[m[K’ {aka ‘[01m[Krmw_qos_profile_s[m[K’}) to type ‘[01m[Kconst rclcpp::QoS&[m[K’
[1.029s]    63 |             "/MAV3/fmu/out/vehicle_status", [01;36m[Kqos_profile[m[K, std::bind(&MAV_State::MAV3_CB, this, std::placeholders::_1));
[1.029s]       |                                             [01;36m[K^~~~~~~~~~~[m[K
[1.030s] [01m[K/home/lee/workspace/ros2_ex/src/ground/node/keyboard_node.cpp:64:72:[m[K [01;31m[Kerror: [m[Kno matching function for call to ‘[01m[KMAV_State::create_subscription<px4_msgs::msg::VehicleStatus>(const char [29], rmw_qos_profile_t&, std::_Bind_helper<false, void (MAV_State::*)(std::unique_ptr<px4_msgs::msg::VehicleStatus_<std::allocator<void> >, std::default_delete<px4_msgs::msg::VehicleStatus_<std::allocator<void> > > >), MAV_State*, const std::_Placeholder<1>&>::type)[m[K’
[1.030s]    64 |         MAV4_ = [01;31m[Kthis->create_subscription<px4_msgs::msg::VehicleStatus>([m[K
[1.030s]       |                 [01;31m[K~~~~~~~~~~~~~~~~~~~~~~~~~~~~~~~~~~~~~~~~~~~~~~~~~~~~~~~^[m[K
[1.030s]    65 | [01;31m[K            "/MAV4/fmu/out/vehicle_status", qos_profile, std::bind(&MAV_State::MAV4_CB, this, std::placeholders::_1))[m[K;
[1.030s]       |             [01;31m[K~~~~~~~~~~~~~~~~~~~~~~~~~~~~~~~~~~~~~~~~~~~~~~~~~~~~~~~~~~~~~~~~~~~~~~~~~~~~~~~~~~~~~~~~~~~~~~~~~~~~~~~~~[m[K
[1.030s] In file included from [01m[K/opt/ros/humble/include/rclcpp/rclcpp/executors/single_threaded_executor.hpp:28[m[K,
[1.030s]                  from [01m[K/opt/ros/humble/include/rclcpp/rclcpp/executors.hpp:22[m[K,
[1.030s]                  from [01m[K/opt/ros/humble/include/rclcpp/rclcpp/rclcpp.hpp:155[m[K,
[1.030s]                  from [01m[K/home/lee/workspace/ros2_ex/src/ground/node/keyboard_node.cpp:1[m[K:
[1.030s] [01m[K/opt/ros/humble/include/rclcpp/rclcpp/node.hpp:219:3:[m[K [01;36m[Knote: [m[Kcandidate: ‘[01m[Ktemplate<class MessageT, class CallbackT, class AllocatorT, class SubscriptionT, class MessageMemoryStrategyT> std::shared_ptr<ROSMessageT> rclcpp::Node::create_subscription(const string&, const rclcpp::QoS&, CallbackT&&, const rclcpp::SubscriptionOptionsWithAllocator<AllocatorT>&, typename MessageMemoryStrategyT::SharedPtr)[m[K’
[1.030s]   219 |   [01;36m[Kcreate_subscription[m[K(
[1.030s]       |   [01;36m[K^~~~~~~~~~~~~~~~~~~[m[K
[1.030s] [01m[K/opt/ros/humble/include/rclcpp/rclcpp/node.hpp:219:3:[m[K [01;36m[Knote: [m[K  template argument deduction/substitution failed:
[1.030s] [01m[K/home/lee/workspace/ros2_ex/src/ground/node/keyboard_node.cpp:65:45:[m[K [01;36m[Knote: [m[K  cannot convert ‘[01m[Kqos_profile[m[K’ (type ‘[01m[Krmw_qos_profile_t[m[K’ {aka ‘[01m[Krmw_qos_profile_s[m[K’}) to type ‘[01m[Kconst rclcpp::QoS&[m[K’
[1.030s]    65 |             "/MAV4/fmu/out/vehicle_status", [01;36m[Kqos_profile[m[K, std::bind(&MAV_State::MAV4_CB, this, std::placeholders::_1));
[1.030s]       |                                             [01;36m[K^~~~~~~~~~~[m[K
[1.616s] gmake[2]: *** [CMakeFiles/keyboard_node.dir/build.make:76: CMakeFiles/keyboard_node.dir/node/keyboard_node.cpp.o] Error 1
[1.617s] gmake[1]: *** [CMakeFiles/Makefile2:227: CMakeFiles/keyboard_node.dir/all] Error 2
[1.617s] gmake: *** [Makefile:146: all] Error 2
[1.619s] Invoked command in '/home/lee/workspace/ros2_ex/build/ground' returned '2': CMAKE_PREFIX_PATH=/home/lee/workspace/ros2_ex/install/px4_msgs:/home/lee/workspace/vrpn/install/vrpn_mocap:/home/lee/workspace/vrpn/install/mocap_px4_bridge:/home/lee/workspace/vrpn/install/px4_msgs:/home/lee/workspace/vrpn/install/mocap_optitrack:/home/lee/workspace/ros2_ex/install/sensor:/home/lee/workspace/ros2_ex/install/ground:/home/lee/workspace/ros2_ex/install/MAV1:/opt/ros/humble LD_LIBRARY_PATH=/home/lee/workspace/ros2_ex/install/px4_msgs/lib:/home/lee/workspace/vrpn/install/px4_msgs/lib:/opt/ros/humble/opt/rviz_ogre_vendor/lib:/opt/ros/humble/lib/x86_64-linux-gnu:/opt/ros/humble/lib:/home/lee/gazebo_maritime_ws/install/lib /usr/bin/cmake --build /home/lee/workspace/ros2_ex/build/ground -- -j32 -l32
