[0.000s] Invoking command in '/home/lee/workspace/ros2_ex/build/MAV1': CMAKE_PREFIX_PATH=/home/lee/workspace/ros2_ex/install/px4_msgs:/home/lee/workspace/ros2_ex/install/sensor:/home/lee/workspace/ros2_ex/install/ground:/home/lee/workspace/ros2_ex/install/MAV1:/home/lee/workspace/vrpn/install/vrpn_mocap:/home/lee/workspace/vrpn/install/mocap_px4_bridge:/home/lee/workspace/vrpn/install/px4_msgs:/home/lee/workspace/vrpn/install/mocap_optitrack:/opt/ros/humble /usr/bin/cmake --build /home/lee/workspace/ros2_ex/build/MAV1 -- -j32 -l32
[0.001s] [35m[1mConsolidate compiler generated dependencies of target MAV1[0m
[0.001s] [100%] Built target MAV1
[0.002s] Invoked command in '/home/lee/workspace/ros2_ex/build/MAV1' returned '0': CMAKE_PREFIX_PATH=/home/lee/workspace/ros2_ex/install/px4_msgs:/home/lee/workspace/ros2_ex/install/sensor:/home/lee/workspace/ros2_ex/install/ground:/home/lee/workspace/ros2_ex/install/MAV1:/home/lee/workspace/vrpn/install/vrpn_mocap:/home/lee/workspace/vrpn/install/mocap_px4_bridge:/home/lee/workspace/vrpn/install/px4_msgs:/home/lee/workspace/vrpn/install/mocap_optitrack:/opt/ros/humble /usr/bin/cmake --build /home/lee/workspace/ros2_ex/build/MAV1 -- -j32 -l32
[0.002s] Invoking command in '/home/lee/workspace/ros2_ex/build/MAV1': CMAKE_PREFIX_PATH=/home/lee/workspace/ros2_ex/install/px4_msgs:/home/lee/workspace/ros2_ex/install/sensor:/home/lee/workspace/ros2_ex/install/ground:/home/lee/workspace/ros2_ex/install/MAV1:/home/lee/workspace/vrpn/install/vrpn_mocap:/home/lee/workspace/vrpn/install/mocap_px4_bridge:/home/lee/workspace/vrpn/install/px4_msgs:/home/lee/workspace/vrpn/install/mocap_optitrack:/opt/ros/humble /usr/bin/cmake --install /home/lee/workspace/ros2_ex/build/MAV1
[0.002s] -- Install configuration: "RelWithDebInfo"
[0.002s] -- Execute custom install script
[0.002s] -- Up-to-date symlink: /home/lee/workspace/ros2_ex/install/MAV1/lib/MAV1/MAV1
[0.002s] -- Up-to-date symlink: /home/lee/workspace/ros2_ex/install/MAV1/share/ament_index/resource_index/package_run_dependencies/MAV1
[0.002s] -- Up-to-date symlink: /home/lee/workspace/ros2_ex/install/MAV1/share/ament_index/resource_index/parent_prefix_path/MAV1
[0.002s] -- Up-to-date symlink: /home/lee/workspace/ros2_ex/install/MAV1/share/MAV1/environment/ament_prefix_path.sh
[0.002s] -- Up-to-date symlink: /home/lee/workspace/ros2_ex/install/MAV1/share/MAV1/environment/ament_prefix_path.dsv
[0.002s] -- Up-to-date symlink: /home/lee/workspace/ros2_ex/install/MAV1/share/MAV1/environment/path.sh
[0.002s] -- Up-to-date symlink: /home/lee/workspace/ros2_ex/install/MAV1/share/MAV1/environment/path.dsv
[0.002s] -- Up-to-date symlink: /home/lee/workspace/ros2_ex/install/MAV1/share/MAV1/local_setup.bash
[0.002s] -- Up-to-date symlink: /home/lee/workspace/ros2_ex/install/MAV1/share/MAV1/local_setup.sh
[0.002s] -- Up-to-date symlink: /home/lee/workspace/ros2_ex/install/MAV1/share/MAV1/local_setup.zsh
[0.002s] -- Up-to-date symlink: /home/lee/workspace/ros2_ex/install/MAV1/share/MAV1/local_setup.dsv
[0.002s] -- Symlinking: /home/lee/workspace/ros2_ex/install/MAV1/share/MAV1/package.dsv
[0.002s] -- Up-to-date symlink: /home/lee/workspace/ros2_ex/install/MAV1/share/ament_index/resource_index/packages/MAV1
[0.002s] -- Up-to-date symlink: /home/lee/workspace/ros2_ex/install/MAV1/share/MAV1/cmake/MAV1Config.cmake
[0.002s] -- Up-to-date symlink: /home/lee/workspace/ros2_ex/install/MAV1/share/MAV1/cmake/MAV1Config-version.cmake
[0.002s] -- Up-to-date symlink: /home/lee/workspace/ros2_ex/install/MAV1/share/MAV1/package.xml
[0.002s] Invoked command in '/home/lee/workspace/ros2_ex/build/MAV1' returned '0': CMAKE_PREFIX_PATH=/home/lee/workspace/ros2_ex/install/px4_msgs:/home/lee/workspace/ros2_ex/install/sensor:/home/lee/workspace/ros2_ex/install/ground:/home/lee/workspace/ros2_ex/install/MAV1:/home/lee/workspace/vrpn/install/vrpn_mocap:/home/lee/workspace/vrpn/install/mocap_px4_bridge:/home/lee/workspace/vrpn/install/px4_msgs:/home/lee/workspace/vrpn/install/mocap_optitrack:/opt/ros/humble /usr/bin/cmake --install /home/lee/workspace/ros2_ex/build/MAV1
