[0.006s] Invoking command in '/home/lee/workspace/ros2_ex/src/build/sensor': CMAKE_PREFIX_PATH=/opt/ros/humble /usr/bin/cmake --build /home/lee/workspace/ros2_ex/src/build/sensor -- -j32 -l32
[0.028s] Invoked command in '/home/lee/workspace/ros2_ex/src/build/sensor' returned '0': CMAKE_PREFIX_PATH=/opt/ros/humble /usr/bin/cmake --build /home/lee/workspace/ros2_ex/src/build/sensor -- -j32 -l32
[0.033s] Invoking command in '/home/lee/workspace/ros2_ex/src/build/sensor': CMAKE_PREFIX_PATH=/opt/ros/humble /usr/bin/cmake --install /home/lee/workspace/ros2_ex/src/build/sensor
[0.036s] -- Install configuration: ""
[0.036s] -- Up-to-date: /home/lee/workspace/ros2_ex/src/install/sensor/share/ament_index/resource_index/package_run_dependencies/sensor
[0.036s] -- Up-to-date: /home/lee/workspace/ros2_ex/src/install/sensor/share/ament_index/resource_index/parent_prefix_path/sensor
[0.036s] -- Up-to-date: /home/lee/workspace/ros2_ex/src/install/sensor/share/sensor/environment/ament_prefix_path.sh
[0.036s] -- Up-to-date: /home/lee/workspace/ros2_ex/src/install/sensor/share/sensor/environment/ament_prefix_path.dsv
[0.036s] -- Up-to-date: /home/lee/workspace/ros2_ex/src/install/sensor/share/sensor/environment/path.sh
[0.036s] -- Up-to-date: /home/lee/workspace/ros2_ex/src/install/sensor/share/sensor/environment/path.dsv
[0.036s] -- Up-to-date: /home/lee/workspace/ros2_ex/src/install/sensor/share/sensor/local_setup.bash
[0.036s] -- Up-to-date: /home/lee/workspace/ros2_ex/src/install/sensor/share/sensor/local_setup.sh
[0.036s] -- Up-to-date: /home/lee/workspace/ros2_ex/src/install/sensor/share/sensor/local_setup.zsh
[0.036s] -- Up-to-date: /home/lee/workspace/ros2_ex/src/install/sensor/share/sensor/local_setup.dsv
[0.036s] -- Up-to-date: /home/lee/workspace/ros2_ex/src/install/sensor/share/sensor/package.dsv
[0.036s] -- Up-to-date: /home/lee/workspace/ros2_ex/src/install/sensor/share/ament_index/resource_index/packages/sensor
[0.036s] -- Up-to-date: /home/lee/workspace/ros2_ex/src/install/sensor/share/sensor/cmake/sensorConfig.cmake
[0.036s] -- Up-to-date: /home/lee/workspace/ros2_ex/src/install/sensor/share/sensor/cmake/sensorConfig-version.cmake
[0.036s] -- Up-to-date: /home/lee/workspace/ros2_ex/src/install/sensor/share/sensor/package.xml
[0.037s] Invoked command in '/home/lee/workspace/ros2_ex/src/build/sensor' returned '0': CMAKE_PREFIX_PATH=/opt/ros/humble /usr/bin/cmake --install /home/lee/workspace/ros2_ex/src/build/sensor
