-- The C compiler identification is GNU 11.4.0
-- The CXX compiler identification is GNU 11.4.0
-- Detecting C compiler ABI info
-- Detecting C compiler ABI info - done
-- Check for working C compiler: /usr/bin/cc - skipped
-- Detecting C compile features
-- Detecting C compile features - done
-- Detecting CXX compiler ABI info
-- Detecting CXX compiler ABI info - done
-- Check for working CXX compiler: /usr/bin/c++ - skipped
-- Detecting CXX compile features
-- Detecting CXX compile features - done
-- Found ament_cmake: 1.3.11 (/opt/ros/humble/share/ament_cmake/cmake)
-- Found Python3: /usr/bin/python3 (found version "3.10.12") found components: Interpreter 
-- Found rclcpp: 16.0.12 (/opt/ros/humble/share/rclcpp/cmake)
-- Found rosidl_generator_c: 3.1.6 (/opt/ros/humble/share/rosidl_generator_c/cmake)
-- Found rosidl_adapter: 3.1.6 (/opt/ros/humble/share/rosidl_adapter/cmake)
-- Found rosidl_generator_cpp: 3.1.6 (/opt/ros/humble/share/rosidl_generator_cpp/cmake)
-- Using all available rosidl_typesupport_c: rosidl_typesupport_fastrtps_c;rosidl_typesupport_introspection_c
-- Using all available rosidl_typesupport_cpp: rosidl_typesupport_fastrtps_cpp;rosidl_typesupport_introspection_cpp
-- Found rmw_implementation_cmake: 6.1.2 (/opt/ros/humble/share/rmw_implementation_cmake/cmake)
-- Found rmw_fastrtps_cpp: 6.2.7 (/opt/ros/humble/share/rmw_fastrtps_cpp/cmake)
-- Found OpenSSL: /usr/lib/x86_64-linux-gnu/libcrypto.so (found version "3.0.2")  
-- Found FastRTPS: /opt/ros/humble/include  
-- Using RMW implementation 'rmw_fastrtps_cpp' as default
-- Looking for pthread.h
-- Looking for pthread.h - found
-- Performing Test CMAKE_HAVE_LIBC_PTHREAD
-- Performing Test CMAKE_HAVE_LIBC_PTHREAD - Success
-- Found Threads: TRUE  
-- Found geometry_msgs: 4.8.0 (/opt/ros/humble/share/geometry_msgs/cmake)
-- Found nav_msgs: 4.8.0 (/opt/ros/humble/share/nav_msgs/cmake)
-- Found tf2: 0.25.12 (/opt/ros/humble/share/tf2/cmake)
-- Found tf2_ros: 0.25.12 (/opt/ros/humble/share/tf2_ros/cmake)
-- Found px4_msgs: 2.0.1 (/home/lee/workspace/ros2_ex/install/px4_msgs/share/px4_msgs/cmake)
-- Found ament_lint_auto: 0.12.12 (/opt/ros/humble/share/ament_lint_auto/cmake)
WARNING: Package name "MAV1" does not follow the naming conventions. It should start with a lower case letter and only contain lower case letters, digits, underscores, and dashes.
-- Added test 'cppcheck' to perform static code analysis on C / C++ code
-- Configured cppcheck include dirs: /home/lee/workspace/ros2_ex/src/MAV/MAV1/include
-- Configured cppcheck exclude dirs and/or files: 
-- Added test 'flake8' to check Python code syntax and style conventions
-- Added test 'lint_cmake' to check CMake code style
-- Added test 'pep257' to check Python code against some of the docstring style conventions in PEP 257
-- Added test 'uncrustify' to check C / C++ code style
-- Configured uncrustify additional arguments: 
-- Added test 'xmllint' to check XML markup files
-- Configuring done
-- Generating done
-- Build files have been written to: /home/lee/workspace/ros2_ex/build/MAV1
[ 50%] [32mBuilding CXX object CMakeFiles/MAV1.dir/node/main.cpp.o[0m
[01m[K/home/lee/workspace/ros2_ex/src/MAV/MAV1/node/main.cpp:[m[K In constructor ‘[01m[KMAVControl_Node::MAVControl_Node()[m[K’:
[01m[K/home/lee/workspace/ros2_ex/src/MAV/MAV1/node/main.cpp:47:41:[m[K [01;31m[Kerror: [m[K‘[01m[Kmav_pose_cb[m[K’ is not a member of ‘[01m[KMAVControl_Node[m[K’
   47 |             std::bind(&MAVControl_Node::[01;31m[Kmav_pose_cb[m[K, this, std::placeholders::_1));
      |                                         [01;31m[K^~~~~~~~~~~[m[K
[01m[K/home/lee/workspace/ros2_ex/src/MAV/MAV1/node/main.cpp:50:41:[m[K [01;31m[Kerror: [m[K‘[01m[KT_sub_cb[m[K’ is not a member of ‘[01m[KMAVControl_Node[m[K’
   50 |             std::bind(&MAVControl_Node::[01;31m[KT_sub_cb[m[K, this, std::placeholders::_1));
      |                                         [01;31m[K^~~~~~~~[m[K
[01m[K/home/lee/workspace/ros2_ex/src/MAV/MAV1/node/main.cpp:[m[K In member function ‘[01m[Kvoid MAVControl_Node::initialize()[m[K’:
[01m[K/home/lee/workspace/ros2_ex/src/MAV/MAV1/node/main.cpp:111:12:[m[K [01;31m[Kerror: [m[K‘[01m[Kusing VehicleAttitudeSetpoint = struct px4_msgs::msg::VehicleAttitudeSetpoint_<std::allocator<void> >[m[K’ {aka ‘[01m[Kstruct px4_msgs::msg::VehicleAttitudeSetpoint_<std::allocator<void> >[m[K’} has no member named ‘[01m[Kfuse[m[K’
  111 |         T_.[01;31m[Kfuse[m[K = true;
      |            [01;31m[K^~~~[m[K
[01m[K/home/lee/workspace/ros2_ex/src/MAV/MAV1/node/main.cpp:113:19:[m[K [01;31m[Kerror: [m[K‘[01m[Kusing VehicleAttitudeSetpoint = struct px4_msgs::msg::VehicleAttitudeSetpoint_<std::allocator<void> >[m[K’ {aka ‘[01m[Kstruct px4_msgs::msg::VehicleAttitudeSetpoint_<std::allocator<void> >[m[K’} has no member named ‘[01m[Kfuse[m[K’
  113 |         T_PREARM_.[01;31m[Kfuse[m[K = 1;
      |                   [01;31m[K^~~~[m[K
[01m[K/home/lee/workspace/ros2_ex/src/MAV/MAV1/node/main.cpp:114:19:[m[K [01;31m[Kerror: [m[K‘[01m[Kusing VehicleAttitudeSetpoint = struct px4_msgs::msg::VehicleAttitudeSetpoint_<std::allocator<void> >[m[K’ {aka ‘[01m[Kstruct px4_msgs::msg::VehicleAttitudeSetpoint_<std::allocator<void> >[m[K’} has no member named ‘[01m[Kq[m[K’
  114 |         T_PREARM_.[01;31m[Kq[m[K[0] = 1.0; // w
      |                   [01;31m[K^[m[K
[01m[K/home/lee/workspace/ros2_ex/src/MAV/MAV1/node/main.cpp:115:19:[m[K [01;31m[Kerror: [m[K‘[01m[Kusing VehicleAttitudeSetpoint = struct px4_msgs::msg::VehicleAttitudeSetpoint_<std::allocator<void> >[m[K’ {aka ‘[01m[Kstruct px4_msgs::msg::VehicleAttitudeSetpoint_<std::allocator<void> >[m[K’} has no member named ‘[01m[Kq[m[K’
  115 |         T_PREARM_.[01;31m[Kq[m[K[1] = 0.0; // x
      |                   [01;31m[K^[m[K
[01m[K/home/lee/workspace/ros2_ex/src/MAV/MAV1/node/main.cpp:116:19:[m[K [01;31m[Kerror: [m[K‘[01m[Kusing VehicleAttitudeSetpoint = struct px4_msgs::msg::VehicleAttitudeSetpoint_<std::allocator<void> >[m[K’ {aka ‘[01m[Kstruct px4_msgs::msg::VehicleAttitudeSetpoint_<std::allocator<void> >[m[K’} has no member named ‘[01m[Kq[m[K’
  116 |         T_PREARM_.[01;31m[Kq[m[K[2] = 0.0; // y
      |                   [01;31m[K^[m[K
[01m[K/home/lee/workspace/ros2_ex/src/MAV/MAV1/node/main.cpp:117:19:[m[K [01;31m[Kerror: [m[K‘[01m[Kusing VehicleAttitudeSetpoint = struct px4_msgs::msg::VehicleAttitudeSetpoint_<std::allocator<void> >[m[K’ {aka ‘[01m[Kstruct px4_msgs::msg::VehicleAttitudeSetpoint_<std::allocator<void> >[m[K’} has no member named ‘[01m[Kq[m[K’
  117 |         T_PREARM_.[01;31m[Kq[m[K[3] = 0.0; // z
      |                   [01;31m[K^[m[K
[01m[K/home/lee/workspace/ros2_ex/src/MAV/MAV1/node/main.cpp:[m[K In member function ‘[01m[Kvoid MAVControl_Node::T_cmd_calculate()[m[K’:
[01m[K/home/lee/workspace/ros2_ex/src/MAV/MAV1/node/main.cpp:148:23:[m[K [01;31m[Kerror: [m[K‘[01m[Kusing PoseStamped = struct geometry_msgs::msg::PoseStamped_<std::allocator<void> >[m[K’ {aka ‘[01m[Kstruct geometry_msgs::msg::PoseStamped_<std::allocator<void> >[m[K’} has no member named ‘[01m[Kquaternion[m[K’
  148 |             mav_pose_.[01;31m[Kquaternion[m[K,
      |                       [01;31m[K^~~~~~~~~~[m[K
[01m[K/home/lee/workspace/ros2_ex/src/MAV/MAV1/node/main.cpp:149:23:[m[K [01;31m[Kerror: [m[K‘[01m[Kusing PoseStamped = struct geometry_msgs::msg::PoseStamped_<std::allocator<void> >[m[K’ {aka ‘[01m[Kstruct geometry_msgs::msg::PoseStamped_<std::allocator<void> >[m[K’} has no member named ‘[01m[Kquaternion[m[K’
  149 |             mav_pose_.[01;31m[Kquaternion[m[K,
      |                       [01;31m[K^~~~~~~~~~[m[K
[01m[K/home/lee/workspace/ros2_ex/src/MAV/MAV1/node/main.cpp:150:23:[m[K [01;31m[Kerror: [m[K‘[01m[Kusing PoseStamped = struct geometry_msgs::msg::PoseStamped_<std::allocator<void> >[m[K’ {aka ‘[01m[Kstruct geometry_msgs::msg::PoseStamped_<std::allocator<void> >[m[K’} has no member named ‘[01m[Kquaternion[m[K’
  150 |             mav_pose_.[01;31m[Kquaternion[m[K);
      |                       [01;31m[K^~~~~~~~~~[m[K
[01m[K/home/lee/workspace/ros2_ex/src/MAV/MAV1/node/main.cpp:168:28:[m[K [01;31m[Kerror: [m[K‘[01m[Kusing PoseStamped = struct geometry_msgs::msg::PoseStamped_<std::allocator<void> >[m[K’ {aka ‘[01m[Kstruct geometry_msgs::msg::PoseStamped_<std::allocator<void> >[m[K’} has no member named ‘[01m[Kquaternion[m[K’
  168 |             platform_pose_.[01;31m[Kquaternion[m[K);
      |                            [01;31m[K^~~~~~~~~~[m[K
[01m[K/home/lee/workspace/ros2_ex/src/MAV/MAV1/node/main.cpp:183:12:[m[K [01;31m[Kerror: [m[K‘[01m[Kusing VehicleAttitudeSetpoint = struct px4_msgs::msg::VehicleAttitudeSetpoint_<std::allocator<void> >[m[K’ {aka ‘[01m[Kstruct px4_msgs::msg::VehicleAttitudeSetpoint_<std::allocator<void> >[m[K’} has no member named ‘[01m[Kq[m[K’
  183 |         T_.[01;31m[Kq[m[K[0] = mav_pose_desire.w();
      |            [01;31m[K^[m[K
[01m[K/home/lee/workspace/ros2_ex/src/MAV/MAV1/node/main.cpp:184:12:[m[K [01;31m[Kerror: [m[K‘[01m[Kusing VehicleAttitudeSetpoint = struct px4_msgs::msg::VehicleAttitudeSetpoint_<std::allocator<void> >[m[K’ {aka ‘[01m[Kstruct px4_msgs::msg::VehicleAttitudeSetpoint_<std::allocator<void> >[m[K’} has no member named ‘[01m[Kq[m[K’
  184 |         T_.[01;31m[Kq[m[K[1] = mav_pose_desire.x();
      |            [01;31m[K^[m[K
[01m[K/home/lee/workspace/ros2_ex/src/MAV/MAV1/node/main.cpp:185:12:[m[K [01;31m[Kerror: [m[K‘[01m[Kusing VehicleAttitudeSetpoint = struct px4_msgs::msg::VehicleAttitudeSetpoint_<std::allocator<void> >[m[K’ {aka ‘[01m[Kstruct px4_msgs::msg::VehicleAttitudeSetpoint_<std::allocator<void> >[m[K’} has no member named ‘[01m[Kq[m[K’
  185 |         T_.[01;31m[Kq[m[K[2] = mav_pose_desire.y();
      |            [01;31m[K^[m[K
[01m[K/home/lee/workspace/ros2_ex/src/MAV/MAV1/node/main.cpp:186:12:[m[K [01;31m[Kerror: [m[K‘[01m[Kusing VehicleAttitudeSetpoint = struct px4_msgs::msg::VehicleAttitudeSetpoint_<std::allocator<void> >[m[K’ {aka ‘[01m[Kstruct px4_msgs::msg::VehicleAttitudeSetpoint_<std::allocator<void> >[m[K’} has no member named ‘[01m[Kq[m[K’
  186 |         T_.[01;31m[Kq[m[K[3] = mav_pose_desire.z();
      |            [01;31m[K^[m[K
[01m[K/home/lee/workspace/ros2_ex/src/MAV/MAV1/node/main.cpp:187:12:[m[K [01;31m[Kerror: [m[K‘[01m[Kusing VehicleAttitudeSetpoint = struct px4_msgs::msg::VehicleAttitudeSetpoint_<std::allocator<void> >[m[K’ {aka ‘[01m[Kstruct px4_msgs::msg::VehicleAttitudeSetpoint_<std::allocator<void> >[m[K’} has no member named ‘[01m[Kq_valid[m[K’
  187 |         T_.[01;31m[Kq_valid[m[K = true;
      |            [01;31m[K^~~~~~~[m[K
[01m[K/home/lee/workspace/ros2_ex/src/MAV/MAV1/node/main.cpp:[m[K In member function ‘[01m[Kvoid MAVControl_Node::set_offboard_mode()[m[K’:
[01m[K/home/lee/workspace/ros2_ex/src/MAV/MAV1/node/main.cpp:196:18:[m[K [01;31m[Kerror: [m[K‘[01m[Kusing element_type = struct px4_msgs::srv::VehicleCommand_Request_<std::allocator<void> >[m[K’ {aka ‘[01m[Kstruct px4_msgs::srv::VehicleCommand_Request_<std::allocator<void> >[m[K’} has no member named ‘[01m[Kcommand[m[K’
  196 |         request->[01;31m[Kcommand[m[K = px4_msgs::msg::VehicleCommand::VEHICLE_CMD_DO_SET_MODE;
      |                  [01;31m[K^~~~~~~[m[K
[01m[K/home/lee/workspace/ros2_ex/src/MAV/MAV1/node/main.cpp:197:18:[m[K [01;31m[Kerror: [m[K‘[01m[Kusing element_type = struct px4_msgs::srv::VehicleCommand_Request_<std::allocator<void> >[m[K’ {aka ‘[01m[Kstruct px4_msgs::srv::VehicleCommand_Request_<std::allocator<void> >[m[K’} has no member named ‘[01m[Kparam1[m[K’
  197 |         request->[01;31m[Kparam1[m[K = 1; // Custom mode
      |                  [01;31m[K^~~~~~[m[K
[01m[K/home/lee/workspace/ros2_ex/src/MAV/MAV1/node/main.cpp:198:18:[m[K [01;31m[Kerror: [m[K‘[01m[Kusing element_type = struct px4_msgs::srv::VehicleCommand_Request_<std::allocator<void> >[m[K’ {aka ‘[01m[Kstruct px4_msgs::srv::VehicleCommand_Request_<std::allocator<void> >[m[K’} has no member named ‘[01m[Kparam2[m[K’
  198 |         request->[01;31m[Kparam2[m[K = 6; // OFFBOARD mode
      |                  [01;31m[K^~~~~~[m[K
[01m[K/home/lee/workspace/ros2_ex/src/MAV/MAV1/node/main.cpp:199:18:[m[K [01;31m[Kerror: [m[K‘[01m[Kusing element_type = struct px4_msgs::srv::VehicleCommand_Request_<std::allocator<void> >[m[K’ {aka ‘[01m[Kstruct px4_msgs::srv::VehicleCommand_Request_<std::allocator<void> >[m[K’} has no member named ‘[01m[Ktimestamp[m[K’
  199 |         request->[01;31m[Ktimestamp[m[K = this->get_clock()->now().nanoseconds() / 1000;
      |                  [01;31m[K^~~~~~~~~[m[K
[01m[K/home/lee/workspace/ros2_ex/src/MAV/MAV1/node/main.cpp:210:27:[m[K [01;31m[Kerror: [m[K‘[01m[Kusing element_type = struct px4_msgs::srv::VehicleCommand_Response_<std::allocator<void> >[m[K’ {aka ‘[01m[Kstruct px4_msgs::srv::VehicleCommand_Response_<std::allocator<void> >[m[K’} has no member named ‘[01m[Ksuccess[m[K’
  210 |         if (result.get()->[01;31m[Ksuccess[m[K) {
      |                           [01;31m[K^~~~~~~[m[K
[01m[K/home/lee/workspace/ros2_ex/src/MAV/MAV1/node/main.cpp:[m[K In member function ‘[01m[Kvoid MAVControl_Node::arm_vehicle()[m[K’:
[01m[K/home/lee/workspace/ros2_ex/src/MAV/MAV1/node/main.cpp:219:18:[m[K [01;31m[Kerror: [m[K‘[01m[Kusing element_type = struct px4_msgs::srv::VehicleCommand_Request_<std::allocator<void> >[m[K’ {aka ‘[01m[Kstruct px4_msgs::srv::VehicleCommand_Request_<std::allocator<void> >[m[K’} has no member named ‘[01m[Kcommand[m[K’
  219 |         request->[01;31m[Kcommand[m[K = px4_msgs::msg::VehicleCommand::VEHICLE_CMD_COMPONENT_ARM_DISARM;
      |                  [01;31m[K^~~~~~~[m[K
[01m[K/home/lee/workspace/ros2_ex/src/MAV/MAV1/node/main.cpp:220:18:[m[K [01;31m[Kerror: [m[K‘[01m[Kusing element_type = struct px4_msgs::srv::VehicleCommand_Request_<std::allocator<void> >[m[K’ {aka ‘[01m[Kstruct px4_msgs::srv::VehicleCommand_Request_<std::allocator<void> >[m[K’} has no member named ‘[01m[Kparam1[m[K’
  220 |         request->[01;31m[Kparam1[m[K = 1; // Arm
      |                  [01;31m[K^~~~~~[m[K
[01m[K/home/lee/workspace/ros2_ex/src/MAV/MAV1/node/main.cpp:221:18:[m[K [01;31m[Kerror: [m[K‘[01m[Kusing element_type = struct px4_msgs::srv::VehicleCommand_Request_<std::allocator<void> >[m[K’ {aka ‘[01m[Kstruct px4_msgs::srv::VehicleCommand_Request_<std::allocator<void> >[m[K’} has no member named ‘[01m[Ktimestamp[m[K’
  221 |         request->[01;31m[Ktimestamp[m[K = this->get_clock()->now().nanoseconds() / 1000;
      |                  [01;31m[K^~~~~~~~~[m[K
[01m[K/home/lee/workspace/ros2_ex/src/MAV/MAV1/node/main.cpp:232:27:[m[K [01;31m[Kerror: [m[K‘[01m[Kusing element_type = struct px4_msgs::srv::VehicleCommand_Response_<std::allocator<void> >[m[K’ {aka ‘[01m[Kstruct px4_msgs::srv::VehicleCommand_Response_<std::allocator<void> >[m[K’} has no member named ‘[01m[Ksuccess[m[K’
  232 |         if (result.get()->[01;31m[Ksuccess[m[K) {
      |                           [01;31m[K^~~~~~~[m[K
gmake[2]: *** [CMakeFiles/MAV1.dir/build.make:76: CMakeFiles/MAV1.dir/node/main.cpp.o] Error 1
gmake[1]: *** [CMakeFiles/Makefile2:137: CMakeFiles/MAV1.dir/all] Error 2
gmake: *** [Makefile:146: all] Error 2
