[0.045s] DEBUG:colcon:Command line arguments: ['/usr/bin/colcon', 'build', '--symlink-install', '--event-handlers', 'console_cohesion+', '--base-paths', '/home/lee/workspace/ros2_ex', '--cmake-args', '-DCMAKE_BUILD_TYPE=RelWithDebInfo']
[0.045s] DEBUG:colcon:Parsed command line arguments: Namespace(log_base=None, log_level=None, verb_name='build', build_base='build', install_base='install', merge_install=False, symlink_install=True, test_result_base=None, continue_on_error=False, executor='parallel', parallel_workers=32, event_handlers=['console_cohesion+'], ignore_user_meta=False, metas=['./colcon.meta'], base_paths=['/home/lee/workspace/ros2_ex'], packages_ignore=None, packages_ignore_regex=None, paths=None, packages_up_to=None, packages_up_to_regex=None, packages_above=None, packages_above_and_dependencies=None, packages_above_depth=None, packages_select_by_dep=None, packages_skip_by_dep=None, packages_skip_up_to=None, packages_select_build_failed=False, packages_skip_build_finished=False, packages_select_test_failures=False, packages_skip_test_passed=False, packages_select=None, packages_skip=None, packages_select_regex=None, packages_skip_regex=None, packages_start=None, packages_end=None, allow_overriding=[], cmake_args=['-DCMAKE_BUILD_TYPE=RelWithDebInfo'], cmake_target=None, cmake_target_skip_unavailable=False, cmake_clean_cache=False, cmake_clean_first=False, cmake_force_configure=False, ament_cmake_args=None, catkin_cmake_args=None, catkin_skip_building_tests=False, mixin_files=None, mixin=None, verb_parser=<colcon_mixin.mixin.mixin_argument.MixinArgumentDecorator object at 0x78ba44367dc0>, verb_extension=<colcon_core.verb.build.BuildVerb object at 0x78ba44367820>, main=<bound method BuildVerb.main of <colcon_core.verb.build.BuildVerb object at 0x78ba44367820>>, mixin_verb=('build',))
[0.061s] Level 1:colcon.colcon_core.package_discovery:discover_packages(colcon_meta) check parameters
[0.061s] Level 1:colcon.colcon_core.package_discovery:discover_packages(recursive) check parameters
[0.061s] Level 1:colcon.colcon_core.package_discovery:discover_packages(ignore) check parameters
[0.061s] Level 1:colcon.colcon_core.package_discovery:discover_packages(path) check parameters
[0.061s] Level 1:colcon.colcon_core.package_discovery:discover_packages(recursive) discover
[0.061s] INFO:colcon.colcon_core.package_discovery:Crawling recursively for packages in '/home/lee/workspace/ros2_ex'
[0.061s] Level 1:colcon.colcon_core.package_identification:_identify(/home/lee/workspace/ros2_ex) by extensions ['ignore', 'ignore_ament_install']
[0.061s] Level 1:colcon.colcon_core.package_identification:_identify(/home/lee/workspace/ros2_ex) by extension 'ignore'
[0.061s] Level 1:colcon.colcon_core.package_identification:_identify(/home/lee/workspace/ros2_ex) by extension 'ignore_ament_install'
[0.061s] Level 1:colcon.colcon_core.package_identification:_identify(/home/lee/workspace/ros2_ex) by extensions ['colcon_pkg']
[0.061s] Level 1:colcon.colcon_core.package_identification:_identify(/home/lee/workspace/ros2_ex) by extension 'colcon_pkg'
[0.061s] Level 1:colcon.colcon_core.package_identification:_identify(/home/lee/workspace/ros2_ex) by extensions ['colcon_meta']
[0.061s] Level 1:colcon.colcon_core.package_identification:_identify(/home/lee/workspace/ros2_ex) by extension 'colcon_meta'
[0.061s] Level 1:colcon.colcon_core.package_identification:_identify(/home/lee/workspace/ros2_ex) by extensions ['ros']
[0.061s] Level 1:colcon.colcon_core.package_identification:_identify(/home/lee/workspace/ros2_ex) by extension 'ros'
[0.068s] Level 1:colcon.colcon_core.package_identification:_identify(/home/lee/workspace/ros2_ex) by extensions ['cmake', 'python']
[0.068s] Level 1:colcon.colcon_core.package_identification:_identify(/home/lee/workspace/ros2_ex) by extension 'cmake'
[0.068s] Level 1:colcon.colcon_core.package_identification:_identify(/home/lee/workspace/ros2_ex) by extension 'python'
[0.068s] Level 1:colcon.colcon_core.package_identification:_identify(/home/lee/workspace/ros2_ex) by extensions ['python_setup_py']
[0.068s] Level 1:colcon.colcon_core.package_identification:_identify(/home/lee/workspace/ros2_ex) by extension 'python_setup_py'
[0.068s] Level 1:colcon.colcon_core.package_identification:_identify(/home/lee/workspace/ros2_ex/build) by extensions ['ignore', 'ignore_ament_install']
[0.068s] Level 1:colcon.colcon_core.package_identification:_identify(/home/lee/workspace/ros2_ex/build) by extension 'ignore'
[0.068s] Level 1:colcon.colcon_core.package_identification:_identify(/home/lee/workspace/ros2_ex/build) ignored
[0.068s] Level 1:colcon.colcon_core.package_identification:_identify(/home/lee/workspace/ros2_ex/install) by extensions ['ignore', 'ignore_ament_install']
[0.068s] Level 1:colcon.colcon_core.package_identification:_identify(/home/lee/workspace/ros2_ex/install) by extension 'ignore'
[0.068s] Level 1:colcon.colcon_core.package_identification:_identify(/home/lee/workspace/ros2_ex/install) ignored
[0.068s] Level 1:colcon.colcon_core.package_identification:_identify(/home/lee/workspace/ros2_ex/log) by extensions ['ignore', 'ignore_ament_install']
[0.068s] Level 1:colcon.colcon_core.package_identification:_identify(/home/lee/workspace/ros2_ex/log) by extension 'ignore'
[0.068s] Level 1:colcon.colcon_core.package_identification:_identify(/home/lee/workspace/ros2_ex/log) ignored
[0.068s] Level 1:colcon.colcon_core.package_identification:_identify(/home/lee/workspace/ros2_ex/src) by extensions ['ignore', 'ignore_ament_install']
[0.068s] Level 1:colcon.colcon_core.package_identification:_identify(/home/lee/workspace/ros2_ex/src) by extension 'ignore'
[0.068s] Level 1:colcon.colcon_core.package_identification:_identify(/home/lee/workspace/ros2_ex/src) by extension 'ignore_ament_install'
[0.068s] Level 1:colcon.colcon_core.package_identification:_identify(/home/lee/workspace/ros2_ex/src) by extensions ['colcon_pkg']
[0.068s] Level 1:colcon.colcon_core.package_identification:_identify(/home/lee/workspace/ros2_ex/src) by extension 'colcon_pkg'
[0.068s] Level 1:colcon.colcon_core.package_identification:_identify(/home/lee/workspace/ros2_ex/src) by extensions ['colcon_meta']
[0.068s] Level 1:colcon.colcon_core.package_identification:_identify(/home/lee/workspace/ros2_ex/src) by extension 'colcon_meta'
[0.068s] Level 1:colcon.colcon_core.package_identification:_identify(/home/lee/workspace/ros2_ex/src) by extensions ['ros']
[0.068s] Level 1:colcon.colcon_core.package_identification:_identify(/home/lee/workspace/ros2_ex/src) by extension 'ros'
[0.069s] Level 1:colcon.colcon_core.package_identification:_identify(/home/lee/workspace/ros2_ex/src) by extensions ['cmake', 'python']
[0.069s] Level 1:colcon.colcon_core.package_identification:_identify(/home/lee/workspace/ros2_ex/src) by extension 'cmake'
[0.069s] Level 1:colcon.colcon_core.package_identification:_identify(/home/lee/workspace/ros2_ex/src) by extension 'python'
[0.069s] Level 1:colcon.colcon_core.package_identification:_identify(/home/lee/workspace/ros2_ex/src) by extensions ['python_setup_py']
[0.069s] Level 1:colcon.colcon_core.package_identification:_identify(/home/lee/workspace/ros2_ex/src) by extension 'python_setup_py'
[0.069s] Level 1:colcon.colcon_core.package_identification:_identify(/home/lee/workspace/ros2_ex/src/build) by extensions ['ignore', 'ignore_ament_install']
[0.069s] Level 1:colcon.colcon_core.package_identification:_identify(/home/lee/workspace/ros2_ex/src/build) by extension 'ignore'
[0.069s] Level 1:colcon.colcon_core.package_identification:_identify(/home/lee/workspace/ros2_ex/src/build) ignored
[0.069s] Level 1:colcon.colcon_core.package_identification:_identify(/home/lee/workspace/ros2_ex/src/ground) by extensions ['ignore', 'ignore_ament_install']
[0.069s] Level 1:colcon.colcon_core.package_identification:_identify(/home/lee/workspace/ros2_ex/src/ground) by extension 'ignore'
[0.069s] Level 1:colcon.colcon_core.package_identification:_identify(/home/lee/workspace/ros2_ex/src/ground) by extension 'ignore_ament_install'
[0.069s] Level 1:colcon.colcon_core.package_identification:_identify(/home/lee/workspace/ros2_ex/src/ground) by extensions ['colcon_pkg']
[0.069s] Level 1:colcon.colcon_core.package_identification:_identify(/home/lee/workspace/ros2_ex/src/ground) by extension 'colcon_pkg'
[0.069s] Level 1:colcon.colcon_core.package_identification:_identify(/home/lee/workspace/ros2_ex/src/ground) by extensions ['colcon_meta']
[0.069s] Level 1:colcon.colcon_core.package_identification:_identify(/home/lee/workspace/ros2_ex/src/ground) by extension 'colcon_meta'
[0.069s] Level 1:colcon.colcon_core.package_identification:_identify(/home/lee/workspace/ros2_ex/src/ground) by extensions ['ros']
[0.069s] Level 1:colcon.colcon_core.package_identification:_identify(/home/lee/workspace/ros2_ex/src/ground) by extension 'ros'
[0.070s] DEBUG:colcon.colcon_core.package_identification:Package '/home/lee/workspace/ros2_ex/src/ground' with type 'ros.ament_cmake' and name 'ground'
[0.070s] Level 1:colcon.colcon_core.package_identification:_identify(/home/lee/workspace/ros2_ex/src/install) by extensions ['ignore', 'ignore_ament_install']
[0.070s] Level 1:colcon.colcon_core.package_identification:_identify(/home/lee/workspace/ros2_ex/src/install) by extension 'ignore'
[0.070s] Level 1:colcon.colcon_core.package_identification:_identify(/home/lee/workspace/ros2_ex/src/install) ignored
[0.070s] Level 1:colcon.colcon_core.package_identification:_identify(/home/lee/workspace/ros2_ex/src/log) by extensions ['ignore', 'ignore_ament_install']
[0.070s] Level 1:colcon.colcon_core.package_identification:_identify(/home/lee/workspace/ros2_ex/src/log) by extension 'ignore'
[0.070s] Level 1:colcon.colcon_core.package_identification:_identify(/home/lee/workspace/ros2_ex/src/log) ignored
[0.070s] Level 1:colcon.colcon_core.package_identification:_identify(/home/lee/workspace/ros2_ex/src/px4_msgs) by extensions ['ignore', 'ignore_ament_install']
[0.070s] Level 1:colcon.colcon_core.package_identification:_identify(/home/lee/workspace/ros2_ex/src/px4_msgs) by extension 'ignore'
[0.070s] Level 1:colcon.colcon_core.package_identification:_identify(/home/lee/workspace/ros2_ex/src/px4_msgs) by extension 'ignore_ament_install'
[0.070s] Level 1:colcon.colcon_core.package_identification:_identify(/home/lee/workspace/ros2_ex/src/px4_msgs) by extensions ['colcon_pkg']
[0.070s] Level 1:colcon.colcon_core.package_identification:_identify(/home/lee/workspace/ros2_ex/src/px4_msgs) by extension 'colcon_pkg'
[0.070s] Level 1:colcon.colcon_core.package_identification:_identify(/home/lee/workspace/ros2_ex/src/px4_msgs) by extensions ['colcon_meta']
[0.070s] Level 1:colcon.colcon_core.package_identification:_identify(/home/lee/workspace/ros2_ex/src/px4_msgs) by extension 'colcon_meta'
[0.070s] Level 1:colcon.colcon_core.package_identification:_identify(/home/lee/workspace/ros2_ex/src/px4_msgs) by extensions ['ros']
[0.070s] Level 1:colcon.colcon_core.package_identification:_identify(/home/lee/workspace/ros2_ex/src/px4_msgs) by extension 'ros'
[0.071s] DEBUG:colcon.colcon_core.package_identification:Package '/home/lee/workspace/ros2_ex/src/px4_msgs' with type 'ros.ament_cmake' and name 'px4_msgs'
[0.071s] Level 1:colcon.colcon_core.package_identification:_identify(/home/lee/workspace/ros2_ex/src/sensor) by extensions ['ignore', 'ignore_ament_install']
[0.071s] Level 1:colcon.colcon_core.package_identification:_identify(/home/lee/workspace/ros2_ex/src/sensor) by extension 'ignore'
[0.071s] Level 1:colcon.colcon_core.package_identification:_identify(/home/lee/workspace/ros2_ex/src/sensor) by extension 'ignore_ament_install'
[0.071s] Level 1:colcon.colcon_core.package_identification:_identify(/home/lee/workspace/ros2_ex/src/sensor) by extensions ['colcon_pkg']
[0.071s] Level 1:colcon.colcon_core.package_identification:_identify(/home/lee/workspace/ros2_ex/src/sensor) by extension 'colcon_pkg'
[0.071s] Level 1:colcon.colcon_core.package_identification:_identify(/home/lee/workspace/ros2_ex/src/sensor) by extensions ['colcon_meta']
[0.071s] Level 1:colcon.colcon_core.package_identification:_identify(/home/lee/workspace/ros2_ex/src/sensor) by extension 'colcon_meta'
[0.071s] Level 1:colcon.colcon_core.package_identification:_identify(/home/lee/workspace/ros2_ex/src/sensor) by extensions ['ros']
[0.071s] Level 1:colcon.colcon_core.package_identification:_identify(/home/lee/workspace/ros2_ex/src/sensor) by extension 'ros'
[0.071s] DEBUG:colcon.colcon_core.package_identification:Package '/home/lee/workspace/ros2_ex/src/sensor' with type 'ros.ament_cmake' and name 'sensor'
[0.071s] Level 1:colcon.colcon_core.package_discovery:discover_packages(recursive) using defaults
[0.080s] Level 1:colcon.colcon_core.package_discovery:discover_packages(prefix_path) check parameters
[0.080s] Level 1:colcon.colcon_core.package_discovery:discover_packages(prefix_path) discover
[0.081s] DEBUG:colcon.colcon_installed_package_information.package_discovery:Found 3 installed packages in /home/lee/workspace/ros2_ex/install
[0.081s] DEBUG:colcon.colcon_installed_package_information.package_discovery:Found 303 installed packages in /opt/ros/humble
[0.082s] Level 1:colcon.colcon_core.package_discovery:discover_packages(prefix_path) using defaults
[0.097s] Level 5:colcon.colcon_core.verb:set package 'px4_msgs' build argument 'cmake_args' from command line to '['-DCMAKE_BUILD_TYPE=RelWithDebInfo']'
[0.097s] Level 5:colcon.colcon_core.verb:set package 'px4_msgs' build argument 'cmake_target' from command line to 'None'
[0.097s] Level 5:colcon.colcon_core.verb:set package 'px4_msgs' build argument 'cmake_target_skip_unavailable' from command line to 'False'
[0.097s] Level 5:colcon.colcon_core.verb:set package 'px4_msgs' build argument 'cmake_clean_cache' from command line to 'False'
[0.097s] Level 5:colcon.colcon_core.verb:set package 'px4_msgs' build argument 'cmake_clean_first' from command line to 'False'
[0.097s] Level 5:colcon.colcon_core.verb:set package 'px4_msgs' build argument 'cmake_force_configure' from command line to 'False'
[0.097s] Level 5:colcon.colcon_core.verb:set package 'px4_msgs' build argument 'ament_cmake_args' from command line to 'None'
[0.097s] Level 5:colcon.colcon_core.verb:set package 'px4_msgs' build argument 'catkin_cmake_args' from command line to 'None'
[0.097s] Level 5:colcon.colcon_core.verb:set package 'px4_msgs' build argument 'catkin_skip_building_tests' from command line to 'False'
[0.097s] DEBUG:colcon.colcon_core.verb:Building package 'px4_msgs' with the following arguments: {'ament_cmake_args': None, 'build_base': '/home/lee/workspace/ros2_ex/build/px4_msgs', 'catkin_cmake_args': None, 'catkin_skip_building_tests': False, 'cmake_args': ['-DCMAKE_BUILD_TYPE=RelWithDebInfo'], 'cmake_clean_cache': False, 'cmake_clean_first': False, 'cmake_force_configure': False, 'cmake_target': None, 'cmake_target_skip_unavailable': False, 'install_base': '/home/lee/workspace/ros2_ex/install/px4_msgs', 'merge_install': False, 'path': '/home/lee/workspace/ros2_ex/src/px4_msgs', 'symlink_install': True, 'test_result_base': None}
[0.098s] Level 5:colcon.colcon_core.verb:set package 'sensor' build argument 'cmake_args' from command line to '['-DCMAKE_BUILD_TYPE=RelWithDebInfo']'
[0.098s] Level 5:colcon.colcon_core.verb:set package 'sensor' build argument 'cmake_target' from command line to 'None'
[0.098s] Level 5:colcon.colcon_core.verb:set package 'sensor' build argument 'cmake_target_skip_unavailable' from command line to 'False'
[0.098s] Level 5:colcon.colcon_core.verb:set package 'sensor' build argument 'cmake_clean_cache' from command line to 'False'
[0.098s] Level 5:colcon.colcon_core.verb:set package 'sensor' build argument 'cmake_clean_first' from command line to 'False'
[0.098s] Level 5:colcon.colcon_core.verb:set package 'sensor' build argument 'cmake_force_configure' from command line to 'False'
[0.098s] Level 5:colcon.colcon_core.verb:set package 'sensor' build argument 'ament_cmake_args' from command line to 'None'
[0.098s] Level 5:colcon.colcon_core.verb:set package 'sensor' build argument 'catkin_cmake_args' from command line to 'None'
[0.098s] Level 5:colcon.colcon_core.verb:set package 'sensor' build argument 'catkin_skip_building_tests' from command line to 'False'
[0.098s] DEBUG:colcon.colcon_core.verb:Building package 'sensor' with the following arguments: {'ament_cmake_args': None, 'build_base': '/home/lee/workspace/ros2_ex/build/sensor', 'catkin_cmake_args': None, 'catkin_skip_building_tests': False, 'cmake_args': ['-DCMAKE_BUILD_TYPE=RelWithDebInfo'], 'cmake_clean_cache': False, 'cmake_clean_first': False, 'cmake_force_configure': False, 'cmake_target': None, 'cmake_target_skip_unavailable': False, 'install_base': '/home/lee/workspace/ros2_ex/install/sensor', 'merge_install': False, 'path': '/home/lee/workspace/ros2_ex/src/sensor', 'symlink_install': True, 'test_result_base': None}
[0.098s] Level 5:colcon.colcon_core.verb:set package 'ground' build argument 'cmake_args' from command line to '['-DCMAKE_BUILD_TYPE=RelWithDebInfo']'
[0.098s] Level 5:colcon.colcon_core.verb:set package 'ground' build argument 'cmake_target' from command line to 'None'
[0.098s] Level 5:colcon.colcon_core.verb:set package 'ground' build argument 'cmake_target_skip_unavailable' from command line to 'False'
[0.098s] Level 5:colcon.colcon_core.verb:set package 'ground' build argument 'cmake_clean_cache' from command line to 'False'
[0.098s] Level 5:colcon.colcon_core.verb:set package 'ground' build argument 'cmake_clean_first' from command line to 'False'
[0.098s] Level 5:colcon.colcon_core.verb:set package 'ground' build argument 'cmake_force_configure' from command line to 'False'
[0.098s] Level 5:colcon.colcon_core.verb:set package 'ground' build argument 'ament_cmake_args' from command line to 'None'
[0.098s] Level 5:colcon.colcon_core.verb:set package 'ground' build argument 'catkin_cmake_args' from command line to 'None'
[0.098s] Level 5:colcon.colcon_core.verb:set package 'ground' build argument 'catkin_skip_building_tests' from command line to 'False'
[0.098s] DEBUG:colcon.colcon_core.verb:Building package 'ground' with the following arguments: {'ament_cmake_args': None, 'build_base': '/home/lee/workspace/ros2_ex/build/ground', 'catkin_cmake_args': None, 'catkin_skip_building_tests': False, 'cmake_args': ['-DCMAKE_BUILD_TYPE=RelWithDebInfo'], 'cmake_clean_cache': False, 'cmake_clean_first': False, 'cmake_force_configure': False, 'cmake_target': None, 'cmake_target_skip_unavailable': False, 'install_base': '/home/lee/workspace/ros2_ex/install/ground', 'merge_install': False, 'path': '/home/lee/workspace/ros2_ex/src/ground', 'symlink_install': True, 'test_result_base': None}
[0.098s] INFO:colcon.colcon_core.executor:Executing jobs using 'parallel' executor
[0.099s] DEBUG:colcon.colcon_parallel_executor.executor.parallel:run_until_complete
[0.099s] INFO:colcon.colcon_ros.task.ament_cmake.build:Building ROS package in '/home/lee/workspace/ros2_ex/src/px4_msgs' with build type 'ament_cmake'
[0.099s] INFO:colcon.colcon_cmake.task.cmake.build:Building CMake package in '/home/lee/workspace/ros2_ex/src/px4_msgs'
[0.100s] INFO:colcon.colcon_core.plugin_system:Skipping extension 'colcon_core.shell.bat': Not used on non-Windows systems
[0.100s] INFO:colcon.colcon_core.shell:Skip shell extension 'powershell' for command environment: Not usable outside of PowerShell
[0.100s] DEBUG:colcon.colcon_core.shell:Skip shell extension 'dsv' for command environment
[0.101s] INFO:colcon.colcon_ros.task.ament_cmake.build:Building ROS package in '/home/lee/workspace/ros2_ex/src/sensor' with build type 'ament_cmake'
[0.101s] INFO:colcon.colcon_cmake.task.cmake.build:Building CMake package in '/home/lee/workspace/ros2_ex/src/sensor'
[0.101s] INFO:colcon.colcon_core.shell:Skip shell extension 'powershell' for command environment: Not usable outside of PowerShell
[0.101s] DEBUG:colcon.colcon_core.shell:Skip shell extension 'dsv' for command environment
[0.105s] DEBUG:colcon.colcon_core.event_handler.log_command:Invoking command in '/home/lee/workspace/ros2_ex/build/px4_msgs': CMAKE_PREFIX_PATH=${CMAKE_PREFIX_PATH}:/opt/ros/humble /usr/bin/cmake /home/lee/workspace/ros2_ex/src/px4_msgs -DCMAKE_BUILD_TYPE=RelWithDebInfo -DAMENT_CMAKE_SYMLINK_INSTALL=1 -DCMAKE_INSTALL_PREFIX=/home/lee/workspace/ros2_ex/install/px4_msgs
[0.107s] DEBUG:colcon.colcon_core.event_handler.log_command:Invoking command in '/home/lee/workspace/ros2_ex/build/sensor': CMAKE_PREFIX_PATH=${CMAKE_PREFIX_PATH}:/opt/ros/humble /usr/bin/cmake /home/lee/workspace/ros2_ex/src/sensor -DCMAKE_BUILD_TYPE=RelWithDebInfo -DAMENT_CMAKE_SYMLINK_INSTALL=1 -DCMAKE_INSTALL_PREFIX=/home/lee/workspace/ros2_ex/install/sensor
[0.385s] DEBUG:colcon.colcon_core.event_handler.log_command:Invoked command in '/home/lee/workspace/ros2_ex/build/sensor' returned '0': CMAKE_PREFIX_PATH=${CMAKE_PREFIX_PATH}:/opt/ros/humble /usr/bin/cmake /home/lee/workspace/ros2_ex/src/sensor -DCMAKE_BUILD_TYPE=RelWithDebInfo -DAMENT_CMAKE_SYMLINK_INSTALL=1 -DCMAKE_INSTALL_PREFIX=/home/lee/workspace/ros2_ex/install/sensor
[0.387s] DEBUG:colcon.colcon_core.event_handler.log_command:Invoking command in '/home/lee/workspace/ros2_ex/build/sensor': CMAKE_PREFIX_PATH=${CMAKE_PREFIX_PATH}:/opt/ros/humble /usr/bin/cmake --build /home/lee/workspace/ros2_ex/build/sensor -- -j32 -l32
[0.426s] DEBUG:colcon.colcon_core.event_handler.log_command:Invoked command in '/home/lee/workspace/ros2_ex/build/sensor' returned '0': CMAKE_PREFIX_PATH=${CMAKE_PREFIX_PATH}:/opt/ros/humble /usr/bin/cmake --build /home/lee/workspace/ros2_ex/build/sensor -- -j32 -l32
[0.430s] DEBUG:colcon.colcon_core.event_handler.log_command:Invoking command in '/home/lee/workspace/ros2_ex/build/sensor': CMAKE_PREFIX_PATH=${CMAKE_PREFIX_PATH}:/opt/ros/humble /usr/bin/cmake --install /home/lee/workspace/ros2_ex/build/sensor
[0.442s] Level 1:colcon.colcon_core.environment:create_environment_scripts_only(sensor)
[0.442s] DEBUG:colcon.colcon_core.event_handler.log_command:Invoked command in '/home/lee/workspace/ros2_ex/build/sensor' returned '0': CMAKE_PREFIX_PATH=${CMAKE_PREFIX_PATH}:/opt/ros/humble /usr/bin/cmake --install /home/lee/workspace/ros2_ex/build/sensor
[0.444s] Level 1:colcon.colcon_core.environment:checking '/home/lee/workspace/ros2_ex/install/sensor' for CMake module files
[0.444s] Level 1:colcon.colcon_core.environment:checking '/home/lee/workspace/ros2_ex/install/sensor' for CMake config files
[0.444s] Level 1:colcon.colcon_core.shell:create_environment_hook('sensor', 'cmake_prefix_path')
[0.444s] INFO:colcon.colcon_core.shell:Creating environment hook '/home/lee/workspace/ros2_ex/install/sensor/share/sensor/hook/cmake_prefix_path.ps1'
[0.445s] INFO:colcon.colcon_core.shell:Creating environment descriptor '/home/lee/workspace/ros2_ex/install/sensor/share/sensor/hook/cmake_prefix_path.dsv'
[0.445s] INFO:colcon.colcon_core.shell:Creating environment hook '/home/lee/workspace/ros2_ex/install/sensor/share/sensor/hook/cmake_prefix_path.sh'
[0.445s] Level 1:colcon.colcon_core.environment:checking '/home/lee/workspace/ros2_ex/install/sensor/lib'
[0.446s] Level 1:colcon.colcon_core.environment:checking '/home/lee/workspace/ros2_ex/install/sensor/bin'
[0.446s] Level 1:colcon.colcon_core.environment:checking '/home/lee/workspace/ros2_ex/install/sensor/lib/pkgconfig/sensor.pc'
[0.446s] Level 1:colcon.colcon_core.environment:checking '/home/lee/workspace/ros2_ex/install/sensor/lib/python3.10/site-packages'
[0.446s] Level 1:colcon.colcon_core.environment:checking '/home/lee/workspace/ros2_ex/install/sensor/bin'
[0.446s] INFO:colcon.colcon_core.shell:Creating package script '/home/lee/workspace/ros2_ex/install/sensor/share/sensor/package.ps1'
[0.446s] INFO:colcon.colcon_core.shell:Creating package descriptor '/home/lee/workspace/ros2_ex/install/sensor/share/sensor/package.dsv'
[0.446s] INFO:colcon.colcon_core.shell:Creating package script '/home/lee/workspace/ros2_ex/install/sensor/share/sensor/package.sh'
[0.447s] INFO:colcon.colcon_core.shell:Creating package script '/home/lee/workspace/ros2_ex/install/sensor/share/sensor/package.bash'
[0.447s] INFO:colcon.colcon_core.shell:Creating package script '/home/lee/workspace/ros2_ex/install/sensor/share/sensor/package.zsh'
[0.447s] Level 1:colcon.colcon_core.environment:create_file_with_runtime_dependencies(/home/lee/workspace/ros2_ex/install/sensor/share/colcon-core/packages/sensor)
[0.447s] Level 1:colcon.colcon_core.environment:create_environment_scripts_only(sensor)
[0.448s] Level 1:colcon.colcon_core.environment:checking '/home/lee/workspace/ros2_ex/install/sensor' for CMake module files
[0.448s] Level 1:colcon.colcon_core.environment:checking '/home/lee/workspace/ros2_ex/install/sensor' for CMake config files
[0.448s] Level 1:colcon.colcon_core.shell:create_environment_hook('sensor', 'cmake_prefix_path')
[0.448s] INFO:colcon.colcon_core.shell:Creating environment hook '/home/lee/workspace/ros2_ex/install/sensor/share/sensor/hook/cmake_prefix_path.ps1'
[0.448s] INFO:colcon.colcon_core.shell:Creating environment descriptor '/home/lee/workspace/ros2_ex/install/sensor/share/sensor/hook/cmake_prefix_path.dsv'
[0.448s] INFO:colcon.colcon_core.shell:Creating environment hook '/home/lee/workspace/ros2_ex/install/sensor/share/sensor/hook/cmake_prefix_path.sh'
[0.448s] Level 1:colcon.colcon_core.environment:checking '/home/lee/workspace/ros2_ex/install/sensor/lib'
[0.448s] Level 1:colcon.colcon_core.environment:checking '/home/lee/workspace/ros2_ex/install/sensor/bin'
[0.448s] Level 1:colcon.colcon_core.environment:checking '/home/lee/workspace/ros2_ex/install/sensor/lib/pkgconfig/sensor.pc'
[0.448s] Level 1:colcon.colcon_core.environment:checking '/home/lee/workspace/ros2_ex/install/sensor/lib/python3.10/site-packages'
[0.448s] Level 1:colcon.colcon_core.environment:checking '/home/lee/workspace/ros2_ex/install/sensor/bin'
[0.449s] INFO:colcon.colcon_core.shell:Creating package script '/home/lee/workspace/ros2_ex/install/sensor/share/sensor/package.ps1'
[0.449s] INFO:colcon.colcon_core.shell:Creating package descriptor '/home/lee/workspace/ros2_ex/install/sensor/share/sensor/package.dsv'
[0.449s] INFO:colcon.colcon_core.shell:Creating package script '/home/lee/workspace/ros2_ex/install/sensor/share/sensor/package.sh'
[0.449s] INFO:colcon.colcon_core.shell:Creating package script '/home/lee/workspace/ros2_ex/install/sensor/share/sensor/package.bash'
[0.449s] INFO:colcon.colcon_core.shell:Creating package script '/home/lee/workspace/ros2_ex/install/sensor/share/sensor/package.zsh'
[0.449s] Level 1:colcon.colcon_core.environment:create_file_with_runtime_dependencies(/home/lee/workspace/ros2_ex/install/sensor/share/colcon-core/packages/sensor)
[1.472s] DEBUG:colcon.colcon_core.event_handler.log_command:Invoked command in '/home/lee/workspace/ros2_ex/build/px4_msgs' returned '0': CMAKE_PREFIX_PATH=${CMAKE_PREFIX_PATH}:/opt/ros/humble /usr/bin/cmake /home/lee/workspace/ros2_ex/src/px4_msgs -DCMAKE_BUILD_TYPE=RelWithDebInfo -DAMENT_CMAKE_SYMLINK_INSTALL=1 -DCMAKE_INSTALL_PREFIX=/home/lee/workspace/ros2_ex/install/px4_msgs
[1.473s] DEBUG:colcon.colcon_core.event_handler.log_command:Invoking command in '/home/lee/workspace/ros2_ex/build/px4_msgs': CMAKE_PREFIX_PATH=${CMAKE_PREFIX_PATH}:/opt/ros/humble /usr/bin/cmake --build /home/lee/workspace/ros2_ex/build/px4_msgs -- -j32 -l32
[2.051s] DEBUG:colcon.colcon_core.event_handler.log_command:Invoked command in '/home/lee/workspace/ros2_ex/build/px4_msgs' returned '0': CMAKE_PREFIX_PATH=${CMAKE_PREFIX_PATH}:/opt/ros/humble /usr/bin/cmake --build /home/lee/workspace/ros2_ex/build/px4_msgs -- -j32 -l32
[2.053s] DEBUG:colcon.colcon_core.event_handler.log_command:Invoking command in '/home/lee/workspace/ros2_ex/build/px4_msgs': CMAKE_PREFIX_PATH=${CMAKE_PREFIX_PATH}:/opt/ros/humble /usr/bin/cmake --install /home/lee/workspace/ros2_ex/build/px4_msgs
[2.236s] Level 1:colcon.colcon_core.environment:create_environment_scripts_only(px4_msgs)
[2.236s] Level 1:colcon.colcon_core.environment:checking '/home/lee/workspace/ros2_ex/install/px4_msgs' for CMake module files
[2.236s] DEBUG:colcon.colcon_core.event_handler.log_command:Invoked command in '/home/lee/workspace/ros2_ex/build/px4_msgs' returned '0': CMAKE_PREFIX_PATH=${CMAKE_PREFIX_PATH}:/opt/ros/humble /usr/bin/cmake --install /home/lee/workspace/ros2_ex/build/px4_msgs
[2.237s] Level 1:colcon.colcon_core.environment:checking '/home/lee/workspace/ros2_ex/install/px4_msgs' for CMake config files
[2.241s] Level 1:colcon.colcon_core.shell:create_environment_hook('px4_msgs', 'cmake_prefix_path')
[2.241s] INFO:colcon.colcon_core.shell:Creating environment hook '/home/lee/workspace/ros2_ex/install/px4_msgs/share/px4_msgs/hook/cmake_prefix_path.ps1'
[2.242s] INFO:colcon.colcon_core.shell:Creating environment descriptor '/home/lee/workspace/ros2_ex/install/px4_msgs/share/px4_msgs/hook/cmake_prefix_path.dsv'
[2.242s] INFO:colcon.colcon_core.shell:Creating environment hook '/home/lee/workspace/ros2_ex/install/px4_msgs/share/px4_msgs/hook/cmake_prefix_path.sh'
[2.242s] Level 1:colcon.colcon_core.environment:checking '/home/lee/workspace/ros2_ex/install/px4_msgs/lib'
[2.242s] Level 1:colcon.colcon_core.shell:create_environment_hook('px4_msgs', 'ld_library_path_lib')
[2.242s] INFO:colcon.colcon_core.shell:Creating environment hook '/home/lee/workspace/ros2_ex/install/px4_msgs/share/px4_msgs/hook/ld_library_path_lib.ps1'
[2.242s] INFO:colcon.colcon_core.shell:Creating environment descriptor '/home/lee/workspace/ros2_ex/install/px4_msgs/share/px4_msgs/hook/ld_library_path_lib.dsv'
[2.242s] INFO:colcon.colcon_core.shell:Creating environment hook '/home/lee/workspace/ros2_ex/install/px4_msgs/share/px4_msgs/hook/ld_library_path_lib.sh'
[2.242s] Level 1:colcon.colcon_core.environment:checking '/home/lee/workspace/ros2_ex/install/px4_msgs/bin'
[2.242s] Level 1:colcon.colcon_core.environment:checking '/home/lee/workspace/ros2_ex/install/px4_msgs/lib/pkgconfig/px4_msgs.pc'
[2.243s] Level 1:colcon.colcon_core.environment:checking '/home/lee/workspace/ros2_ex/install/px4_msgs/lib/python3.10/site-packages'
[2.243s] Level 1:colcon.colcon_core.environment:checking '/home/lee/workspace/ros2_ex/install/px4_msgs/bin'
[2.243s] INFO:colcon.colcon_core.shell:Creating package script '/home/lee/workspace/ros2_ex/install/px4_msgs/share/px4_msgs/package.ps1'
[2.243s] INFO:colcon.colcon_core.shell:Creating package descriptor '/home/lee/workspace/ros2_ex/install/px4_msgs/share/px4_msgs/package.dsv'
[2.243s] INFO:colcon.colcon_core.shell:Creating package script '/home/lee/workspace/ros2_ex/install/px4_msgs/share/px4_msgs/package.sh'
[2.243s] INFO:colcon.colcon_core.shell:Creating package script '/home/lee/workspace/ros2_ex/install/px4_msgs/share/px4_msgs/package.bash'
[2.243s] INFO:colcon.colcon_core.shell:Creating package script '/home/lee/workspace/ros2_ex/install/px4_msgs/share/px4_msgs/package.zsh'
[2.243s] Level 1:colcon.colcon_core.environment:create_file_with_runtime_dependencies(/home/lee/workspace/ros2_ex/install/px4_msgs/share/colcon-core/packages/px4_msgs)
[2.244s] Level 1:colcon.colcon_core.environment:create_environment_scripts_only(px4_msgs)
[2.244s] Level 1:colcon.colcon_core.environment:checking '/home/lee/workspace/ros2_ex/install/px4_msgs' for CMake module files
[2.244s] Level 1:colcon.colcon_core.environment:checking '/home/lee/workspace/ros2_ex/install/px4_msgs' for CMake config files
[2.246s] Level 1:colcon.colcon_core.shell:create_environment_hook('px4_msgs', 'cmake_prefix_path')
[2.246s] INFO:colcon.colcon_core.shell:Creating environment hook '/home/lee/workspace/ros2_ex/install/px4_msgs/share/px4_msgs/hook/cmake_prefix_path.ps1'
[2.246s] INFO:colcon.colcon_core.shell:Creating environment descriptor '/home/lee/workspace/ros2_ex/install/px4_msgs/share/px4_msgs/hook/cmake_prefix_path.dsv'
[2.246s] INFO:colcon.colcon_core.shell:Creating environment hook '/home/lee/workspace/ros2_ex/install/px4_msgs/share/px4_msgs/hook/cmake_prefix_path.sh'
[2.246s] Level 1:colcon.colcon_core.environment:checking '/home/lee/workspace/ros2_ex/install/px4_msgs/lib'
[2.246s] Level 1:colcon.colcon_core.shell:create_environment_hook('px4_msgs', 'ld_library_path_lib')
[2.246s] INFO:colcon.colcon_core.shell:Creating environment hook '/home/lee/workspace/ros2_ex/install/px4_msgs/share/px4_msgs/hook/ld_library_path_lib.ps1'
[2.246s] INFO:colcon.colcon_core.shell:Creating environment descriptor '/home/lee/workspace/ros2_ex/install/px4_msgs/share/px4_msgs/hook/ld_library_path_lib.dsv'
[2.246s] INFO:colcon.colcon_core.shell:Creating environment hook '/home/lee/workspace/ros2_ex/install/px4_msgs/share/px4_msgs/hook/ld_library_path_lib.sh'
[2.247s] Level 1:colcon.colcon_core.environment:checking '/home/lee/workspace/ros2_ex/install/px4_msgs/bin'
[2.247s] Level 1:colcon.colcon_core.environment:checking '/home/lee/workspace/ros2_ex/install/px4_msgs/lib/pkgconfig/px4_msgs.pc'
[2.247s] Level 1:colcon.colcon_core.environment:checking '/home/lee/workspace/ros2_ex/install/px4_msgs/lib/python3.10/site-packages'
[2.247s] Level 1:colcon.colcon_core.environment:checking '/home/lee/workspace/ros2_ex/install/px4_msgs/bin'
[2.247s] INFO:colcon.colcon_core.shell:Creating package script '/home/lee/workspace/ros2_ex/install/px4_msgs/share/px4_msgs/package.ps1'
[2.247s] INFO:colcon.colcon_core.shell:Creating package descriptor '/home/lee/workspace/ros2_ex/install/px4_msgs/share/px4_msgs/package.dsv'
[2.247s] INFO:colcon.colcon_core.shell:Creating package script '/home/lee/workspace/ros2_ex/install/px4_msgs/share/px4_msgs/package.sh'
[2.247s] INFO:colcon.colcon_core.shell:Creating package script '/home/lee/workspace/ros2_ex/install/px4_msgs/share/px4_msgs/package.bash'
[2.248s] INFO:colcon.colcon_core.shell:Creating package script '/home/lee/workspace/ros2_ex/install/px4_msgs/share/px4_msgs/package.zsh'
[2.248s] Level 1:colcon.colcon_core.environment:create_file_with_runtime_dependencies(/home/lee/workspace/ros2_ex/install/px4_msgs/share/colcon-core/packages/px4_msgs)
[2.248s] INFO:colcon.colcon_ros.task.ament_cmake.build:Building ROS package in '/home/lee/workspace/ros2_ex/src/ground' with build type 'ament_cmake'
[2.248s] INFO:colcon.colcon_cmake.task.cmake.build:Building CMake package in '/home/lee/workspace/ros2_ex/src/ground'
[2.248s] INFO:colcon.colcon_core.shell:Skip shell extension 'powershell' for command environment: Not usable outside of PowerShell
[2.248s] DEBUG:colcon.colcon_core.shell:Skip shell extension 'dsv' for command environment
[2.322s] DEBUG:colcon.colcon_core.event_handler.log_command:Invoking command in '/home/lee/workspace/ros2_ex/build/ground': CMAKE_PREFIX_PATH=/home/lee/workspace/ros2_ex/install/px4_msgs:/home/lee/workspace/ros2_ex/install/sensor:/home/lee/workspace/ros2_ex/install/ground:/opt/ros/humble /usr/bin/cmake /home/lee/workspace/ros2_ex/src/ground -DCMAKE_BUILD_TYPE=RelWithDebInfo -DAMENT_CMAKE_SYMLINK_INSTALL=1 -DCMAKE_INSTALL_PREFIX=/home/lee/workspace/ros2_ex/install/ground
[2.551s] DEBUG:colcon.colcon_core.event_handler.log_command:Invoked command in '/home/lee/workspace/ros2_ex/build/ground' returned '0': CMAKE_PREFIX_PATH=/home/lee/workspace/ros2_ex/install/px4_msgs:/home/lee/workspace/ros2_ex/install/sensor:/home/lee/workspace/ros2_ex/install/ground:/opt/ros/humble /usr/bin/cmake /home/lee/workspace/ros2_ex/src/ground -DCMAKE_BUILD_TYPE=RelWithDebInfo -DAMENT_CMAKE_SYMLINK_INSTALL=1 -DCMAKE_INSTALL_PREFIX=/home/lee/workspace/ros2_ex/install/ground
[2.552s] DEBUG:colcon.colcon_core.event_handler.log_command:Invoking command in '/home/lee/workspace/ros2_ex/build/ground': CMAKE_PREFIX_PATH=/home/lee/workspace/ros2_ex/install/px4_msgs:/home/lee/workspace/ros2_ex/install/sensor:/home/lee/workspace/ros2_ex/install/ground:/opt/ros/humble /usr/bin/cmake --build /home/lee/workspace/ros2_ex/build/ground -- -j32 -l32
[16.121s] DEBUG:colcon.colcon_core.event_handler.log_command:Invoked command in '/home/lee/workspace/ros2_ex/build/ground' returned '0': CMAKE_PREFIX_PATH=/home/lee/workspace/ros2_ex/install/px4_msgs:/home/lee/workspace/ros2_ex/install/sensor:/home/lee/workspace/ros2_ex/install/ground:/opt/ros/humble /usr/bin/cmake --build /home/lee/workspace/ros2_ex/build/ground -- -j32 -l32
[16.123s] DEBUG:colcon.colcon_core.event_handler.log_command:Invoking command in '/home/lee/workspace/ros2_ex/build/ground': CMAKE_PREFIX_PATH=/home/lee/workspace/ros2_ex/install/px4_msgs:/home/lee/workspace/ros2_ex/install/sensor:/home/lee/workspace/ros2_ex/install/ground:/opt/ros/humble /usr/bin/cmake --install /home/lee/workspace/ros2_ex/build/ground
[16.134s] Level 1:colcon.colcon_core.environment:create_environment_scripts_only(ground)
[16.134s] Level 1:colcon.colcon_core.environment:checking '/home/lee/workspace/ros2_ex/install/ground' for CMake module files
[16.135s] DEBUG:colcon.colcon_core.event_handler.log_command:Invoked command in '/home/lee/workspace/ros2_ex/build/ground' returned '0': CMAKE_PREFIX_PATH=/home/lee/workspace/ros2_ex/install/px4_msgs:/home/lee/workspace/ros2_ex/install/sensor:/home/lee/workspace/ros2_ex/install/ground:/opt/ros/humble /usr/bin/cmake --install /home/lee/workspace/ros2_ex/build/ground
[16.135s] Level 1:colcon.colcon_core.environment:checking '/home/lee/workspace/ros2_ex/install/ground' for CMake config files
[16.135s] Level 1:colcon.colcon_core.shell:create_environment_hook('ground', 'cmake_prefix_path')
[16.135s] INFO:colcon.colcon_core.shell:Creating environment hook '/home/lee/workspace/ros2_ex/install/ground/share/ground/hook/cmake_prefix_path.ps1'
[16.136s] INFO:colcon.colcon_core.shell:Creating environment descriptor '/home/lee/workspace/ros2_ex/install/ground/share/ground/hook/cmake_prefix_path.dsv'
[16.136s] INFO:colcon.colcon_core.shell:Creating environment hook '/home/lee/workspace/ros2_ex/install/ground/share/ground/hook/cmake_prefix_path.sh'
[16.136s] Level 1:colcon.colcon_core.environment:checking '/home/lee/workspace/ros2_ex/install/ground/lib'
[16.136s] Level 1:colcon.colcon_core.environment:checking '/home/lee/workspace/ros2_ex/install/ground/bin'
[16.136s] Level 1:colcon.colcon_core.environment:checking '/home/lee/workspace/ros2_ex/install/ground/lib/pkgconfig/ground.pc'
[16.137s] Level 1:colcon.colcon_core.environment:checking '/home/lee/workspace/ros2_ex/install/ground/lib/python3.10/site-packages'
[16.137s] Level 1:colcon.colcon_core.environment:checking '/home/lee/workspace/ros2_ex/install/ground/bin'
[16.137s] INFO:colcon.colcon_core.shell:Creating package script '/home/lee/workspace/ros2_ex/install/ground/share/ground/package.ps1'
[16.137s] INFO:colcon.colcon_core.shell:Creating package descriptor '/home/lee/workspace/ros2_ex/install/ground/share/ground/package.dsv'
[16.137s] INFO:colcon.colcon_core.shell:Creating package script '/home/lee/workspace/ros2_ex/install/ground/share/ground/package.sh'
[16.138s] INFO:colcon.colcon_core.shell:Creating package script '/home/lee/workspace/ros2_ex/install/ground/share/ground/package.bash'
[16.138s] INFO:colcon.colcon_core.shell:Creating package script '/home/lee/workspace/ros2_ex/install/ground/share/ground/package.zsh'
[16.138s] Level 1:colcon.colcon_core.environment:create_file_with_runtime_dependencies(/home/lee/workspace/ros2_ex/install/ground/share/colcon-core/packages/ground)
[16.139s] Level 1:colcon.colcon_core.environment:create_environment_scripts_only(ground)
[16.139s] Level 1:colcon.colcon_core.environment:checking '/home/lee/workspace/ros2_ex/install/ground' for CMake module files
[16.139s] Level 1:colcon.colcon_core.environment:checking '/home/lee/workspace/ros2_ex/install/ground' for CMake config files
[16.139s] Level 1:colcon.colcon_core.shell:create_environment_hook('ground', 'cmake_prefix_path')
[16.139s] INFO:colcon.colcon_core.shell:Creating environment hook '/home/lee/workspace/ros2_ex/install/ground/share/ground/hook/cmake_prefix_path.ps1'
[16.140s] INFO:colcon.colcon_core.shell:Creating environment descriptor '/home/lee/workspace/ros2_ex/install/ground/share/ground/hook/cmake_prefix_path.dsv'
[16.140s] INFO:colcon.colcon_core.shell:Creating environment hook '/home/lee/workspace/ros2_ex/install/ground/share/ground/hook/cmake_prefix_path.sh'
[16.140s] Level 1:colcon.colcon_core.environment:checking '/home/lee/workspace/ros2_ex/install/ground/lib'
[16.140s] Level 1:colcon.colcon_core.environment:checking '/home/lee/workspace/ros2_ex/install/ground/bin'
[16.140s] Level 1:colcon.colcon_core.environment:checking '/home/lee/workspace/ros2_ex/install/ground/lib/pkgconfig/ground.pc'
[16.140s] Level 1:colcon.colcon_core.environment:checking '/home/lee/workspace/ros2_ex/install/ground/lib/python3.10/site-packages'
[16.140s] Level 1:colcon.colcon_core.environment:checking '/home/lee/workspace/ros2_ex/install/ground/bin'
[16.140s] INFO:colcon.colcon_core.shell:Creating package script '/home/lee/workspace/ros2_ex/install/ground/share/ground/package.ps1'
[16.141s] INFO:colcon.colcon_core.shell:Creating package descriptor '/home/lee/workspace/ros2_ex/install/ground/share/ground/package.dsv'
[16.141s] INFO:colcon.colcon_core.shell:Creating package script '/home/lee/workspace/ros2_ex/install/ground/share/ground/package.sh'
[16.141s] INFO:colcon.colcon_core.shell:Creating package script '/home/lee/workspace/ros2_ex/install/ground/share/ground/package.bash'
[16.141s] INFO:colcon.colcon_core.shell:Creating package script '/home/lee/workspace/ros2_ex/install/ground/share/ground/package.zsh'
[16.141s] Level 1:colcon.colcon_core.environment:create_file_with_runtime_dependencies(/home/lee/workspace/ros2_ex/install/ground/share/colcon-core/packages/ground)
[16.141s] DEBUG:colcon.colcon_parallel_executor.executor.parallel:closing loop
[16.141s] DEBUG:colcon.colcon_parallel_executor.executor.parallel:loop closed
[16.141s] DEBUG:colcon.colcon_parallel_executor.executor.parallel:run_until_complete finished with '0'
[16.142s] DEBUG:colcon.colcon_core.event_reactor:joining thread
[16.144s] INFO:colcon.colcon_core.plugin_system:Skipping extension 'colcon_notification.desktop_notification.terminal_notifier': Not used on non-Darwin systems
[16.144s] INFO:colcon.colcon_core.plugin_system:Skipping extension 'colcon_notification.desktop_notification.win32': Not used on non-Windows systems
[16.144s] INFO:colcon.colcon_notification.desktop_notification:Sending desktop notification using 'notify2'
[16.149s] DEBUG:colcon.colcon_core.event_reactor:joined thread
[16.149s] INFO:colcon.colcon_core.shell:Creating prefix script '/home/lee/workspace/ros2_ex/install/local_setup.ps1'
[16.149s] INFO:colcon.colcon_core.shell:Creating prefix util module '/home/lee/workspace/ros2_ex/install/_local_setup_util_ps1.py'
[16.150s] INFO:colcon.colcon_core.shell:Creating prefix chain script '/home/lee/workspace/ros2_ex/install/setup.ps1'
[16.150s] INFO:colcon.colcon_core.shell:Creating prefix script '/home/lee/workspace/ros2_ex/install/local_setup.sh'
[16.151s] INFO:colcon.colcon_core.shell:Creating prefix util module '/home/lee/workspace/ros2_ex/install/_local_setup_util_sh.py'
[16.151s] INFO:colcon.colcon_core.shell:Creating prefix chain script '/home/lee/workspace/ros2_ex/install/setup.sh'
[16.151s] INFO:colcon.colcon_core.shell:Creating prefix script '/home/lee/workspace/ros2_ex/install/local_setup.bash'
[16.151s] INFO:colcon.colcon_core.shell:Creating prefix chain script '/home/lee/workspace/ros2_ex/install/setup.bash'
[16.152s] INFO:colcon.colcon_core.shell:Creating prefix script '/home/lee/workspace/ros2_ex/install/local_setup.zsh'
[16.152s] INFO:colcon.colcon_core.shell:Creating prefix chain script '/home/lee/workspace/ros2_ex/install/setup.zsh'
