[0.005s] Invoking command in '/home/lee/workspace/ros2_ex/build/sensor': CMAKE_PREFIX_PATH=/opt/ros/humble /usr/bin/cmake /home/lee/workspace/ros2_ex/src/sensor -DCMAKE_INSTALL_PREFIX=/home/lee/workspace/ros2_ex/install/sensor
[0.088s] -- The C compiler identification is GNU 11.4.0
[0.151s] -- The CXX compiler identification is GNU 11.4.0
[0.156s] -- Detecting C compiler ABI info
[0.199s] -- Detecting C compiler ABI info - done
[0.202s] -- Check for working C compiler: /usr/bin/cc - skipped
[0.202s] -- Detecting C compile features
[0.202s] -- Detecting C compile features - done
[0.204s] -- Detecting CXX compiler ABI info
[0.251s] -- Detecting CXX compiler ABI info - done
[0.254s] -- Check for working CXX compiler: /usr/bin/c++ - skipped
[0.254s] -- Detecting CXX compile features
[0.254s] -- Detecting CXX compile features - done
[0.256s] -- Found ament_cmake: 1.3.11 (/opt/ros/humble/share/ament_cmake/cmake)
[0.428s] -- Found Python3: /usr/bin/python3 (found version "3.10.12") found components: Interpreter 
[0.477s] -- Found rclcpp: 16.0.12 (/opt/ros/humble/share/rclcpp/cmake)
[0.508s] -- Found rosidl_generator_c: 3.1.6 (/opt/ros/humble/share/rosidl_generator_c/cmake)
[0.510s] -- Found rosidl_adapter: 3.1.6 (/opt/ros/humble/share/rosidl_adapter/cmake)
[0.516s] -- Found rosidl_generator_cpp: 3.1.6 (/opt/ros/humble/share/rosidl_generator_cpp/cmake)
[0.523s] -- Using all available rosidl_typesupport_c: rosidl_typesupport_fastrtps_c;rosidl_typesupport_introspection_c
[0.533s] -- Using all available rosidl_typesupport_cpp: rosidl_typesupport_fastrtps_cpp;rosidl_typesupport_introspection_cpp
[0.559s] -- Found rmw_implementation_cmake: 6.1.2 (/opt/ros/humble/share/rmw_implementation_cmake/cmake)
[0.560s] -- Found rmw_fastrtps_cpp: 6.2.7 (/opt/ros/humble/share/rmw_fastrtps_cpp/cmake)
[0.611s] -- Found OpenSSL: /usr/lib/x86_64-linux-gnu/libcrypto.so (found version "3.0.2")  
[0.628s] -- Found FastRTPS: /opt/ros/humble/include  
[0.652s] -- Using RMW implementation 'rmw_fastrtps_cpp' as default
[0.657s] -- Looking for pthread.h
[0.700s] -- Looking for pthread.h - found
[0.700s] -- Performing Test CMAKE_HAVE_LIBC_PTHREAD
[0.740s] -- Performing Test CMAKE_HAVE_LIBC_PTHREAD - Success
[0.740s] -- Found Threads: TRUE  
[0.772s] -- Found geometry_msgs: 4.8.0 (/opt/ros/humble/share/geometry_msgs/cmake)
[0.780s] -- Found nav_msgs: 4.8.0 (/opt/ros/humble/share/nav_msgs/cmake)
[0.790s] -- Found tf2: 0.25.12 (/opt/ros/humble/share/tf2/cmake)
[0.796s] -- Found tf2_ros: 0.25.12 (/opt/ros/humble/share/tf2_ros/cmake)
[0.848s] -- Found tf2_geometry_msgs: 0.25.12 (/opt/ros/humble/share/tf2_geometry_msgs/cmake)
[0.855s] -- Found eigen3_cmake_module: 0.1.1 (/opt/ros/humble/share/eigen3_cmake_module/cmake)
[0.856s] -- Found Eigen3: TRUE (found version "3.4.0") 
[0.856s] -- Ensuring Eigen3 include directory is part of orocos-kdl CMake target
[0.858s] -- Found ament_lint_auto: 0.12.12 (/opt/ros/humble/share/ament_lint_auto/cmake)
[0.891s] -- Added test 'cppcheck' to perform static code analysis on C / C++ code
[0.891s] -- Configured cppcheck include dirs: 
[0.891s] -- Configured cppcheck exclude dirs and/or files: 
[0.891s] -- Added test 'lint_cmake' to check CMake code style
[0.891s] -- Added test 'uncrustify' to check C / C++ code style
[0.891s] -- Configured uncrustify additional arguments: 
[0.891s] -- Added test 'xmllint' to check XML markup files
[0.892s] -- Configuring done
[0.897s] -- Generating done
[0.899s] -- Build files have been written to: /home/lee/workspace/ros2_ex/build/sensor
[0.904s] Invoked command in '/home/lee/workspace/ros2_ex/build/sensor' returned '0': CMAKE_PREFIX_PATH=/opt/ros/humble /usr/bin/cmake /home/lee/workspace/ros2_ex/src/sensor -DCMAKE_INSTALL_PREFIX=/home/lee/workspace/ros2_ex/install/sensor
[0.904s] Invoking command in '/home/lee/workspace/ros2_ex/build/sensor': CMAKE_PREFIX_PATH=/opt/ros/humble /usr/bin/cmake --build /home/lee/workspace/ros2_ex/build/sensor -- -j32 -l32
[0.932s] [ 50%] [32mBuilding CXX object CMakeFiles/topic_tool.dir/src/topic_tool.cpp.o[0m
[4.494s] [100%] [32m[1mLinking CXX executable topic_tool[0m
[4.725s] [100%] Built target topic_tool
[4.732s] Invoked command in '/home/lee/workspace/ros2_ex/build/sensor' returned '0': CMAKE_PREFIX_PATH=/opt/ros/humble /usr/bin/cmake --build /home/lee/workspace/ros2_ex/build/sensor -- -j32 -l32
[4.736s] Invoking command in '/home/lee/workspace/ros2_ex/build/sensor': CMAKE_PREFIX_PATH=/opt/ros/humble /usr/bin/cmake --install /home/lee/workspace/ros2_ex/build/sensor
[4.740s] -- Install configuration: ""
[4.740s] -- Installing: /home/lee/workspace/ros2_ex/install/sensor/lib/sensor/topic_tool
[4.741s] -- Set runtime path of "/home/lee/workspace/ros2_ex/install/sensor/lib/sensor/topic_tool" to ""
[4.741s] -- Installing: /home/lee/workspace/ros2_ex/install/sensor/share/ament_index/resource_index/package_run_dependencies/sensor
[4.742s] -- Installing: /home/lee/workspace/ros2_ex/install/sensor/share/ament_index/resource_index/parent_prefix_path/sensor
[4.742s] -- Installing: /home/lee/workspace/ros2_ex/install/sensor/share/sensor/environment/ament_prefix_path.sh
[4.742s] -- Installing: /home/lee/workspace/ros2_ex/install/sensor/share/sensor/environment/ament_prefix_path.dsv
[4.742s] -- Installing: /home/lee/workspace/ros2_ex/install/sensor/share/sensor/environment/path.sh
[4.742s] -- Installing: /home/lee/workspace/ros2_ex/install/sensor/share/sensor/environment/path.dsv
[4.742s] -- Installing: /home/lee/workspace/ros2_ex/install/sensor/share/sensor/local_setup.bash
[4.742s] -- Installing: /home/lee/workspace/ros2_ex/install/sensor/share/sensor/local_setup.sh
[4.742s] -- Installing: /home/lee/workspace/ros2_ex/install/sensor/share/sensor/local_setup.zsh
[4.742s] -- Installing: /home/lee/workspace/ros2_ex/install/sensor/share/sensor/local_setup.dsv
[4.742s] -- Installing: /home/lee/workspace/ros2_ex/install/sensor/share/sensor/package.dsv
[4.742s] -- Installing: /home/lee/workspace/ros2_ex/install/sensor/share/ament_index/resource_index/packages/sensor
[4.742s] -- Installing: /home/lee/workspace/ros2_ex/install/sensor/share/sensor/cmake/sensorConfig.cmake
[4.742s] -- Installing: /home/lee/workspace/ros2_ex/install/sensor/share/sensor/cmake/sensorConfig-version.cmake
[4.742s] -- Installing: /home/lee/workspace/ros2_ex/install/sensor/share/sensor/package.xml
[4.743s] Invoked command in '/home/lee/workspace/ros2_ex/build/sensor' returned '0': CMAKE_PREFIX_PATH=/opt/ros/humble /usr/bin/cmake --install /home/lee/workspace/ros2_ex/build/sensor
