[0.007s] Invoking command in '/home/lee/workspace/ros2_ex/build/MAV1': AMENT_PREFIX_PATH=/home/lee/workspace/ros2_ex/install/px4_msgs:${AMENT_PREFIX_PATH} CMAKE_PREFIX_PATH=/home/lee/workspace/ros2_ex/install/px4_msgs:/opt/ros/humble LD_LIBRARY_PATH=/home/lee/workspace/ros2_ex/install/px4_msgs/lib:${LD_LIBRARY_PATH} PYTHONPATH=/home/lee/workspace/ros2_ex/install/px4_msgs/local/lib/python3.10/dist-packages:${PYTHONPATH} /usr/bin/cmake --build /home/lee/workspace/ros2_ex/build/MAV1 -- -j32 -l32
[0.037s] [35m[1mConsolidate compiler generated dependencies of target MAV1[0m
[0.050s] [100%] Built target MAV1
[0.056s] Invoked command in '/home/lee/workspace/ros2_ex/build/MAV1' returned '0': AMENT_PREFIX_PATH=/home/lee/workspace/ros2_ex/install/px4_msgs:${AMENT_PREFIX_PATH} CMAKE_PREFIX_PATH=/home/lee/workspace/ros2_ex/install/px4_msgs:/opt/ros/humble LD_LIBRARY_PATH=/home/lee/workspace/ros2_ex/install/px4_msgs/lib:${LD_LIBRARY_PATH} PYTHONPATH=/home/lee/workspace/ros2_ex/install/px4_msgs/local/lib/python3.10/dist-packages:${PYTHONPATH} /usr/bin/cmake --build /home/lee/workspace/ros2_ex/build/MAV1 -- -j32 -l32
[0.057s] Invoking command in '/home/lee/workspace/ros2_ex/build/MAV1': AMENT_PREFIX_PATH=/home/lee/workspace/ros2_ex/install/px4_msgs:${AMENT_PREFIX_PATH} CMAKE_PREFIX_PATH=/home/lee/workspace/ros2_ex/install/px4_msgs:/opt/ros/humble LD_LIBRARY_PATH=/home/lee/workspace/ros2_ex/install/px4_msgs/lib:${LD_LIBRARY_PATH} PYTHONPATH=/home/lee/workspace/ros2_ex/install/px4_msgs/local/lib/python3.10/dist-packages:${PYTHONPATH} /usr/bin/cmake --install /home/lee/workspace/ros2_ex/build/MAV1
[0.060s] -- Install configuration: ""
[0.061s] -- Up-to-date: /home/lee/workspace/ros2_ex/install/MAV1/lib/MAV1/MAV1
[0.061s] -- Up-to-date: /home/lee/workspace/ros2_ex/install/MAV1/share/ament_index/resource_index/package_run_dependencies/MAV1
[0.061s] -- Up-to-date: /home/lee/workspace/ros2_ex/install/MAV1/share/ament_index/resource_index/parent_prefix_path/MAV1
[0.061s] -- Up-to-date: /home/lee/workspace/ros2_ex/install/MAV1/share/MAV1/environment/ament_prefix_path.sh
[0.061s] -- Up-to-date: /home/lee/workspace/ros2_ex/install/MAV1/share/MAV1/environment/ament_prefix_path.dsv
[0.061s] -- Up-to-date: /home/lee/workspace/ros2_ex/install/MAV1/share/MAV1/environment/path.sh
[0.061s] -- Up-to-date: /home/lee/workspace/ros2_ex/install/MAV1/share/MAV1/environment/path.dsv
[0.061s] -- Up-to-date: /home/lee/workspace/ros2_ex/install/MAV1/share/MAV1/local_setup.bash
[0.061s] -- Up-to-date: /home/lee/workspace/ros2_ex/install/MAV1/share/MAV1/local_setup.sh
[0.061s] -- Up-to-date: /home/lee/workspace/ros2_ex/install/MAV1/share/MAV1/local_setup.zsh
[0.061s] -- Up-to-date: /home/lee/workspace/ros2_ex/install/MAV1/share/MAV1/local_setup.dsv
[0.061s] -- Installing: /home/lee/workspace/ros2_ex/install/MAV1/share/MAV1/package.dsv
[0.061s] -- Up-to-date: /home/lee/workspace/ros2_ex/install/MAV1/share/ament_index/resource_index/packages/MAV1
[0.061s] -- Up-to-date: /home/lee/workspace/ros2_ex/install/MAV1/share/MAV1/cmake/MAV1Config.cmake
[0.061s] -- Up-to-date: /home/lee/workspace/ros2_ex/install/MAV1/share/MAV1/cmake/MAV1Config-version.cmake
[0.061s] -- Up-to-date: /home/lee/workspace/ros2_ex/install/MAV1/share/MAV1/package.xml
[0.062s] Invoked command in '/home/lee/workspace/ros2_ex/build/MAV1' returned '0': AMENT_PREFIX_PATH=/home/lee/workspace/ros2_ex/install/px4_msgs:${AMENT_PREFIX_PATH} CMAKE_PREFIX_PATH=/home/lee/workspace/ros2_ex/install/px4_msgs:/opt/ros/humble LD_LIBRARY_PATH=/home/lee/workspace/ros2_ex/install/px4_msgs/lib:${LD_LIBRARY_PATH} PYTHONPATH=/home/lee/workspace/ros2_ex/install/px4_msgs/local/lib/python3.10/dist-packages:${PYTHONPATH} /usr/bin/cmake --install /home/lee/workspace/ros2_ex/build/MAV1
