[0.005s] Invoking command in '/home/lee/workspace/ros2_ex/build/ground': CMAKE_PREFIX_PATH=${CMAKE_PREFIX_PATH}:/opt/ros/humble /usr/bin/cmake --build /home/lee/workspace/ros2_ex/build/ground -- -j32 -l32
[0.036s] [ 16%] [32mBuilding CXX object CMakeFiles/position_controller.dir/node/position_controller.cpp.o[0m
[0.037s] [ 50%] Built target gripper_controller
[0.037s] [ 83%] Built target attitude_controller
[5.163s] [100%] [32m[1mLinking CXX executable position_controller[0m
[5.399s] [100%] Built target position_controller
[5.406s] Invoked command in '/home/lee/workspace/ros2_ex/build/ground' returned '0': CMAKE_PREFIX_PATH=${CMAKE_PREFIX_PATH}:/opt/ros/humble /usr/bin/cmake --build /home/lee/workspace/ros2_ex/build/ground -- -j32 -l32
[5.407s] Invoking command in '/home/lee/workspace/ros2_ex/build/ground': CMAKE_PREFIX_PATH=${CMAKE_PREFIX_PATH}:/opt/ros/humble /usr/bin/cmake --install /home/lee/workspace/ros2_ex/build/ground
[5.411s] -- Install configuration: ""
[5.411s] -- Up-to-date: /home/lee/workspace/ros2_ex/install/ground/lib/ground/attitude_controller
[5.411s] -- Up-to-date: /home/lee/workspace/ros2_ex/install/ground/lib/ground/gripper_controller
[5.411s] -- Installing: /home/lee/workspace/ros2_ex/install/ground/lib/ground/position_controller
[5.413s] -- Set runtime path of "/home/lee/workspace/ros2_ex/install/ground/lib/ground/position_controller" to ""
[5.413s] -- Up-to-date: /home/lee/workspace/ros2_ex/install/ground/share/ament_index/resource_index/package_run_dependencies/ground
[5.413s] -- Up-to-date: /home/lee/workspace/ros2_ex/install/ground/share/ament_index/resource_index/parent_prefix_path/ground
[5.413s] -- Up-to-date: /home/lee/workspace/ros2_ex/install/ground/share/ground/environment/ament_prefix_path.sh
[5.413s] -- Up-to-date: /home/lee/workspace/ros2_ex/install/ground/share/ground/environment/ament_prefix_path.dsv
[5.413s] -- Up-to-date: /home/lee/workspace/ros2_ex/install/ground/share/ground/environment/path.sh
[5.413s] -- Up-to-date: /home/lee/workspace/ros2_ex/install/ground/share/ground/environment/path.dsv
[5.413s] -- Up-to-date: /home/lee/workspace/ros2_ex/install/ground/share/ground/local_setup.bash
[5.413s] -- Up-to-date: /home/lee/workspace/ros2_ex/install/ground/share/ground/local_setup.sh
[5.413s] -- Up-to-date: /home/lee/workspace/ros2_ex/install/ground/share/ground/local_setup.zsh
[5.413s] -- Up-to-date: /home/lee/workspace/ros2_ex/install/ground/share/ground/local_setup.dsv
[5.413s] -- Installing: /home/lee/workspace/ros2_ex/install/ground/share/ground/package.dsv
[5.413s] -- Up-to-date: /home/lee/workspace/ros2_ex/install/ground/share/ament_index/resource_index/packages/ground
[5.414s] -- Up-to-date: /home/lee/workspace/ros2_ex/install/ground/share/ground/cmake/groundConfig.cmake
[5.414s] -- Up-to-date: /home/lee/workspace/ros2_ex/install/ground/share/ground/cmake/groundConfig-version.cmake
[5.414s] -- Up-to-date: /home/lee/workspace/ros2_ex/install/ground/share/ground/package.xml
[5.415s] Invoked command in '/home/lee/workspace/ros2_ex/build/ground' returned '0': CMAKE_PREFIX_PATH=${CMAKE_PREFIX_PATH}:/opt/ros/humble /usr/bin/cmake --install /home/lee/workspace/ros2_ex/build/ground
