[0.004s] Invoking command in '/home/lee/workspace/ros2_ex/src/build/sensor': CMAKE_PREFIX_PATH=/opt/ros/humble /usr/bin/cmake /home/lee/workspace/ros2_ex/src/sensor -DCMAKE_INSTALL_PREFIX=/home/lee/workspace/ros2_ex/src/install/sensor
[0.074s] -- The C compiler identification is GNU 11.4.0
[0.107s] -- The CXX compiler identification is GNU 11.4.0
[0.112s] -- Detecting C compiler ABI info
[0.154s] -- Detecting C compiler ABI info - done
[0.157s] -- Check for working C compiler: /usr/bin/cc - skipped
[0.157s] -- Detecting C compile features
[0.157s] -- Detecting C compile features - done
[0.159s] -- Detecting CXX compiler ABI info
[0.202s] -- Detecting CXX compiler ABI info - done
[0.205s] -- Check for working CXX compiler: /usr/bin/c++ - skipped
[0.205s] -- Detecting CXX compile features
[0.206s] -- Detecting CXX compile features - done
[0.207s] -- Found ament_cmake: 1.3.11 (/opt/ros/humble/share/ament_cmake/cmake)
[0.381s] -- Found Python3: /usr/bin/python3 (found version "3.10.12") found components: Interpreter 
[0.432s] -- Found rclcpp: 16.0.12 (/opt/ros/humble/share/rclcpp/cmake)
[0.458s] -- Found rosidl_generator_c: 3.1.6 (/opt/ros/humble/share/rosidl_generator_c/cmake)
[0.461s] -- Found rosidl_adapter: 3.1.6 (/opt/ros/humble/share/rosidl_adapter/cmake)
[0.467s] -- Found rosidl_generator_cpp: 3.1.6 (/opt/ros/humble/share/rosidl_generator_cpp/cmake)
[0.474s] -- Using all available rosidl_typesupport_c: rosidl_typesupport_fastrtps_c;rosidl_typesupport_introspection_c
[0.485s] -- Using all available rosidl_typesupport_cpp: rosidl_typesupport_fastrtps_cpp;rosidl_typesupport_introspection_cpp
[0.513s] -- Found rmw_implementation_cmake: 6.1.2 (/opt/ros/humble/share/rmw_implementation_cmake/cmake)
[0.515s] -- Found rmw_fastrtps_cpp: 6.2.7 (/opt/ros/humble/share/rmw_fastrtps_cpp/cmake)
[0.572s] -- Found OpenSSL: /usr/lib/x86_64-linux-gnu/libcrypto.so (found version "3.0.2")  
[0.588s] -- Found FastRTPS: /opt/ros/humble/include  
[0.608s] -- Using RMW implementation 'rmw_fastrtps_cpp' as default
[0.616s] -- Looking for pthread.h
[0.661s] -- Looking for pthread.h - found
[0.661s] -- Performing Test CMAKE_HAVE_LIBC_PTHREAD
[0.699s] -- Performing Test CMAKE_HAVE_LIBC_PTHREAD - Success
[0.700s] -- Found Threads: TRUE  
[0.731s] -- Found geometry_msgs: 4.8.0 (/opt/ros/humble/share/geometry_msgs/cmake)
[0.740s] -- Found nav_msgs: 4.8.0 (/opt/ros/humble/share/nav_msgs/cmake)
[0.750s] -- Found tf2: 0.25.12 (/opt/ros/humble/share/tf2/cmake)
[0.756s] -- Found tf2_ros: 0.25.12 (/opt/ros/humble/share/tf2_ros/cmake)
[0.809s] -- Found ament_lint_auto: 0.12.12 (/opt/ros/humble/share/ament_lint_auto/cmake)
[0.852s] -- Added test 'lint_cmake' to check CMake code style
[0.853s] -- Added test 'xmllint' to check XML markup files
[0.854s] -- Configuring done
[0.856s] -- Generating done
[0.857s] -- Build files have been written to: /home/lee/workspace/ros2_ex/src/build/sensor
[0.862s] Invoked command in '/home/lee/workspace/ros2_ex/src/build/sensor' returned '0': CMAKE_PREFIX_PATH=/opt/ros/humble /usr/bin/cmake /home/lee/workspace/ros2_ex/src/sensor -DCMAKE_INSTALL_PREFIX=/home/lee/workspace/ros2_ex/src/install/sensor
[0.863s] Invoking command in '/home/lee/workspace/ros2_ex/src/build/sensor': CMAKE_PREFIX_PATH=/opt/ros/humble /usr/bin/cmake --build /home/lee/workspace/ros2_ex/src/build/sensor -- -j32 -l32
[0.888s] Invoked command in '/home/lee/workspace/ros2_ex/src/build/sensor' returned '0': CMAKE_PREFIX_PATH=/opt/ros/humble /usr/bin/cmake --build /home/lee/workspace/ros2_ex/src/build/sensor -- -j32 -l32
[0.892s] Invoking command in '/home/lee/workspace/ros2_ex/src/build/sensor': CMAKE_PREFIX_PATH=/opt/ros/humble /usr/bin/cmake --install /home/lee/workspace/ros2_ex/src/build/sensor
[0.896s] -- Install configuration: ""
[0.896s] -- Installing: /home/lee/workspace/ros2_ex/src/install/sensor/share/ament_index/resource_index/package_run_dependencies/sensor
[0.896s] -- Installing: /home/lee/workspace/ros2_ex/src/install/sensor/share/ament_index/resource_index/parent_prefix_path/sensor
[0.897s] -- Installing: /home/lee/workspace/ros2_ex/src/install/sensor/share/sensor/environment/ament_prefix_path.sh
[0.897s] -- Installing: /home/lee/workspace/ros2_ex/src/install/sensor/share/sensor/environment/ament_prefix_path.dsv
[0.897s] -- Installing: /home/lee/workspace/ros2_ex/src/install/sensor/share/sensor/environment/path.sh
[0.897s] -- Installing: /home/lee/workspace/ros2_ex/src/install/sensor/share/sensor/environment/path.dsv
[0.897s] -- Installing: /home/lee/workspace/ros2_ex/src/install/sensor/share/sensor/local_setup.bash
[0.897s] -- Installing: /home/lee/workspace/ros2_ex/src/install/sensor/share/sensor/local_setup.sh
[0.897s] -- Installing: /home/lee/workspace/ros2_ex/src/install/sensor/share/sensor/local_setup.zsh
[0.897s] -- Installing: /home/lee/workspace/ros2_ex/src/install/sensor/share/sensor/local_setup.dsv
[0.897s] -- Installing: /home/lee/workspace/ros2_ex/src/install/sensor/share/sensor/package.dsv
[0.897s] -- Installing: /home/lee/workspace/ros2_ex/src/install/sensor/share/ament_index/resource_index/packages/sensor
[0.897s] -- Installing: /home/lee/workspace/ros2_ex/src/install/sensor/share/sensor/cmake/sensorConfig.cmake
[0.897s] -- Installing: /home/lee/workspace/ros2_ex/src/install/sensor/share/sensor/cmake/sensorConfig-version.cmake
[0.897s] -- Installing: /home/lee/workspace/ros2_ex/src/install/sensor/share/sensor/package.xml
[0.898s] Invoked command in '/home/lee/workspace/ros2_ex/src/build/sensor' returned '0': CMAKE_PREFIX_PATH=/opt/ros/humble /usr/bin/cmake --install /home/lee/workspace/ros2_ex/src/build/sensor
