[ 13%] [32mBuilding CXX object CMakeFiles/keyboard_node.dir/node/keyboard_node.cpp.o[0m
[ 13%] [32mBuilding CXX object CMakeFiles/keyboard_node.dir/src/getch.cpp.o[0m
[ 26%] Built target attitude_controller
[ 40%] Built target trajectory_generator
[ 53%] Built target gripper_controller
[ 66%] Built target position_controller
[ 80%] Built target wrench_mapper
[ 93%] Built target qc_servo
[01m[K/home/lee/workspace/ros2_ex/src/ground/src/getch.cpp:1:10:[m[K [01;31m[Kfatal error: [m[Kgetch.h: No such file or directory
    1 | #include [01;31m[K"getch.h"[m[K
      |          [01;31m[K^~~~~~~~~[m[K
compilation terminated.
gmake[2]: *** [CMakeFiles/keyboard_node.dir/build.make:90: CMakeFiles/keyboard_node.dir/src/getch.cpp.o] Error 1
gmake[2]: *** Waiting for unfinished jobs....
[01m[K/home/lee/workspace/ros2_ex/src/ground/node/keyboard_node.cpp:4:10:[m[K [01;31m[Kfatal error: [m[Kgetch.h: No such file or directory
    4 | #include [01;31m[K<getch.h>[m[K
      |          [01;31m[K^~~~~~~~~[m[K
compilation terminated.
gmake[2]: *** [CMakeFiles/keyboard_node.dir/build.make:76: CMakeFiles/keyboard_node.dir/node/keyboard_node.cpp.o] Error 1
gmake[1]: *** [CMakeFiles/Makefile2:227: CMakeFiles/keyboard_node.dir/all] Error 2
gmake: *** [Makefile:146: all] Error 2
