[0.042s] DEBUG:colcon:Command line arguments: ['/usr/bin/colcon', 'build']
[0.042s] DEBUG:colcon:Parsed command line arguments: Namespace(log_base=None, log_level=None, verb_name='build', build_base='build', install_base='install', merge_install=False, symlink_install=False, test_result_base=None, continue_on_error=False, executor='parallel', parallel_workers=32, event_handlers=None, ignore_user_meta=False, metas=['./colcon.meta'], base_paths=['.'], packages_ignore=None, packages_ignore_regex=None, paths=None, packages_up_to=None, packages_up_to_regex=None, packages_above=None, packages_above_and_dependencies=None, packages_above_depth=None, packages_select_by_dep=None, packages_skip_by_dep=None, packages_skip_up_to=None, packages_select_build_failed=False, packages_skip_build_finished=False, packages_select_test_failures=False, packages_skip_test_passed=False, packages_select=None, packages_skip=None, packages_select_regex=None, packages_skip_regex=None, packages_start=None, packages_end=None, allow_overriding=[], cmake_args=None, cmake_target=None, cmake_target_skip_unavailable=False, cmake_clean_cache=False, cmake_clean_first=False, cmake_force_configure=False, ament_cmake_args=None, catkin_cmake_args=None, catkin_skip_building_tests=False, mixin_files=None, mixin=None, verb_parser=<colcon_mixin.mixin.mixin_argument.MixinArgumentDecorator object at 0x7e65b6753a00>, verb_extension=<colcon_core.verb.build.BuildVerb object at 0x7e65b6753460>, main=<bound method BuildVerb.main of <colcon_core.verb.build.BuildVerb object at 0x7e65b6753460>>, mixin_verb=('build',))
[0.058s] Level 1:colcon.colcon_core.package_discovery:discover_packages(colcon_meta) check parameters
[0.058s] Level 1:colcon.colcon_core.package_discovery:discover_packages(recursive) check parameters
[0.058s] Level 1:colcon.colcon_core.package_discovery:discover_packages(ignore) check parameters
[0.058s] Level 1:colcon.colcon_core.package_discovery:discover_packages(path) check parameters
[0.058s] Level 1:colcon.colcon_core.package_discovery:discover_packages(colcon_meta) discover
[0.058s] Level 1:colcon.colcon_core.package_discovery:discover_packages(recursive) discover
[0.058s] INFO:colcon.colcon_core.package_discovery:Crawling recursively for packages in '/home/lee/workspace/ros2_ex'
[0.058s] Level 1:colcon.colcon_core.package_identification:_identify(.) by extensions ['ignore', 'ignore_ament_install']
[0.058s] Level 1:colcon.colcon_core.package_identification:_identify(.) by extension 'ignore'
[0.058s] Level 1:colcon.colcon_core.package_identification:_identify(.) by extension 'ignore_ament_install'
[0.058s] Level 1:colcon.colcon_core.package_identification:_identify(.) by extensions ['colcon_pkg']
[0.058s] Level 1:colcon.colcon_core.package_identification:_identify(.) by extension 'colcon_pkg'
[0.058s] Level 1:colcon.colcon_core.package_identification:_identify(.) by extensions ['colcon_meta']
[0.058s] Level 1:colcon.colcon_core.package_identification:_identify(.) by extension 'colcon_meta'
[0.058s] Level 1:colcon.colcon_core.package_identification:_identify(.) by extensions ['ros']
[0.058s] Level 1:colcon.colcon_core.package_identification:_identify(.) by extension 'ros'
[0.065s] Level 1:colcon.colcon_core.package_identification:_identify(.) by extensions ['cmake', 'python']
[0.065s] Level 1:colcon.colcon_core.package_identification:_identify(.) by extension 'cmake'
[0.065s] Level 1:colcon.colcon_core.package_identification:_identify(.) by extension 'python'
[0.065s] Level 1:colcon.colcon_core.package_identification:_identify(.) by extensions ['python_setup_py']
[0.065s] Level 1:colcon.colcon_core.package_identification:_identify(.) by extension 'python_setup_py'
[0.065s] Level 1:colcon.colcon_core.package_identification:_identify(build) by extensions ['ignore', 'ignore_ament_install']
[0.065s] Level 1:colcon.colcon_core.package_identification:_identify(build) by extension 'ignore'
[0.065s] Level 1:colcon.colcon_core.package_identification:_identify(build) ignored
[0.065s] Level 1:colcon.colcon_core.package_identification:_identify(install) by extensions ['ignore', 'ignore_ament_install']
[0.065s] Level 1:colcon.colcon_core.package_identification:_identify(install) by extension 'ignore'
[0.065s] Level 1:colcon.colcon_core.package_identification:_identify(install) ignored
[0.065s] Level 1:colcon.colcon_core.package_identification:_identify(log) by extensions ['ignore', 'ignore_ament_install']
[0.065s] Level 1:colcon.colcon_core.package_identification:_identify(log) by extension 'ignore'
[0.065s] Level 1:colcon.colcon_core.package_identification:_identify(log) ignored
[0.065s] Level 1:colcon.colcon_core.package_identification:_identify(src) by extensions ['ignore', 'ignore_ament_install']
[0.065s] Level 1:colcon.colcon_core.package_identification:_identify(src) by extension 'ignore'
[0.065s] Level 1:colcon.colcon_core.package_identification:_identify(src) by extension 'ignore_ament_install'
[0.065s] Level 1:colcon.colcon_core.package_identification:_identify(src) by extensions ['colcon_pkg']
[0.065s] Level 1:colcon.colcon_core.package_identification:_identify(src) by extension 'colcon_pkg'
[0.065s] Level 1:colcon.colcon_core.package_identification:_identify(src) by extensions ['colcon_meta']
[0.065s] Level 1:colcon.colcon_core.package_identification:_identify(src) by extension 'colcon_meta'
[0.065s] Level 1:colcon.colcon_core.package_identification:_identify(src) by extensions ['ros']
[0.065s] Level 1:colcon.colcon_core.package_identification:_identify(src) by extension 'ros'
[0.065s] Level 1:colcon.colcon_core.package_identification:_identify(src) by extensions ['cmake', 'python']
[0.065s] Level 1:colcon.colcon_core.package_identification:_identify(src) by extension 'cmake'
[0.065s] Level 1:colcon.colcon_core.package_identification:_identify(src) by extension 'python'
[0.065s] Level 1:colcon.colcon_core.package_identification:_identify(src) by extensions ['python_setup_py']
[0.065s] Level 1:colcon.colcon_core.package_identification:_identify(src) by extension 'python_setup_py'
[0.065s] Level 1:colcon.colcon_core.package_identification:_identify(src/build) by extensions ['ignore', 'ignore_ament_install']
[0.065s] Level 1:colcon.colcon_core.package_identification:_identify(src/build) by extension 'ignore'
[0.065s] Level 1:colcon.colcon_core.package_identification:_identify(src/build) ignored
[0.065s] Level 1:colcon.colcon_core.package_identification:_identify(src/ground) by extensions ['ignore', 'ignore_ament_install']
[0.065s] Level 1:colcon.colcon_core.package_identification:_identify(src/ground) by extension 'ignore'
[0.065s] Level 1:colcon.colcon_core.package_identification:_identify(src/ground) by extension 'ignore_ament_install'
[0.065s] Level 1:colcon.colcon_core.package_identification:_identify(src/ground) by extensions ['colcon_pkg']
[0.065s] Level 1:colcon.colcon_core.package_identification:_identify(src/ground) by extension 'colcon_pkg'
[0.065s] Level 1:colcon.colcon_core.package_identification:_identify(src/ground) by extensions ['colcon_meta']
[0.065s] Level 1:colcon.colcon_core.package_identification:_identify(src/ground) by extension 'colcon_meta'
[0.065s] Level 1:colcon.colcon_core.package_identification:_identify(src/ground) by extensions ['ros']
[0.065s] Level 1:colcon.colcon_core.package_identification:_identify(src/ground) by extension 'ros'
[0.066s] DEBUG:colcon.colcon_core.package_identification:Package 'src/ground' with type 'ros.ament_cmake' and name 'ground'
[0.067s] Level 1:colcon.colcon_core.package_identification:_identify(src/install) by extensions ['ignore', 'ignore_ament_install']
[0.067s] Level 1:colcon.colcon_core.package_identification:_identify(src/install) by extension 'ignore'
[0.067s] Level 1:colcon.colcon_core.package_identification:_identify(src/install) ignored
[0.067s] Level 1:colcon.colcon_core.package_identification:_identify(src/log) by extensions ['ignore', 'ignore_ament_install']
[0.067s] Level 1:colcon.colcon_core.package_identification:_identify(src/log) by extension 'ignore'
[0.067s] Level 1:colcon.colcon_core.package_identification:_identify(src/log) ignored
[0.067s] Level 1:colcon.colcon_core.package_identification:_identify(src/sensor) by extensions ['ignore', 'ignore_ament_install']
[0.067s] Level 1:colcon.colcon_core.package_identification:_identify(src/sensor) by extension 'ignore'
[0.067s] Level 1:colcon.colcon_core.package_identification:_identify(src/sensor) by extension 'ignore_ament_install'
[0.067s] Level 1:colcon.colcon_core.package_identification:_identify(src/sensor) by extensions ['colcon_pkg']
[0.067s] Level 1:colcon.colcon_core.package_identification:_identify(src/sensor) by extension 'colcon_pkg'
[0.067s] Level 1:colcon.colcon_core.package_identification:_identify(src/sensor) by extensions ['colcon_meta']
[0.067s] Level 1:colcon.colcon_core.package_identification:_identify(src/sensor) by extension 'colcon_meta'
[0.067s] Level 1:colcon.colcon_core.package_identification:_identify(src/sensor) by extensions ['ros']
[0.067s] Level 1:colcon.colcon_core.package_identification:_identify(src/sensor) by extension 'ros'
[0.067s] DEBUG:colcon.colcon_core.package_identification:Package 'src/sensor' with type 'ros.ament_cmake' and name 'sensor'
[0.067s] Level 1:colcon.colcon_core.package_discovery:discover_packages(recursive) using defaults
[0.067s] Level 1:colcon.colcon_core.package_discovery:discover_packages(ignore) discover
[0.067s] Level 1:colcon.colcon_core.package_discovery:discover_packages(ignore) using defaults
[0.067s] Level 1:colcon.colcon_core.package_discovery:discover_packages(path) discover
[0.067s] Level 1:colcon.colcon_core.package_discovery:discover_packages(path) using defaults
[0.075s] Level 1:colcon.colcon_core.package_discovery:discover_packages(prefix_path) check parameters
[0.075s] Level 1:colcon.colcon_core.package_discovery:discover_packages(prefix_path) discover
[0.076s] DEBUG:colcon.colcon_installed_package_information.package_discovery:Found 303 installed packages in /opt/ros/humble
[0.077s] Level 1:colcon.colcon_core.package_discovery:discover_packages(prefix_path) using defaults
[0.092s] Level 5:colcon.colcon_core.verb:set package 'ground' build argument 'cmake_args' from command line to 'None'
[0.092s] Level 5:colcon.colcon_core.verb:set package 'ground' build argument 'cmake_target' from command line to 'None'
[0.092s] Level 5:colcon.colcon_core.verb:set package 'ground' build argument 'cmake_target_skip_unavailable' from command line to 'False'
[0.092s] Level 5:colcon.colcon_core.verb:set package 'ground' build argument 'cmake_clean_cache' from command line to 'False'
[0.092s] Level 5:colcon.colcon_core.verb:set package 'ground' build argument 'cmake_clean_first' from command line to 'False'
[0.092s] Level 5:colcon.colcon_core.verb:set package 'ground' build argument 'cmake_force_configure' from command line to 'False'
[0.092s] Level 5:colcon.colcon_core.verb:set package 'ground' build argument 'ament_cmake_args' from command line to 'None'
[0.092s] Level 5:colcon.colcon_core.verb:set package 'ground' build argument 'catkin_cmake_args' from command line to 'None'
[0.092s] Level 5:colcon.colcon_core.verb:set package 'ground' build argument 'catkin_skip_building_tests' from command line to 'False'
[0.092s] DEBUG:colcon.colcon_core.verb:Building package 'ground' with the following arguments: {'ament_cmake_args': None, 'build_base': '/home/lee/workspace/ros2_ex/build/ground', 'catkin_cmake_args': None, 'catkin_skip_building_tests': False, 'cmake_args': None, 'cmake_clean_cache': False, 'cmake_clean_first': False, 'cmake_force_configure': False, 'cmake_target': None, 'cmake_target_skip_unavailable': False, 'install_base': '/home/lee/workspace/ros2_ex/install/ground', 'merge_install': False, 'path': '/home/lee/workspace/ros2_ex/src/ground', 'symlink_install': False, 'test_result_base': None}
[0.092s] Level 5:colcon.colcon_core.verb:set package 'sensor' build argument 'cmake_args' from command line to 'None'
[0.092s] Level 5:colcon.colcon_core.verb:set package 'sensor' build argument 'cmake_target' from command line to 'None'
[0.092s] Level 5:colcon.colcon_core.verb:set package 'sensor' build argument 'cmake_target_skip_unavailable' from command line to 'False'
[0.092s] Level 5:colcon.colcon_core.verb:set package 'sensor' build argument 'cmake_clean_cache' from command line to 'False'
[0.092s] Level 5:colcon.colcon_core.verb:set package 'sensor' build argument 'cmake_clean_first' from command line to 'False'
[0.092s] Level 5:colcon.colcon_core.verb:set package 'sensor' build argument 'cmake_force_configure' from command line to 'False'
[0.092s] Level 5:colcon.colcon_core.verb:set package 'sensor' build argument 'ament_cmake_args' from command line to 'None'
[0.092s] Level 5:colcon.colcon_core.verb:set package 'sensor' build argument 'catkin_cmake_args' from command line to 'None'
[0.092s] Level 5:colcon.colcon_core.verb:set package 'sensor' build argument 'catkin_skip_building_tests' from command line to 'False'
[0.092s] DEBUG:colcon.colcon_core.verb:Building package 'sensor' with the following arguments: {'ament_cmake_args': None, 'build_base': '/home/lee/workspace/ros2_ex/build/sensor', 'catkin_cmake_args': None, 'catkin_skip_building_tests': False, 'cmake_args': None, 'cmake_clean_cache': False, 'cmake_clean_first': False, 'cmake_force_configure': False, 'cmake_target': None, 'cmake_target_skip_unavailable': False, 'install_base': '/home/lee/workspace/ros2_ex/install/sensor', 'merge_install': False, 'path': '/home/lee/workspace/ros2_ex/src/sensor', 'symlink_install': False, 'test_result_base': None}
[0.092s] INFO:colcon.colcon_core.executor:Executing jobs using 'parallel' executor
[0.093s] DEBUG:colcon.colcon_parallel_executor.executor.parallel:run_until_complete
[0.093s] INFO:colcon.colcon_ros.task.ament_cmake.build:Building ROS package in '/home/lee/workspace/ros2_ex/src/ground' with build type 'ament_cmake'
[0.093s] INFO:colcon.colcon_cmake.task.cmake.build:Building CMake package in '/home/lee/workspace/ros2_ex/src/ground'
[0.094s] INFO:colcon.colcon_core.plugin_system:Skipping extension 'colcon_core.shell.bat': Not used on non-Windows systems
[0.094s] INFO:colcon.colcon_core.shell:Skip shell extension 'powershell' for command environment: Not usable outside of PowerShell
[0.094s] DEBUG:colcon.colcon_core.shell:Skip shell extension 'dsv' for command environment
[0.096s] INFO:colcon.colcon_ros.task.ament_cmake.build:Building ROS package in '/home/lee/workspace/ros2_ex/src/sensor' with build type 'ament_cmake'
[0.096s] INFO:colcon.colcon_cmake.task.cmake.build:Building CMake package in '/home/lee/workspace/ros2_ex/src/sensor'
[0.096s] INFO:colcon.colcon_core.shell:Skip shell extension 'powershell' for command environment: Not usable outside of PowerShell
[0.096s] DEBUG:colcon.colcon_core.shell:Skip shell extension 'dsv' for command environment
[0.099s] DEBUG:colcon.colcon_core.event_handler.log_command:Invoking command in '/home/lee/workspace/ros2_ex/build/ground': CMAKE_PREFIX_PATH=/opt/ros/humble /usr/bin/cmake --build /home/lee/workspace/ros2_ex/build/ground -- -j32 -l32
[0.100s] DEBUG:colcon.colcon_core.event_handler.log_command:Invoking command in '/home/lee/workspace/ros2_ex/build/sensor': CMAKE_PREFIX_PATH=/opt/ros/humble /usr/bin/cmake --build /home/lee/workspace/ros2_ex/build/sensor -- -j32 -l32
[0.138s] DEBUG:colcon.colcon_core.event_handler.log_command:Invoked command in '/home/lee/workspace/ros2_ex/build/sensor' returned '0': CMAKE_PREFIX_PATH=/opt/ros/humble /usr/bin/cmake --build /home/lee/workspace/ros2_ex/build/sensor -- -j32 -l32
[0.142s] DEBUG:colcon.colcon_core.event_handler.log_command:Invoking command in '/home/lee/workspace/ros2_ex/build/sensor': CMAKE_PREFIX_PATH=/opt/ros/humble /usr/bin/cmake --install /home/lee/workspace/ros2_ex/build/sensor
[0.148s] Level 1:colcon.colcon_core.environment:create_environment_scripts_only(sensor)
[0.148s] DEBUG:colcon.colcon_core.event_handler.log_command:Invoked command in '/home/lee/workspace/ros2_ex/build/sensor' returned '0': CMAKE_PREFIX_PATH=/opt/ros/humble /usr/bin/cmake --install /home/lee/workspace/ros2_ex/build/sensor
[0.149s] Level 1:colcon.colcon_core.environment:checking '/home/lee/workspace/ros2_ex/install/sensor' for CMake module files
[0.150s] Level 1:colcon.colcon_core.environment:checking '/home/lee/workspace/ros2_ex/install/sensor' for CMake config files
[0.150s] Level 1:colcon.colcon_core.shell:create_environment_hook('sensor', 'cmake_prefix_path')
[0.150s] INFO:colcon.colcon_core.shell:Creating environment hook '/home/lee/workspace/ros2_ex/install/sensor/share/sensor/hook/cmake_prefix_path.ps1'
[0.150s] INFO:colcon.colcon_core.shell:Creating environment descriptor '/home/lee/workspace/ros2_ex/install/sensor/share/sensor/hook/cmake_prefix_path.dsv'
[0.151s] INFO:colcon.colcon_core.shell:Creating environment hook '/home/lee/workspace/ros2_ex/install/sensor/share/sensor/hook/cmake_prefix_path.sh'
[0.151s] Level 1:colcon.colcon_core.environment:checking '/home/lee/workspace/ros2_ex/install/sensor/lib'
[0.151s] Level 1:colcon.colcon_core.environment:checking '/home/lee/workspace/ros2_ex/install/sensor/bin'
[0.151s] Level 1:colcon.colcon_core.environment:checking '/home/lee/workspace/ros2_ex/install/sensor/lib/pkgconfig/sensor.pc'
[0.151s] Level 1:colcon.colcon_core.environment:checking '/home/lee/workspace/ros2_ex/install/sensor/lib/python3.10/site-packages'
[0.151s] Level 1:colcon.colcon_core.environment:checking '/home/lee/workspace/ros2_ex/install/sensor/bin'
[0.151s] INFO:colcon.colcon_core.shell:Creating package script '/home/lee/workspace/ros2_ex/install/sensor/share/sensor/package.ps1'
[0.152s] INFO:colcon.colcon_core.shell:Creating package descriptor '/home/lee/workspace/ros2_ex/install/sensor/share/sensor/package.dsv'
[0.152s] INFO:colcon.colcon_core.shell:Creating package script '/home/lee/workspace/ros2_ex/install/sensor/share/sensor/package.sh'
[0.152s] INFO:colcon.colcon_core.shell:Creating package script '/home/lee/workspace/ros2_ex/install/sensor/share/sensor/package.bash'
[0.152s] INFO:colcon.colcon_core.shell:Creating package script '/home/lee/workspace/ros2_ex/install/sensor/share/sensor/package.zsh'
[0.153s] Level 1:colcon.colcon_core.environment:create_file_with_runtime_dependencies(/home/lee/workspace/ros2_ex/install/sensor/share/colcon-core/packages/sensor)
[0.153s] Level 1:colcon.colcon_core.environment:create_environment_scripts_only(sensor)
[0.153s] Level 1:colcon.colcon_core.environment:checking '/home/lee/workspace/ros2_ex/install/sensor' for CMake module files
[0.153s] Level 1:colcon.colcon_core.environment:checking '/home/lee/workspace/ros2_ex/install/sensor' for CMake config files
[0.153s] Level 1:colcon.colcon_core.shell:create_environment_hook('sensor', 'cmake_prefix_path')
[0.153s] INFO:colcon.colcon_core.shell:Creating environment hook '/home/lee/workspace/ros2_ex/install/sensor/share/sensor/hook/cmake_prefix_path.ps1'
[0.154s] INFO:colcon.colcon_core.shell:Creating environment descriptor '/home/lee/workspace/ros2_ex/install/sensor/share/sensor/hook/cmake_prefix_path.dsv'
[0.154s] INFO:colcon.colcon_core.shell:Creating environment hook '/home/lee/workspace/ros2_ex/install/sensor/share/sensor/hook/cmake_prefix_path.sh'
[0.154s] Level 1:colcon.colcon_core.environment:checking '/home/lee/workspace/ros2_ex/install/sensor/lib'
[0.154s] Level 1:colcon.colcon_core.environment:checking '/home/lee/workspace/ros2_ex/install/sensor/bin'
[0.154s] Level 1:colcon.colcon_core.environment:checking '/home/lee/workspace/ros2_ex/install/sensor/lib/pkgconfig/sensor.pc'
[0.154s] Level 1:colcon.colcon_core.environment:checking '/home/lee/workspace/ros2_ex/install/sensor/lib/python3.10/site-packages'
[0.154s] Level 1:colcon.colcon_core.environment:checking '/home/lee/workspace/ros2_ex/install/sensor/bin'
[0.154s] INFO:colcon.colcon_core.shell:Creating package script '/home/lee/workspace/ros2_ex/install/sensor/share/sensor/package.ps1'
[0.154s] INFO:colcon.colcon_core.shell:Creating package descriptor '/home/lee/workspace/ros2_ex/install/sensor/share/sensor/package.dsv'
[0.154s] INFO:colcon.colcon_core.shell:Creating package script '/home/lee/workspace/ros2_ex/install/sensor/share/sensor/package.sh'
[0.155s] INFO:colcon.colcon_core.shell:Creating package script '/home/lee/workspace/ros2_ex/install/sensor/share/sensor/package.bash'
[0.155s] INFO:colcon.colcon_core.shell:Creating package script '/home/lee/workspace/ros2_ex/install/sensor/share/sensor/package.zsh'
[0.155s] Level 1:colcon.colcon_core.environment:create_file_with_runtime_dependencies(/home/lee/workspace/ros2_ex/install/sensor/share/colcon-core/packages/sensor)
[4.193s] DEBUG:colcon.colcon_core.event_handler.log_command:Invoked command in '/home/lee/workspace/ros2_ex/build/ground' returned '2': CMAKE_PREFIX_PATH=/opt/ros/humble /usr/bin/cmake --build /home/lee/workspace/ros2_ex/build/ground -- -j32 -l32
[4.193s] Level 1:colcon.colcon_core.environment:create_environment_scripts_only(ground)
[4.193s] Level 1:colcon.colcon_core.environment:checking '/home/lee/workspace/ros2_ex/install/ground' for CMake module files
[4.194s] Level 1:colcon.colcon_core.environment:checking '/home/lee/workspace/ros2_ex/install/ground' for CMake config files
[4.194s] Level 1:colcon.colcon_core.shell:create_environment_hook('ground', 'cmake_prefix_path')
[4.194s] INFO:colcon.colcon_core.shell:Creating environment hook '/home/lee/workspace/ros2_ex/install/ground/share/ground/hook/cmake_prefix_path.ps1'
[4.194s] INFO:colcon.colcon_core.shell:Creating environment descriptor '/home/lee/workspace/ros2_ex/install/ground/share/ground/hook/cmake_prefix_path.dsv'
[4.194s] INFO:colcon.colcon_core.shell:Creating environment hook '/home/lee/workspace/ros2_ex/install/ground/share/ground/hook/cmake_prefix_path.sh'
[4.195s] Level 1:colcon.colcon_core.environment:checking '/home/lee/workspace/ros2_ex/install/ground/lib'
[4.195s] Level 1:colcon.colcon_core.environment:checking '/home/lee/workspace/ros2_ex/install/ground/bin'
[4.195s] Level 1:colcon.colcon_core.environment:checking '/home/lee/workspace/ros2_ex/install/ground/lib/pkgconfig/ground.pc'
[4.195s] Level 1:colcon.colcon_core.environment:checking '/home/lee/workspace/ros2_ex/install/ground/lib/python3.10/site-packages'
[4.195s] Level 1:colcon.colcon_core.environment:checking '/home/lee/workspace/ros2_ex/install/ground/bin'
[4.195s] INFO:colcon.colcon_core.shell:Creating package script '/home/lee/workspace/ros2_ex/install/ground/share/ground/package.ps1'
[4.196s] INFO:colcon.colcon_core.shell:Creating package descriptor '/home/lee/workspace/ros2_ex/install/ground/share/ground/package.dsv'
[4.196s] INFO:colcon.colcon_core.shell:Creating package script '/home/lee/workspace/ros2_ex/install/ground/share/ground/package.sh'
[4.196s] INFO:colcon.colcon_core.shell:Creating package script '/home/lee/workspace/ros2_ex/install/ground/share/ground/package.bash'
[4.197s] INFO:colcon.colcon_core.shell:Creating package script '/home/lee/workspace/ros2_ex/install/ground/share/ground/package.zsh'
[4.197s] Level 1:colcon.colcon_core.environment:create_file_with_runtime_dependencies(/home/lee/workspace/ros2_ex/install/ground/share/colcon-core/packages/ground)
[4.207s] DEBUG:colcon.colcon_parallel_executor.executor.parallel:closing loop
[4.207s] DEBUG:colcon.colcon_parallel_executor.executor.parallel:loop closed
[4.207s] DEBUG:colcon.colcon_parallel_executor.executor.parallel:run_until_complete finished with '2'
[4.207s] DEBUG:colcon.colcon_core.event_reactor:joining thread
[4.210s] INFO:colcon.colcon_core.plugin_system:Skipping extension 'colcon_notification.desktop_notification.terminal_notifier': Not used on non-Darwin systems
[4.210s] INFO:colcon.colcon_core.plugin_system:Skipping extension 'colcon_notification.desktop_notification.win32': Not used on non-Windows systems
[4.210s] INFO:colcon.colcon_notification.desktop_notification:Sending desktop notification using 'notify2'
[4.217s] DEBUG:colcon.colcon_core.event_reactor:joined thread
[4.217s] INFO:colcon.colcon_core.shell:Creating prefix script '/home/lee/workspace/ros2_ex/install/local_setup.ps1'
[4.218s] INFO:colcon.colcon_core.shell:Creating prefix util module '/home/lee/workspace/ros2_ex/install/_local_setup_util_ps1.py'
[4.219s] INFO:colcon.colcon_core.shell:Creating prefix chain script '/home/lee/workspace/ros2_ex/install/setup.ps1'
[4.219s] INFO:colcon.colcon_core.shell:Creating prefix script '/home/lee/workspace/ros2_ex/install/local_setup.sh'
[4.219s] INFO:colcon.colcon_core.shell:Creating prefix util module '/home/lee/workspace/ros2_ex/install/_local_setup_util_sh.py'
[4.219s] INFO:colcon.colcon_core.shell:Creating prefix chain script '/home/lee/workspace/ros2_ex/install/setup.sh'
[4.220s] INFO:colcon.colcon_core.shell:Creating prefix script '/home/lee/workspace/ros2_ex/install/local_setup.bash'
[4.220s] INFO:colcon.colcon_core.shell:Creating prefix chain script '/home/lee/workspace/ros2_ex/install/setup.bash'
[4.220s] INFO:colcon.colcon_core.shell:Creating prefix script '/home/lee/workspace/ros2_ex/install/local_setup.zsh'
[4.220s] INFO:colcon.colcon_core.shell:Creating prefix chain script '/home/lee/workspace/ros2_ex/install/setup.zsh'
