[0.005s] Invoking command in '/home/lee/workspace/ros2_ex/build/ground': CMAKE_PREFIX_PATH=/opt/ros/humble /usr/bin/cmake --build /home/lee/workspace/ros2_ex/build/ground -- -j32 -l32
[0.019s] -- Found ament_cmake: 1.3.11 (/opt/ros/humble/share/ament_cmake/cmake)
[0.081s] -- Override CMake install command with custom implementation using symlinks instead of copying resources
[0.084s] -- Found rclcpp: 16.0.12 (/opt/ros/humble/share/rclcpp/cmake)
[0.097s] -- Found rosidl_generator_c: 3.1.6 (/opt/ros/humble/share/rosidl_generator_c/cmake)
[0.098s] -- Found rosidl_adapter: 3.1.6 (/opt/ros/humble/share/rosidl_adapter/cmake)
[0.100s] -- Found rosidl_generator_cpp: 3.1.6 (/opt/ros/humble/share/rosidl_generator_cpp/cmake)
[0.104s] -- Using all available rosidl_typesupport_c: rosidl_typesupport_fastrtps_c;rosidl_typesupport_introspection_c
[0.109s] -- Using all available rosidl_typesupport_cpp: rosidl_typesupport_fastrtps_cpp;rosidl_typesupport_introspection_cpp
[0.122s] -- Found rmw_implementation_cmake: 6.1.2 (/opt/ros/humble/share/rmw_implementation_cmake/cmake)
[0.123s] -- Found rmw_fastrtps_cpp: 6.2.7 (/opt/ros/humble/share/rmw_fastrtps_cpp/cmake)
[0.172s] -- Using RMW implementation 'rmw_fastrtps_cpp' as default
[0.191s] -- Found geometry_msgs: 4.8.0 (/opt/ros/humble/share/geometry_msgs/cmake)
[0.196s] -- Found nav_msgs: 4.8.0 (/opt/ros/humble/share/nav_msgs/cmake)
[0.203s] -- Found tf2: 0.25.12 (/opt/ros/humble/share/tf2/cmake)
[0.204s] -- Found tf2_ros: 0.25.12 (/opt/ros/humble/share/tf2_ros/cmake)
[0.237s] -- Found ament_lint_auto: 0.12.12 (/opt/ros/humble/share/ament_lint_auto/cmake)
[0.266s] -- Added test 'cppcheck' to perform static code analysis on C / C++ code
[0.266s] -- Configured cppcheck include dirs: 
[0.266s] -- Configured cppcheck exclude dirs and/or files: 
[0.266s] -- Added test 'lint_cmake' to check CMake code style
[0.266s] -- Added test 'uncrustify' to check C / C++ code style
[0.266s] -- Configured uncrustify additional arguments: 
[0.267s] -- Added test 'xmllint' to check XML markup files
[0.267s] -- Configuring done
[0.274s] -- Generating done
[0.277s] -- Build files have been written to: /home/lee/workspace/ros2_ex/build/ground
[0.294s] [35m[1mConsolidate compiler generated dependencies of target gripper_controller[0m
[0.294s] [35m[1mConsolidate compiler generated dependencies of target attitude_controller[0m
[0.294s] [35m[1mConsolidate compiler generated dependencies of target position_controller[0m
[0.294s] [35m[1mConsolidate compiler generated dependencies of target qc_servo[0m
[0.294s] [35m[1mConsolidate compiler generated dependencies of target wrench_mapper[0m
[0.303s] [ 20%] Built target gripper_controller
[0.305s] [ 30%] [32mBuilding CXX object CMakeFiles/wrench_mapper.dir/node/wrench_mapper.cpp.o[0m
[0.305s] [ 70%] Built target qc_servo
[0.305s] [ 70%] Built target position_controller
[0.306s] [ 90%] Built target attitude_controller
[0.309s] [01m[K/home/lee/workspace/ros2_ex/src/ground/node/wrench_mapper.cpp:1:10:[m[K [01;31m[Kfatal error: [m[Krclcpp/rclcpp.hpp: No such file or directory
[0.309s]     1 | #include [01;31m[K<rclcpp/rclcpp.hpp>[m[K
[0.309s]       |          [01;31m[K^~~~~~~~~~~~~~~~~~~[m[K
[0.309s] compilation terminated.
[0.309s] gmake[2]: *** [CMakeFiles/wrench_mapper.dir/build.make:76: CMakeFiles/wrench_mapper.dir/node/wrench_mapper.cpp.o] Error 1
[0.309s] gmake[1]: *** [CMakeFiles/Makefile2:249: CMakeFiles/wrench_mapper.dir/all] Error 2
[0.310s] gmake: *** [Makefile:146: all] Error 2
[0.311s] Invoked command in '/home/lee/workspace/ros2_ex/build/ground' returned '2': CMAKE_PREFIX_PATH=/opt/ros/humble /usr/bin/cmake --build /home/lee/workspace/ros2_ex/build/ground -- -j32 -l32
