[0.006s] Invoking command in '/home/lee/workspace/ros2_ex/build/ground': CMAKE_PREFIX_PATH=/home/lee/workspace/ros2_ex/install/px4_msgs:/home/lee/workspace/vrpn/install/vrpn_mocap:/home/lee/workspace/vrpn/install/mocap_px4_bridge:/home/lee/workspace/vrpn/install/px4_msgs:/home/lee/workspace/vrpn/install/mocap_optitrack:/home/lee/workspace/ros2_ex/install/sensor:/home/lee/workspace/ros2_ex/install/ground:/home/lee/workspace/ros2_ex/install/MAV1:/opt/ros/humble LD_LIBRARY_PATH=/home/lee/workspace/ros2_ex/install/px4_msgs/lib:/home/lee/workspace/vrpn/install/px4_msgs/lib:/opt/ros/humble/opt/rviz_ogre_vendor/lib:/opt/ros/humble/lib/x86_64-linux-gnu:/opt/ros/humble/lib:/home/lee/gazebo_maritime_ws/install/lib:/home/lee/gazebo_maritime_ws/install/lib /usr/bin/cmake /home/lee/workspace/ros2_ex/src/ground -DCMAKE_INSTALL_PREFIX=/home/lee/workspace/ros2_ex/install/ground
[0.014s] -- Found ament_cmake: 1.3.11 (/opt/ros/humble/share/ament_cmake/cmake)
[0.073s] -- Override CMake install command with custom implementation using symlinks instead of copying resources
[0.076s] -- Found rclcpp: 16.0.12 (/opt/ros/humble/share/rclcpp/cmake)
[0.088s] -- Found rosidl_generator_c: 3.1.6 (/opt/ros/humble/share/rosidl_generator_c/cmake)
[0.090s] -- Found rosidl_adapter: 3.1.6 (/opt/ros/humble/share/rosidl_adapter/cmake)
[0.092s] -- Found rosidl_generator_cpp: 3.1.6 (/opt/ros/humble/share/rosidl_generator_cpp/cmake)
[0.097s] -- Using all available rosidl_typesupport_c: rosidl_typesupport_fastrtps_c;rosidl_typesupport_introspection_c
[0.102s] -- Using all available rosidl_typesupport_cpp: rosidl_typesupport_fastrtps_cpp;rosidl_typesupport_introspection_cpp
[0.116s] -- Found rmw_implementation_cmake: 6.1.2 (/opt/ros/humble/share/rmw_implementation_cmake/cmake)
[0.117s] -- Found rmw_fastrtps_cpp: 6.2.7 (/opt/ros/humble/share/rmw_fastrtps_cpp/cmake)
[0.180s] -- Using RMW implementation 'rmw_fastrtps_cpp' as default
[0.206s] -- Found geometry_msgs: 4.9.0 (/opt/ros/humble/share/geometry_msgs/cmake)
[0.211s] -- Found nav_msgs: 4.9.0 (/opt/ros/humble/share/nav_msgs/cmake)
[0.218s] -- Found tf2: 0.25.13 (/opt/ros/humble/share/tf2/cmake)
[0.219s] -- Found tf2_ros: 0.25.13 (/opt/ros/humble/share/tf2_ros/cmake)
[0.252s] -- Found px4_msgs: 2.0.1 (/home/lee/workspace/ros2_ex/install/px4_msgs/share/px4_msgs/cmake)
[0.264s] -- Found ament_lint_auto: 0.12.12 (/opt/ros/humble/share/ament_lint_auto/cmake)
[0.296s] -- Added test 'cppcheck' to perform static code analysis on C / C++ code
[0.296s] -- Configured cppcheck include dirs: /home/lee/workspace/ros2_ex/src/ground/include;$<BUILD_INTERFACE:/home/lee/workspace/ros2_ex/src/ground/include>
[0.296s] -- Configured cppcheck exclude dirs and/or files: 
[0.296s] -- Added test 'lint_cmake' to check CMake code style
[0.296s] -- Added test 'uncrustify' to check C / C++ code style
[0.296s] -- Configured uncrustify additional arguments: 
[0.296s] -- Added test 'xmllint' to check XML markup files
[0.297s] -- Configuring done
[0.308s] -- Generating done
[0.313s] -- Build files have been written to: /home/lee/workspace/ros2_ex/build/ground
[0.317s] Invoked command in '/home/lee/workspace/ros2_ex/build/ground' returned '0': CMAKE_PREFIX_PATH=/home/lee/workspace/ros2_ex/install/px4_msgs:/home/lee/workspace/vrpn/install/vrpn_mocap:/home/lee/workspace/vrpn/install/mocap_px4_bridge:/home/lee/workspace/vrpn/install/px4_msgs:/home/lee/workspace/vrpn/install/mocap_optitrack:/home/lee/workspace/ros2_ex/install/sensor:/home/lee/workspace/ros2_ex/install/ground:/home/lee/workspace/ros2_ex/install/MAV1:/opt/ros/humble LD_LIBRARY_PATH=/home/lee/workspace/ros2_ex/install/px4_msgs/lib:/home/lee/workspace/vrpn/install/px4_msgs/lib:/opt/ros/humble/opt/rviz_ogre_vendor/lib:/opt/ros/humble/lib/x86_64-linux-gnu:/opt/ros/humble/lib:/home/lee/gazebo_maritime_ws/install/lib:/home/lee/gazebo_maritime_ws/install/lib /usr/bin/cmake /home/lee/workspace/ros2_ex/src/ground -DCMAKE_INSTALL_PREFIX=/home/lee/workspace/ros2_ex/install/ground
[0.319s] Invoking command in '/home/lee/workspace/ros2_ex/build/ground': CMAKE_PREFIX_PATH=/home/lee/workspace/ros2_ex/install/px4_msgs:/home/lee/workspace/vrpn/install/vrpn_mocap:/home/lee/workspace/vrpn/install/mocap_px4_bridge:/home/lee/workspace/vrpn/install/px4_msgs:/home/lee/workspace/vrpn/install/mocap_optitrack:/home/lee/workspace/ros2_ex/install/sensor:/home/lee/workspace/ros2_ex/install/ground:/home/lee/workspace/ros2_ex/install/MAV1:/opt/ros/humble LD_LIBRARY_PATH=/home/lee/workspace/ros2_ex/install/px4_msgs/lib:/home/lee/workspace/vrpn/install/px4_msgs/lib:/opt/ros/humble/opt/rviz_ogre_vendor/lib:/opt/ros/humble/lib/x86_64-linux-gnu:/opt/ros/humble/lib:/home/lee/gazebo_maritime_ws/install/lib:/home/lee/gazebo_maritime_ws/install/lib /usr/bin/cmake --build /home/lee/workspace/ros2_ex/build/ground -- -j32 -l32
[0.340s] [35m[1mConsolidate compiler generated dependencies of target gripper_controller[0m
[0.341s] [35m[1mConsolidate compiler generated dependencies of target trajectory_generator[0m
[0.341s] [35m[1mConsolidate compiler generated dependencies of target attitude_controller[0m
[0.342s] [35m[1mConsolidate compiler generated dependencies of target qc_servo[0m
[0.342s] [35m[1mConsolidate compiler generated dependencies of target keyboard_node[0m
[0.342s] [35m[1mConsolidate compiler generated dependencies of target position_controller[0m
[0.342s] [35m[1mConsolidate compiler generated dependencies of target wrench_mapper[0m
[0.351s] [ 13%] Built target gripper_controller
[0.352s] [ 26%] Built target trajectory_generator
[0.353s] [ 33%] [32mBuilding CXX object CMakeFiles/keyboard_node.dir/node/keyboard_node.cpp.o[0m
[0.353s] [ 46%] Built target qc_servo
[0.353s] [ 60%] Built target position_controller
[0.354s] [ 73%] Built target attitude_controller
[0.355s] [ 86%] Built target wrench_mapper
[1.396s] [01m[K/home/lee/workspace/ros2_ex/src/ground/node/keyboard_node.cpp:[m[K In constructor ‘[01m[KMAV_State::MAV_State()[m[K’:
[1.396s] [01m[K/home/lee/workspace/ros2_ex/src/ground/node/keyboard_node.cpp:31:72:[m[K [01;31m[Kerror: [m[Kno matching function for call to ‘[01m[KMAV_State::create_subscription<px4_msgs::msg::VehicleStatus>(const char [29], rmw_qos_profile_t&, std::_Bind_helper<false, void (MAV_State::*)(std::shared_ptr<px4_msgs::msg::VehicleStatus_<std::allocator<void> > >), MAV_State*, const std::_Placeholder<1>&>::type)[m[K’
[1.396s]    31 |         MAV1_ = [01;31m[Kthis->create_subscription<px4_msgs::msg::VehicleStatus>([m[K
[1.396s]       |                 [01;31m[K~~~~~~~~~~~~~~~~~~~~~~~~~~~~~~~~~~~~~~~~~~~~~~~~~~~~~~~^[m[K
[1.396s]    32 | [01;31m[K            "/MAV1/fmu/out/vehicle_status", qos_profile, std::bind(&MAV_State::MAV1_CB, this, std::placeholders::_1))[m[K;
[1.396s]       |             [01;31m[K~~~~~~~~~~~~~~~~~~~~~~~~~~~~~~~~~~~~~~~~~~~~~~~~~~~~~~~~~~~~~~~~~~~~~~~~~~~~~~~~~~~~~~~~~~~~~~~~~~~~~~~~~[m[K
[1.396s] In file included from [01m[K/opt/ros/humble/include/rclcpp/rclcpp/executors/single_threaded_executor.hpp:28[m[K,
[1.396s]                  from [01m[K/opt/ros/humble/include/rclcpp/rclcpp/executors.hpp:22[m[K,
[1.396s]                  from [01m[K/opt/ros/humble/include/rclcpp/rclcpp/rclcpp.hpp:155[m[K,
[1.396s]                  from [01m[K/home/lee/workspace/ros2_ex/src/ground/node/keyboard_node.cpp:1[m[K:
[1.396s] [01m[K/opt/ros/humble/include/rclcpp/rclcpp/node.hpp:219:3:[m[K [01;36m[Knote: [m[Kcandidate: ‘[01m[Ktemplate<class MessageT, class CallbackT, class AllocatorT, class SubscriptionT, class MessageMemoryStrategyT> std::shared_ptr<ROSMessageT> rclcpp::Node::create_subscription(const string&, const rclcpp::QoS&, CallbackT&&, const rclcpp::SubscriptionOptionsWithAllocator<AllocatorT>&, typename MessageMemoryStrategyT::SharedPtr)[m[K’
[1.396s]   219 |   [01;36m[Kcreate_subscription[m[K(
[1.396s]       |   [01;36m[K^~~~~~~~~~~~~~~~~~~[m[K
[1.396s] [01m[K/opt/ros/humble/include/rclcpp/rclcpp/node.hpp:219:3:[m[K [01;36m[Knote: [m[K  template argument deduction/substitution failed:
[1.396s] [01m[K/home/lee/workspace/ros2_ex/src/ground/node/keyboard_node.cpp:32:45:[m[K [01;36m[Knote: [m[K  cannot convert ‘[01m[Kqos_profile[m[K’ (type ‘[01m[Krmw_qos_profile_t[m[K’ {aka ‘[01m[Krmw_qos_profile_s[m[K’}) to type ‘[01m[Kconst rclcpp::QoS&[m[K’
[1.396s]    32 |             "/MAV1/fmu/out/vehicle_status", [01;36m[Kqos_profile[m[K, std::bind(&MAV_State::MAV1_CB, this, std::placeholders::_1));
[1.397s]       |                                             [01;36m[K^~~~~~~~~~~[m[K
[1.397s] [01m[K/home/lee/workspace/ros2_ex/src/ground/node/keyboard_node.cpp:33:72:[m[K [01;31m[Kerror: [m[Kno matching function for call to ‘[01m[KMAV_State::create_subscription<px4_msgs::msg::VehicleStatus>(const char [29], rmw_qos_profile_t&, std::_Bind_helper<false, void (MAV_State::*)(std::shared_ptr<px4_msgs::msg::VehicleStatus_<std::allocator<void> > >), MAV_State*, const std::_Placeholder<1>&>::type)[m[K’
[1.397s]    33 |         MAV2_ = [01;31m[Kthis->create_subscription<px4_msgs::msg::VehicleStatus>([m[K
[1.397s]       |                 [01;31m[K~~~~~~~~~~~~~~~~~~~~~~~~~~~~~~~~~~~~~~~~~~~~~~~~~~~~~~~^[m[K
[1.397s]    34 | [01;31m[K            "/MAV2/fmu/out/vehicle_status", qos_profile, std::bind(&MAV_State::MAV2_CB, this, std::placeholders::_1))[m[K;
[1.397s]       |             [01;31m[K~~~~~~~~~~~~~~~~~~~~~~~~~~~~~~~~~~~~~~~~~~~~~~~~~~~~~~~~~~~~~~~~~~~~~~~~~~~~~~~~~~~~~~~~~~~~~~~~~~~~~~~~~[m[K
[1.397s] In file included from [01m[K/opt/ros/humble/include/rclcpp/rclcpp/executors/single_threaded_executor.hpp:28[m[K,
[1.397s]                  from [01m[K/opt/ros/humble/include/rclcpp/rclcpp/executors.hpp:22[m[K,
[1.397s]                  from [01m[K/opt/ros/humble/include/rclcpp/rclcpp/rclcpp.hpp:155[m[K,
[1.397s]                  from [01m[K/home/lee/workspace/ros2_ex/src/ground/node/keyboard_node.cpp:1[m[K:
[1.397s] [01m[K/opt/ros/humble/include/rclcpp/rclcpp/node.hpp:219:3:[m[K [01;36m[Knote: [m[Kcandidate: ‘[01m[Ktemplate<class MessageT, class CallbackT, class AllocatorT, class SubscriptionT, class MessageMemoryStrategyT> std::shared_ptr<ROSMessageT> rclcpp::Node::create_subscription(const string&, const rclcpp::QoS&, CallbackT&&, const rclcpp::SubscriptionOptionsWithAllocator<AllocatorT>&, typename MessageMemoryStrategyT::SharedPtr)[m[K’
[1.397s]   219 |   [01;36m[Kcreate_subscription[m[K(
[1.397s]       |   [01;36m[K^~~~~~~~~~~~~~~~~~~[m[K
[1.397s] [01m[K/opt/ros/humble/include/rclcpp/rclcpp/node.hpp:219:3:[m[K [01;36m[Knote: [m[K  template argument deduction/substitution failed:
[1.397s] [01m[K/home/lee/workspace/ros2_ex/src/ground/node/keyboard_node.cpp:34:45:[m[K [01;36m[Knote: [m[K  cannot convert ‘[01m[Kqos_profile[m[K’ (type ‘[01m[Krmw_qos_profile_t[m[K’ {aka ‘[01m[Krmw_qos_profile_s[m[K’}) to type ‘[01m[Kconst rclcpp::QoS&[m[K’
[1.397s]    34 |             "/MAV2/fmu/out/vehicle_status", [01;36m[Kqos_profile[m[K, std::bind(&MAV_State::MAV2_CB, this, std::placeholders::_1));
[1.397s]       |                                             [01;36m[K^~~~~~~~~~~[m[K
[1.397s] [01m[K/home/lee/workspace/ros2_ex/src/ground/node/keyboard_node.cpp:35:72:[m[K [01;31m[Kerror: [m[Kno matching function for call to ‘[01m[KMAV_State::create_subscription<px4_msgs::msg::VehicleStatus>(const char [29], rmw_qos_profile_t&, std::_Bind_helper<false, void (MAV_State::*)(std::shared_ptr<px4_msgs::msg::VehicleStatus_<std::allocator<void> > >), MAV_State*, const std::_Placeholder<1>&>::type)[m[K’
[1.397s]    35 |         MAV3_ = [01;31m[Kthis->create_subscription<px4_msgs::msg::VehicleStatus>([m[K
[1.397s]       |                 [01;31m[K~~~~~~~~~~~~~~~~~~~~~~~~~~~~~~~~~~~~~~~~~~~~~~~~~~~~~~~^[m[K
[1.397s]    36 | [01;31m[K            "/MAV3/fmu/out/vehicle_status", qos_profile, std::bind(&MAV_State::MAV3_CB, this, std::placeholders::_1))[m[K;
[1.397s]       |             [01;31m[K~~~~~~~~~~~~~~~~~~~~~~~~~~~~~~~~~~~~~~~~~~~~~~~~~~~~~~~~~~~~~~~~~~~~~~~~~~~~~~~~~~~~~~~~~~~~~~~~~~~~~~~~~[m[K
[1.397s] In file included from [01m[K/opt/ros/humble/include/rclcpp/rclcpp/executors/single_threaded_executor.hpp:28[m[K,
[1.397s]                  from [01m[K/opt/ros/humble/include/rclcpp/rclcpp/executors.hpp:22[m[K,
[1.397s]                  from [01m[K/opt/ros/humble/include/rclcpp/rclcpp/rclcpp.hpp:155[m[K,
[1.397s]                  from [01m[K/home/lee/workspace/ros2_ex/src/ground/node/keyboard_node.cpp:1[m[K:
[1.397s] [01m[K/opt/ros/humble/include/rclcpp/rclcpp/node.hpp:219:3:[m[K [01;36m[Knote: [m[Kcandidate: ‘[01m[Ktemplate<class MessageT, class CallbackT, class AllocatorT, class SubscriptionT, class MessageMemoryStrategyT> std::shared_ptr<ROSMessageT> rclcpp::Node::create_subscription(const string&, const rclcpp::QoS&, CallbackT&&, const rclcpp::SubscriptionOptionsWithAllocator<AllocatorT>&, typename MessageMemoryStrategyT::SharedPtr)[m[K’
[1.397s]   219 |   [01;36m[Kcreate_subscription[m[K(
[1.397s]       |   [01;36m[K^~~~~~~~~~~~~~~~~~~[m[K
[1.397s] [01m[K/opt/ros/humble/include/rclcpp/rclcpp/node.hpp:219:3:[m[K [01;36m[Knote: [m[K  template argument deduction/substitution failed:
[1.397s] [01m[K/home/lee/workspace/ros2_ex/src/ground/node/keyboard_node.cpp:36:45:[m[K [01;36m[Knote: [m[K  cannot convert ‘[01m[Kqos_profile[m[K’ (type ‘[01m[Krmw_qos_profile_t[m[K’ {aka ‘[01m[Krmw_qos_profile_s[m[K’}) to type ‘[01m[Kconst rclcpp::QoS&[m[K’
[1.397s]    36 |             "/MAV3/fmu/out/vehicle_status", [01;36m[Kqos_profile[m[K, std::bind(&MAV_State::MAV3_CB, this, std::placeholders::_1));
[1.397s]       |                                             [01;36m[K^~~~~~~~~~~[m[K
[1.397s] [01m[K/home/lee/workspace/ros2_ex/src/ground/node/keyboard_node.cpp:37:72:[m[K [01;31m[Kerror: [m[Kno matching function for call to ‘[01m[KMAV_State::create_subscription<px4_msgs::msg::VehicleStatus>(const char [29], rmw_qos_profile_t&, std::_Bind_helper<false, void (MAV_State::*)(std::shared_ptr<px4_msgs::msg::VehicleStatus_<std::allocator<void> > >), MAV_State*, const std::_Placeholder<1>&>::type)[m[K’
[1.397s]    37 |         MAV4_ = [01;31m[Kthis->create_subscription<px4_msgs::msg::VehicleStatus>([m[K
[1.397s]       |                 [01;31m[K~~~~~~~~~~~~~~~~~~~~~~~~~~~~~~~~~~~~~~~~~~~~~~~~~~~~~~~^[m[K
[1.397s]    38 | [01;31m[K            "/MAV4/fmu/out/vehicle_status", qos_profile, std::bind(&MAV_State::MAV4_CB, this, std::placeholders::_1))[m[K;
[1.397s]       |             [01;31m[K~~~~~~~~~~~~~~~~~~~~~~~~~~~~~~~~~~~~~~~~~~~~~~~~~~~~~~~~~~~~~~~~~~~~~~~~~~~~~~~~~~~~~~~~~~~~~~~~~~~~~~~~~[m[K
[1.397s] In file included from [01m[K/opt/ros/humble/include/rclcpp/rclcpp/executors/single_threaded_executor.hpp:28[m[K,
[1.397s]                  from [01m[K/opt/ros/humble/include/rclcpp/rclcpp/executors.hpp:22[m[K,
[1.397s]                  from [01m[K/opt/ros/humble/include/rclcpp/rclcpp/rclcpp.hpp:155[m[K,
[1.397s]                  from [01m[K/home/lee/workspace/ros2_ex/src/ground/node/keyboard_node.cpp:1[m[K:
[1.397s] [01m[K/opt/ros/humble/include/rclcpp/rclcpp/node.hpp:219:3:[m[K [01;36m[Knote: [m[Kcandidate: ‘[01m[Ktemplate<class MessageT, class CallbackT, class AllocatorT, class SubscriptionT, class MessageMemoryStrategyT> std::shared_ptr<ROSMessageT> rclcpp::Node::create_subscription(const string&, const rclcpp::QoS&, CallbackT&&, const rclcpp::SubscriptionOptionsWithAllocator<AllocatorT>&, typename MessageMemoryStrategyT::SharedPtr)[m[K’
[1.397s]   219 |   [01;36m[Kcreate_subscription[m[K(
[1.397s]       |   [01;36m[K^~~~~~~~~~~~~~~~~~~[m[K
[1.397s] [01m[K/opt/ros/humble/include/rclcpp/rclcpp/node.hpp:219:3:[m[K [01;36m[Knote: [m[K  template argument deduction/substitution failed:
[1.397s] [01m[K/home/lee/workspace/ros2_ex/src/ground/node/keyboard_node.cpp:38:45:[m[K [01;36m[Knote: [m[K  cannot convert ‘[01m[Kqos_profile[m[K’ (type ‘[01m[Krmw_qos_profile_t[m[K’ {aka ‘[01m[Krmw_qos_profile_s[m[K’}) to type ‘[01m[Kconst rclcpp::QoS&[m[K’
[1.397s]    38 |             "/MAV4/fmu/out/vehicle_status", [01;36m[Kqos_profile[m[K, std::bind(&MAV_State::MAV4_CB, this, std::placeholders::_1));
[1.397s]       |                                             [01;36m[K^~~~~~~~~~~[m[K
[1.865s] gmake[2]: *** [CMakeFiles/keyboard_node.dir/build.make:76: CMakeFiles/keyboard_node.dir/node/keyboard_node.cpp.o] Error 1
[1.865s] gmake[1]: *** [CMakeFiles/Makefile2:227: CMakeFiles/keyboard_node.dir/all] Error 2
[1.865s] gmake: *** [Makefile:146: all] Error 2
[1.867s] Invoked command in '/home/lee/workspace/ros2_ex/build/ground' returned '2': CMAKE_PREFIX_PATH=/home/lee/workspace/ros2_ex/install/px4_msgs:/home/lee/workspace/vrpn/install/vrpn_mocap:/home/lee/workspace/vrpn/install/mocap_px4_bridge:/home/lee/workspace/vrpn/install/px4_msgs:/home/lee/workspace/vrpn/install/mocap_optitrack:/home/lee/workspace/ros2_ex/install/sensor:/home/lee/workspace/ros2_ex/install/ground:/home/lee/workspace/ros2_ex/install/MAV1:/opt/ros/humble LD_LIBRARY_PATH=/home/lee/workspace/ros2_ex/install/px4_msgs/lib:/home/lee/workspace/vrpn/install/px4_msgs/lib:/opt/ros/humble/opt/rviz_ogre_vendor/lib:/opt/ros/humble/lib/x86_64-linux-gnu:/opt/ros/humble/lib:/home/lee/gazebo_maritime_ws/install/lib:/home/lee/gazebo_maritime_ws/install/lib /usr/bin/cmake --build /home/lee/workspace/ros2_ex/build/ground -- -j32 -l32
