[0.005s] Invoking command in '/home/lee/workspace/ros2_ex/build/ground': CMAKE_PREFIX_PATH=/opt/ros/humble /usr/bin/cmake --build /home/lee/workspace/ros2_ex/build/ground -- -j32 -l32
[0.021s] -- Found ament_cmake: 1.3.11 (/opt/ros/humble/share/ament_cmake/cmake)
[0.080s] -- Found rclcpp: 16.0.12 (/opt/ros/humble/share/rclcpp/cmake)
[0.092s] -- Found rosidl_generator_c: 3.1.6 (/opt/ros/humble/share/rosidl_generator_c/cmake)
[0.093s] -- Found rosidl_adapter: 3.1.6 (/opt/ros/humble/share/rosidl_adapter/cmake)
[0.096s] -- Found rosidl_generator_cpp: 3.1.6 (/opt/ros/humble/share/rosidl_generator_cpp/cmake)
[0.100s] -- Using all available rosidl_typesupport_c: rosidl_typesupport_fastrtps_c;rosidl_typesupport_introspection_c
[0.105s] -- Using all available rosidl_typesupport_cpp: rosidl_typesupport_fastrtps_cpp;rosidl_typesupport_introspection_cpp
[0.119s] -- Found rmw_implementation_cmake: 6.1.2 (/opt/ros/humble/share/rmw_implementation_cmake/cmake)
[0.119s] -- Found rmw_fastrtps_cpp: 6.2.7 (/opt/ros/humble/share/rmw_fastrtps_cpp/cmake)
[0.170s] -- Using RMW implementation 'rmw_fastrtps_cpp' as default
[0.192s] -- Found geometry_msgs: 4.8.0 (/opt/ros/humble/share/geometry_msgs/cmake)
[0.197s] -- Found nav_msgs: 4.8.0 (/opt/ros/humble/share/nav_msgs/cmake)
[0.204s] -- Found tf2: 0.25.12 (/opt/ros/humble/share/tf2/cmake)
[0.206s] -- Found tf2_ros: 0.25.12 (/opt/ros/humble/share/tf2_ros/cmake)
[0.238s] -- Found ament_lint_auto: 0.12.12 (/opt/ros/humble/share/ament_lint_auto/cmake)
[0.268s] -- Added test 'cppcheck' to perform static code analysis on C / C++ code
[0.268s] -- Configured cppcheck include dirs: 
[0.268s] -- Configured cppcheck exclude dirs and/or files: 
[0.268s] -- Added test 'lint_cmake' to check CMake code style
[0.268s] -- Added test 'uncrustify' to check C / C++ code style
[0.268s] -- Configured uncrustify additional arguments: 
[0.268s] -- Added test 'xmllint' to check XML markup files
[0.268s] -- Configuring done
[0.273s] -- Generating done
[0.275s] -- Build files have been written to: /home/lee/workspace/ros2_ex/build/ground
[0.291s] [35m[1mConsolidate compiler generated dependencies of target attitude_controller[0m
[0.296s] [ 25%] [32mBuilding CXX object CMakeFiles/gripper_controller.dir/node/gripper_controller.cpp.o[0m
[0.301s] [ 75%] Built target attitude_controller
[0.308s] [100%] [32m[1mLinking CXX executable gripper_controller[0m
[0.333s] /usr/bin/ld: /usr/lib/gcc/x86_64-linux-gnu/11/../../../x86_64-linux-gnu/Scrt1.o: in function `_start':
[0.333s] (.text+0x1b): undefined reference to `main'
[0.334s] collect2: error: ld returned 1 exit status
[0.334s] gmake[2]: *** [CMakeFiles/gripper_controller.dir/build.make:159: gripper_controller] Error 1
[0.335s] gmake[1]: *** [CMakeFiles/Makefile2:165: CMakeFiles/gripper_controller.dir/all] Error 2
[0.335s] gmake: *** [Makefile:146: all] Error 2
[0.336s] Invoked command in '/home/lee/workspace/ros2_ex/build/ground' returned '2': CMAKE_PREFIX_PATH=/opt/ros/humble /usr/bin/cmake --build /home/lee/workspace/ros2_ex/build/ground -- -j32 -l32
