[0.005s] Invoking command in '/home/lee/workspace/ros2_ex/build/ground': CMAKE_PREFIX_PATH=/opt/ros/humble /usr/bin/cmake --build /home/lee/workspace/ros2_ex/build/ground -- -j32 -l32
[0.022s] -- Found ament_cmake: 1.3.11 (/opt/ros/humble/share/ament_cmake/cmake)
[0.086s] -- Found rclcpp: 16.0.12 (/opt/ros/humble/share/rclcpp/cmake)
[0.099s] -- Found rosidl_generator_c: 3.1.6 (/opt/ros/humble/share/rosidl_generator_c/cmake)
[0.100s] -- Found rosidl_adapter: 3.1.6 (/opt/ros/humble/share/rosidl_adapter/cmake)
[0.103s] -- Found rosidl_generator_cpp: 3.1.6 (/opt/ros/humble/share/rosidl_generator_cpp/cmake)
[0.106s] -- Using all available rosidl_typesupport_c: rosidl_typesupport_fastrtps_c;rosidl_typesupport_introspection_c
[0.112s] -- Using all available rosidl_typesupport_cpp: rosidl_typesupport_fastrtps_cpp;rosidl_typesupport_introspection_cpp
[0.125s] -- Found rmw_implementation_cmake: 6.1.2 (/opt/ros/humble/share/rmw_implementation_cmake/cmake)
[0.125s] -- Found rmw_fastrtps_cpp: 6.2.7 (/opt/ros/humble/share/rmw_fastrtps_cpp/cmake)
[0.178s] -- Using RMW implementation 'rmw_fastrtps_cpp' as default
[0.198s] -- Found geometry_msgs: 4.8.0 (/opt/ros/humble/share/geometry_msgs/cmake)
[0.204s] -- Found nav_msgs: 4.8.0 (/opt/ros/humble/share/nav_msgs/cmake)
[0.210s] -- Found tf2: 0.25.12 (/opt/ros/humble/share/tf2/cmake)
[0.212s] -- Found tf2_ros: 0.25.12 (/opt/ros/humble/share/tf2_ros/cmake)
[0.244s] -- Found ament_lint_auto: 0.12.12 (/opt/ros/humble/share/ament_lint_auto/cmake)
[0.273s] -- Added test 'cppcheck' to perform static code analysis on C / C++ code
[0.274s] -- Configured cppcheck include dirs: 
[0.274s] -- Configured cppcheck exclude dirs and/or files: 
[0.274s] -- Added test 'lint_cmake' to check CMake code style
[0.274s] -- Added test 'uncrustify' to check C / C++ code style
[0.274s] -- Configured uncrustify additional arguments: 
[0.274s] -- Added test 'xmllint' to check XML markup files
[0.274s] -- Configuring done
[0.279s] -- Generating done
[0.281s] -- Build files have been written to: /home/lee/workspace/ros2_ex/build/ground
[0.296s] [35m[1mConsolidate compiler generated dependencies of target gripper_controller[0m
[0.297s] [35m[1mConsolidate compiler generated dependencies of target attitude_controller[0m
[0.302s] [ 25%] [32mBuilding CXX object CMakeFiles/gripper_controller.dir/node/gripper_controller.cpp.o[0m
[0.308s] [ 75%] Built target attitude_controller
[3.706s] [100%] [32m[1mLinking CXX executable gripper_controller[0m
[3.873s] [100%] Built target gripper_controller
[3.879s] Invoked command in '/home/lee/workspace/ros2_ex/build/ground' returned '0': CMAKE_PREFIX_PATH=/opt/ros/humble /usr/bin/cmake --build /home/lee/workspace/ros2_ex/build/ground -- -j32 -l32
[3.880s] Invoking command in '/home/lee/workspace/ros2_ex/build/ground': CMAKE_PREFIX_PATH=/opt/ros/humble /usr/bin/cmake --install /home/lee/workspace/ros2_ex/build/ground
[3.885s] -- Install configuration: ""
[3.885s] -- Up-to-date: /home/lee/workspace/ros2_ex/install/ground/lib/ground/attitude_controller
[3.885s] -- Installing: /home/lee/workspace/ros2_ex/install/ground/lib/ground/gripper_controller
[3.888s] -- Set runtime path of "/home/lee/workspace/ros2_ex/install/ground/lib/ground/gripper_controller" to ""
[3.888s] -- Up-to-date: /home/lee/workspace/ros2_ex/install/ground/share/ament_index/resource_index/package_run_dependencies/ground
[3.888s] -- Up-to-date: /home/lee/workspace/ros2_ex/install/ground/share/ament_index/resource_index/parent_prefix_path/ground
[3.888s] -- Up-to-date: /home/lee/workspace/ros2_ex/install/ground/share/ground/environment/ament_prefix_path.sh
[3.888s] -- Installing: /home/lee/workspace/ros2_ex/install/ground/share/ground/environment/ament_prefix_path.dsv
[3.888s] -- Up-to-date: /home/lee/workspace/ros2_ex/install/ground/share/ground/environment/path.sh
[3.888s] -- Installing: /home/lee/workspace/ros2_ex/install/ground/share/ground/environment/path.dsv
[3.888s] -- Up-to-date: /home/lee/workspace/ros2_ex/install/ground/share/ground/local_setup.bash
[3.888s] -- Up-to-date: /home/lee/workspace/ros2_ex/install/ground/share/ground/local_setup.sh
[3.888s] -- Up-to-date: /home/lee/workspace/ros2_ex/install/ground/share/ground/local_setup.zsh
[3.888s] -- Installing: /home/lee/workspace/ros2_ex/install/ground/share/ground/local_setup.dsv
[3.888s] -- Installing: /home/lee/workspace/ros2_ex/install/ground/share/ground/package.dsv
[3.888s] -- Up-to-date: /home/lee/workspace/ros2_ex/install/ground/share/ament_index/resource_index/packages/ground
[3.888s] -- Up-to-date: /home/lee/workspace/ros2_ex/install/ground/share/ground/cmake/groundConfig.cmake
[3.888s] -- Up-to-date: /home/lee/workspace/ros2_ex/install/ground/share/ground/cmake/groundConfig-version.cmake
[3.888s] -- Up-to-date: /home/lee/workspace/ros2_ex/install/ground/share/ground/package.xml
[3.889s] Invoked command in '/home/lee/workspace/ros2_ex/build/ground' returned '0': CMAKE_PREFIX_PATH=/opt/ros/humble /usr/bin/cmake --install /home/lee/workspace/ros2_ex/build/ground
